[2021-01-28 19:23:46] local.ERROR: SQLSTATE[42S02]: Base table or view not found: 1146 Table 'ecm_test_lara.core_pages' doesn't exist (SQL: select * from `core_pages` where `id` = 1 and `status` = publish and `core_pages`.`deleted_at` is null limit 1) {"exception":"[object] (Illuminate\\Database\\QueryException(code: 42S02): SQLSTATE[42S02]: Base table or view not found: 1146 Table 'ecm_test_lara.core_pages' doesn't exist (SQL: select * from `core_pages` where `id` = 1 and `status` = publish and `core_pages`.`deleted_at` is null limit 1) at D:\\Web\\Laravel\\VarghaJob\\tyokoleilu\\tyokokeilu\\vendor\\laravel\\framework\\src\\Illuminate\\Database\\Connection.php:671)
[stacktrace]
#0 D:\\Web\\Laravel\\VarghaJob\\tyokoleilu\\tyokokeilu\\vendor\\laravel\\framework\\src\\Illuminate\\Database\\Connection.php(631): Illuminate\\Database\\Connection->runQueryCallback('select * from `...', Array, Object(Closure))
#1 D:\\Web\\Laravel\\VarghaJob\\tyokoleilu\\tyokokeilu\\vendor\\laravel\\framework\\src\\Illuminate\\Database\\Connection.php(339): Illuminate\\Database\\Connection->run('select * from `...', Array, Object(Closure))
#2 D:\\Web\\Laravel\\VarghaJob\\tyokoleilu\\tyokokeilu\\vendor\\laravel\\framework\\src\\Illuminate\\Database\\Query\\Builder.php(2260): Illuminate\\Database\\Connection->select('select * from `...', Array, true)
#3 D:\\Web\\Laravel\\VarghaJob\\tyokoleilu\\tyokokeilu\\vendor\\laravel\\framework\\src\\Illuminate\\Database\\Query\\Builder.php(2248): Illuminate\\Database\\Query\\Builder->runSelect()
#4 D:\\Web\\Laravel\\VarghaJob\\tyokoleilu\\tyokokeilu\\vendor\\laravel\\framework\\src\\Illuminate\\Database\\Query\\Builder.php(2743): Illuminate\\Database\\Query\\Builder->Illuminate\\Database\\Query\\{closure}()
#5 D:\\Web\\Laravel\\VarghaJob\\tyokoleilu\\tyokokeilu\\vendor\\laravel\\framework\\src\\Illuminate\\Database\\Query\\Builder.php(2249): Illuminate\\Database\\Query\\Builder->onceWithColumns(Array, Object(Closure))
#6 D:\\Web\\Laravel\\VarghaJob\\tyokoleilu\\tyokokeilu\\vendor\\laravel\\framework\\src\\Illuminate\\Database\\Eloquent\\Builder.php(547): Illuminate\\Database\\Query\\Builder->get(Array)
#7 D:\\Web\\Laravel\\VarghaJob\\tyokoleilu\\tyokokeilu\\vendor\\laravel\\framework\\src\\Illuminate\\Database\\Eloquent\\Builder.php(531): Illuminate\\Database\\Eloquent\\Builder->getModels(Array)
#8 D:\\Web\\Laravel\\VarghaJob\\tyokoleilu\\tyokokeilu\\vendor\\laravel\\framework\\src\\Illuminate\\Database\\Concerns\\BuildsQueries.php(143): Illuminate\\Database\\Eloquent\\Builder->get(Array)
#9 D:\\Web\\Laravel\\VarghaJob\\tyokoleilu\\tyokokeilu\\app\\Http\\Controllers\\HomeController.php(28): Illuminate\\Database\\Eloquent\\Builder->first()
#10 [internal function]: App\\Http\\Controllers\\HomeController->index()
#11 D:\\Web\\Laravel\\VarghaJob\\tyokoleilu\\tyokokeilu\\vendor\\laravel\\framework\\src\\Illuminate\\Routing\\Controller.php(54): call_user_func_array(Array, Array)
#12 D:\\Web\\Laravel\\VarghaJob\\tyokoleilu\\tyokokeilu\\vendor\\laravel\\framework\\src\\Illuminate\\Routing\\ControllerDispatcher.php(45): Illuminate\\Routing\\Controller->callAction('index', Array)
#13 D:\\Web\\Laravel\\VarghaJob\\tyokoleilu\\tyokokeilu\\vendor\\laravel\\framework\\src\\Illuminate\\Routing\\Route.php(239): Illuminate\\Routing\\ControllerDispatcher->dispatch(Object(Illuminate\\Routing\\Route), Object(App\\Http\\Controllers\\HomeController), 'index')
#14 D:\\Web\\Laravel\\VarghaJob\\tyokoleilu\\tyokokeilu\\vendor\\laravel\\framework\\src\\Illuminate\\Routing\\Route.php(196): Illuminate\\Routing\\Route->runController()
#15 D:\\Web\\Laravel\\VarghaJob\\tyokoleilu\\tyokokeilu\\vendor\\laravel\\framework\\src\\Illuminate\\Routing\\Router.php(685): Illuminate\\Routing\\Route->run()
#16 D:\\Web\\Laravel\\VarghaJob\\tyokoleilu\\tyokokeilu\\vendor\\laravel\\framework\\src\\Illuminate\\Pipeline\\Pipeline.php(128): Illuminate\\Routing\\Router->Illuminate\\Routing\\{closure}(Object(Illuminate\\Http\\Request))
#17 D:\\Web\\Laravel\\VarghaJob\\tyokoleilu\\tyokokeilu\\app\\Http\\Middleware\\SetCurrentCurrency.php(95): Illuminate\\Pipeline\\Pipeline->Illuminate\\Pipeline\\{closure}(Object(Illuminate\\Http\\Request))
#18 D:\\Web\\Laravel\\VarghaJob\\tyokoleilu\\tyokokeilu\\vendor\\laravel\\framework\\src\\Illuminate\\Pipeline\\Pipeline.php(167): App\\Http\\Middleware\\SetCurrentCurrency->handle(Object(Illuminate\\Http\\Request), Object(Closure))
#19 D:\\Web\\Laravel\\VarghaJob\\tyokoleilu\\tyokokeilu\\app\\Http\\Middleware\\HideDebugbar.php(49): Illuminate\\Pipeline\\Pipeline->Illuminate\\Pipeline\\{closure}(Object(Illuminate\\Http\\Request))
#20 D:\\Web\\Laravel\\VarghaJob\\tyokoleilu\\tyokokeilu\\vendor\\laravel\\framework\\src\\Illuminate\\Pipeline\\Pipeline.php(167): App\\Http\\Middleware\\HideDebugbar->handle(Object(Illuminate\\Http\\Request), Object(Closure))
#21 D:\\Web\\Laravel\\VarghaJob\\tyokoleilu\\tyokokeilu\\vendor\\laravel\\framework\\src\\Illuminate\\Routing\\Middleware\\SubstituteBindings.php(41): Illuminate\\Pipeline\\Pipeline->Illuminate\\Pipeline\\{closure}(Object(Illuminate\\Http\\Request))
#22 D:\\Web\\Laravel\\VarghaJob\\tyokoleilu\\tyokokeilu\\vendor\\laravel\\framework\\src\\Illuminate\\Pipeline\\Pipeline.php(167): Illuminate\\Routing\\Middleware\\SubstituteBindings->handle(Object(Illuminate\\Http\\Request), Object(Closure))
#23 D:\\Web\\Laravel\\VarghaJob\\tyokoleilu\\tyokokeilu\\vendor\\laravel\\framework\\src\\Illuminate\\Foundation\\Http\\Middleware\\VerifyCsrfToken.php(77): Illuminate\\Pipeline\\Pipeline->Illuminate\\Pipeline\\{closure}(Object(Illuminate\\Http\\Request))
#24 D:\\Web\\Laravel\\VarghaJob\\tyokoleilu\\tyokokeilu\\vendor\\laravel\\framework\\src\\Illuminate\\Pipeline\\Pipeline.php(167): Illuminate\\Foundation\\Http\\Middleware\\VerifyCsrfToken->handle(Object(Illuminate\\Http\\Request), Object(Closure))
#25 D:\\Web\\Laravel\\VarghaJob\\tyokoleilu\\tyokokeilu\\vendor\\laravel\\framework\\src\\Illuminate\\View\\Middleware\\ShareErrorsFromSession.php(49): Illuminate\\Pipeline\\Pipeline->Illuminate\\Pipeline\\{closure}(Object(Illuminate\\Http\\Request))
#26 D:\\Web\\Laravel\\VarghaJob\\tyokoleilu\\tyokokeilu\\vendor\\laravel\\framework\\src\\Illuminate\\Pipeline\\Pipeline.php(167): Illuminate\\View\\Middleware\\ShareErrorsFromSession->handle(Object(Illuminate\\Http\\Request), Object(Closure))
#27 D:\\Web\\Laravel\\VarghaJob\\tyokoleilu\\tyokokeilu\\vendor\\laravel\\framework\\src\\Illuminate\\Session\\Middleware\\StartSession.php(116): Illuminate\\Pipeline\\Pipeline->Illuminate\\Pipeline\\{closure}(Object(Illuminate\\Http\\Request))
#28 D:\\Web\\Laravel\\VarghaJob\\tyokoleilu\\tyokokeilu\\vendor\\laravel\\framework\\src\\Illuminate\\Session\\Middleware\\StartSession.php(62): Illuminate\\Session\\Middleware\\StartSession->handleStatefulRequest(Object(Illuminate\\Http\\Request), Object(Illuminate\\Session\\Store), Object(Closure))
#29 D:\\Web\\Laravel\\VarghaJob\\tyokoleilu\\tyokokeilu\\vendor\\laravel\\framework\\src\\Illuminate\\Pipeline\\Pipeline.php(167): Illuminate\\Session\\Middleware\\StartSession->handle(Object(Illuminate\\Http\\Request), Object(Closure))
#30 D:\\Web\\Laravel\\VarghaJob\\tyokoleilu\\tyokokeilu\\vendor\\laravel\\framework\\src\\Illuminate\\Cookie\\Middleware\\AddQueuedCookiesToResponse.php(37): Illuminate\\Pipeline\\Pipeline->Illuminate\\Pipeline\\{closure}(Object(Illuminate\\Http\\Request))
#31 D:\\Web\\Laravel\\VarghaJob\\tyokoleilu\\tyokokeilu\\vendor\\laravel\\framework\\src\\Illuminate\\Pipeline\\Pipeline.php(167): Illuminate\\Cookie\\Middleware\\AddQueuedCookiesToResponse->handle(Object(Illuminate\\Http\\Request), Object(Closure))
#32 D:\\Web\\Laravel\\VarghaJob\\tyokoleilu\\tyokokeilu\\vendor\\laravel\\framework\\src\\Illuminate\\Cookie\\Middleware\\EncryptCookies.php(67): Illuminate\\Pipeline\\Pipeline->Illuminate\\Pipeline\\{closure}(Object(Illuminate\\Http\\Request))
#33 D:\\Web\\Laravel\\VarghaJob\\tyokoleilu\\tyokokeilu\\vendor\\laravel\\framework\\src\\Illuminate\\Pipeline\\Pipeline.php(167): Illuminate\\Cookie\\Middleware\\EncryptCookies->handle(Object(Illuminate\\Http\\Request), Object(Closure))
#34 D:\\Web\\Laravel\\VarghaJob\\tyokoleilu\\tyokokeilu\\vendor\\laravel\\framework\\src\\Illuminate\\Pipeline\\Pipeline.php(103): Illuminate\\Pipeline\\Pipeline->Illuminate\\Pipeline\\{closure}(Object(Illuminate\\Http\\Request))
#35 D:\\Web\\Laravel\\VarghaJob\\tyokoleilu\\tyokokeilu\\vendor\\laravel\\framework\\src\\Illuminate\\Routing\\Router.php(687): Illuminate\\Pipeline\\Pipeline->then(Object(Closure))
#36 D:\\Web\\Laravel\\VarghaJob\\tyokoleilu\\tyokokeilu\\vendor\\laravel\\framework\\src\\Illuminate\\Routing\\Router.php(662): Illuminate\\Routing\\Router->runRouteWithinStack(Object(Illuminate\\Routing\\Route), Object(Illuminate\\Http\\Request))
#37 D:\\Web\\Laravel\\VarghaJob\\tyokoleilu\\tyokokeilu\\vendor\\laravel\\framework\\src\\Illuminate\\Routing\\Router.php(628): Illuminate\\Routing\\Router->runRoute(Object(Illuminate\\Http\\Request), Object(Illuminate\\Routing\\Route))
#38 D:\\Web\\Laravel\\VarghaJob\\tyokoleilu\\tyokokeilu\\vendor\\laravel\\framework\\src\\Illuminate\\Routing\\Router.php(617): Illuminate\\Routing\\Router->dispatchToRoute(Object(Illuminate\\Http\\Request))
#39 D:\\Web\\Laravel\\VarghaJob\\tyokoleilu\\tyokokeilu\\vendor\\laravel\\framework\\src\\Illuminate\\Foundation\\Http\\Kernel.php(165): Illuminate\\Routing\\Router->dispatch(Object(Illuminate\\Http\\Request))
#40 D:\\Web\\Laravel\\VarghaJob\\tyokoleilu\\tyokokeilu\\vendor\\laravel\\framework\\src\\Illuminate\\Pipeline\\Pipeline.php(128): Illuminate\\Foundation\\Http\\Kernel->Illuminate\\Foundation\\Http\\{closure}(Object(Illuminate\\Http\\Request))
#41 D:\\Web\\Laravel\\VarghaJob\\tyokoleilu\\tyokokeilu\\vendor\\barryvdh\\laravel-debugbar\\src\\Middleware\\InjectDebugbar.php(67): Illuminate\\Pipeline\\Pipeline->Illuminate\\Pipeline\\{closure}(Object(Illuminate\\Http\\Request))
#42 D:\\Web\\Laravel\\VarghaJob\\tyokoleilu\\tyokokeilu\\vendor\\laravel\\framework\\src\\Illuminate\\Pipeline\\Pipeline.php(167): Barryvdh\\Debugbar\\Middleware\\InjectDebugbar->handle(Object(Illuminate\\Http\\Request), Object(Closure))
#43 D:\\Web\\Laravel\\VarghaJob\\tyokoleilu\\tyokokeilu\\app\\Http\\Middleware\\RedirectForMultiLanguage.php(113): Illuminate\\Pipeline\\Pipeline->Illuminate\\Pipeline\\{closure}(Object(Illuminate\\Http\\Request))
#44 D:\\Web\\Laravel\\VarghaJob\\tyokoleilu\\tyokokeilu\\vendor\\laravel\\framework\\src\\Illuminate\\Pipeline\\Pipeline.php(167): App\\Http\\Middleware\\RedirectForMultiLanguage->handle(Object(Illuminate\\Http\\Request), Object(Closure))
#45 D:\\Web\\Laravel\\VarghaJob\\tyokoleilu\\tyokokeilu\\app\\Http\\Middleware\\InitConfigsFromDatabase.php(189): Illuminate\\Pipeline\\Pipeline->Illuminate\\Pipeline\\{closure}(Object(Illuminate\\Http\\Request))
#46 D:\\Web\\Laravel\\VarghaJob\\tyokoleilu\\tyokokeilu\\vendor\\laravel\\framework\\src\\Illuminate\\Pipeline\\Pipeline.php(167): App\\Http\\Middleware\\InitConfigsFromDatabase->handle(Object(Illuminate\\Http\\Request), Object(Closure))
#47 D:\\Web\\Laravel\\VarghaJob\\tyokoleilu\\tyokokeilu\\vendor\\fideloper\\proxy\\src\\TrustProxies.php(57): Illuminate\\Pipeline\\Pipeline->Illuminate\\Pipeline\\{closure}(Object(Illuminate\\Http\\Request))
#48 D:\\Web\\Laravel\\VarghaJob\\tyokoleilu\\tyokokeilu\\vendor\\laravel\\framework\\src\\Illuminate\\Pipeline\\Pipeline.php(167): Fideloper\\Proxy\\TrustProxies->handle(Object(Illuminate\\Http\\Request), Object(Closure))
#49 D:\\Web\\Laravel\\VarghaJob\\tyokoleilu\\tyokokeilu\\vendor\\laravel\\framework\\src\\Illuminate\\Foundation\\Http\\Middleware\\TransformsRequest.php(21): Illuminate\\Pipeline\\Pipeline->Illuminate\\Pipeline\\{closure}(Object(Illuminate\\Http\\Request))
#50 D:\\Web\\Laravel\\VarghaJob\\tyokoleilu\\tyokokeilu\\vendor\\laravel\\framework\\src\\Illuminate\\Pipeline\\Pipeline.php(167): Illuminate\\Foundation\\Http\\Middleware\\TransformsRequest->handle(Object(Illuminate\\Http\\Request), Object(Closure))
#51 D:\\Web\\Laravel\\VarghaJob\\tyokoleilu\\tyokokeilu\\vendor\\laravel\\framework\\src\\Illuminate\\Foundation\\Http\\Middleware\\TransformsRequest.php(21): Illuminate\\Pipeline\\Pipeline->Illuminate\\Pipeline\\{closure}(Object(Illuminate\\Http\\Request))
#52 D:\\Web\\Laravel\\VarghaJob\\tyokoleilu\\tyokokeilu\\vendor\\laravel\\framework\\src\\Illuminate\\Pipeline\\Pipeline.php(167): Illuminate\\Foundation\\Http\\Middleware\\TransformsRequest->handle(Object(Illuminate\\Http\\Request), Object(Closure))
#53 D:\\Web\\Laravel\\VarghaJob\\tyokoleilu\\tyokokeilu\\vendor\\laravel\\framework\\src\\Illuminate\\Foundation\\Http\\Middleware\\ValidatePostSize.php(27): Illuminate\\Pipeline\\Pipeline->Illuminate\\Pipeline\\{closure}(Object(Illuminate\\Http\\Request))
#54 D:\\Web\\Laravel\\VarghaJob\\tyokoleilu\\tyokokeilu\\vendor\\laravel\\framework\\src\\Illuminate\\Pipeline\\Pipeline.php(167): Illuminate\\Foundation\\Http\\Middleware\\ValidatePostSize->handle(Object(Illuminate\\Http\\Request), Object(Closure))
#55 D:\\Web\\Laravel\\VarghaJob\\tyokoleilu\\tyokokeilu\\vendor\\laravel\\framework\\src\\Illuminate\\Foundation\\Http\\Middleware\\CheckForMaintenanceMode.php(63): Illuminate\\Pipeline\\Pipeline->Illuminate\\Pipeline\\{closure}(Object(Illuminate\\Http\\Request))
#56 D:\\Web\\Laravel\\VarghaJob\\tyokoleilu\\tyokokeilu\\vendor\\laravel\\framework\\src\\Illuminate\\Pipeline\\Pipeline.php(167): Illuminate\\Foundation\\Http\\Middleware\\CheckForMaintenanceMode->handle(Object(Illuminate\\Http\\Request), Object(Closure))
#57 D:\\Web\\Laravel\\VarghaJob\\tyokoleilu\\tyokokeilu\\app\\Http\\Middleware\\RedirectToInstaller.php(63): Illuminate\\Pipeline\\Pipeline->Illuminate\\Pipeline\\{closure}(Object(Illuminate\\Http\\Request))
#58 D:\\Web\\Laravel\\VarghaJob\\tyokoleilu\\tyokokeilu\\vendor\\laravel\\framework\\src\\Illuminate\\Pipeline\\Pipeline.php(167): App\\Http\\Middleware\\RedirectToInstaller->handle(Object(Illuminate\\Http\\Request), Object(Closure))
#59 D:\\Web\\Laravel\\VarghaJob\\tyokoleilu\\tyokokeilu\\vendor\\laravel\\framework\\src\\Illuminate\\Pipeline\\Pipeline.php(103): Illuminate\\Pipeline\\Pipeline->Illuminate\\Pipeline\\{closure}(Object(Illuminate\\Http\\Request))
#60 D:\\Web\\Laravel\\VarghaJob\\tyokoleilu\\tyokokeilu\\vendor\\laravel\\framework\\src\\Illuminate\\Foundation\\Http\\Kernel.php(140): Illuminate\\Pipeline\\Pipeline->then(Object(Closure))
#61 D:\\Web\\Laravel\\VarghaJob\\tyokoleilu\\tyokokeilu\\vendor\\laravel\\framework\\src\\Illuminate\\Foundation\\Http\\Kernel.php(109): Illuminate\\Foundation\\Http\\Kernel->sendRequestThroughRouter(Object(Illuminate\\Http\\Request))
#62 D:\\Web\\Laravel\\VarghaJob\\tyokoleilu\\tyokokeilu\\public\\index.php(129): Illuminate\\Foundation\\Http\\Kernel->handle(Object(Illuminate\\Http\\Request))
#63 {main}

[previous exception] [object] (Doctrine\\DBAL\\Driver\\PDOException(code: 42S02): SQLSTATE[42S02]: Base table or view not found: 1146 Table 'ecm_test_lara.core_pages' doesn't exist at D:\\Web\\Laravel\\VarghaJob\\tyokoleilu\\tyokokeilu\\vendor\\doctrine\\dbal\\lib\\Doctrine\\DBAL\\Driver\\PDOConnection.php:72)
[stacktrace]
#0 D:\\Web\\Laravel\\VarghaJob\\tyokoleilu\\tyokokeilu\\vendor\\laravel\\framework\\src\\Illuminate\\Database\\Connection.php(331): Doctrine\\DBAL\\Driver\\PDOConnection->prepare('select * from `...')
#1 D:\\Web\\Laravel\\VarghaJob\\tyokoleilu\\tyokokeilu\\vendor\\laravel\\framework\\src\\Illuminate\\Database\\Connection.php(664): Illuminate\\Database\\Connection->Illuminate\\Database\\{closure}('select * from `...', Array)
#2 D:\\Web\\Laravel\\VarghaJob\\tyokoleilu\\tyokokeilu\\vendor\\laravel\\framework\\src\\Illuminate\\Database\\Connection.php(631): Illuminate\\Database\\Connection->runQueryCallback('select * from `...', Array, Object(Closure))
#3 D:\\Web\\Laravel\\VarghaJob\\tyokoleilu\\tyokokeilu\\vendor\\laravel\\framework\\src\\Illuminate\\Database\\Connection.php(339): Illuminate\\Database\\Connection->run('select * from `...', Array, Object(Closure))
#4 D:\\Web\\Laravel\\VarghaJob\\tyokoleilu\\tyokokeilu\\vendor\\laravel\\framework\\src\\Illuminate\\Database\\Query\\Builder.php(2260): Illuminate\\Database\\Connection->select('select * from `...', Array, true)
#5 D:\\Web\\Laravel\\VarghaJob\\tyokoleilu\\tyokokeilu\\vendor\\laravel\\framework\\src\\Illuminate\\Database\\Query\\Builder.php(2248): Illuminate\\Database\\Query\\Builder->runSelect()
#6 D:\\Web\\Laravel\\VarghaJob\\tyokoleilu\\tyokokeilu\\vendor\\laravel\\framework\\src\\Illuminate\\Database\\Query\\Builder.php(2743): Illuminate\\Database\\Query\\Builder->Illuminate\\Database\\Query\\{closure}()
#7 D:\\Web\\Laravel\\VarghaJob\\tyokoleilu\\tyokokeilu\\vendor\\laravel\\framework\\src\\Illuminate\\Database\\Query\\Builder.php(2249): Illuminate\\Database\\Query\\Builder->onceWithColumns(Array, Object(Closure))
#8 D:\\Web\\Laravel\\VarghaJob\\tyokoleilu\\tyokokeilu\\vendor\\laravel\\framework\\src\\Illuminate\\Database\\Eloquent\\Builder.php(547): Illuminate\\Database\\Query\\Builder->get(Array)
#9 D:\\Web\\Laravel\\VarghaJob\\tyokoleilu\\tyokokeilu\\vendor\\laravel\\framework\\src\\Illuminate\\Database\\Eloquent\\Builder.php(531): Illuminate\\Database\\Eloquent\\Builder->getModels(Array)
#10 D:\\Web\\Laravel\\VarghaJob\\tyokoleilu\\tyokokeilu\\vendor\\laravel\\framework\\src\\Illuminate\\Database\\Concerns\\BuildsQueries.php(143): Illuminate\\Database\\Eloquent\\Builder->get(Array)
#11 D:\\Web\\Laravel\\VarghaJob\\tyokoleilu\\tyokokeilu\\app\\Http\\Controllers\\HomeController.php(28): Illuminate\\Database\\Eloquent\\Builder->first()
#12 [internal function]: App\\Http\\Controllers\\HomeController->index()
#13 D:\\Web\\Laravel\\VarghaJob\\tyokoleilu\\tyokokeilu\\vendor\\laravel\\framework\\src\\Illuminate\\Routing\\Controller.php(54): call_user_func_array(Array, Array)
#14 D:\\Web\\Laravel\\VarghaJob\\tyokoleilu\\tyokokeilu\\vendor\\laravel\\framework\\src\\Illuminate\\Routing\\ControllerDispatcher.php(45): Illuminate\\Routing\\Controller->callAction('index', Array)
#15 D:\\Web\\Laravel\\VarghaJob\\tyokoleilu\\tyokokeilu\\vendor\\laravel\\framework\\src\\Illuminate\\Routing\\Route.php(239): Illuminate\\Routing\\ControllerDispatcher->dispatch(Object(Illuminate\\Routing\\Route), Object(App\\Http\\Controllers\\HomeController), 'index')
#16 D:\\Web\\Laravel\\VarghaJob\\tyokoleilu\\tyokokeilu\\vendor\\laravel\\framework\\src\\Illuminate\\Routing\\Route.php(196): Illuminate\\Routing\\Route->runController()
#17 D:\\Web\\Laravel\\VarghaJob\\tyokoleilu\\tyokokeilu\\vendor\\laravel\\framework\\src\\Illuminate\\Routing\\Router.php(685): Illuminate\\Routing\\Route->run()
#18 D:\\Web\\Laravel\\VarghaJob\\tyokoleilu\\tyokokeilu\\vendor\\laravel\\framework\\src\\Illuminate\\Pipeline\\Pipeline.php(128): Illuminate\\Routing\\Router->Illuminate\\Routing\\{closure}(Object(Illuminate\\Http\\Request))
#19 D:\\Web\\Laravel\\VarghaJob\\tyokoleilu\\tyokokeilu\\app\\Http\\Middleware\\SetCurrentCurrency.php(95): Illuminate\\Pipeline\\Pipeline->Illuminate\\Pipeline\\{closure}(Object(Illuminate\\Http\\Request))
#20 D:\\Web\\Laravel\\VarghaJob\\tyokoleilu\\tyokokeilu\\vendor\\laravel\\framework\\src\\Illuminate\\Pipeline\\Pipeline.php(167): App\\Http\\Middleware\\SetCurrentCurrency->handle(Object(Illuminate\\Http\\Request), Object(Closure))
#21 D:\\Web\\Laravel\\VarghaJob\\tyokoleilu\\tyokokeilu\\app\\Http\\Middleware\\HideDebugbar.php(49): Illuminate\\Pipeline\\Pipeline->Illuminate\\Pipeline\\{closure}(Object(Illuminate\\Http\\Request))
#22 D:\\Web\\Laravel\\VarghaJob\\tyokoleilu\\tyokokeilu\\vendor\\laravel\\framework\\src\\Illuminate\\Pipeline\\Pipeline.php(167): App\\Http\\Middleware\\HideDebugbar->handle(Object(Illuminate\\Http\\Request), Object(Closure))
#23 D:\\Web\\Laravel\\VarghaJob\\tyokoleilu\\tyokokeilu\\vendor\\laravel\\framework\\src\\Illuminate\\Routing\\Middleware\\SubstituteBindings.php(41): Illuminate\\Pipeline\\Pipeline->Illuminate\\Pipeline\\{closure}(Object(Illuminate\\Http\\Request))
#24 D:\\Web\\Laravel\\VarghaJob\\tyokoleilu\\tyokokeilu\\vendor\\laravel\\framework\\src\\Illuminate\\Pipeline\\Pipeline.php(167): Illuminate\\Routing\\Middleware\\SubstituteBindings->handle(Object(Illuminate\\Http\\Request), Object(Closure))
#25 D:\\Web\\Laravel\\VarghaJob\\tyokoleilu\\tyokokeilu\\vendor\\laravel\\framework\\src\\Illuminate\\Foundation\\Http\\Middleware\\VerifyCsrfToken.php(77): Illuminate\\Pipeline\\Pipeline->Illuminate\\Pipeline\\{closure}(Object(Illuminate\\Http\\Request))
#26 D:\\Web\\Laravel\\VarghaJob\\tyokoleilu\\tyokokeilu\\vendor\\laravel\\framework\\src\\Illuminate\\Pipeline\\Pipeline.php(167): Illuminate\\Foundation\\Http\\Middleware\\VerifyCsrfToken->handle(Object(Illuminate\\Http\\Request), Object(Closure))
#27 D:\\Web\\Laravel\\VarghaJob\\tyokoleilu\\tyokokeilu\\vendor\\laravel\\framework\\src\\Illuminate\\View\\Middleware\\ShareErrorsFromSession.php(49): Illuminate\\Pipeline\\Pipeline->Illuminate\\Pipeline\\{closure}(Object(Illuminate\\Http\\Request))
#28 D:\\Web\\Laravel\\VarghaJob\\tyokoleilu\\tyokokeilu\\vendor\\laravel\\framework\\src\\Illuminate\\Pipeline\\Pipeline.php(167): Illuminate\\View\\Middleware\\ShareErrorsFromSession->handle(Object(Illuminate\\Http\\Request), Object(Closure))
#29 D:\\Web\\Laravel\\VarghaJob\\tyokoleilu\\tyokokeilu\\vendor\\laravel\\framework\\src\\Illuminate\\Session\\Middleware\\StartSession.php(116): Illuminate\\Pipeline\\Pipeline->Illuminate\\Pipeline\\{closure}(Object(Illuminate\\Http\\Request))
#30 D:\\Web\\Laravel\\VarghaJob\\tyokoleilu\\tyokokeilu\\vendor\\laravel\\framework\\src\\Illuminate\\Session\\Middleware\\StartSession.php(62): Illuminate\\Session\\Middleware\\StartSession->handleStatefulRequest(Object(Illuminate\\Http\\Request), Object(Illuminate\\Session\\Store), Object(Closure))
#31 D:\\Web\\Laravel\\VarghaJob\\tyokoleilu\\tyokokeilu\\vendor\\laravel\\framework\\src\\Illuminate\\Pipeline\\Pipeline.php(167): Illuminate\\Session\\Middleware\\StartSession->handle(Object(Illuminate\\Http\\Request), Object(Closure))
#32 D:\\Web\\Laravel\\VarghaJob\\tyokoleilu\\tyokokeilu\\vendor\\laravel\\framework\\src\\Illuminate\\Cookie\\Middleware\\AddQueuedCookiesToResponse.php(37): Illuminate\\Pipeline\\Pipeline->Illuminate\\Pipeline\\{closure}(Object(Illuminate\\Http\\Request))
#33 D:\\Web\\Laravel\\VarghaJob\\tyokoleilu\\tyokokeilu\\vendor\\laravel\\framework\\src\\Illuminate\\Pipeline\\Pipeline.php(167): Illuminate\\Cookie\\Middleware\\AddQueuedCookiesToResponse->handle(Object(Illuminate\\Http\\Request), Object(Closure))
#34 D:\\Web\\Laravel\\VarghaJob\\tyokoleilu\\tyokokeilu\\vendor\\laravel\\framework\\src\\Illuminate\\Cookie\\Middleware\\EncryptCookies.php(67): Illuminate\\Pipeline\\Pipeline->Illuminate\\Pipeline\\{closure}(Object(Illuminate\\Http\\Request))
#35 D:\\Web\\Laravel\\VarghaJob\\tyokoleilu\\tyokokeilu\\vendor\\laravel\\framework\\src\\Illuminate\\Pipeline\\Pipeline.php(167): Illuminate\\Cookie\\Middleware\\EncryptCookies->handle(Object(Illuminate\\Http\\Request), Object(Closure))
#36 D:\\Web\\Laravel\\VarghaJob\\tyokoleilu\\tyokokeilu\\vendor\\laravel\\framework\\src\\Illuminate\\Pipeline\\Pipeline.php(103): Illuminate\\Pipeline\\Pipeline->Illuminate\\Pipeline\\{closure}(Object(Illuminate\\Http\\Request))
#37 D:\\Web\\Laravel\\VarghaJob\\tyokoleilu\\tyokokeilu\\vendor\\laravel\\framework\\src\\Illuminate\\Routing\\Router.php(687): Illuminate\\Pipeline\\Pipeline->then(Object(Closure))
#38 D:\\Web\\Laravel\\VarghaJob\\tyokoleilu\\tyokokeilu\\vendor\\laravel\\framework\\src\\Illuminate\\Routing\\Router.php(662): Illuminate\\Routing\\Router->runRouteWithinStack(Object(Illuminate\\Routing\\Route), Object(Illuminate\\Http\\Request))
#39 D:\\Web\\Laravel\\VarghaJob\\tyokoleilu\\tyokokeilu\\vendor\\laravel\\framework\\src\\Illuminate\\Routing\\Router.php(628): Illuminate\\Routing\\Router->runRoute(Object(Illuminate\\Http\\Request), Object(Illuminate\\Routing\\Route))
#40 D:\\Web\\Laravel\\VarghaJob\\tyokoleilu\\tyokokeilu\\vendor\\laravel\\framework\\src\\Illuminate\\Routing\\Router.php(617): Illuminate\\Routing\\Router->dispatchToRoute(Object(Illuminate\\Http\\Request))
#41 D:\\Web\\Laravel\\VarghaJob\\tyokoleilu\\tyokokeilu\\vendor\\laravel\\framework\\src\\Illuminate\\Foundation\\Http\\Kernel.php(165): Illuminate\\Routing\\Router->dispatch(Object(Illuminate\\Http\\Request))
#42 D:\\Web\\Laravel\\VarghaJob\\tyokoleilu\\tyokokeilu\\vendor\\laravel\\framework\\src\\Illuminate\\Pipeline\\Pipeline.php(128): Illuminate\\Foundation\\Http\\Kernel->Illuminate\\Foundation\\Http\\{closure}(Object(Illuminate\\Http\\Request))
#43 D:\\Web\\Laravel\\VarghaJob\\tyokoleilu\\tyokokeilu\\v
#6 D:\\Web\\Laravel\\VarghaJob\\tyokoleilu\\tyokokeilu\\vendor\\laravel\\framework\\src\\Illuminate\\Database\\Query\\Builder.php(2743): Illuminate\\Database\\Query\\Builder->Illuminate\\Database\\Query\\{closure}()
#7 D:\\Web\\Laravel\\VarghaJob\\tyokoleilu\\tyokokeilu\\vendor\\laravel\\framework\\src\\Illuminate\\Database\\Query\\Builder.php(2249): Illuminate\\Database\\Query\\Builder->onceWithColumns(Array, Object(Closure))
#8 D:\\Web\\Laravel\\VarghaJob\\tyokoleilu\\tyokokeilu\\vendor\\laravel\\framework\\src\\Illuminate\\Database\\Eloquent\\Builder.php(547): Illuminate\\Database\\Query\\Builder->get(Array)
#9 D:\\Web\\Laravel\\VarghaJob\\tyokoleilu\\tyokokeilu\\vendor\\laravel\\framework\\src\\Illuminate\\Database\\Eloquent\\Builder.php(531): Illuminate\\Database\\Eloquent\\Builder->getModels(Array)
#10 D:\\Web\\Laravel\\VarghaJob\\tyokoleilu\\tyokokeilu\\vendor\\laravel\\framework\\src\\Illuminate\\Database\\Concerns\\BuildsQueries.php(143): Illuminate\\Database\\Eloquent\\Builder->get(Array)
#11 D:\\Web\\Laravel\\VarghaJob\\tyokoleilu\\tyokokeilu\\app\\Http\\Controllers\\HomeController.php(28): Illuminate\\Database\\Eloquent\\Builder->first()
#12 [internal function]: App\\Http\\Controllers\\HomeController->index()
#13 D:\\Web\\Laravel\\VarghaJob\\tyokoleilu\\tyokokeilu\\vendor\\laravel\\framework\\src\\Illuminate\\Routing\\Controller.php(54): call_user_func_array(Array, Array)
#14 D:\\Web\\Laravel\\VarghaJob\\tyokoleilu\\tyokokeilu\\vendor\\laravel\\framework\\src\\Illuminate\\Routing\\ControllerDispatcher.php(45): Illuminate\\Routing\\Controller->callAction('index', Array)
#15 D:\\Web\\Laravel\\VarghaJob\\tyokoleilu\\tyokokeilu\\vendor\\laravel\\framework\\src\\Illuminate\\Routing\\Route.php(239): Illuminate\\Routing\\ControllerDispatcher->dispatch(Object(Illuminate\\Routing\\Route), Object(App\\Http\\Controllers\\HomeController), 'index')
#16 D:\\Web\\Laravel\\VarghaJob\\tyokoleilu\\tyokokeilu\\vendor\\laravel\\framework\\src\\Illuminate\\Routing\\Route.php(196): Illuminate\\Routing\\Route->runController()
#17 D:\\Web\\Laravel\\VarghaJob\\tyokoleilu\\tyokokeilu\\vendor\\laravel\\framework\\src\\Illuminate\\Routing\\Router.php(685): Illuminate\\Routing\\Route->run()
#18 D:\\Web\\Laravel\\VarghaJob\\tyokoleilu\\tyokokeilu\\vendor\\laravel\\framework\\src\\Illuminate\\Pipeline\\Pipeline.php(128): Illuminate\\Routing\\Router->Illuminate\\Routing\\{closure}(Object(Illuminate\\Http\\Request))
#19 D:\\Web\\Laravel\\VarghaJob\\tyokoleilu\\tyokokeilu\\app\\Http\\Middleware\\SetCurrentCurrency.php(95): Illuminate\\Pipeline\\Pipeline->Illuminate\\Pipeline\\{closure}(Object(Illuminate\\Http\\Request))
#20 D:\\Web\\Laravel\\VarghaJob\\tyokoleilu\\tyokokeilu\\vendor\\laravel\\framework\\src\\Illuminate\\Pipeline\\Pipeline.php(167): App\\Http\\Middleware\\SetCurrentCurrency->handle(Object(Illuminate\\Http\\Request), Object(Closure))
#21 D:\\Web\\Laravel\\VarghaJob\\tyokoleilu\\tyokokeilu\\app\\Http\\Middleware\\HideDebugbar.php(49): Illuminate\\Pipeline\\Pipeline->Illuminate\\Pipeline\\{closure}(Object(Illuminate\\Http\\Request))
#22 D:\\Web\\Laravel\\VarghaJob\\tyokoleilu\\tyokokeilu\\vendor\\laravel\\framework\\src\\Illuminate\\Pipeline\\Pipeline.php(167): App\\Http\\Middleware\\HideDebugbar->handle(Object(Illuminate\\Http\\Request), Object(Closure))
#23 D:\\Web\\Laravel\\VarghaJob\\tyokoleilu\\tyokokeilu\\vendor\\laravel\\framework\\src\\Illuminate\\Routing\\Middleware\\SubstituteBindings.php(41): Illuminate\\Pipeline\\Pipeline->Illuminate\\Pipeline\\{closure}(Object(Illuminate\\Http\\Request))
#24 D:\\Web\\Laravel\\VarghaJob\\tyokoleilu\\tyokokeilu\\vendor\\laravel\\framework\\src\\Illuminate\\Pipeline\\Pipeline.php(167): Illuminate\\Routing\\Middleware\\SubstituteBindings->handle(Object(Illuminate\\Http\\Request), Object(Closure))
#25 D:\\Web\\Laravel\\VarghaJob\\tyokoleilu\\tyokokeilu\\vendor\\laravel\\framework\\src\\Illuminate\\Foundation\\Http\\Middleware\\VerifyCsrfToken.php(77): Illuminate\\Pipeline\\Pipeline->Illuminate\\Pipeline\\{closure}(Object(Illuminate\\Http\\Request))
#26 D:\\Web\\Laravel\\VarghaJob\\tyokoleilu\\tyokokeilu\\vendor\\laravel\\framework\\src\\Illuminate\\Pipeline\\Pipeline.php(167): Illuminate\\Foundation\\Http\\Middleware\\VerifyCsrfToken->handle(Object(Illuminate\\Http\\Request), Object(Closure))
#27 D:\\Web\\Laravel\\VarghaJob\\tyokoleilu\\tyokokeilu\\vendor\\laravel\\framework\\src\\Illuminate\\View\\Middleware\\ShareErrorsFromSession.php(49): Illuminate\\Pipeline\\Pipeline->Illuminate\\Pipeline\\{closure}(Object(Illuminate\\Http\\Request))
#28 D:\\Web\\Laravel\\VarghaJob\\tyokoleilu\\tyokokeilu\\vendor\\laravel\\framework\\src\\Illuminate\\Pipeline\\Pipeline.php(167): Illuminate\\View\\Middleware\\ShareErrorsFromSession->handle(Object(Illuminate\\Http\\Request), Object(Closure))
#29 D:\\Web\\Laravel\\VarghaJob\\tyokoleilu\\tyokokeilu\\vendor\\laravel\\framework\\src\\Illuminate\\Session\\Middleware\\StartSession.php(116): Illuminate\\Pipeline\\Pipeline->Illuminate\\Pipeline\\{closure}(Object(Illuminate\\Http\\Request))
#30 D:\\Web\\Laravel\\VarghaJob\\tyokoleilu\\tyokokeilu\\vendor\\laravel\\framework\\src\\Illuminate\\Session\\Middleware\\StartSession.php(62): Illuminate\\Session\\Middleware\\StartSession->handleStatefulRequest(Object(Illuminate\\Http\\Request), Object(Illuminate\\Session\\Store), Object(Closure))
#31 D:\\Web\\Laravel\\VarghaJob\\tyokoleilu\\tyokokeilu\\vendor\\laravel\\framework\\src\\Illuminate\\Pipeline\\Pipeline.php(167): Illuminate\\Session\\Middleware\\StartSession->handle(Object(Illuminate\\Http\\Request), Object(Closure))
#32 D:\\Web\\Laravel\\VarghaJob\\tyokoleilu\\tyokokeilu\\vendor\\laravel\\framework\\src\\Illuminate\\Cookie\\Middleware\\AddQueuedCookiesToResponse.php(37): Illuminate\\Pipeline\\Pipeline->Illuminate\\Pipeline\\{closure}(Object(Illuminate\\Http\\Request))
#33 D:\\Web\\Laravel\\VarghaJob\\tyokoleilu\\tyokokeilu\\vendor\\laravel\\framework\\src\\Illuminate\\Pipeline\\Pipeline.php(167): Illuminate\\Cookie\\Middleware\\AddQueuedCookiesToResponse->handle(Object(Illuminate\\Http\\Request), Object(Closure))
#34 D:\\Web\\Laravel\\VarghaJob\\tyokoleilu\\tyokokeilu\\vendor\\laravel\\framework\\src\\Illuminate\\Cookie\\Middleware\\EncryptCookies.php(67): Illuminate\\Pipeline\\Pipeline->Illuminate\\Pipeline\\{closure}(Object(Illuminate\\Http\\Request))
#35 D:\\Web\\Laravel\\VarghaJob\\tyokoleilu\\tyokokeilu\\vendor\\laravel\\framework\\src\\Illuminate\\Pipeline\\Pipeline.php(167): Illuminate\\Cookie\\Middleware\\EncryptCookies->handle(Object(Illuminate\\Http\\Request), Object(Closure))
#36 D:\\Web\\Laravel\\VarghaJob\\tyokoleilu\\tyokokeilu\\vendor\\laravel\\framework\\src\\Illuminate\\Pipeline\\Pipeline.php(103): Illuminate\\Pipeline\\Pipeline->Illuminate\\Pipeline\\{closure}(Object(Illuminate\\Http\\Request))
#37 D:\\Web\\Laravel\\VarghaJob\\tyokoleilu\\tyokokeilu\\vendor\\laravel\\framework\\src\\Illuminate\\Routing\\Router.php(687): Illuminate\\Pipeline\\Pipeline->then(Object(Closure))
#38 D:\\Web\\Laravel\\VarghaJob\\tyokoleilu\\tyokokeilu\\vendor\\laravel\\framework\\src\\Illuminate\\Routing\\Router.php(662): Illuminate\\Routing\\Router->runRouteWithinStack(Object(Illuminate\\Routing\\Route), Object(Illuminate\\Http\\Request))
#39 D:\\Web\\Laravel\\VarghaJob\\tyokoleilu\\tyokokeilu\\vendor\\laravel\\framework\\src\\Illuminate\\Routing\\Router.php(628): Illuminate\\Routing\\Router->runRoute(Object(Illuminate\\Http\\Request), Object(Illuminate\\Routing\\Route))
#40 D:\\Web\\Laravel\\VarghaJob\\tyokoleilu\\tyokokeilu\\vendor\\laravel\\framework\\src\\Illuminate\\Routing\\Router.php(617): Illuminate\\Routing\\Router->dispatchToRoute(Object(Illuminate\\Http\\Request))
#41 D:\\Web\\Laravel\\VarghaJob\\tyokoleilu\\tyokokeilu\\vendor\\laravel\\framework\\src\\Illuminate\\Foundation\\Http\\Kernel.php(165): Illuminate\\Routing\\Router->dispatch(Object(Illuminate\\Http\\Request))
#42 D:\\Web\\Laravel\\VarghaJob\\tyokoleilu\\tyokokeilu\\vendor\\laravel\\framework\\src\\Illuminate\\Pipeline\\Pipeline.php(128): Illuminate\\Foundation\\Http\\Kernel->Illuminate\\Foundation\\Http\\{closure}(Object(Illuminate\\Http\\Request))
#43 D:\\Web\\Laravel\\VarghaJob\\tyokoleilu\\tyokokeilu\\vser_func_array(Array, Array)
#15 D:\\Web\\Laravel\\VarghaJob\\tyokoleilu\\tyokokeilu\\vendor\\laravel\\framework\\src\\Illuminate\\Routing\\ControllerDispatcher.php(45): Illuminate\\Routing\\Controller->callAction('index', Array)
#16 D:\\Web\\Laravel\\VarghaJob\\tyokoleilu\\tyokokeilu\\vendor\\laravel\\framework\\src\\Illuminate\\Routing\\Route.php(239): Illuminate\\Routing\\ControllerDispatcher->dispatch(Object(Illuminate\\Routing\\Route), Object(App\\Http\\Controllers\\HomeController), 'index')
#17 D:\\Web\\Laravel\\VarghaJob\\tyokoleilu\\tyokokeilu\\vendor\\laravel\\framework\\src\\Illuminate\\Routing\\Route.php(196): Illuminate\\Routing\\Route->runController()
#18 D:\\Web\\Laravel\\VarghaJob\\tyokoleilu\\tyokokeilu\\vendor\\laravel\\framework\\src\\Illuminate\\Routing\\Router.php(685): Illuminate\\Routing\\Route->run()
#19 D:\\Web\\Laravel\\VarghaJob\\tyokoleilu\\tyokokeilu\\vendor\\laravel\\framework\\src\\Illuminate\\Pipeline\\Pipeline.php(128): Illuminate\\Routing\\Router->Illuminate\\Routing\\{closure}(Object(Illuminate\\Http\\Request))
#20 D:\\Web\\Laravel\\VarghaJob\\tyokoleilu\\tyokokeilu\\app\\Http\\Middleware\\SetCurrentCurrency.php(95): Illuminate\\Pipeline\\Pipeline->Illuminate\\Pipeline\\{closure}(Object(Illuminate\\Http\\Request))
#21 D:\\Web\\Laravel\\VarghaJob\\tyokoleilu\\tyokokeilu\\vendor\\laravel\\framework\\src\\Illuminate\\Pipeline\\Pipeline.php(167): App\\Http\\Middleware\\SetCurrentCurrency->handle(Object(Illuminate\\Http\\Request), Object(Closure))
#22 D:\\Web\\Laravel\\VarghaJob\\tyokoleilu\\tyokokeilu\\app\\Http\\Middleware\\HideDebugbar.php(49): Illuminate\\Pipeline\\Pipeline->Illuminate\\Pipeline\\{closure}(Object(Illuminate\\Http\\Request))
#23 D:\\Web\\Laravel\\VarghaJob\\tyokoleilu\\tyokokeilu\\vendor\\laravel\\framework\\src\\Illuminate\\Pipeline\\Pipeline.php(167): App\\Http\\Middleware\\HideDebugbar->handle(Object(Illuminate\\Http\\Request), Object(Closure))
#24 D:\\Web\\Laravel\\VarghaJob\\tyokoleilu\\tyokokeilu\\vendor\\laravel\\framework\\src\\Illuminate\\Routing\\Middleware\\SubstituteBindings.php(41): Illuminate\\Pipeline\\Pipeline->Illuminate\\Pipeline\\{closure}(Object(Illuminate\\Http\\Request))
#25 D:\\Web\\Laravel\\VarghaJob\\tyokoleilu\\tyokokeilu\\vendor\\laravel\\framework\\src\\Illuminate\\Pipeline\\Pipeline.php(167): Illuminate\\Routing\\Middleware\\SubstituteBindings->handle(Object(Illuminate\\Http\\Request), Object(Closure))
#26 D:\\Web\\Laravel\\VarghaJob\\tyokoleilu\\tyokokeilu\\vendor\\laravel\\framework\\src\\Illuminate\\Foundation\\Http\\Middleware\\VerifyCsrfToken.php(77): Illuminate\\Pipeline\\Pipeline->Illuminate\\Pipeline\\{closure}(Object(Illuminate\\Http\\Request))
#27 D:\\Web\\Laravel\\VarghaJob\\tyokoleilu\\tyokokeilu\\vendor\\laravel\\framework\\src\\Illuminate\\Pipeline\\Pipeline.php(167): Illuminate\\Foundation\\Http\\Middleware\\VerifyCsrfToken->handle(Object(Illuminate\\Http\\Request), Object(Closure))
#28 D:\\Web\\Laravel\\VarghaJob\\tyokoleilu\\tyokokeilu\\vendor\\laravel\\framework\\src\\Illuminate\\View\\Middleware\\ShareErrorsFromSession.php(49): Illuminate\\Pipeline\\Pipeline->Illuminate\\Pipeline\\{closure}(Object(Illuminate\\Http\\Request))
#29 D:\\Web\\Laravel\\VarghaJob\\tyokoleilu\\tyokokeilu\\vendor\\laravel\\framework\\src\\Illuminate\\Pipeline\\Pipeline.php(167): Illuminate\\View\\Middleware\\ShareErrorsFromSession->handle(Object(Illuminate\\Http\\Request), Object(Closure))
#30 D:\\Web\\Laravel\\VarghaJob\\tyokoleilu\\tyokokeilu\\vendor\\laravel\\framework\\src\\Illuminate\\Session\\Middleware\\StartSession.php(116): Illuminate\\Pipeline\\Pipeline->Illuminate\\Pipeline\\{closure}(Object(Illuminate\\Http\\Request))
#31 D:\\Web\\Laravel\\VarghaJob\\tyokoleilu\\tyokokeilu\\vendor\\laravel\\framework\\src\\Illuminate\\Session\\Middleware\\StartSession.php(62): Illuminate\\Session\\Middleware\\StartSession->handleStatefulRequest(Object(Illuminate\\Http\\Request), Object(Illuminate\\Session\\Store), Object(Closure))
#32 D:\\Web\\Laravel\\VarghaJob\\tyokoleilu\\tyokokeilu\\vendor\\laravel\\framework\\src\\Illuminate\\Pipeline\\Pipeline.php(167): Illuminate\\Session\\Middleware\\StartSession->handle(Object(Illuminate\\Http\\Request), Object(Closure))
#33 D:\\Web\\Laravel\\VarghaJob\\tyokoleilu\\tyokokeilu\\vendor\\laravel\\framework\\src\\Illuminate\\Cookie\\Middleware\\AddQueuedCookiesToResponse.php(37): Illuminate\\Pipeline\\Pipeline->Illuminate\\Pipeline\\{closure}(Object(Illuminate\\Http\\Request))
#34 D:\\Web\\Laravel\\VarghaJob\\tyokoleilu\\tyokokeilu\\vendor\\laravel\\framework\\src\\Illuminate\\Pipeline\\Pipeline.php(167): Illuminate\\Cookie\\Middleware\\AddQueuedCookiesToResponse->handle(Object(Illuminate\\Http\\Request), Object(Closure))
#35 D:\\Web\\Laravel\\VarghaJob\\tyokoleilu\\tyokokeilu\\vendor\\laravel\\framework\\src\\Illuminate\\Cookie\\Middleware\\EncryptCookies.php(67): Illuminate\\Pipeline\\Pipeline->Illuminate\\Pipeline\\{closure}(Object(Illuminate\\Http\\Request))
#36 D:\\Web\\Laravel\\VarghaJob\\tyokoleilu\\tyokokeilu\\vendor\\laravel\\framework\\src\\Illuminate\\Pipeline\\Pipeline.php(167): Illuminate\\Cookie\\Middleware\\EncryptCookies->handle(Object(Illuminate\\Http\\Request), Object(Closure))
#37 D:\\Web\\Laravel\\VarghaJob\\tyokoleilu\\tyokokeilu\\vendor\\laravel\\framework\\src\\Illuminate\\Pipeline\\Pipeline.php(103): Illuminate\\Pipeline\\Pipeline->Illuminate\\Pipeline\\{closure}(Object(Illuminate\\Http\\Request))
#38 D:\\Web\\Laravel\\VarghaJob\\tyokoleilu\\tyokokeilu\\vendor\\laravel\\framework\\src\\Illuminate\\Routing\\Router.php(687): Illuminate\\Pipeline\\Pipeline->then(Object(Closure))
#39 D:\\Web\\Laravel\\VarghaJob\\tyokoleilu\\tyokokeilu\\vendor\\laravel\\framework\\src\\Illuminate\\Routing\\Router.php(662): Illuminate\\Routing\\Router->runRouteWithinStack(Object(Illuminate\\Routing\\Route), Object(Illuminate\\Http\\Request))
#40 D:\\Web\\Laravel\\VarghaJob\\tyokoleilu\\tyokokeilu\\vendor\\laravel\\framework\\src\\Illuminate\\Routing\\Router.php(628): Illuminate\\Routing\\Router->runRoute(Object(Illuminate\\Http\\Request), Object(Illuminate\\Routing\\Route))
#41 D:\\Web\\Laravel\\VarghaJob\\tyokoleilu\\tyokokeilu\\vendor\\laravel\\framework\\src\\Illuminate\\Routing\\Router.php(617): Illuminate\\Routing\\Router->dispatchToRoute(Object(Illuminate\\Http\\Request))
#42 D:\\Web\\Laravel\\VarghaJob\\tyokoleilu\\tyokokeilu\\vendor\\laravel\\framework\\src\\Illuminate\\Foundation\\Http\\Kernel.php(165): Illuminate\\Routing\\Router->dispatch(Object(Illuminate\\Http\\Request))
#43 D:\\Web\\Laravel\\VarghaJob\\tyokoleilu\\tyokokeilu\\vendor\\laravel\\framework\\src\\Illuminate\\Pipeline\\Pipeline.php(128): Illuminate\\Foundation\\Http\\Kernel->Illuminate\\Foundation\\Http\\{closure}(Object(Illuminate\\Http\\Request))
#44 D:\\Web\\Laravel\\VarghaJob\\tyokoleilu\\tyokokeilu\\vendor\\barryvdh\\laravel-debugbar\\src\\Middleware\\InjectDebugbar.php(67): Illuminate\\Pipeline\\Pipeline->Illuminate\\Pipeline\\{closure}(Object(Illuminate\\Http\\Request))
#45 D:\\Web\\Laravel\\VarghaJob\\tyokoleilu\\tyokokeilu\\vendor\\laravel\\framework\\src\\Illuminate\\Pipeline\\Pipeline.php(167): Barryvdh\\Debugbar\\Middleware\\InjectDebugbar->handle(Object(Illuminate\\Http\\Request), Object(Closure))
#46 D:\\Web\\Laravel\\VarghaJob\\tyokoleilu\\tyokokeilu\\app\\Http\\Middleware\\RedirectForMultiLanguage.php(113): Illuminate\\Pipeline\\Pipeline->Illuminate\\Pipeline\\{closure}(Object(Illuminate\\Http\\Request))
#47 D:\\Web\\Laravel\\VarghaJob\\tyokoleilu\\tyokokeilu\\vendor\\laravel\\framework\\src\\Illuminate\\Pipeline\\Pipeline.php(167): App\\Http\\Middleware\\RedirectForMultiLanguage->handle(Object(Illuminate\\Http\\Request), Object(Closure))
#48 D:\\Web\\Laravel\\VarghaJob\\tyokoleilu\\tyokokeilu\\app\\Http\\Middleware\\InitConfigsFromDatabase.php(189): Illuminate\\Pipeline\\Pipeline->Illuminate\\Pipeline\\{closure}(Object(Illuminate\\Http\\Request))
#49 D:\\Web\\Laravel\\VarghaJob\\tyokoleilu\\tyokokeilu\\vendor\\laravel\\framework\\src\\Illuminate\\Pipeline\\Pipeline.php(167): App\\Http\\Middleware\\InitConfigsFromDatabase->handle(Object(Illuminate\\Http\\Request), Object(Closure))
#50 D:\\Web\\Laravel\\VarghaJob\\tyokoleilu\\tyokokeilu\\vendor\\fideloper\\proxy\\src\\TrustProxies.php(57): Illuminate\\Pipeline\\Pipeline->Illuminate\\Pipeline\\{closure}(Object(Illuminate\\Http\\Request))
#51 D:\\Web\\Laravel\\VarghaJob\\tyokoleilu\\tyokokeilu\\vendor\\laravel\\framework\\src\\Illuminate\\Pipeline\\Pipeline.php(167): Fideloper\\Proxy\\TrustProxies->handle(Object(Illuminate\\Http\\Request), Object(Closure))
#52 D:\\Web\\Laravel\\VarghaJob\\tyokoleilu\\tyokokeilu\\vendor\\laravel\\framework\\src\\Illuminate\\Foundation\\Http\\Middleware\\TransformsRequest.php(21): Illuminate\\Pipeline\\Pipeline->Illuminate\\Pipeline\\{closure}(Object(Illuminate\\Http\\Request))
#53 D:\\Web\\Laravel\\VarghaJob\\tyokoleilu\\tyokokeilu\\vendor\\laravel\\framework\\src\\Illuminate\\Pipeline\\Pipeline.php(167): Illuminate\\Foundation\\Http\\Middleware\\TransformsRequest->handle(Object(Illuminate\\Http\\Request), Object(Closure))
#54 D:\\Web\\Laravel\\VarghaJob\\tyokoleilu\\tyokokeilu\\vendor\\laravel\\framework\\src\\Illuminate\\Foundation\\Http\\Middleware\\TransformsRequest.php(21): Illuminate\\Pipeline\\Pipeline->Illuminate\\Pipeline\\{closure}(Object(Illuminate\\Http\\Request))
#55 D:\\Web\\Laravel\\VarghaJob\\tyokoleilu\\tyokokeilu\\vendor\\laravel\\framework\\src\\Illuminate\\Pipeline\\Pipeline.php(167): Illuminate\\Foundation\\Http\\Middleware\\TransformsRequest->handle(Object(Illuminate\\Http\\Request), Object(Closure))
#56 D:\\Web\\Laravel\\VarghaJob\\tyokoleilu\\tyokokeilu\\vendor\\laravel\\framework\\src\\Illuminate\\Foundation\\Http\\Middleware\\ValidatePostSize.php(27): Illuminate\\Pipeline\\Pipeline->Illuminate\\Pipeline\\{closure}(Object(Illuminate\\Http\\Request))
#57 D:\\Web\\Laravel\\VarghaJob\\tyokoleilu\\tyokokeilu\\vendor\\laravel\\framework\\src\\Illuminate\\Pipeline\\Pipeline.php(167): Illuminate\\Foundation\\Http\\Middleware\\ValidatePostSize->handle(Object(Illuminate\\Http\\Request), Object(Closure))
#58 D:\\Web\\Laravel\\VarghaJob\\tyokoleilu\\tyokokeilu\\vendor\\laravel\\framework\\src\\Illuminate\\Foundation\\Http\\Middleware\\CheckForMaintenanceMode.php(63): Illuminate\\Pipeline\\Pipeline->Illuminate\\Pipeline\\{closure}(Object(Illuminate\\Http\\Request))
#59 D:\\Web\\Laravel\\VarghaJob\\tyokoleilu\\tyokokeilu\\vendor\\laravel\\framework\\src\\Illuminate\\Pipeline\\Pipeline.php(167): Illuminate\\Foundation\\Http\\Middleware\\CheckForMaintenanceMode->handle(Object(Illuminate\\Http\\Request), Object(Closure))
#60 D:\\Web\\Laravel\\VarghaJob\\tyokoleilu\\tyokokeilu\\app\\Http\\Middleware\\RedirectToInstaller.php(63): Illuminate\\Pipeline\\Pipeline->Illuminate\\Pipeline\\{closure}(Object(Illuminate\\Http\\Request))
#61 D:\\Web\\Laravel\\VarghaJob\\tyokoleilu\\tyokokeilu\\vendor\\laravel\\framework\\src\\Illuminate\\Pipeline\\Pipeline.php(167): App\\Http\\Middleware\\RedirectToInstaller->handle(Object(Illuminate\\Http\\Request), Object(Closure))
#62 D:\\Web\\Laravel\\VarghaJob\\tyokoleilu\\tyokokeilu\\vendor\\laravel\\framework\\src\\Illuminate\\Pipeline\\Pipeline.php(103): Illuminate\\Pipeline\\Pipeline->Illuminate\\Pipeline\\{closure}(Object(Illuminate\\Http\\Request))
#63 D:\\Web\\Laravel\\VarghaJob\\tyokoleilu\\tyokokeilu\\vendor\\laravel\\framework\\src\\Illuminate\\Foundation\\Http\\Kernel.php(140): Illuminate\\Pipeline\\Pipeline->then(Object(Closure))
#64 D:\\Web\\Laravel\\VarghaJob\\tyokoleilu\\tyokokeilu\\vendor\\laravel\\framework\\src\\Illuminate\\Foundation\\Http\\Kernel.php(109): Illuminate\\Foundation\\Http\\Kernel->sendRequestThroughRouter(Object(Illuminate\\Http\\Request))
#65 D:\\Web\\Laravel\\VarghaJob\\tyokoleilu\\tyokokeilu\\public\\index.php(129): Illuminate\\Foundation\\Http\\Kernel->handle(Object(Illuminate\\Http\\Request))
#66 {main}
"} 
endor\\barryvdh\\laravel-debugbar\\src\\Middleware\\InjectDebugbar.php(67): Illuminate\\Pipeline\\Pipeline->Illuminate\\Pipeline\\{closure}(Object(Illuminate\\Http\\Request))
#44 D:\\Web\\Laravel\\VarghaJob\\tyokoleilu\\tyokokeilu\\vendor\\laravel\\framework\\src\\Illuminate\\Pipeline\\Pipeline.php(167): Barryvdh\\Debugbar\\Middleware\\InjectDebugbar->handle(Object(Illuminate\\Http\\Request), Object(Closure))
#45 D:\\Web\\Laravel\\VarghaJob\\tyokoleilu\\tyokokeilu\\app\\Http\\Middleware\\RedirectForMultiLanguage.php(113): Illuminate\\Pipeline\\Pipeline->Illuminate\\Pipeline\\{closure}(Object(Illuminate\\Http\\Request))
#46 D:\\Web\\Laravel\\VarghaJob\\tyokoleilu\\tyokokeilu\\vendor\\laravel\\framework\\src\\Illuminate\\Pipeline\\Pipeline.php(167): App\\Http\\Middleware\\RedirectForMultiLanguage->handle(Object(Illuminate\\Http\\Request), Object(Closure))
#47 D:\\Web\\Laravel\\VarghaJob\\tyokoleilu\\tyokokeilu\\app\\Http\\Middleware\\InitConfigsFromDatabase.php(189): Illuminate\\Pipeline\\Pipeline->Illuminate\\Pipeline\\{closure}(Object(Illuminate\\Http\\Request))
#48 D:\\Web\\Laravel\\VarghaJob\\tyokoleilu\\tyokokeilu\\vendor\\laravel\\framework\\src\\Illuminate\\Pipeline\\Pipeline.php(167): App\\Http\\Middleware\\InitConfigsFromDatabase->handle(Object(Illuminate\\Http\\Request), Object(Closure))
#49 D:\\Web\\Laravel\\VarghaJob\\tyokoleilu\\tyokokeilu\\vendor\\fideloper\\proxy\\src\\TrustProxies.php(57): Illuminate\\Pipeline\\Pipeline->Illuminate\\Pipeline\\{closure}(Object(Illuminate\\Http\\Request))
#50 D:\\Web\\Laravel\\VarghaJob\\tyokoleilu\\tyokokeilu\\vendor\\laravel\\framework\\src\\Illuminate\\Pipeline\\Pipeline.php(167): Fideloper\\Proxy\\TrustProxies->handle(Object(Illuminate\\Http\\Request), Object(Closure))
#51 D:\\Web\\Laravel\\VarghaJob\\tyokoleilu\\tyokokeilu\\vendor\\laravel\\framework\\src\\Illuminate\\Foundation\\Http\\Middleware\\TransformsRequest.php(21): Illuminate\\Pipeline\\Pipeline->Illuminate\\Pipeline\\{closure}(Object(Illuminate\\Http\\Request))
#52 D:\\Web\\Laravel\\VarghaJob\\tyokoleilu\\tyokokeilu\\vendor\\laravel\\framework\\src\\Illuminate\\Pipeline\\Pipeline.php(167): Illuminate\\Foundation\\Http\\Middleware\\TransformsRequest->handle(Object(Illuminate\\Http\\Request), Object(Closure))
#53 D:\\Web\\Laravel\\VarghaJob\\tyokoleilu\\tyokokeilu\\vendor\\laravel\\framework\\src\\Illuminate\\Foundation\\Http\\Middleware\\TransformsRequest.php(21): Illuminate\\Pipeline\\Pipeline->Illuminate\\Pipeline\\{closure}(Object(Illuminate\\Http\\Request))
#54 D:\\Web\\Laravel\\VarghaJob\\tyokoleilu\\tyokokeilu\\vendor\\laravel\\framework\\src\\Illuminate\\Pipeline\\Pipeline.php(167): Illuminate\\Foundation\\Http\\Middleware\\TransformsRequest->handle(Object(Illuminate\\Http\\Request), Object(Closure))
#55 D:\\Web\\Laravel\\VarghaJob\\tyokoleilu\\tyokokeilu\\vendor\\laravel\\framework\\src\\Illuminate\\Foundation\\Http\\Middleware\\ValidatePostSize.php(27): Illuminate\\Pipeline\\Pipeline->Illuminate\\Pipeline\\{closure}(Object(Illuminate\\Http\\Request))
#56 D:\\Web\\Laravel\\VarghaJob\\tyokoleilu\\tyokokeilu\\vendor\\laravel\\framework\\src\\Illuminate\\Pipeline\\Pipeline.php(167): Illuminate\\Foundation\\Http\\Middleware\\ValidatePostSize->handle(Object(Illuminate\\Http\\Request), Object(Closure))
#57 D:\\Web\\Laravel\\VarghaJob\\tyokoleilu\\tyokokeilu\\vendor\\laravel\\framework\\src\\Illuminate\\Foundation\\Http\\Middleware\\CheckForMaintenanceMode.php(63): Illuminate\\Pipeline\\Pipeline->Illuminate\\Pipeline\\{closure}(Object(Illuminate\\Http\\Request))
#58 D:\\Web\\Laravel\\VarghaJob\\tyokoleilu\\tyokokeilu\\vendor\\laravel\\framework\\src\\Illuminate\\Pipeline\\Pipeline.php(167): Illuminate\\Foundation\\Http\\Middleware\\CheckForMaintenanceMode->handle(Object(Illuminate\\Http\\Request), Object(Closure))
#59 D:\\Web\\Laravel\\VarghaJob\\tyokoleilu\\tyokokeilu\\app\\Http\\Middleware\\RedirectToInstaller.php(63): Illuminate\\Pipeline\\Pipeline->Illuminate\\Pipeline\\{closure}(Object(Illuminate\\Http\\Request))
#60 D:\\Web\\Laravel\\VarghaJob\\tyokoleilu\\tyokokeilu\\vendor\\laravel\\framework\\src\\Illuminate\\Pipeline\\Pipeline.php(167): App\\Http\\Middleware\\RedirectToInstaller->handle(Object(Illuminate\\Http\\Request), Object(Closure))
#61 D:\\Web\\Laravel\\VarghaJob\\tyokoleilu\\tyokokeilu\\vendor\\laravel\\framework\\src\\Illuminate\\Pipeline\\Pipeline.php(103): Illuminate\\Pipeline\\Pipeline->Illuminate\\Pipeline\\{closure}(Object(Illuminate\\Http\\Request))
#62 D:\\Web\\Laravel\\VarghaJob\\tyokoleilu\\tyokokeilu\\vendor\\laravel\\framework\\src\\Illuminate\\Foundation\\Http\\Kernel.php(140): Illuminate\\Pipeline\\Pipeline->then(Object(Closure))
#63 D:\\Web\\Laravel\\VarghaJob\\tyokoleilu\\tyokokeilu\\vendor\\laravel\\framework\\src\\Illuminate\\Foundation\\Http\\Kernel.php(109): Illuminate\\Foundation\\Http\\Kernel->sendRequestThroughRouter(Object(Illuminate\\Http\\Request))
#64 D:\\Web\\Laravel\\VarghaJob\\tyokoleilu\\tyokokeilu\\public\\index.php(129): Illuminate\\Foundation\\Http\\Kernel->handle(Object(Illuminate\\Http\\Request))
#65 {main}

[previous exception] [object] (PDOException(code: 42S02): SQLSTATE[42S02]: Base table or view not found: 1146 Table 'ecm_test_lara.core_pages' doesn't exist at D:\\Web\\Laravel\\VarghaJob\\tyokoleilu\\tyokokeilu\\vendor\\doctrine\\dbal\\lib\\Doctrine\\DBAL\\Driver\\PDOConnection.php:67)
[stacktrace]
#0 D:\\Web\\Laravel\\VarghaJob\\tyokoleilu\\tyokokeilu\\vendor\\doctrine\\dbal\\lib\\Doctrine\\DBAL\\Driver\\PDOConnection.php(67): PDO->prepare('select * from `...', Array)
#1 D:\\Web\\Laravel\\VarghaJob\\tyokoleilu\\tyokokeilu\\vendor\\laravel\\framework\\src\\Illuminate\\Database\\Connection.php(331): Doctrine\\DBAL\\Driver\\PDOConnection->prepare('select * from `...')
#2 D:\\Web\\Laravel\\VarghaJob\\tyokoleilu\\tyokokeilu\\vendor\\laravel\\framework\\src\\Illuminate\\Database\\Connection.php(664): Illuminate\\Database\\Connection->Illuminate\\Database\\{closure}('select * from `...', Array)
#3 D:\\Web\\Laravel\\VarghaJob\\tyokoleilu\\tyokokeilu\\vendor\\laravel\\framework\\src\\Illuminate\\Database\\Connection.php(631): Illuminate\\Database\\Connection->runQueryCallback('select * from `...', Array, Object(Closure))
#4 D:\\Web\\Laravel\\VarghaJob\\tyokoleilu\\tyokokeilu\\vendor\\laravel\\framework\\src\\Illuminate\\Database\\Connection.php(339): Illuminate\\Database\\Connection->run('select * from `...', Array, Object(Closure))
#5 D:\\Web\\Laravel\\VarghaJob\\tyokoleilu\\tyokokeilu\\vendor\\laravel\\framework\\src\\Illuminate\\Database\\Query\\Builder.php(2260): Illuminate\\Database\\Connection->select('select * from `...', Array, true)
#6 D:\\Web\\Laravel\\VarghaJob\\tyokoleilu\\tyokokeilu\\vendor\\laravel\\framework\\src\\Illuminate\\Database\\Query\\Builder.php(2248): Illuminate\\Database\\Query\\Builder->runSelect()
#7 D:\\Web\\Laravel\\VarghaJob\\tyokoleilu\\tyokokeilu\\vendor\\laravel\\framework\\src\\Illuminate\\Database\\Query\\Builder.php(2743): Illuminate\\Database\\Query\\Builder->Illuminate\\Database\\Query\\{closure}()
#8 D:\\Web\\Laravel\\VarghaJob\\tyokoleilu\\tyokokeilu\\vendor\\laravel\\framework\\src\\Illuminate\\Database\\Query\\Builder.php(2249): Illuminate\\Database\\Query\\Builder->onceWithColumns(Array, Object(Closure))
#9 D:\\Web\\Laravel\\VarghaJob\\tyokoleilu\\tyokokeilu\\vendor\\laravel\\framework\\src\\Illuminate\\Database\\Eloquent\\Builder.php(547): Illuminate\\Database\\Query\\Builder->get(Array)
#10 D:\\Web\\Laravel\\VarghaJob\\tyokoleilu\\tyokokeilu\\vendor\\laravel\\framework\\src\\Illuminate\\Database\\Eloquent\\Builder.php(531): Illuminate\\Database\\Eloquent\\Builder->getModels(Array)
#11 D:\\Web\\Laravel\\VarghaJob\\tyokoleilu\\tyokokeilu\\vendor\\laravel\\framework\\src\\Illuminate\\Database\\Concerns\\BuildsQueries.php(143): Illuminate\\Database\\Eloquent\\Builder->get(Array)
#12 D:\\Web\\Laravel\\VarghaJob\\tyokoleilu\\tyokokeilu\\app\\Http\\Controllers\\HomeController.php(28): Illuminate\\Database\\Eloquent\\Builder->first()
#13 [internal function]: App\\Http\\Controllers\\HomeController->index()
#14 D:\\Web\\Laravel\\VarghaJob\\tyokoleilu\\tyokokeilu\\vendor\\laravel\\framework\\src\\Illuminate\\Routing\\Controller.php(54): call_user_func_array(Array, Array)
#15 D:\\Web\\Laravel\\VarghaJob\\tyokoleilu\\tyokokeilu\\vendor\\laravel\\framework\\src\\Illuminate\\Routing\\ControllerDispatcher.php(45): Illuminate\\Routing\\Controller->callAction('index', Array)
#16 D:\\Web\\Laravel\\VarghaJob\\tyokoleilu\\tyokokeilu\\vendor\\laravel\\framework\\src\\Illuminate\\Routing\\Route.php(239): Illuminate\\Routing\\ControllerDispatcher->dispatch(Object(Illuminate\\Routing\\Route), Object(App\\Http\\Controllers\\HomeController), 'index')
#17 D:\\Web\\Laravel\\VarghaJob\\tyokoleilu\\tyokokeilu\\vendor\\laravel\\framework\\src\\Illuminate\\Routing\\Route.php(196): Illuminate\\Routing\\Route->runController()
#18 D:\\Web\\Laravel\\VarghaJob\\tyokoleilu\\tyokokeilu\\vendor\\laravel\\framework\\src\\Illuminate\\Routing\\Router.php(685): Illuminate\\Routing\\Route->run()
#19 D:\\Web\\Laravel\\VarghaJob\\tyokoleilu\\tyokokeilu\\vendor\\laravel\\framework\\src\\Illuminate\\Pipeline\\Pipeline.php(128): Illuminate\\Routing\\Router->Illuminate\\Routing\\{closure}(Object(Illuminate\\Http\\Request))
#20 D:\\Web\\Laravel\\VarghaJob\\tyokoleilu\\tyokokeilu\\app\\Http\\Middleware\\SetCurrentCurrency.php(95): Illuminate\\Pipeline\\Pipeline->Illuminate\\Pipeline\\{closure}(Object(Illuminate\\Http\\Request))
#21 D:\\Web\\Laravel\\VarghaJob\\tyokoleilu\\tyokokeilu\\vendor\\laravel\\framework\\src\\Illuminate\\Pipeline\\Pipeline.php(167): App\\Http\\Middleware\\SetCurrentCurrency->handle(Object(Illuminate\\Http\\Request), Object(Closure))
#22 D:\\Web\\Laravel\\VarghaJob\\tyokoleilu\\tyokokeilu\\app\\Http\\Middleware\\HideDebugbar.php(49): Illuminate\\Pipeline\\Pipeline->Illuminate\\Pipeline\\{closure}(Object(Illuminate\\Http\\Request))
#23 D:\\Web\\Laravel\\VarghaJob\\tyokoleilu\\tyokokeilu\\vendor\\laravel\\framework\\src\\Illuminate\\Pipeline\\Pipeline.php(167): App\\Http\\Middleware\\HideDebugbar->handle(Object(Illuminate\\Http\\Request), Object(Closure))
#24 D:\\Web\\Laravel\\VarghaJob\\tyokoleilu\\tyokokeilu\\vendor\\laravel\\framework\\src\\Illuminate\\Routing\\Middleware\\SubstituteBindings.php(41): Illuminate\\Pipeline\\Pipeline->Illuminate\\Pipeline\\{closure}(Object(Illuminate\\Http\\Request))
#25 D:\\Web\\Laravel\\VarghaJob\\tyokoleilu\\tyokokeilu\\vendor\\laravel\\framework\\src\\Illuminate\\Pipeline\\Pipeline.php(167): Illuminate\\Routing\\Middleware\\SubstituteBindings->handle(Object(Illuminate\\Http\\Request), Object(Closure))
#26 D:\\Web\\Laravel\\VarghaJob\\tyokoleilu\\tyokokeilu\\vendor\\laravel\\framework\\src\\Illuminate\\Foundation\\Http\\Middleware\\VerifyCsrfToken.php(77): Illuminate\\Pipeline\\Pipeline->Illuminate\\Pipeline\\{closure}(Object(Illuminate\\Http\\Request))
#27 D:\\Web\\Laravel\\VarghaJob\\tyokoleilu\\tyokokeilu\\vendor\\laravel\\framework\\src\\Illuminate\\Pipeline\\Pipeline.php(167): Illuminate\\Foundation\\Http\\Middleware\\VerifyCsrfToken->handle(Object(Illuminate\\Http\\Request), Object(Closure))
#28 D:\\Web\\Laravel\\VarghaJob\\tyokoleilu\\tyokokeilu\\vendor\\laravel\\framework\\src\\Illuminate\\View\\Middleware\\ShareErrorsFromSession.php(49): Illuminate\\Pipeline\\Pipeline->Illuminate\\Pipeline\\{closure}(Object(Illuminate\\Http\\Request))
#29 D:\\Web\\Laravel\\VarghaJob\\tyokoleilu\\tyokokeilu\\vendor\\laravel\\framework\\src\\Illuminate\\Pipeline\\Pipeline.php(167): Illuminate\\View\\Middleware\\ShareErrorsFromSession->handle(Object(Illuminate\\Http\\Request), Object(Closure))
#30 D:\\Web\\Laravel\\VarghaJob\\tyokoleilu\\tyokokeilu\\vendor\\laravel\\framework\\src\\Illuminate\\Session\\Middleware\\StartSession.php(116): Illuminate\\Pipeline\\Pipeline->Illuminate\\Pipeline\\{closure}(Object(Illuminate\\Http\\Request))
#31 D:\\Web\\Laravel\\VarghaJob\\tyokoleilu\\tyokokeilu\\vendor\\laravel\\framework\\src\\Illuminate\\Session\\Middleware\\StartSession.php(62): Illuminate\\Session\\Middleware\\StartSession->handleStatefulRequest(Object(Illuminate\\Http\\Request), Object(Illuminate\\Session\\Store), Object(Closure))
#32 D:\\Web\\Laravel\\VarghaJob\\tyokoleilu\\tyokokeilu\\vendor\\laravel\\framework\\src\\Illuminate\\Pipeline\\Pipeline.php(167): Illuminate\\Session\\Middleware\\StartSession->handle(Object(Illuminate\\Http\\Request), Object(Closure))
#33 D:\\Web\\Laravel\\VarghaJob\\tyokoleilu\\tyokokeilu\\vendor\\laravel\\framework\\src\\Illuminate\\Cookie\\Middleware\\AddQueuedCookiesToResponse.php(37): Illuminate\\Pipeline\\Pipeline->Illuminate\\Pipeline\\{closure}(Object(Illuminate\\Http\\Request))
#34 D:\\Web\\Laravel\\VarghaJob\\tyokoleilu\\tyokokeilu\\vendor\\laravel\\framework\\src\\Illuminate\\Pipeline\\Pipeline.php(167): Illuminate\\Cookie\\Middleware\\AddQueuedCookiesToResponse->handle(Object(Illuminate\\Http\\Request), Object(Closure))
#35 D:\\Web\\Laravel\\VarghaJob\\tyokoleilu\\tyokokeilu\\vendor\\laravel\\framework\\src\\Illuminate\\Cookie\\Middleware\\EncryptCookies.php(67): Illuminate\\Pipeline\\Pipeline->Illuminate\\Pipeline\\{closure}(Object(Illuminate\\Http\\Request))
#36 D:\\Web\\Laravel\\VarghaJob\\tyokoleilu\\tyokokeilu\\vendor\\laravel\\framework\\src\\Illuminate\\Pipeline\\Pipeline.php(167): Illuminate\\Cookie\\Middleware\\EncryptCookies->handle(Object(Illuminate\\Http\\Request), Object(Closure))
#37 D:\\Web\\Laravel\\VarghaJob\\tyokoleilu\\tyokokeilu\\vendor\\laravel\\framework\\src\\Illuminate\\Pipeline\\Pipeline.php(103): Illuminate\\Pipeline\\Pipeline->Illuminate\\Pipeline\\{closure}(Object(Illuminate\\Http\\Request))
#38 D:\\Web\\Laravel\\VarghaJob\\tyokoleilu\\tyokokeilu\\vendor\\laravel\\framework\\src\\Illuminate\\Routing\\Router.php(687): Illuminate\\Pipeline\\Pipeline->then(Object(Closure))
#39 D:\\Web\\Laravel\\VarghaJob\\tyokoleilu\\tyokokeilu\\vendor\\laravel\\framework\\src\\Illuminate\\Routing\\Router.php(662): Illuminate\\Routing\\Router->runRouteWithinStack(Object(Illuminate\\Routing\\Route), Object(Illuminate\\Http\\Request))
#40 D:\\Web\\Laravel\\VarghaJob\\tyokoleilu\\tyokokeilu\\vendor\\laravel\\framework\\src\\Illuminate\\Routing\\Router.php(628): Illuminate\\Routing\\Router->runRoute(Object(Illuminate\\Http\\Request), Object(Illuminate\\Routing\\Route))
#41 D:\\Web\\Laravel\\VarghaJob\\tyokoleilu\\tyokokeilu\\vendor\\laravel\\framework\\src\\Illuminate\\Routing\\Router.php(617): Illuminate\\Routing\\Router->dispatchToRoute(Object(Illuminate\\Http\\Request))
#42 D:\\Web\\Laravel\\VarghaJob\\tyokoleilu\\tyokokeilu\\vendor\\laravel\\framework\\src\\Illuminate\\Foundation\\Http\\Kernel.php(165): Illuminate\\Routing\\Router->dispatch(Object(Illuminate\\Http\\Request))
#43 D:\\Web\\Laravel\\VarghaJob\\tyokoleilu\\tyokokeilu\\vendor\\laravel\\framework\\src\\Illuminate\\Pipeline\\Pipeline.php(128): Illuminate\\Foundation\\Http\\Kernel->Illuminate\\Foundation\\Http\\{closure}(Object(Illuminate\\Http\\Request))
#44 D:\\Web\\Laravel\\VarghaJob\\tyokoleilu\\tyokokeilu\\vendor\\barryvdh\\laravel-debugbar\\src\\Middleware\\InjectDebugbar.php(67): Illuminate\\Pipeline\\Pipeline->Illuminate\\Pipeline\\{closure}(Object(Illuminate\\Http\\Request))
#45 D:\\Web\\Laravel\\VarghaJob\\tyokoleilu\\tyokokeilu\\vendor\\laravel\\framework\\src\\Illuminate\\Pipeline\\Pipeline.php(167): Barryvdh\\Debugbar\\Middleware\\InjectDebugbar->handle(Object(Illuminate\\Http\\Request), Object(Closure))
#46 D:\\Web\\Laravel\\VarghaJob\\tyokoleilu\\tyokokeilu\\app\\Http\\Middleware\\RedirectForMultiLanguage.php(113): Illuminate\\Pipeline\\Pipeline->Illuminate\\Pipeline\\{closure}(Object(Illuminate\\Http\\Request))
#47 D:\\Web\\Laravel\\VarghaJob\\tyokoleilu\\tyokokeilu\\vendor\\laravel\\framework\\src\\Illuminate\\Pipeline\\Pipeline.php(167): App\\Http\\Middleware\\RedirectForMultiLanguage->handle(Object(Illuminate\\Http\\Request), Object(Closure))
#48 D:\\Web\\Laravel\\VarghaJob\\tyokoleilu\\tyokokeilu\\app\\Http\\Middleware\\InitConfigsFromDatabase.php(189): Illuminate\\Pipeline\\Pipeline->Illuminate\\Pipeline\\{closure}(Object(Illuminate\\Http\\Request))
#49 D:\\Web\\Laravel\\VarghaJob\\tyokoleilu\\tyokokeilu\\vendor\\laravel\\framework\\src\\Illuminate\\Pipeline\\Pipeline.php(167): App\\Http\\Middleware\\InitConfigsFromDatabase->handle(Object(Illuminate\\Http\\Request), Object(Closure))
#50 D:\\Web\\Laravel\\VarghaJob\\tyokoleilu\\tyokokeilu\\vendor\\fideloper\\proxy\\src\\TrustProxies.php(57): Illuminate\\Pipeline\\Pipeline->Illuminate\\Pipeline\\{closure}(Object(Illuminate\\Http\\Request))
#51 D:\\Web\\Laravel\\VarghaJob\\tyokoleilu\\tyokokeilu\\vendor\\laravel\\framework\\src\\Illuminate\\Pipeline\\Pipeline.php(167): Fideloper\\Proxy\\TrustProxies->handle(Object(Illuminate\\Http\\Request), Object(Closure))
#52 D:\\Web\\Laravel\\VarghaJob\\tyokoleilu\\tyokokeilu\\vendor\\laravel\\framework\\src\\Illuminate\\Foundation\\Http\\Middleware\\TransformsRequest.php(21): Illuminate\\Pipeline\\Pipeline->Illuminate\\Pipeline\\{closure}(Object(Illuminate\\Http\\Request))
#53 D:\\Web\\Laravel\\VarghaJob\\tyokoleilu\\tyokokeilu\\vendor\\laravel\\framework\\src\\Illuminate\\Pipeline\\Pipeline.php(167): Illuminate\\Foundation\\Http\\Middleware\\TransformsRequest->handle(Object(Illuminate\\Http\\Request), Object(Closure))
#54 D:\\Web\\Laravel\\VarghaJob\\tyokoleilu\\tyokokeilu\\vendor\\laravel\\framework\\src\\Illuminate\\Foundation\\Http\\Middleware\\TransformsRequest.php(21): Illuminate\\Pipeline\\Pipeline->Illuminate\\Pipeline\\{closure}(Object(Illuminate\\Http\\Request))
#55 D:\\Web\\Laravel\\VarghaJob\\tyokoleilu\\tyokokeilu\\vendor\\laravel\\framework\\src\\Illuminate\\Pipeline\\Pipeline.php(167): Illuminate\\Foundation\\Http\\Middleware\\TransformsRequest->handle(Object(Illuminate\\Http\\Request), Object(Closure))
#56 D:\\Web\\Laravel\\VarghaJob\\tyokoleilu\\tyokokeilu\\vendor\\laravel\\framework\\src\\Illuminate\\Foundation\\Http\\Middleware\\ValidatePostSize.php(27): Illuminate\\Pipeline\\Pipeline->Illuminate\\Pipeline\\{closure}(Object(Illuminate\\Http\\Request))
#57 D:\\Web\\Laravel\\VarghaJob\\tyokoleilu\\tyokokeilu\\vendor\\laravel\\framework\\src\\Illuminate\\Pipeline\\Pipeline.php(167): Illuminate\\Foundation\\Http\\Middleware\\ValidatePostSize->handle(Object(Illuminate\\Http\\Request), Object(Closure))
#58 D:\\Web\\Laravel\\VarghaJob\\tyokoleilu\\tyokokeilu\\vendor\\laravel\\framework\\src\\Illuminate\\Foundation\\Http\\Middleware\\CheckForMaintenanceMode.php(63): Illuminate\\Pipeline\\Pipeline->Illuminate\\Pipeline\\{closure}(Object(Illuminate\\Http\\Request))
#59 D:\\Web\\Laravel\\VarghaJob\\tyokoleilu\\tyokokeilu\\vendor\\laravel\\framework\\src\\Illuminate\\Pipeline\\Pipeline.php(167): Illuminate\\Foundation\\Http\\Middleware\\CheckForMaintenanceMode->handle(Object(Illuminate\\Http\\Request), Object(Closure))
#60 D:\\Web\\Laravel\\VarghaJob\\tyokoleilu\\tyokokeilu\\app\\Http\\Middleware\\RedirectToInstaller.php(63): Illuminate\\Pipeline\\Pipeline->Illuminate\\Pipeline\\{closure}(Object(Illuminate\\Http\\Request))
#61 D:\\Web\\Laravel\\VarghaJob\\tyokoleilu\\tyokokeilu\\vendor\\laravel\\framework\\src\\Illuminate\\Pipeline\\Pipeline.php(167): App\\Http\\Middleware\\RedirectToInstaller->handle(Object(Illuminate\\Http\\Request), Object(Closure))
#62 D:\\Web\\Laravel\\VarghaJob\\tyokoleilu\\tyokokeilu\\vendor\\laravel\\framework\\src\\Illuminate\\Pipeline\\Pipeline.php(103): Illuminate\\Pipeline\\Pipeline->Illuminate\\Pipeline\\{closure}(Object(Illuminate\\Http\\Request))
#63 D:\\Web\\Laravel\\VarghaJob\\tyokoleilu\\tyokokeilu\\vendor\\laravel\\framework\\src\\Illuminate\\Foundation\\Http\\Kernel.php(140): Illuminate\\Pipeline\\Pipeline->then(Object(Closure))
#64 D:\\Web\\Laravel\\VarghaJob\\tyokoleilu\\tyokokeilu\\vendor\\laravel\\framework\\src\\Illuminate\\Foundation\\Http\\Kernel.php(109): Illuminate\\Foundation\\Http\\Kernel->sendRequestThroughRouter(Object(Illuminate\\Http\\Request))
#65 D:\\Web\\Laravel\\VarghaJob\\tyokoleilu\\tyokokeilu\\public\\index.php(129): Illuminate\\Foundation\\Http\\Kernel->handle(Object(Illuminate\\Http\\Request))
#66 {main}
"} 
[2021-01-28 22:24:04] dfsd.ERROR: Class 'Modules\News\Models\News' not found {"userId":1,"exception":"[object] (Error(code: 0): Class 'Modules\\News\\Models\\News' not found at D:\\Web\\Laravel\\VarghaJob\\tyokoleilu\\tyokokeilu\\modules\\Core\\Admin\\MenuController.php:299)
[stacktrace]
#0 [internal function]: Modules\\Core\\Admin\\MenuController->getTypes()
#1 D:\\Web\\Laravel\\VarghaJob\\tyokoleilu\\tyokokeilu\\vendor\\laravel\\framework\\src\\Illuminate\\Routing\\Controller.php(54): call_user_func_array(Array, Array)
#2 D:\\Web\\Laravel\\VarghaJob\\tyokoleilu\\tyokokeilu\\vendor\\laravel\\framework\\src\\Illuminate\\Routing\\ControllerDispatcher.php(45): Illuminate\\Routing\\Controller->callAction('getTypes', Array)
#3 D:\\Web\\Laravel\\VarghaJob\\tyokoleilu\\tyokokeilu\\vendor\\laravel\\framework\\src\\Illuminate\\Routing\\Route.php(239): Illuminate\\Routing\\ControllerDispatcher->dispatch(Object(Illuminate\\Routing\\Route), Object(Modules\\Core\\Admin\\MenuController), 'getTypes')
#4 D:\\Web\\Laravel\\VarghaJob\\tyokoleilu\\tyokokeilu\\vendor\\laravel\\framework\\src\\Illuminate\\Routing\\Route.php(196): Illuminate\\Routing\\Route->runController()
#5 D:\\Web\\Laravel\\VarghaJob\\tyokoleilu\\tyokokeilu\\vendor\\laravel\\framework\\src\\Illuminate\\Routing\\Router.php(685): Illuminate\\Routing\\Route->run()
#6 D:\\Web\\Laravel\\VarghaJob\\tyokoleilu\\tyokokeilu\\vendor\\laravel\\framework\\src\\Illuminate\\Pipeline\\Pipeline.php(128): Illuminate\\Routing\\Router->Illuminate\\Routing\\{closure}(Object(Illuminate\\Http\\Request))
#7 D:\\Web\\Laravel\\VarghaJob\\tyokoleilu\\tyokokeilu\\app\\Http\\Middleware\\Dashboard.php(43): Illuminate\\Pipeline\\Pipeline->Illuminate\\Pipeline\\{closure}(Object(Illuminate\\Http\\Request))
#8 D:\\Web\\Laravel\\VarghaJob\\tyokoleilu\\tyokokeilu\\vendor\\laravel\\framework\\src\\Illuminate\\Pipeline\\Pipeline.php(167): App\\Http\\Middleware\\Dashboard->handle(Object(Illuminate\\Http\\Request), Object(Closure))
#9 D:\\Web\\Laravel\\VarghaJob\\tyokoleilu\\tyokokeilu\\app\\Http\\Middleware\\SetCurrentCurrency.php(95): Illuminate\\Pipeline\\Pipeline->Illuminate\\Pipeline\\{closure}(Object(Illuminate\\Http\\Request))
#10 D:\\Web\\Laravel\\VarghaJob\\tyokoleilu\\tyokokeilu\\vendor\\laravel\\framework\\src\\Illuminate\\Pipeline\\Pipeline.php(167): App\\Http\\Middleware\\SetCurrentCurrency->handle(Object(Illuminate\\Http\\Request), Object(Closure))
#11 D:\\Web\\Laravel\\VarghaJob\\tyokoleilu\\tyokokeilu\\app\\Http\\Middleware\\HideDebugbar.php(49): Illuminate\\Pipeline\\Pipeline->Illuminate\\Pipeline\\{closure}(Object(Illuminate\\Http\\Request))
#12 D:\\Web\\Laravel\\VarghaJob\\tyokoleilu\\tyokokeilu\\vendor\\laravel\\framework\\src\\Illuminate\\Pipeline\\Pipeline.php(167): App\\Http\\Middleware\\HideDebugbar->handle(Object(Illuminate\\Http\\Request), Object(Closure))
#13 D:\\Web\\Laravel\\VarghaJob\\tyokoleilu\\tyokokeilu\\vendor\\laravel\\framework\\src\\Illuminate\\Routing\\Middleware\\SubstituteBindings.php(41): Illuminate\\Pipeline\\Pipeline->Illuminate\\Pipeline\\{closure}(Object(Illuminate\\Http\\Request))
#14 D:\\Web\\Laravel\\VarghaJob\\tyokoleilu\\tyokokeilu\\vendor\\laravel\\framework\\src\\Illuminate\\Pipeline\\Pipeline.php(167): Illuminate\\Routing\\Middleware\\SubstituteBindings->handle(Object(Illuminate\\Http\\Request), Object(Closure))
#15 D:\\Web\\Laravel\\VarghaJob\\tyokoleilu\\tyokokeilu\\app\\Http\\Middleware\\Authenticate.php(87): Illuminate\\Pipeline\\Pipeline->Illuminate\\Pipeline\\{closure}(Object(Illuminate\\Http\\Request))
#16 D:\\Web\\Laravel\\VarghaJob\\tyokoleilu\\tyokokeilu\\vendor\\laravel\\framework\\src\\Illuminate\\Pipeline\\Pipeline.php(167): App\\Http\\Middleware\\Authenticate->handle(Object(Illuminate\\Http\\Request), Object(Closure))
#17 D:\\Web\\Laravel\\VarghaJob\\tyokoleilu\\tyokokeilu\\vendor\\laravel\\framework\\src\\Illuminate\\Foundation\\Http\\Middleware\\VerifyCsrfToken.php(77): Illuminate\\Pipeline\\Pipeline->Illuminate\\Pipeline\\{closure}(Object(Illuminate\\Http\\Request))
#18 D:\\Web\\Laravel\\VarghaJob\\tyokoleilu\\tyokokeilu\\vendor\\laravel\\framework\\src\\Illuminate\\Pipeline\\Pipeline.php(167): Illuminate\\Foundation\\Http\\Middleware\\VerifyCsrfToken->handle(Object(Illuminate\\Http\\Request), Object(Closure))
#19 D:\\Web\\Laravel\\VarghaJob\\tyokoleilu\\tyokokeilu\\vendor\\laravel\\framework\\src\\Illuminate\\View\\Middleware\\ShareErrorsFromSession.php(49): Illuminate\\Pipeline\\Pipeline->Illuminate\\Pipeline\\{closure}(Object(Illuminate\\Http\\Request))
#20 D:\\Web\\Laravel\\VarghaJob\\tyokoleilu\\tyokokeilu\\vendor\\laravel\\framework\\src\\Illuminate\\Pipeline\\Pipeline.php(167): Illuminate\\View\\Middleware\\ShareErrorsFromSession->handle(Object(Illuminate\\Http\\Request), Object(Closure))
#21 D:\\Web\\Laravel\\VarghaJob\\tyokoleilu\\tyokokeilu\\vendor\\laravel\\framework\\src\\Illuminate\\Session\\Middleware\\StartSession.php(116): Illuminate\\Pipeline\\Pipeline->Illuminate\\Pipeline\\{closure}(Object(Illuminate\\Http\\Request))
#22 D:\\Web\\Laravel\\VarghaJob\\tyokoleilu\\tyokokeilu\\vendor\\laravel\\framework\\src\\Illuminate\\Session\\Middleware\\StartSession.php(62): Illuminate\\Session\\Middleware\\StartSession->handleStatefulRequest(Object(Illuminate\\Http\\Request), Object(Illuminate\\Session\\Store), Object(Closure))
#23 D:\\Web\\Laravel\\VarghaJob\\tyokoleilu\\tyokokeilu\\vendor\\laravel\\framework\\src\\Illuminate\\Pipeline\\Pipeline.php(167): Illuminate\\Session\\Middleware\\StartSession->handle(Object(Illuminate\\Http\\Request), Object(Closure))
#24 D:\\Web\\Laravel\\VarghaJob\\tyokoleilu\\tyokokeilu\\vendor\\laravel\\framework\\src\\Illuminate\\Cookie\\Middleware\\AddQueuedCookiesToResponse.php(37): Illuminate\\Pipeline\\Pipeline->Illuminate\\Pipeline\\{closure}(Object(Illuminate\\Http\\Request))
#25 D:\\Web\\Laravel\\VarghaJob\\tyokoleilu\\tyokokeilu\\vendor\\laravel\\framework\\src\\Illuminate\\Pipeline\\Pipeline.php(167): Illuminate\\Cookie\\Middleware\\AddQueuedCookiesToResponse->handle(Object(Illuminate\\Http\\Request), Object(Closure))
#26 D:\\Web\\Laravel\\VarghaJob\\tyokoleilu\\tyokokeilu\\vendor\\laravel\\framework\\src\\Illuminate\\Cookie\\Middleware\\EncryptCookies.php(67): Illuminate\\Pipeline\\Pipeline->Illuminate\\Pipeline\\{closure}(Object(Illuminate\\Http\\Request))
#27 D:\\Web\\Laravel\\VarghaJob\\tyokoleilu\\tyokokeilu\\vendor\\laravel\\framework\\src\\Illuminate\\Pipeline\\Pipeline.php(167): Illuminate\\Cookie\\Middleware\\EncryptCookies->handle(Object(Illuminate\\Http\\Request), Object(Closure))
#28 D:\\Web\\Laravel\\VarghaJob\\tyokoleilu\\tyokokeilu\\vendor\\laravel\\framework\\src\\Illuminate\\Pipeline\\Pipeline.php(103): Illuminate\\Pipeline\\Pipeline->Illuminate\\Pipeline\\{closure}(Object(Illuminate\\Http\\Request))
#29 D:\\Web\\Laravel\\VarghaJob\\tyokoleilu\\tyokokeilu\\vendor\\laravel\\framework\\src\\Illuminate\\Routing\\Router.php(687): Illuminate\\Pipeline\\Pipeline->then(Object(Closure))
#30 D:\\Web\\Laravel\\VarghaJob\\tyokoleilu\\tyokokeilu\\vendor\\laravel\\framework\\src\\Illuminate\\Routing\\Router.php(662): Illuminate\\Routing\\Router->runRouteWithinStack(Object(Illuminate\\Routing\\Route), Object(Illuminate\\Http\\Request))
#31 D:\\Web\\Laravel\\VarghaJob\\tyokoleilu\\tyokokeilu\\vendor\\laravel\\framework\\src\\Illuminate\\Routing\\Router.php(628): Illuminate\\Routing\\Router->runRoute(Object(Illuminate\\Http\\Request), Object(Illuminate\\Routing\\Route))
#32 D:\\Web\\Laravel\\VarghaJob\\tyokoleilu\\tyokokeilu\\vendor\\laravel\\framework\\src\\Illuminate\\Routing\\Router.php(617): Illuminate\\Routing\\Router->dispatchToRoute(Object(Illuminate\\Http\\Request))
#33 D:\\Web\\Laravel\\VarghaJob\\tyokoleilu\\tyokokeilu\\vendor\\laravel\\framework\\src\\Illuminate\\Foundation\\Http\\Kernel.php(165): Illuminate\\Routing\\Router->dispatch(Object(Illuminate\\Http\\Request))
#34 D:\\Web\\Laravel\\VarghaJob\\tyokoleilu\\tyokokeilu\\vendor\\laravel\\framework\\src\\Illuminate\\Pipeline\\Pipeline.php(128): Illuminate\\Foundation\\Http\\Kernel->Illuminate\\Foundation\\Http\\{closure}(Object(Illuminate\\Http\\Request))
#35 D:\\Web\\Laravel\\VarghaJob\\tyokoleilu\\tyokokeilu\\vendor\\barryvdh\\laravel-debugbar\\src\\Middleware\\InjectDebugbar.php(67): Illuminate\\Pipeline\\Pipeline->Illuminate\\Pipeline\\{closure}(Object(Illuminate\\Http\\Request))
#36 D:\\Web\\Laravel\\VarghaJob\\tyokoleilu\\tyokokeilu\\vendor\\laravel\\framework\\src\\Illuminate\\Pipeline\\Pipeline.php(167): Barryvdh\\Debugbar\\Middleware\\InjectDebugbar->handle(Object(Illuminate\\Http\\Request), Object(Closure))
#37 D:\\Web\\Laravel\\VarghaJob\\tyokoleilu\\tyokokeilu\\app\\Http\\Middleware\\RedirectForMultiLanguage.php(113): Illuminate\\Pipeline\\Pipeline->Illuminate\\Pipeline\\{closure}(Object(Illuminate\\Http\\Request))
#38 D:\\Web\\Laravel\\VarghaJob\\tyokoleilu\\tyokokeilu\\vendor\\laravel\\framework\\src\\Illuminate\\Pipeline\\Pipeline.php(167): App\\Http\\Middleware\\RedirectForMultiLanguage->handle(Object(Illuminate\\Http\\Request), Object(Closure))
#39 D:\\Web\\Laravel\\VarghaJob\\tyokoleilu\\tyokokeilu\\app\\Http\\Middleware\\InitConfigsFromDatabase.php(189): Illuminate\\Pipeline\\Pipeline->Illuminate\\Pipeline\\{closure}(Object(Illuminate\\Http\\Request))
#40 D:\\Web\\Laravel\\VarghaJob\\tyokoleilu\\tyokokeilu\\vendor\\laravel\\framework\\src\\Illuminate\\Pipeline\\Pipeline.php(167): App\\Http\\Middleware\\InitConfigsFromDatabase->handle(Object(Illuminate\\Http\\Request), Object(Closure))
#41 D:\\Web\\Laravel\\VarghaJob\\tyokoleilu\\tyokokeilu\\vendor\\fideloper\\proxy\\src\\TrustProxies.php(57): Illuminate\\Pipeline\\Pipeline->Illuminate\\Pipeline\\{closure}(Object(Illuminate\\Http\\Request))
#42 D:\\Web\\Laravel\\VarghaJob\\tyokoleilu\\tyokokeilu\\vendor\\laravel\\framework\\src\\Illuminate\\Pipeline\\Pipeline.php(167): Fideloper\\Proxy\\TrustProxies->handle(Object(Illuminate\\Http\\Request), Object(Closure))
#43 D:\\Web\\Laravel\\VarghaJob\\tyokoleilu\\tyokokeilu\\vendor\\laravel\\framework\\src\\Illuminate\\Foundation\\Http\\Middleware\\TransformsRequest.php(21): Illuminate\\Pipeline\\Pipeline->Illuminate\\Pipeline\\{closure}(Object(Illuminate\\Http\\Request))
#44 D:\\Web\\Laravel\\VarghaJob\\tyokoleilu\\tyokokeilu\\vendor\\laravel\\framework\\src\\Illuminate\\Pipeline\\Pipeline.php(167): Illuminate\\Foundation\\Http\\Middleware\\TransformsRequest->handle(Object(Illuminate\\Http\\Request), Object(Closure))
#45 D:\\Web\\Laravel\\VarghaJob\\tyokoleilu\\tyokokeilu\\vendor\\laravel\\framework\\src\\Illuminate\\Foundation\\Http\\Middleware\\TransformsRequest.php(21): Illuminate\\Pipeline\\Pipeline->Illuminate\\Pipeline\\{closure}(Object(Illuminate\\Http\\Request))
#46 D:\\Web\\Laravel\\VarghaJob\\tyokoleilu\\tyokokeilu\\vendor\\laravel\\framework\\src\\Illuminate\\Pipeline\\Pipeline.php(167): Illuminate\\Foundation\\Http\\Middleware\\TransformsRequest->handle(Object(Illuminate\\Http\\Request), Object(Closure))
#47 D:\\Web\\Laravel\\VarghaJob\\tyokoleilu\\tyokokeilu\\vendor\\laravel\\framework\\src\\Illuminate\\Foundation\\Http\\Middleware\\ValidatePostSize.php(27): Illuminate\\Pipeline\\Pipeline->Illuminate\\Pipeline\\{closure}(Object(Illuminate\\Http\\Request))
#48 D:\\Web\\Laravel\\VarghaJob\\tyokoleilu\\tyokokeilu\\vendor\\laravel\\framework\\src\\Illuminate\\Pipeline\\Pipeline.php(167): Illuminate\\Foundation\\Http\\Middleware\\ValidatePostSize->handle(Object(Illuminate\\Http\\Request), Object(Closure))
#49 D:\\Web\\Laravel\\VarghaJob\\tyokoleilu\\tyokokeilu\\vendor\\laravel\\framework\\src\\Illuminate\\Foundation\\Http\\Middleware\\CheckForMaintenanceMode.php(63): Illuminate\\Pipeline\\Pipeline->Illuminate\\Pipeline\\{closure}(Object(Illuminate\\Http\\Request))
#50 D:\\Web\\Laravel\\VarghaJob\\tyokoleilu\\tyokokeilu\\vendor\\laravel\\framework\\src\\Illuminate\\Pipeline\\Pipeline.php(167): Illuminate\\Foundation\\Http\\Middleware\\CheckForMaintenanceMode->handle(Object(Illuminate\\Http\\Request), Object(Closure))
#51 D:\\Web\\Laravel\\VarghaJob\\tyokoleilu\\tyokokeilu\\app\\Http\\Middleware\\RedirectToInstaller.php(63): Illuminate\\Pipeline\\Pipeline->Illuminate\\Pipeline\\{closure}(Object(Illuminate\\Http\\Request))
#52 D:\\Web\\Laravel\\VarghaJob\\tyokoleilu\\tyokokeilu\\vendor\\laravel\\framework\\src\\Illuminate\\Pipeline\\Pipeline.php(167): App\\Http\\Middleware\\RedirectToInstaller->handle(Object(Illuminate\\Http\\Request), Object(Closure))
#53 D:\\Web\\Laravel\\VarghaJob\\tyokoleilu\\tyokokeilu\\vendor\\laravel\\framework\\src\\Illuminate\\Pipeline\\Pipeline.php(103): Illuminate\\Pipeline\\Pipeline->Illuminate\\Pipeline\\{closure}(Object(Illuminate\\Http\\Request))
#54 D:\\Web\\Laravel\\VarghaJob\\tyokoleilu\\tyokokeilu\\vendor\\laravel\\framework\\src\\Illuminate\\Foundation\\Http\\Kernel.php(140): Illuminate\\Pipeline\\Pipeline->then(Object(Closure))
#55 D:\\Web\\Laravel\\VarghaJob\\tyokoleilu\\tyokokeilu\\vendor\\laravel\\framework\\src\\Illuminate\\Foundation\\Http\\Kernel.php(109): Illuminate\\Foundation\\Http\\Kernel->sendRequestThroughRouter(Object(Illuminate\\Http\\Request))
#56 D:\\Web\\Laravel\\VarghaJob\\tyokoleilu\\tyokokeilu\\public\\index.php(129): Illuminate\\Foundation\\Http\\Kernel->handle(Object(Illuminate\\Http\\Request))
#57 {main}
"} 
