[2021-01-27 10:04:22] dfsd.ERROR: Trying to get property 'publish' of non-object (View: D:\Web\Laravel\VarghaJob\tyokoleilu\tyokokeilu\modules\Job\Views\frontend\layouts\user\profile-card.blade.php) (View: D:\Web\Laravel\VarghaJob\tyokoleilu\tyokokeilu\modules\Job\Views\frontend\layouts\user\profile-card.blade.php) {"userId":1,"exception":"[object] (ErrorException(code: 0): Trying to get property 'publish' of non-object (View: D:\\Web\\Laravel\\VarghaJob\\tyokoleilu\\tyokokeilu\\modules\\Job\\Views\\frontend\\layouts\\user\\profile-card.blade.php) (View: D:\\Web\\Laravel\\VarghaJob\\tyokoleilu\\tyokokeilu\\modules\\Job\\Views\\frontend\\layouts\\user\\profile-card.blade.php) at D:\\Web\\Laravel\\VarghaJob\\tyokoleilu\\tyokokeilu\\storage\\framework\\views\\eca8add30ba0db6b7977690b8187f28663dd5d93.php:16)
[stacktrace]
#0 D:\\Web\\Laravel\\VarghaJob\\tyokoleilu\\tyokokeilu\\vendor\\laravel\\framework\\src\\Illuminate\\View\\Engines\\PhpEngine.php(43): Illuminate\\View\\Engines\\CompilerEngine->handleViewException(Object(ErrorException), 1)
#1 D:\\Web\\Laravel\\VarghaJob\\tyokoleilu\\tyokokeilu\\vendor\\laravel\\framework\\src\\Illuminate\\View\\Engines\\CompilerEngine.php(57): Illuminate\\View\\Engines\\PhpEngine->evaluatePath('D:\\\\Web\\\\Laravel\\\\...', Array)
#2 D:\\Web\\Laravel\\VarghaJob\\tyokoleilu\\tyokokeilu\\vendor\\laravel\\framework\\src\\Illuminate\\View\\View.php(139): Illuminate\\View\\Engines\\CompilerEngine->get('D:\\\\Web\\\\Laravel\\\\...', Array)
#3 D:\\Web\\Laravel\\VarghaJob\\tyokoleilu\\tyokokeilu\\vendor\\laravel\\framework\\src\\Illuminate\\View\\View.php(122): Illuminate\\View\\View->getContents()
#4 D:\\Web\\Laravel\\VarghaJob\\tyokoleilu\\tyokokeilu\\vendor\\laravel\\framework\\src\\Illuminate\\View\\View.php(91): Illuminate\\View\\View->renderContents()
#5 D:\\Web\\Laravel\\VarghaJob\\tyokoleilu\\tyokokeilu\\vendor\\laravel\\framework\\src\\Illuminate\\Http\\Response.php(62): Illuminate\\View\\View->render()
#6 D:\\Web\\Laravel\\VarghaJob\\tyokoleilu\\tyokokeilu\\vendor\\laravel\\framework\\src\\Illuminate\\Http\\Response.php(34): Illuminate\\Http\\Response->setContent(Object(Illuminate\\View\\View))
#7 D:\\Web\\Laravel\\VarghaJob\\tyokoleilu\\tyokokeilu\\vendor\\laravel\\framework\\src\\Illuminate\\Routing\\Router.php(759): Illuminate\\Http\\Response->__construct(Object(Illuminate\\View\\View), 200, Array)
#8 D:\\Web\\Laravel\\VarghaJob\\tyokoleilu\\tyokokeilu\\vendor\\laravel\\framework\\src\\Illuminate\\Routing\\Router.php(731): Illuminate\\Routing\\Router::toResponse(Object(Illuminate\\Http\\Request), Object(Illuminate\\View\\View))
#9 D:\\Web\\Laravel\\VarghaJob\\tyokoleilu\\tyokokeilu\\vendor\\laravel\\framework\\src\\Illuminate\\Routing\\Router.php(685): Illuminate\\Routing\\Router->prepareResponse(Object(Illuminate\\Http\\Request), Object(Illuminate\\View\\View))
#10 D:\\Web\\Laravel\\VarghaJob\\tyokoleilu\\tyokokeilu\\vendor\\laravel\\framework\\src\\Illuminate\\Pipeline\\Pipeline.php(128): Illuminate\\Routing\\Router->Illuminate\\Routing\\{closure}(Object(Illuminate\\Http\\Request))
#11 D:\\Web\\Laravel\\VarghaJob\\tyokoleilu\\tyokokeilu\\app\\Http\\Middleware\\EnsureEmailIsVerified.php(61): Illuminate\\Pipeline\\Pipeline->Illuminate\\Pipeline\\{closure}(Object(Illuminate\\Http\\Request))
#12 D:\\Web\\Laravel\\VarghaJob\\tyokoleilu\\tyokokeilu\\vendor\\laravel\\framework\\src\\Illuminate\\Pipeline\\Pipeline.php(167): App\\Http\\Middleware\\EnsureEmailIsVerified->handle(Object(Illuminate\\Http\\Request), Object(Closure))
#13 D:\\Web\\Laravel\\VarghaJob\\tyokoleilu\\tyokokeilu\\app\\Http\\Middleware\\SetCurrentCurrency.php(95): Illuminate\\Pipeline\\Pipeline->Illuminate\\Pipeline\\{closure}(Object(Illuminate\\Http\\Request))
#14 D:\\Web\\Laravel\\VarghaJob\\tyokoleilu\\tyokokeilu\\vendor\\laravel\\framework\\src\\Illuminate\\Pipeline\\Pipeline.php(167): App\\Http\\Middleware\\SetCurrentCurrency->handle(Object(Illuminate\\Http\\Request), Object(Closure))
#15 D:\\Web\\Laravel\\VarghaJob\\tyokoleilu\\tyokokeilu\\app\\Http\\Middleware\\HideDebugbar.php(49): Illuminate\\Pipeline\\Pipeline->Illuminate\\Pipeline\\{closure}(Object(Illuminate\\Http\\Request))
#16 D:\\Web\\Laravel\\VarghaJob\\tyokoleilu\\tyokokeilu\\vendor\\laravel\\framework\\src\\Illuminate\\Pipeline\\Pipeline.php(167): App\\Http\\Middleware\\HideDebugbar->handle(Object(Illuminate\\Http\\Request), Object(Closure))
#17 D:\\Web\\Laravel\\VarghaJob\\tyokoleilu\\tyokokeilu\\vendor\\laravel\\framework\\src\\Illuminate\\Routing\\Middleware\\SubstituteBindings.php(41): Illuminate\\Pipeline\\Pipeline->Illuminate\\Pipeline\\{closure}(Object(Illuminate\\Http\\Request))
#18 D:\\Web\\Laravel\\VarghaJob\\tyokoleilu\\tyokokeilu\\vendor\\laravel\\framework\\src\\Illuminate\\Pipeline\\Pipeline.php(167): Illuminate\\Routing\\Middleware\\SubstituteBindings->handle(Object(Illuminate\\Http\\Request), Object(Closure))
#19 D:\\Web\\Laravel\\VarghaJob\\tyokoleilu\\tyokokeilu\\app\\Http\\Middleware\\Authenticate.php(87): Illuminate\\Pipeline\\Pipeline->Illuminate\\Pipeline\\{closure}(Object(Illuminate\\Http\\Request))
#20 D:\\Web\\Laravel\\VarghaJob\\tyokoleilu\\tyokokeilu\\vendor\\laravel\\framework\\src\\Illuminate\\Pipeline\\Pipeline.php(167): App\\Http\\Middleware\\Authenticate->handle(Object(Illuminate\\Http\\Request), Object(Closure))
#21 D:\\Web\\Laravel\\VarghaJob\\tyokoleilu\\tyokokeilu\\vendor\\laravel\\framework\\src\\Illuminate\\Foundation\\Http\\Middleware\\VerifyCsrfToken.php(77): Illuminate\\Pipeline\\Pipeline->Illuminate\\Pipeline\\{closure}(Object(Illuminate\\Http\\Request))
#22 D:\\Web\\Laravel\\VarghaJob\\tyokoleilu\\tyokokeilu\\vendor\\laravel\\framework\\src\\Illuminate\\Pipeline\\Pipeline.php(167): Illuminate\\Foundation\\Http\\Middleware\\VerifyCsrfToken->handle(Object(Illuminate\\Http\\Request), Object(Closure))
#23 D:\\Web\\Laravel\\VarghaJob\\tyokoleilu\\tyokokeilu\\vendor\\laravel\\framework\\src\\Illuminate\\View\\Middleware\\ShareErrorsFromSession.php(49): Illuminate\\Pipeline\\Pipeline->Illuminate\\Pipeline\\{closure}(Object(Illuminate\\Http\\Request))
#24 D:\\Web\\Laravel\\VarghaJob\\tyokoleilu\\tyokokeilu\\vendor\\laravel\\framework\\src\\Illuminate\\Pipeline\\Pipeline.php(167): Illuminate\\View\\Middleware\\ShareErrorsFromSession->handle(Object(Illuminate\\Http\\Request), Object(Closure))
#25 D:\\Web\\Laravel\\VarghaJob\\tyokoleilu\\tyokokeilu\\vendor\\laravel\\framework\\src\\Illuminate\\Session\\Middleware\\StartSession.php(116): Illuminate\\Pipeline\\Pipeline->Illuminate\\Pipeline\\{closure}(Object(Illuminate\\Http\\Request))
#26 D:\\Web\\Laravel\\VarghaJob\\tyokoleilu\\tyokokeilu\\vendor\\laravel\\framework\\src\\Illuminate\\Session\\Middleware\\StartSession.php(62): Illuminate\\Session\\Middleware\\StartSession->handleStatefulRequest(Object(Illuminate\\Http\\Request), Object(Illuminate\\Session\\Store), Object(Closure))
#27 D:\\Web\\Laravel\\VarghaJob\\tyokoleilu\\tyokokeilu\\vendor\\laravel\\framework\\src\\Illuminate\\Pipeline\\Pipeline.php(167): Illuminate\\Session\\Middleware\\StartSession->handle(Object(Illuminate\\Http\\Request), Object(Closure))
#28 D:\\Web\\Laravel\\VarghaJob\\tyokoleilu\\tyokokeilu\\vendor\\laravel\\framework\\src\\Illuminate\\Cookie\\Middleware\\AddQueuedCookiesToResponse.php(37): Illuminate\\Pipeline\\Pipeline->Illuminate\\Pipeline\\{closure}(Object(Illuminate\\Http\\Request))
#29 D:\\Web\\Laravel\\VarghaJob\\tyokoleilu\\tyokokeilu\\vendor\\laravel\\framework\\src\\Illuminate\\Pipeline\\Pipeline.php(167): Illuminate\\Cookie\\Middleware\\AddQueuedCookiesToResponse->handle(Object(Illuminate\\Http\\Request), Object(Closure))
#30 D:\\Web\\Laravel\\VarghaJob\\tyokoleilu\\tyokokeilu\\vendor\\laravel\\framework\\src\\Illuminate\\Cookie\\Middleware\\EncryptCookies.php(67): Illuminate\\Pipeline\\Pipeline->Illuminate\\Pipeline\\{closure}(Object(Illuminate\\Http\\Request))
#31 D:\\Web\\Laravel\\VarghaJob\\tyokoleilu\\tyokokeilu\\vendor\\laravel\\framework\\src\\Illuminate\\Pipeline\\Pipeline.php(167): Illuminate\\Cookie\\Middleware\\EncryptCookies->handle(Object(Illuminate\\Http\\Request), Object(Closure))
#32 D:\\Web\\Laravel\\VarghaJob\\tyokoleilu\\tyokokeilu\\vendor\\laravel\\framework\\src\\Illuminate\\Pipeline\\Pipeline.php(103): Illuminate\\Pipeline\\Pipeline->Illuminate\\Pipeline\\{closure}(Object(Illuminate\\Http\\Request))
#33 D:\\Web\\Laravel\\VarghaJob\\tyokoleilu\\tyokokeilu\\vendor\\laravel\\framework\\src\\Illuminate\\Routing\\Router.php(687): Illuminate\\Pipeline\\Pipeline->then(Object(Closure))
#34 D:\\Web\\Laravel\\VarghaJob\\tyokoleilu\\tyokokeilu\\vendor\\laravel\\framework\\src\\Illuminate\\Routing\\Router.php(662): Illuminate\\Routing\\Router->runRouteWithinStack(Object(Illuminate\\Routing\\Route), Object(Illuminate\\Http\\Request))
#35 D:\\Web\\Laravel\\VarghaJob\\tyokoleilu\\tyokokeilu\\vendor\\laravel\\framework\\src\\Illuminate\\Routing\\Router.php(628): Illuminate\\Routing\\Router->runRoute(Object(Illuminate\\Http\\Request), Object(Illuminate\\Routing\\Route))
#36 D:\\Web\\Laravel\\VarghaJob\\tyokoleilu\\tyokokeilu\\vendor\\laravel\\framework\\src\\Illuminate\\Routing\\Router.php(617): Illuminate\\Routing\\Router->dispatchToRoute(Object(Illuminate\\Http\\Request))
#37 D:\\Web\\Laravel\\VarghaJob\\tyokoleilu\\tyokokeilu\\vendor\\laravel\\framework\\src\\Illuminate\\Foundation\\Http\\Kernel.php(165): Illuminate\\Routing\\Router->dispatch(Object(Illuminate\\Http\\Request))
#38 D:\\Web\\Laravel\\VarghaJob\\tyokoleilu\\tyokokeilu\\vendor\\laravel\\framework\\src\\Illuminate\\Pipeline\\Pipeline.php(128): Illuminate\\Foundation\\Http\\Kernel->Illuminate\\Foundation\\Http\\{closure}(Object(Illuminate\\Http\\Request))
#39 D:\\Web\\Laravel\\VarghaJob\\tyokoleilu\\tyokokeilu\\vendor\\barryvdh\\laravel-debugbar\\src\\Middleware\\InjectDebugbar.php(67): Illuminate\\Pipeline\\Pipeline->Illuminate\\Pipeline\\{closure}(Object(Illuminate\\Http\\Request))
#40 D:\\Web\\Laravel\\VarghaJob\\tyokoleilu\\tyokokeilu\\vendor\\laravel\\framework\\src\\Illuminate\\Pipeline\\Pipeline.php(167): Barryvdh\\Debugbar\\Middleware\\InjectDebugbar->handle(Object(Illuminate\\Http\\Request), Object(Closure))
#41 D:\\Web\\Laravel\\VarghaJob\\tyokoleilu\\tyokokeilu\\app\\Http\\Middleware\\RedirectForMultiLanguage.php(113): Illuminate\\Pipeline\\Pipeline->Illuminate\\Pipeline\\{closure}(Object(Illuminate\\Http\\Request))
#42 D:\\Web\\Laravel\\VarghaJob\\tyokoleilu\\tyokokeilu\\vendor\\laravel\\framework\\src\\Illuminate\\Pipeline\\Pipeline.php(167): App\\Http\\Middleware\\RedirectForMultiLanguage->handle(Object(Illuminate\\Http\\Request), Object(Closure))
#43 D:\\Web\\Laravel\\VarghaJob\\tyokoleilu\\tyokokeilu\\app\\Http\\Middleware\\InitConfigsFromDatabase.php(189): Illuminate\\Pipeline\\Pipeline->Illuminate\\Pipeline\\{closure}(Object(Illuminate\\Http\\Request))
#44 D:\\Web\\Laravel\\VarghaJob\\tyokoleilu\\tyokokeilu\\vendor\\laravel\\framework\\src\\Illuminate\\Pipeline\\Pipeline.php(167): App\\Http\\Middleware\\InitConfigsFromDatabase->handle(Object(Illuminate\\Http\\Request), Object(Closure))
#45 D:\\Web\\Laravel\\VarghaJob\\tyokoleilu\\tyokokeilu\\vendor\\fideloper\\proxy\\src\\TrustProxies.php(57): Illuminate\\Pipeline\\Pipeline->Illuminate\\Pipeline\\{closure}(Object(Illuminate\\Http\\Request))
#46 D:\\Web\\Laravel\\VarghaJob\\tyokoleilu\\tyokokeilu\\vendor\\laravel\\framework\\src\\Illuminate\\Pipeline\\Pipeline.php(167): Fideloper\\Proxy\\TrustProxies->handle(Object(Illuminate\\Http\\Request), Object(Closure))
#47 D:\\Web\\Laravel\\VarghaJob\\tyokoleilu\\tyokokeilu\\vendor\\laravel\\framework\\src\\Illuminate\\Foundation\\Http\\Middleware\\TransformsRequest.php(21): Illuminate\\Pipeline\\Pipeline->Illuminate\\Pipeline\\{closure}(Object(Illuminate\\Http\\Request))
#48 D:\\Web\\Laravel\\VarghaJob\\tyokoleilu\\tyokokeilu\\vendor\\laravel\\framework\\src\\Illuminate\\Pipeline\\Pipeline.php(167): Illuminate\\Foundation\\Http\\Middleware\\TransformsRequest->handle(Object(Illuminate\\Http\\Request), Object(Closure))
#49 D:\\Web\\Laravel\\VarghaJob\\tyokoleilu\\tyokokeilu\\vendor\\laravel\\framework\\src\\Illuminate\\Foundation\\Http\\Middleware\\TransformsRequest.php(21): Illuminate\\Pipeline\\Pipeline->Illuminate\\Pipeline\\{closure}(Object(Illuminate\\Http\\Request))
#50 D:\\Web\\Laravel\\VarghaJob\\tyokoleilu\\tyokokeilu\\vendor\\laravel\\framework\\src\\Illuminate\\Pipeline\\Pipeline.php(167): Illuminate\\Foundation\\Http\\Middleware\\TransformsRequest->handle(Object(Illuminate\\Http\\Request), Object(Closure))
#51 D:\\Web\\Laravel\\VarghaJob\\tyokoleilu\\tyokokeilu\\vendor\\laravel\\framework\\src\\Illuminate\\Foundation\\Http\\Middleware\\ValidatePostSize.php(27): Illuminate\\Pipeline\\Pipeline->Illuminate\\Pipeline\\{closure}(Object(Illuminate\\Http\\Request))
#52 D:\\Web\\Laravel\\VarghaJob\\tyokoleilu\\tyokokeilu\\vendor\\laravel\\framework\\src\\Illuminate\\Pipeline\\Pipeline.php(167): Illuminate\\Foundation\\Http\\Middleware\\ValidatePostSize->handle(Object(Illuminate\\Http\\Request), Object(Closure))
#53 D:\\Web\\Laravel\\VarghaJob\\tyokoleilu\\tyokokeilu\\vendor\\laravel\\framework\\src\\Illuminate\\Foundation\\Http\\Middleware\\CheckForMaintenanceMode.php(63): Illuminate\\Pipeline\\Pipeline->Illuminate\\Pipeline\\{closure}(Object(Illuminate\\Http\\Request))
#54 D:\\Web\\Laravel\\VarghaJob\\tyokoleilu\\tyokokeilu\\vendor\\laravel\\framework\\src\\Illuminate\\Pipeline\\Pipeline.php(167): Illuminate\\Foundation\\Http\\Middleware\\CheckForMaintenanceMode->handle(Object(Illuminate\\Http\\Request), Object(Closure))
#55 D:\\Web\\Laravel\\VarghaJob\\tyokoleilu\\tyokokeilu\\app\\Http\\Middleware\\RedirectToInstaller.php(63): Illuminate\\Pipeline\\Pipeline->Illuminate\\Pipeline\\{closure}(Object(Illuminate\\Http\\Request))
#56 D:\\Web\\Laravel\\VarghaJob\\tyokoleilu\\tyokokeilu\\vendor\\laravel\\framework\\src\\Illuminate\\Pipeline\\Pipeline.php(167): App\\Http\\Middleware\\RedirectToInstaller->handle(Object(Illuminate\\Http\\Request), Object(Closure))
#57 D:\\Web\\Laravel\\VarghaJob\\tyokoleilu\\tyokokeilu\\vendor\\laravel\\framework\\src\\Illuminate\\Pipeline\\Pipeline.php(103): Illuminate\\Pipeline\\Pipeline->Illuminate\\Pipeline\\{closure}(Object(Illuminate\\Http\\Request))
#58 D:\\Web\\Laravel\\VarghaJob\\tyokoleilu\\tyokokeilu\\vendor\\laravel\\framework\\src\\Illuminate\\Foundation\\Http\\Kernel.php(140): Illuminate\\Pipeline\\Pipeline->then(Object(Closure))
#59 D:\\Web\\Laravel\\VarghaJob\\tyokoleilu\\tyokokeilu\\vendor\\laravel\\framework\\src\\Illuminate\\Foundation\\Http\\Kernel.php(109): Illuminate\\Foundation\\Http\\Kernel->sendRequestThroughRouter(Object(Illuminate\\Http\\Request))
#60 D:\\Web\\Laravel\\VarghaJob\\tyokoleilu\\tyokokeilu\\public\\index.php(129): Illuminate\\Foundation\\Http\\Kernel->handle(Object(Illuminate\\Http\\Request))
#61 {main}

[previous exception] [object] (ErrorException(code: 0): Trying to get property 'publish' of non-object (View: D:\\Web\\Laravel\\VarghaJob\\tyokoleilu\\tyokokeilu\\modules\\Job\\Views\\frontend\\layouts\\user\\profile-card.blade.php) at D:\\Web\\Laravel\\VarghaJob\\tyokoleilu\\tyokokeilu\\storage\\framework\\views\\eca8add30ba0db6b7977690b8187f28663dd5d93.php:16)
[stacktrace]
#0 D:\\Web\\Laravel\\VarghaJob\\tyokoleilu\\tyokokeilu\\vendor\\laravel\\framework\\src\\Illuminate\\View\\Engines\\PhpEngine.php(43): Illuminate\\View\\Engines\\CompilerEngine->handleViewException(Object(ErrorException), 3)
#1 D:\\Web\\Laravel\\VarghaJob\\tyokoleilu\\tyokokeilu\\vendor\\laravel\\framework\\src\\Illuminate\\View\\Engines\\CompilerEngine.php(57): Illuminate\\View\\Engines\\PhpEngine->evaluatePath('D:\\\\Web\\\\Laravel\\\\...', Array)
#2 D:\\Web\\Laravel\\VarghaJob\\tyokoleilu\\tyokokeilu\\vendor\\laravel\\framework\\src\\Illuminate\\View\\View.php(139): Illuminate\\View\\Engines\\CompilerEngine->get('D:\\\\Web\\\\Laravel\\\\...', Array)
#3 D:\\Web\\Laravel\\VarghaJob\\tyokoleilu\\tyokokeilu\\vendor\\laravel\\framework\\src\\Illuminate\\View\\View.php(122): Illuminate\\View\\View->getContents()
#4 D:\\Web\\Laravel\\VarghaJob\\tyokoleilu\\tyokokeilu\\vendor\\laravel\\framework\\src\\Illuminate\\View\\View.php(91): Illuminate\\View\\View->renderContents()
#5 D:\\Web\\Laravel\\VarghaJob\\tyokoleilu\\tyokokeilu\\storage\\framework\\views\\242997ef7afade0e28cf358e7c668d6d44fafc0b.php(10): Illuminate\\View\\View->render()
#6 D:\\Web\\Laravel\\VarghaJob\\tyokoleilu\\tyokokeilu\\vendor\\laravel\\framework\\src\\Illuminate\\View\\Engines\\PhpEngine.php(41): include('D:\\\\Web\\\\Laravel\\\\...')
#7 D:\\Web\\Laravel\\VarghaJob\\tyokoleilu\\tyokokeilu\\vendor\\laravel\\framework\\src\\Illuminate\\View\\Engines\\CompilerEngine.php(57): Illuminate\\View\\Engines\\PhpEngine->evaluatePath('D:\\\\Web\\\\Laravel\\\\...', Array)
#8 D:\\Web\\Laravel\\VarghaJob\\tyokoleilu\\tyokokeilu\\vendor\\laravel\\framework\\src\\Illuminate\\View\\View.php(139): Illuminate\\View\\Engines\\CompilerEngine->get('D:\\\\Web\\\\Laravel\\\\...', Array)
#9 D:\\Web\\Laravel\\VarghaJob\\tyokoleilu\\tyokokeilu\\vendor\\laravel\\framework\\src\\Illuminate\\View\\View.php(122): Illuminate\\View\\View->getContents()
#10 D:\\Web\\Laravel\\VarghaJob\\tyokoleilu\\tyokokeilu\\vendor\\laravel\\framework\\src\\Illuminate\\View\\View.php(91): Illuminate\\View\\View->renderContents()
#11 D:\\Web\\Laravel\\VarghaJob\\tyokoleilu\\tyokokeilu\\vendor\\laravel\\framework\\src\\Illuminate\\Http\\Response.php(62): Illuminate\\View\\View->render()
#12 D:\\Web\\Laravel\\VarghaJob\\tyokoleilu\\tyokokeilu\\vendor\\laravel\\framework\\src\\Illuminate\\Http\\Response.php(34): Illuminate\\Http\\Response->setContent(Object(Illuminate\\View\\View))
#13 D:\\Web\\Laravel\\VarghaJob\\tyokoleilu\\tyokokeilu\\vendor\\laravel\\framework\\src\\Illuminate\\Routing\\Router.php(759): Illuminate\\Http\\Response->__construct(Object(Illuminate\\View\\View), 200, Array)
#14 D:\\Web\\Laravel\\VarghaJob\\tyokoleilu\\tyokokeilu\\vendor\\laravel\\framework\\src\\Illuminate\\Routing\\Router.php(731): Illuminate\\Routing\\Router::toResponse(Object(Illuminate\\Http\\Request), Object(Illuminate\\View\\View))
#15 D:\\Web\\Laravel\\VarghaJob\\tyokoleilu\\tyokokeilu\\vendor\\laravel\\framework\\src\\Illuminate\\Routing\\Router.php(685): Illuminate\\Routing\\Router->prepareResponse(Object(Illuminate\\Http\\Request), Object(Illuminate\\View\\View))
#16 D:\\Web\\Laravel\\VarghaJob\\tyokoleilu\\tyokokeilu\\vendor\\laravel\\framework\\src\\Illuminate\\Pipeline\\Pipeline.php(128): Illuminate\\Routing\\Router->Illuminate\\Routing\\{closure}(Object(Illuminate\\Http\\Request))
#17 D:\\Web\\Laravel\\VarghaJob\\tyokoleilu\\tyokokeilu\\app\\Http\\Middleware\\EnsureEmailIsVerified.php(61): Illuminate\\Pipeline\\Pipeline->Illuminate\\Pipeline\\{closure}(Object(Illuminate\\Http\\Request))
#18 D:\\Web\\Laravel\\VarghaJob\\tyokoleilu\\tyokokeilu\\vendor\\laravel\\framework\\src\\Illuminate\\Pipeline\\Pipeline.php(167): App\\Http\\Middleware\\EnsureEmailIsVerified->handle(Object(Illuminate\\Http\\Request), Object(Closure))
#19 D:\\Web\\Laravel\\VarghaJob\\tyokoleilu\\tyokokeilu\\app\\Http\\Middleware\\SetCurrentCurrency.php(95): Illuminate\\Pipeline\\Pipeline->Illuminate\\Pipeline\\{closure}(Object(Illuminate\\Http\\Request))
#20 D:\\Web\\Laravel\\VarghaJob\\tyokoleilu\\tyokokeilu\\vendor\\laravel\\framework\\src\\Illuminate\\Pipeline\\Pipeline.php(167): App\\Http\\Middleware\\SetCurrentCurrency->handle(Object(Illuminate\\Http\\Request), Object(Closure))
#21 D:\\Web\\Laravel\\VarghaJob\\tyokoleilu\\tyokokeilu\\app\\Http\\Middleware\\HideDebugbar.php(49): Illuminate\\Pipeline\\Pipeline->Illuminate\\Pipeline\\{closure}(Object(Illuminate\\Http\\Request))
#22 D:\\Web\\Laravel\\VarghaJob\\tyokoleilu\\tyokokeilu\\vendor\\laravel\\framework\\src\\Illuminate\\Pipeline\\Pipeline.php(167): App\\Http\\Middleware\\HideDebugbar->handle(Object(Illuminate\\Http\\Request), Object(Closure))
#23 D:\\Web\\Laravel\\VarghaJob\\tyokoleilu\\tyokokeilu\\vendor\\laravel\\framework\\src\\Illuminate\\Routing\\Middleware\\SubstituteBindings.php(41): Illuminate\\Pipeline\\Pipeline->Illuminate\\Pipeline\\{closure}(Object(Illuminate\\Http\\Request))
#24 D:\\Web\\Laravel\\VarghaJob\\tyokoleilu\\tyokokeilu\\vendor\\laravel\\framework\\src\\Illuminate\\Pipeline\\Pipeline.php(167): Illuminate\\Routing\\Middleware\\SubstituteBindings->handle(Object(Illuminate\\Http\\Request), Object(Closure))
#25 D:\\Web\\Laravel\\VarghaJob\\tyokoleilu\\tyokokeilu\\app\\Http\\Middleware\\Authenticate.php(87): Illuminate\\Pipeline\\Pipeline->Illuminate\\Pipeline\\{closure}(Object(Illuminate\\Http\\Request))
#26 D:\\Web\\Laravel\\VarghaJob\\tyokoleilu\\tyokokeilu\\vendor\\laravel\\framework\\src\\Illuminate\\Pipeline\\Pipeline.php(167): App\\Http\\Middleware\\Authenticate->handle(Object(Illuminate\\Http\\Request), Object(Closure))
#27 D:\\Web\\Laravel\\VarghaJob\\tyokoleilu\\tyokokeilu\\vendor\\laravel\\framework\\src\\Illuminate\\Foundation\\Http\\Middleware\\VerifyCsrfToken.php(77): Illuminate\\Pipeline\\Pipeline->Illuminate\\Pipeline\\{closure}(Object(Illuminate\\Http\\Request))
#28 D:\\Web\\Laravel\\VarghaJob\\tyokoleilu\\tyokokeilu\\vendor\\laravel\\framework\\src\\Illuminate\\Pipeline\\Pipeline.php(167): Illuminate\\Foundation\\Http\\Middleware\\VerifyCsrfToken->handle(Object(Illuminate\\Http\\Request), Object(Closure))
#29 D:\\Web\\Laravel\\VarghaJob\\tyokoleilu\\tyokokeilu\\vendor\\laravel\\framework\\src\\Illuminate\\View\\Middleware\\ShareErrorsFromSession.php(49): Illuminate\\Pipeline\\Pipeline->Illuminate\\Pipeline\\{closure}(Object(Illuminate\\Http\\Request))
#30 D:\\Web\\Laravel\\VarghaJob\\tyokoleilu\\tyokokeilu\\vendor\\laravel\\framework\\src\\Illuminate\\Pipeline\\Pipeline.php(167): Illuminate\\View\\Middleware\\ShareErrorsFromSession->handle(Object(Illuminate\\Http\\Request), Object(Closure))
#31 D:\\Web\\Laravel\\VarghaJob\\tyokoleilu\\tyokokeilu\\vendor\\laravel\\framework\\src\\Illuminate\\Session\\Middleware\\StartSession.php(116): Illuminate\\Pipeline\\Pipeline->Illuminate\\Pipeline\\{closure}(Object(Illuminate\\Http\\Request))
#32 D:\\Web\\Laravel\\VarghaJob\\tyokoleilu\\tyokokeilu\\vendor\\laravel\\framework\\src\\Illuminate\\Session\\Middleware\\StartSession.php(62): Illuminate\\Session\\Middleware\\StartSession->handleStatefulRequest(Object(Illuminate\\Http\\Request), Object(Illuminate\\Session\\Store), Object(Closure))
#33 D:\\Web\\Laravel\\VarghaJob\\tyokoleilu\\tyokokeilu\\vendor\\laravel\\framework\\src\\Illuminate\\Pipeline\\Pipeline.php(167): Illuminate\\Session\\Middleware\\StartSession->handle(Object(Illuminate\\Http\\Request), Object(Closure))
#34 D:\\Web\\Laravel\\VarghaJob\\tyokoleilu\\tyokokeilu\\vendor\\laravel\\framework\\src\\Illuminate\\Cookie\\Middleware\\AddQueuedCookiesToResponse.php(37): Illuminate\\Pipeline\\Pipeline->Illuminate\\Pipeline\\{closure}(Object(Illuminate\\Http\\Request))
#35 D:\\Web\\Laravel\\VarghaJob\\tyokoleilu\\tyokokeilu\\vendor\\laravel\\framework\\src\\Illuminate\\Pipeline\\Pipeline.php(167): Illuminate\\Cookie\\Middleware\\AddQueuedCookiesToResponse->handle(Object(Illuminate\\Http\\Request), Object(Closure))
#36 D:\\Web\\Laravel\\VarghaJob\\tyokoleilu\\tyokokeilu\\vendor\\laravel\\framework\\src\\Illuminate\\Cookie\\Middleware\\EncryptCookies.php(67): Illuminate\\Pipeline\\Pipeline->Illuminate\\Pipeline\\{closure}(Object(Illuminate\\Http\\Request))
#37 D:\\Web\\Laravel\\VarghaJob\\tyokoleilu\\tyokokeilu\\vendor\\laravel\\framework\\src\\Illuminate\\Pipeline\\Pipeline.php(167): Illuminate\\Cookie\\Middleware\\EncryptCookies->handle(Object(Illuminate\\Http\\Request), Object(Closure))
#38 D:\\Web\\Laravel\\VarghaJob\\tyokoleilu\\tyokokeilu\\vendor\\laravel\\framework\\src\\Illuminate\\Pipeline\\Pipeline.php(103): Illuminate\\Pipeline\\Pipeline->Illuminate\\Pipeline\\{closure}(Object(Illuminate\\Http\\Request))
#39 D:\\Web\\Laravel\\VarghaJob\\tyokoleilu\\tyokokeilu\\vendor\\laravel\\framework\\src\\Illuminate\\Routing\\Router.php(687): Illuminate\\Pipeline\\Pipeline->then(Object(Closure))
#40 D:\\Web\\Laravel\\VarghaJob\\tyokoleilu\\tyokokeilu\\vendor\\laravel\\framework\\src\\Illuminate\\Routing\\Router.php(662): Illuminate\\Routing\\Router->runRouteWithinStack(Object(Illuminate\\Routing\\Route), Object(Illuminate\\Http\\Request))
#41 D:\\Web\\Laravel\\VarghaJob\\tyokoleilu\\tyokokeilu\\vendor\\laravel\\framework\\src\\Illuminate\\Routing\\Router.php(628): Illuminate\\Routing\\Router->runRoute(Object(Illuminate\\Http\\Request), Object(Illuminate\\Routing\\Route))
#42 D:\\Web\\Laravel\\VarghaJob\\tyokoleilu\\tyokokeilu\\vendor\\laravel\\framework\\src\\Illuminate\\Routing\\Router.php(617): Illuminate\\Routing\\Router->dispatchToRoute(Object(Illuminate\\Http\\Request))
#43 D:\\Web\\Laravel\\VarghaJob\\tyokoleilu\\tyokokeilu\\vendor\\laravel\\framework\\src\\Illuminate\\Foundation\\Http\\Kernel.php(165): Illuminate\\Routing\\Router->dispatch(Object(Illuminate\\Http\\Request))
#44 D:\\Web\\Laravel\\VarghaJob\\tyokoleilu\\tyokokeilu\\vendor\\laravel\\framework\\src\\Illuminate\\Pipeline\\Pipeline.php(128): Illuminate\\Foundation\\Http\\Kernel->Illuminate\\Foundation\\Http\\{closure}(Object(Illuminate\\Http\\Request))
#45 D:\\Web\\Laravel\\VarghaJob\\tyokoleilu\\tyokokeilu\\vendor\\barryvdh\\laravel-debugbar\\src\\Middleware\\InjectDebugbar.php(67): Illuminate\\Pipeline\\Pipeline->Illuminate\\Pipeline\\{closure}(Object(Illuminate\\Http\\Request))
#46 D:\\Web\\Laravel\\VarghaJob\\tyokoleilu\\tyokokeilu\\vendor\\laravel\\framework\\src\\Illuminate\\Pipeline\\Pipeline.php(167): Barryvdh\\Debugbar\\Middleware\\InjectDebugbar->handle(Object(Illuminate\\Http\\Request), Object(Closure))
#47 D:\\Web\\Laravel\\VarghaJob\\tyokoleilu\\tyokokeilu\\app\\Http\\Middleware\\RedirectForMultiLanguage.php(113): Illuminate\\Pipeline\\Pipeline->Illuminate\\Pipeline\\{closure}(Object(Illuminate\\Http\\Request))
#48 D:\\Web\\Laravel\\VarghaJob\\tyokoleilu\\tyokokeilu\\vendor\\laravel\\framework\\src\\Illuminate\\Pipeline\\Pipeline.php(167): App\\Http\\Middleware\\RedirectForMultiLanguage->handle(Object(Illuminate\\Http\\Request), Object(Closure))
#49 D:\\Web\\Laravel\\VarghaJob\\tyokoleilu\\tyokokeilu\\app\\Http\\Middleware\\InitConfigsFromDatabase.php(189): Illuminate\\Pipeline\\Pipeline->Illuminate\\Pipeline\\{closure}(Object(Illuminate\\Http\\Request))
#50 D:\\Web\\Laravel\\VarghaJob\\tyokoleilu\\tyokokeilu\\vendor\\laravel\\framework\\src\\Illuminate\\Pipeline\\Pipeline.php(167): App\\Http\\Middleware\\InitConfigsFromDatabase->handle(Object(Illuminate\\Http\\Request), Object(Closure))
#51 D:\\Web\\Laravel\\VarghaJob\\tyokoleilu\\tyokokeilu\\vendor\\fideloper\\proxy\\src\\TrustProxies.php(57): Illuminate\\Pipeline\\Pipeline->Illuminate\\Pipeline\\{closure}(Object(Illuminate\\Http\\Request))
#52 D:\\Web\\Laravel\\VarghaJob\\tyokoleilu\\tyokokeilu\\vendor\\laravel\\framework\\src\\Illuminate\\Pipeline\\Pipeline.php(167): Fideloper\\Proxy\\TrustProxies->handle(Object(Illuminate\\Http\\Request), Object(Closure))
#53 D:\\Web\\Laravel\\VarghaJob\\tyokoleilu\\tyokokeilu\\vendor\\laravel\\framework\\src\\Illuminate\\Foundation\\Http\\Middleware\\TransformsRequest.php(21): Illuminate\\Pipeline\\Pipeline->Illuminate\\Pipeline\\{closure}(Object(Illuminate\\Http\\Request))
#54 D:\\Web\\Laravel\\VarghaJob\\tyokoleilu\\tyokokeilu\\vendor\\laravel\\framework\\src\\Illuminate\\Pipeline\\Pipeline.php(167): Illuminate\\Foundation\\Http\\Middleware\\TransformsRequest->handle(Object(Illuminate\\Http\\Request), Object(Closure))
#55 D:\\Web\\Laravel\\VarghaJob\\tyokoleilu\\tyokokeilu\\vendor\\laravel\\framework\\src\\Illuminate\\Foundation\\Http\\Middleware\\TransformsRequest.php(21): Illuminate\\Pipeline\\Pipeline->Illuminate\\Pipeline\\{closure}(Object(Illuminate\\Http\\Request))
#56 D:\\Web\\Laravel\\VarghaJob\\tyokoleilu\\tyokokeilu\\vendor\\laravel\\framework\\src\\Illuminate\\Pipeline\\Pipeline.php(167): Illuminate\\Foundation\\Http\\Middleware\\TransformsRequest->handle(Object(Illuminate\\Http\\Request), Object(Closure))
#57 D:\\Web\\Laravel\\VarghaJob\\tyokoleilu\\tyokokeilu\\vendor\\laravel\\framework\\src\\Illuminate\\Foundation\\Http\\Middleware\\ValidatePostSize.php(27): Illuminate\\Pipeline\\Pipeline->Illuminate\\Pipeline\\{closure}(Object(Illuminate\\Http\\Request))
#58 D:\\Web\\Laravel\\VarghaJob\\tyokoleilu\\tyokokeilu\\vendor\\laravel\\framework\\src\\Illuminate\\Pipeline\\Pipeline.php(167): Illuminate\\Foundation\\Http\\Middleware\\ValidatePostSize->handle(Object(Illuminate\\Http\\Request), Object(Closure))
#59 D:\\Web\\Laravel\\VarghaJob\\tyokoleilu\\tyokokeilu\\vendor\\laravel\\framework\\src\\Illuminate\\Foundation\\Http\\Middleware\\CheckForMaintenanceMode.php(63): Illuminate\\Pipeline\\Pipeline->Illuminate\\Pipeline\\{closure}(Object(Illuminate\\Http\\Request))
#60 D:\\Web\\Laravel\\VarghaJob\\tyokoleilu\\tyokokeilu\\vendor\\laravel\\framework\\src\\Illuminate\\Pipeline\\Pipeline.php(167): Illuminate\\Foundation\\Http\\Middleware\\CheckForMaintenanceMode->handle(Object(Illuminate\\Http\\Request), Object(Closure))
#61 D:\\Web\\Laravel\\VarghaJob\\tyokoleilu\\tyokokeilu\\app\\Http\\Middleware\\RedirectToInstaller.php(63): Illuminate\\Pipeline\\Pipeline->Illuminate\\Pipeline\\{closure}(Object(Illuminate\\Http\\Request))
#62 D:\\Web\\Laravel\\VarghaJob\\tyokoleilu\\tyokokeilu\\vendor\\laravel\\framework\\src\\Illuminate\\Pipeline\\Pipeline.php(167): App\\Http\\Middleware\\RedirectToInstaller->handle(Object(Illuminate\\Http\\Request), Object(Closure))
#63 D:\\Web\\Laravel\\VarghaJob\\tyokoleilu\\tyokokeilu\\vendor\\laravel\\framework\\src\\Illuminate\\Pipeline\\Pipeline.php(103): Illuminate\\Pipeline\\Pipeline->Illuminate\\Pipeline\\{closure}(Object(Illuminate\\Http\\Request))
#64 D:\\Web\\Laravel\\VarghaJob\\tyokoleilu\\tyokokeilu\\vendor\\laravel\\framework\\src\\Illuminate\\Foundation\\Http\\Kernel.php(140): Illuminate\\Pipeline\\Pipeline->then(Object(Closure))
#65 D:\\Web\\Laravel\\VarghaJob\\tyokoleilu\\tyokokeilu\\vendor\\laravel\\framework\\src\\Illuminate\\Foundation\\Http\\Kernel.php(109): Illuminate\\Foundation\\Http\\Kernel->sendRequestThroughRouter(Object(Illuminate\\Http\\Request))
#66 D:\\Web\\Laravel\\VarghaJob\\tyokoleilu\\tyokokeilu\\public\\index.php(129): Illuminate\\Foundation\\Http\\Kernel->handle(Object(Illuminate\\Http\\Request))
#67 {main}

[previous exception] [object] (ErrorException(code: 0): Trying to get property 'publish' of non-object at D:\\Web\\Laravel\\VarghaJob\\tyokoleilu\\tyokokeilu\\storage\\framework\\views\\eca8add30ba0db6b7977690b8187f28663dd5d93.php:16)
[stacktrace]
#0 D:\\Web\\Laravel\\VarghaJob\\tyokoleilu\\tyokokeilu\\storage\\framework\\views\\eca8add30ba0db6b7977690b8187f28663dd5d93.php(16): Illuminate\\Foundation\\Bootstrap\\HandleExceptions->handleError(8, 'Trying to get p...', 'D:\\\\Web\\\\Laravel\\\\...', 16, Array)
#1 D:\\Web\\Laravel\\VarghaJob\\tyokoleilu\\tyokokeilu\\vendor\\laravel\\framework\\src\\Illuminate\\View\\Engines\\PhpEngine.php(41): include('D:\\\\Web\\\\Laravel\\\\...')
#2 D:\\Web\\Laravel\\VarghaJob\\tyokoleilu\\tyokokeilu\\vendor\\laravel\\framework\\src\\Illuminate\\View\\Engines\\CompilerEngine.php(57): Illuminate\\View\\Engines\\PhpEngine->evaluatePath('D:\\\\Web\\\\Laravel\\\\...', Array)
#3 D:\\Web\\Laravel\\VarghaJob\\tyokoleilu\\tyokokeilu\\vendor\\laravel\\framework\\src\\Illuminate\\View\\View.php(139): Illuminate\\View\\Engines\\CompilerEngine->get('D:\\\\Web\\\\Laravel\\\\...', Array)
#4 D:\\Web\\Laravel\\VarghaJob\\tyokoleilu\\tyokokeilu\\vendor\\laravel\\framework\\src\\Illuminate\\View\\View.php(122): Illuminate\\View\\View->getContents()
#5 D:\\Web\\Laravel\\VarghaJob\\tyokoleilu\\tyokokeilu\\vendor\\laravel\\framework\\src\\Illuminate\\View\\View.php(91): Illuminate\\View\\View->renderContents()
#6 D:\\Web\\Laravel\\VarghaJob\\tyokoleilu\\tyokokeilu\\storage\\framework\\views\\242997ef7afade0e28cf358e7c668d6d44fafc0b.php(10): Illuminate\\View\\View->render()
#7 D:\\Web\\Laravel\\VarghaJob\\tyokoleilu\\tyokokeilu\\vendor\\laravel\\framework\\src\\Illuminate\\View\\Engines\\PhpEngine.php(41): include('D:\\\\Web\\\\Laravel\\\\...')
#8 D:\\Web\\Laravel\\VarghaJob\\tyokoleilu\\tyokokeilu\\vendor\\laravel\\framework\\src\\Illuminate\\View\\Engines\\CompilerEngine.php(57): Illuminate\\View\\Engines\\PhpEngine->evaluatePath('D:\\\\Web\\\\Laravel\\\\...', Array)
#9 D:\\Web\\Laravel\\VarghaJob\\tyokoleilu\\tyokokeilu\\vendor\\laravel\\framework\\src\\Illuminate\\View\\View.php(139): Illuminate\\View\\Engines\\CompilerEngine->get('D:\\\\Web\\\\Laravel\\\\...', Array)
#10 D:\\Web\\Laravel\\VarghaJob\\tyokoleilu\\tyokokeilu\\vendor\\laravel\\framework\\src\\Illuminate\\View\\View.php(122): Illuminate\\View\\View->getContents()
#11 D:\\Web\\Laravel\\VarghaJob\\tyokoleilu\\tyokokeilu\\vendor\\laravel\\framework\\src\\Illuminate\\View\\View.php(91): Illuminate\\View\\View->renderContents()
#12 D:\\Web\\Laravel\\VarghaJob\\tyokoleilu\\tyokokeilu\\vendor\\laravel\\framework\\src\\Illuminate\\Http\\Response.php(62): Illuminate\\View\\View->render()
#13 D:\\Web\\Laravel\\VarghaJob\\tyokoleilu\\tyokokeilu\\vendor\\laravel\\framework\\src\\Illuminate\\Http\\Response.php(34): Illuminate\\Http\\Response->setContent(Object(Illuminate\\View\\View))
#14 D:\\Web\\Laravel\\VarghaJob\\tyokoleilu\\tyokokeilu\\vendor\\laravel\\framework\\src\\Illuminate\\Routing\\Router.php(759): Illuminate\\Http\\Response->__construct(Object(Illuminate\\View\\View), 200, Array)
#15 D:\\Web\\Laravel\\VarghaJob\\tyokoleilu\\tyokokeilu\\vendor\\laravel\\framework\\src\\Illuminate\\Routing\\Router.php(731): Illuminate\\Routing\\Router::toResponse(Object(Illuminate\\Http\\Request), Object(Illuminate\\View\\View))
#16 D:\\Web\\Laravel\\VarghaJob\\tyokoleilu\\tyokokeilu\\vendor\\laravel\\framework\\src\\Illuminate\\Routing\\Router.php(685): Illuminate\\Routing\\Router->prepareResponse(Object(Illuminate\\Http\\Request), Object(Illuminate\\View\\View))
#17 D:\\Web\\Laravel\\VarghaJob\\tyokoleilu\\tyokokeilu\\vendor\\laravel\\framework\\src\\Illuminate\\Pipeline\\Pipeline.php(128): Illuminate\\Routing\\Router->Illuminate\\Routing\\{closure}(Object(Illuminate\\Http\\Request))
#18 D:\\Web\\Laravel\\VarghaJob\\tyokoleilu\\tyokokeilu\\app\\Http\\Middleware\\EnsureEmailIsVerified.php(61): Illuminate\\Pipeline\\Pipeline->Illuminate\\Pipeline\\{closure}(Object(Illuminate\\Http\\Request))
#19 D:\\Web\\Laravel\\VarghaJob\\tyokoleilu\\tyokokeilu\\vendor\\laravel\\framework\\src\\Illuminate\\Pipeline\\Pipeline.php(167): App\\Http\\Middleware\\EnsureEmailIsVerified->handle(Object(Illuminate\\Http\\Request), Object(Closure))
#20 D:\\Web\\Laravel\\VarghaJob\\tyokoleilu\\tyokokeilu\\app\\Http\\Middleware\\SetCurrentCurrency.php(95): Illuminate\\Pipeline\\Pipeline->Illuminate\\Pipeline\\{closure}(Object(Illuminate\\Http\\Request))
#21 D:\\Web\\Laravel\\VarghaJob\\tyokoleilu\\tyokokeilu\\vendor\\laravel\\framework\\src\\Illuminate\\Pipeline\\Pipeline.php(167): App\\Http\\Middleware\\SetCurrentCurrency->handle(Object(Illuminate\\Http\\Request), Object(Closure))
#22 D:\\Web\\Laravel\\VarghaJob\\tyokoleilu\\tyokokeilu\\app\\Http\\Middleware\\HideDebugbar.php(49): Illuminate\\Pipeline\\Pipeline->Illuminate\\Pipeline\\{closure}(Object(Illuminate\\Http\\Request))
#23 D:\\Web\\Laravel\\VarghaJob\\tyokoleilu\\tyokokeilu\\vendor\\laravel\\framework\\src\\Illuminate\\Pipeline\\Pipeline.php(167): App\\Http\\Middleware\\HideDebugbar->handle(Object(Illuminate\\Http\\Request), Object(Closure))
#24 D:\\Web\\Laravel\\VarghaJob\\tyokoleilu\\tyokokeilu\\vendor\\laravel\\framework\\src\\Illuminate\\Routing\\Middleware\\SubstituteBindings.php(41): Illuminate\\Pipeline\\Pipeline->Illuminate\\Pipeline\\{closure}(Object(Illuminate\\Http\\Request))
#25 D:\\Web\\Laravel\\VarghaJob\\tyokoleilu\\tyokokeilu\\vendor\\laravel\\framework\\src\\Illuminate\\Pipeline\\Pipeline.php(167): Illuminate\\Routing\\Middleware\\SubstituteBindings->handle(Object(Illuminate\\Http\\Request), Object(Closure))
#26 D:\\Web\\Laravel\\VarghaJob\\tyokoleilu\\tyokokeilu\\app\\Http\\Middleware\\Authenticate.php(87): Illuminate\\Pipeline\\Pipeline->Illuminate\\Pipeline\\{closure}(Object(Illuminate\\Http\\Request))
#27 D:\\Web\\Laravel\\VarghaJob\\tyokoleilu\\tyokokeilu\\vendor\\laravel\\framework\\src\\Illuminate\\Pipeline\\Pipeline.php(167): App\\Http\\Middleware\\Authenticate->handle(Object(Illuminate\\Http\\Request), Object(Closure))
#28 D:\\Web\\Laravel\\VarghaJob\\tyokoleilu\\tyokokeilu\\vendor\\laravel\\framework\\src\\Illuminate\\Foundation\\Http\\Middleware\\VerifyCsrfToken.php(77): Illuminate\\Pipeline\\Pipeline->Illuminate\\Pipeline\\{closure}(Object(Illuminate\\Http\\Request))
#29 D:\\Web\\Laravel\\VarghaJob\\tyokoleilu\\tyokokeilu\\vendor\\laravel\\framework\\src\\Illuminate\\Pipeline\\Pipeline.php(167): Illuminate\\Foundation\\Http\\Middleware\\VerifyCsrfToken->handle(Object(Illuminate\\Http\\Request), Object(Closure))
#30 D:\\Web\\Laravel\\VarghaJob\\tyokoleilu\\tyokokeilu\\vendor\\laravel\\framework\\src\\Illuminate\\View\\Middleware\\ShareErrorsFromSession.php(49): Illuminate\\Pipeline\\Pipeline->Illuminate\\Pipeline\\{closure}(Object(Illuminate\\Http\\Request))
#31 D:\\Web\\Laravel\\VarghaJob\\tyokoleilu\\tyokokeilu\\vendor\\laravel\\framework\\src\\Illuminate\\Pipeline\\Pipeline.php(167): Illuminate\\View\\Middleware\\ShareErrorsFromSession->handle(Object(Illuminate\\Http\\Request), Object(Closure))
#32 D:\\Web\\Laravel\\VarghaJob\\tyokoleilu\\tyokokeilu\\vendor\\laravel\\framework\\src\\Illuminate\\Session\\Middleware\\StartSession.php(116): Illuminate\\Pipeline\\Pipeline->Illuminate\\Pipeline\\{closure}(Object(Illuminate\\Http\\Request))
#33 D:\\Web\\Laravel\\VarghaJob\\tyokoleilu\\tyokokeilu\\vendor\\laravel\\framework\\src\\Illuminate\\Session\\Middleware\\StartSession.php(62): Illuminate\\Session\\Middleware\\StartSession->handleStatefulRequest(Object(Illuminate\\Http\\Request), Object(Illuminate\\Session\\Store), Object(Closure))
#34 D:\\Web\\Laravel\\VarghaJob\\tyokoleilu\\tyokokeilu\\vendor\\laravel\\framework\\src\\Illuminate\\Pipeline\\Pipeline.php(167): Illuminate\\Session\\Middleware\\StartSession->handle(Object(Illuminate\\Http\\Request), Object(Closure))
#35 D:\\Web\\Laravel\\VarghaJob\\tyokoleilu\\tyokokeilu\\vendor\\laravel\\framework\\src\\Illuminate\\Cookie\\Middleware\\AddQueuedCookiesToResponse.php(37): Illuminate\\Pipeline\\Pipeline->Illuminate\\Pipeline\\{closure}(Object(Illuminate\\Http\\Request))
#36 D:\\Web\\Laravel\\VarghaJob\\tyokoleilu\\tyokokeilu\\vendor\\laravel\\framework\\src\\Illuminate\\Pipeline\\Pipeline.php(167): Illuminate\\Cookie\\Middleware\\AddQueuedCookiesToResponse->handle(Object(Illuminate\\Http\\Request), Object(Closure))
#37 D:\\Web\\Laravel\\VarghaJob\\tyokoleilu\\tyokokeilu\\vendor\\laravel\\framework\\src\\Illuminate\\Cookie\\Middleware\\EncryptCookies.php(67): Illuminate\\Pipeline\\Pipeline->Illuminate\\Pipeline\\{closure}(Object(Illuminate\\Http\\Request))
#38 D:\\Web\\Laravel\\VarghaJob\\tyokoleilu\\tyokokeilu\\vendor\\laravel\\framework\\src\\Illuminate\\Pipeline\\Pipeline.php(167): Illuminate\\Cookie\\Middleware\\EncryptCookies->handle(Object(Illuminate\\Http\\Request), Object(Closure))
#39 D:\\Web\\Laravel\\VarghaJob\\tyokoleilu\\tyokokeilu\\vendor\\laravel\\framework\\src\\Illuminate\\Pipeline\\Pipeline.php(103): Illuminate\\Pipeline\\Pipeline->Illuminate\\Pipeline\\{closure}(Object(Illuminate\\Http\\Request))
#40 D:\\Web\\Laravel\\VarghaJob\\tyokoleilu\\tyokokeilu\\vendor\\laravel\\framework\\src\\Illuminate\\Routing\\Router.php(687): Illuminate\\Pipeline\\Pipeline->then(Object(Closure))
#41 D:\\Web\\Laravel\\VarghaJob\\tyokoleilu\\tyokokeilu\\vendor\\laravel\\framework\\src\\Illuminate\\Routing\\Router.php(662): Illuminate\\Routing\\Router->runRouteWithinStack(Object(Illuminate\\Routing\\Route), Object(Illuminate\\Http\\Request))
#42 D:\\Web\\Laravel\\VarghaJob\\tyokoleilu\\tyokokeilu\\vendor\\laravel\\framework\\src\\Illuminate\\Routing\\Router.php(628): Illuminate\\Routing\\Router->runRoute(Object(Illuminate\\Http\\Request), Object(Illuminate\\Routing\\Route))
#43 D:\\Web\\Laravel\\VarghaJob\\tyokoleilu\\tyokokeilu\\vendor\\laravel\\framework\\src\\Illuminate\\Routing\\Router.php(617): Illuminate\\Routing\\Router->dispatchToRoute(Object(Illuminate\\Http\\Request))
#44 D:\\Web\\Laravel\\VarghaJob\\tyokoleilu\\tyokokeilu\\vendor\\laravel\\framework\\src\\Illuminate\\Foundation\\Http\\Kernel.php(165): Illuminate\\Routing\\Router->dispatch(Object(Illuminate\\Http\\Request))
#45 D:\\Web\\Laravel\\VarghaJob\\tyokoleilu\\tyokokeilu\\vendor\\laravel\\framework\\src\\Illuminate\\Pipeline\\Pipeline.php(128): Illuminate\\Foundation\\Http\\Kernel->Illuminate\\Foundation\\Http\\{closure}(Object(Illuminate\\Http\\Request))
#46 D:\\Web\\Laravel\\VarghaJob\\tyokoleilu\\tyokokeilu\\vendor\\barryvdh\\laravel-debugbar\\src\\Middleware\\InjectDebugbar.php(67): Illuminate\\Pipeline\\Pipeline->Illuminate\\Pipeline\\{closure}(Object(Illuminate\\Http\\Request))
#47 D:\\Web\\Laravel\\VarghaJob\\tyokoleilu\\tyokokeilu\\vendor\\laravel\\framework\\src\\Illuminate\\Pipeline\\Pipeline.php(167): Barryvdh\\Debugbar\\Middleware\\InjectDebugbar->handle(Object(Illuminate\\Http\\Request), Object(Closure))
#48 D:\\Web\\Laravel\\VarghaJob\\tyokoleilu\\tyokokeilu\\app\\Http\\Middleware\\RedirectForMultiLanguage.php(113): Illuminate\\Pipeline\\Pipeline->Illuminate\\Pipeline\\{closure}(Object(Illuminate\\Http\\Request))
#49 D:\\Web\\Laravel\\VarghaJob\\tyokoleilu\\tyokokeilu\\vendor\\laravel\\framework\\src\\Illuminate\\Pipeline\\Pipeline.php(167): App\\Http\\Middleware\\RedirectForMultiLanguage->handle(Object(Illuminate\\Http\\Request), Object(Closure))
#50 D:\\Web\\Laravel\\VarghaJob\\tyokoleilu\\tyokokeilu\\app\\Http\\Middleware\\InitConfigsFromDatabase.php(189): Illuminate\\Pipeline\\Pipeline->Illuminate\\Pipeline\\{closure}(Object(Illuminate\\Http\\Request))
#51 D:\\Web\\Laravel\\VarghaJob\\tyokoleilu\\tyokokeilu\\vendor\\laravel\\framework\\src\\Illuminate\\Pipeline\\Pipeline.php(167): App\\Http\\Middleware\\InitConfigsFromDatabase->handle(Object(Illuminate\\Http\\Request), Object(Closure))
#52 D:\\Web\\Laravel\\VarghaJob\\tyokoleilu\\tyokokeilu\\vendor\\fideloper\\proxy\\src\\TrustProxies.php(57): Illuminate\\Pipeline\\Pipeline->Illuminate\\Pipeline\\{closure}(Object(Illuminate\\Http\\Request))
#53 D:\\Web\\Laravel\\VarghaJob\\tyokoleilu\\tyokokeilu\\vendor\\laravel\\framework\\src\\Illuminate\\Pipeline\\Pipeline.php(167): Fideloper\\Proxy\\TrustProxies->handle(Object(Illuminate\\Http\\Request), Object(Closure))
#54 D:\\Web\\Laravel\\VarghaJob\\tyokoleilu\\tyokokeilu\\vendor\\laravel\\framework\\src\\Illuminate\\Foundation\\Http\\Middleware\\TransformsRequest.php(21): Illuminate\\Pipeline\\Pipeline->Illuminate\\Pipeline\\{closure}(Object(Illuminate\\Http\\Request))
#55 D:\\Web\\Laravel\\VarghaJob\\tyokoleilu\\tyokokeilu\\vendor\\laravel\\framework\\src\\Illuminate\\Pipeline\\Pipeline.php(167): Illuminate\\Foundation\\Http\\Middleware\\TransformsRequest->handle(Object(Illuminate\\Http\\Request), Object(Closure))
#56 D:\\Web\\Laravel\\VarghaJob\\tyokoleilu\\tyokokeilu\\vendor\\laravel\\framework\\src\\Illuminate\\Foundation\\Http\\Middleware\\TransformsRequest.php(21): Illuminate\\Pipeline\\Pipeline->Illuminate\\Pipeline\\{closure}(Object(Illuminate\\Http\\Request))
#57 D:\\Web\\Laravel\\VarghaJob\\tyokoleilu\\tyokokeilu\\vendor\\laravel\\framework\\src\\Illuminate\\Pipeline\\Pipeline.php(167): Illuminate\\Foundation\\Http\\Middleware\\TransformsRequest->handle(Object(Illuminate\\Http\\Request), Object(Closure))
#58 D:\\Web\\Laravel\\VarghaJob\\tyokoleilu\\tyokokeilu\\vendor\\laravel\\framework\\src\\Illuminate\\Foundation\\Http\\Middleware\\ValidatePostSize.php(27): Illuminate\\Pipeline\\Pipeline->Illuminate\\Pipeline\\{closure}(Object(Illuminate\\Http\\Request))
#59 D:\\Web\\Laravel\\VarghaJob\\tyokoleilu\\tyokokeilu\\vendor\\laravel\\framework\\src\\Illuminate\\Pipeline\\Pipeline.php(167): Illuminate\\Foundation\\Http\\Middleware\\ValidatePostSize->handle(Object(Illuminate\\Http\\Request), Object(Closure))
#60 D:\\Web\\Laravel\\VarghaJob\\tyokoleilu\\tyokokeilu\\vendor\\laravel\\framework\\src\\Illuminate\\Foundation\\Http\\Middleware\\CheckForMaintenanceMode.php(63): Illuminate\\Pipeline\\Pipeline->Illuminate\\Pipeline\\{closure}(Object(Illuminate\\Http\\Request))
#61 D:\\Web\\Laravel\\VarghaJob\\tyokoleilu\\tyokokeilu\\vendor\\laravel\\framework\\src\\Illuminate\\Pipeline\\Pipeline.php(167): Illuminate\\Foundation\\Http\\Middleware\\CheckForMaintenanceMode->handle(Object(Illuminate\\Http\\Request), Object(Closure))
#62 D:\\Web\\Laravel\\VarghaJob\\tyokoleilu\\tyokokeilu\\app\\Http\\Middleware\\RedirectToInstaller.php(63): Illuminate\\Pipeline\\Pipeline->Illuminate\\Pipeline\\{closure}(Object(Illuminate\\Http\\Request))
#63 D:\\Web\\Laravel\\VarghaJob\\tyokoleilu\\tyokokeilu\\vendor\\laravel\\framework\\src\\Illuminate\\Pipeline\\Pipeline.php(167): App\\Http\\Middleware\\RedirectToInstaller->handle(Object(Illuminate\\Http\\Request), Object(Closure))
#64 D:\\Web\\Laravel\\VarghaJob\\tyokoleilu\\tyokokeilu\\vendor\\laravel\\framework\\src\\Illuminate\\Pipeline\\Pipeline.php(103): Illuminate\\Pipeline\\Pipeline->Illuminate\\Pipeline\\{closure}(Object(Illuminate\\Http\\Request))
#65 D:\\Web\\Laravel\\VarghaJob\\tyokoleilu\\tyokokeilu\\vendor\\laravel\\framework\\src\\Illuminate\\Foundation\\Http\\Kernel.php(140): Illuminate\\Pipeline\\Pipeline->then(Object(Closure))
#66 D:\\Web\\Laravel\\VarghaJob\\tyokoleilu\\tyokokeilu\\vendor\\laravel\\framework\\src\\Illuminate\\Foundation\\Http\\Kernel.php(109): Illuminate\\Foundation\\Http\\Kernel->sendRequestThroughRouter(Object(Illuminate\\Http\\Request))
#67 D:\\Web\\Laravel\\VarghaJob\\tyokoleilu\\tyokokeilu\\public\\index.php(129): Illuminate\\Foundation\\Http\\Kernel->handle(Object(Illuminate\\Http\\Request))
#68 {main}
"} 
[2021-01-27 10:04:34] dfsd.ERROR: htmlspecialchars() expects parameter 1 to be string, array given (View: D:\Web\Laravel\VarghaJob\tyokoleilu\tyokokeilu\modules\Job\Views\frontend\layouts\user\profile-card.blade.php) (View: D:\Web\Laravel\VarghaJob\tyokoleilu\tyokokeilu\modules\Job\Views\frontend\layouts\user\profile-card.blade.php) {"userId":1,"exception":"[object] (ErrorException(code: 0): htmlspecialchars() expects parameter 1 to be string, array given (View: D:\\Web\\Laravel\\VarghaJob\\tyokoleilu\\tyokokeilu\\modules\\Job\\Views\\frontend\\layouts\\user\\profile-card.blade.php) (View: D:\\Web\\Laravel\\VarghaJob\\tyokoleilu\\tyokokeilu\\modules\\Job\\Views\\frontend\\layouts\\user\\profile-card.blade.php) at D:\\Web\\Laravel\\VarghaJob\\tyokoleilu\\tyokokeilu\\vendor\\laravel\\framework\\src\\Illuminate\\Support\\helpers.php:262)
[stacktrace]
#0 D:\\Web\\Laravel\\VarghaJob\\tyokoleilu\\tyokokeilu\\vendor\\laravel\\framework\\src\\Illuminate\\View\\Engines\\PhpEngine.php(43): Illuminate\\View\\Engines\\CompilerEngine->handleViewException(Object(ErrorException), 1)
#1 D:\\Web\\Laravel\\VarghaJob\\tyokoleilu\\tyokokeilu\\vendor\\laravel\\framework\\src\\Illuminate\\View\\Engines\\CompilerEngine.php(57): Illuminate\\View\\Engines\\PhpEngine->evaluatePath('D:\\\\Web\\\\Laravel\\\\...', Array)
#2 D:\\Web\\Laravel\\VarghaJob\\tyokoleilu\\tyokokeilu\\vendor\\laravel\\framework\\src\\Illuminate\\View\\View.php(139): Illuminate\\View\\Engines\\CompilerEngine->get('D:\\\\Web\\\\Laravel\\\\...', Array)
#3 D:\\Web\\Laravel\\VarghaJob\\tyokoleilu\\tyokokeilu\\vendor\\laravel\\framework\\src\\Illuminate\\View\\View.php(122): Illuminate\\View\\View->getContents()
#4 D:\\Web\\Laravel\\VarghaJob\\tyokoleilu\\tyokokeilu\\vendor\\laravel\\framework\\src\\Illuminate\\View\\View.php(91): Illuminate\\View\\View->renderContents()
#5 D:\\Web\\Laravel\\VarghaJob\\tyokoleilu\\tyokokeilu\\vendor\\laravel\\framework\\src\\Illuminate\\Http\\Response.php(62): Illuminate\\View\\View->render()
#6 D:\\Web\\Laravel\\VarghaJob\\tyokoleilu\\tyokokeilu\\vendor\\laravel\\framework\\src\\Illuminate\\Http\\Response.php(34): Illuminate\\Http\\Response->setContent(Object(Illuminate\\View\\View))
#7 D:\\Web\\Laravel\\VarghaJob\\tyokoleilu\\tyokokeilu\\vendor\\laravel\\framework\\src\\Illuminate\\Routing\\Router.php(759): Illuminate\\Http\\Response->__construct(Object(Illuminate\\View\\View), 200, Array)
#8 D:\\Web\\Laravel\\VarghaJob\\tyokoleilu\\tyokokeilu\\vendor\\laravel\\framework\\src\\Illuminate\\Routing\\Router.php(731): Illuminate\\Routing\\Router::toResponse(Object(Illuminate\\Http\\Request), Object(Illuminate\\View\\View))
#9 D:\\Web\\Laravel\\VarghaJob\\tyokoleilu\\tyokokeilu\\vendor\\laravel\\framework\\src\\Illuminate\\Routing\\Router.php(685): Illuminate\\Routing\\Router->prepareResponse(Object(Illuminate\\Http\\Request), Object(Illuminate\\View\\View))
#10 D:\\Web\\Laravel\\VarghaJob\\tyokoleilu\\tyokokeilu\\vendor\\laravel\\framework\\src\\Illuminate\\Pipeline\\Pipeline.php(128): Illuminate\\Routing\\Router->Illuminate\\Routing\\{closure}(Object(Illuminate\\Http\\Request))
#11 D:\\Web\\Laravel\\VarghaJob\\tyokoleilu\\tyokokeilu\\app\\Http\\Middleware\\EnsureEmailIsVerified.php(61): Illuminate\\Pipeline\\Pipeline->Illuminate\\Pipeline\\{closure}(Object(Illuminate\\Http\\Request))
#12 D:\\Web\\Laravel\\VarghaJob\\tyokoleilu\\tyokokeilu\\vendor\\laravel\\framework\\src\\Illuminate\\Pipeline\\Pipeline.php(167): App\\Http\\Middleware\\EnsureEmailIsVerified->handle(Object(Illuminate\\Http\\Request), Object(Closure))
#13 D:\\Web\\Laravel\\VarghaJob\\tyokoleilu\\tyokokeilu\\app\\Http\\Middleware\\SetCurrentCurrency.php(95): Illuminate\\Pipeline\\Pipeline->Illuminate\\Pipeline\\{closure}(Object(Illuminate\\Http\\Request))
#14 D:\\Web\\Laravel\\VarghaJob\\tyokoleilu\\tyokokeilu\\vendor\\laravel\\framework\\src\\Illuminate\\Pipeline\\Pipeline.php(167): App\\Http\\Middleware\\SetCurrentCurrency->handle(Object(Illuminate\\Http\\Request), Object(Closure))
#15 D:\\Web\\Laravel\\VarghaJob\\tyokoleilu\\tyokokeilu\\app\\Http\\Middleware\\HideDebugbar.php(49): Illuminate\\Pipeline\\Pipeline->Illuminate\\Pipeline\\{closure}(Object(Illuminate\\Http\\Request))
#16 D:\\Web\\Laravel\\VarghaJob\\tyokoleilu\\tyokokeilu\\vendor\\laravel\\framework\\src\\Illuminate\\Pipeline\\Pipeline.php(167): App\\Http\\Middleware\\HideDebugbar->handle(Object(Illuminate\\Http\\Request), Object(Closure))
#17 D:\\Web\\Laravel\\VarghaJob\\tyokoleilu\\tyokokeilu\\vendor\\laravel\\framework\\src\\Illuminate\\Routing\\Middleware\\SubstituteBindings.php(41): Illuminate\\Pipeline\\Pipeline->Illuminate\\Pipeline\\{closure}(Object(Illuminate\\Http\\Request))
#18 D:\\Web\\Laravel\\VarghaJob\\tyokoleilu\\tyokokeilu\\vendor\\laravel\\framework\\src\\Illuminate\\Pipeline\\Pipeline.php(167): Illuminate\\Routing\\Middleware\\SubstituteBindings->handle(Object(Illuminate\\Http\\Request), Object(Closure))
#19 D:\\Web\\Laravel\\VarghaJob\\tyokoleilu\\tyokokeilu\\app\\Http\\Middleware\\Authenticate.php(87): Illuminate\\Pipeline\\Pipeline->Illuminate\\Pipeline\\{closure}(Object(Illuminate\\Http\\Request))
#20 D:\\Web\\Laravel\\VarghaJob\\tyokoleilu\\tyokokeilu\\vendor\\laravel\\framework\\src\\Illuminate\\Pipeline\\Pipeline.php(167): App\\Http\\Middleware\\Authenticate->handle(Object(Illuminate\\Http\\Request), Object(Closure))
#21 D:\\Web\\Laravel\\VarghaJob\\tyokoleilu\\tyokokeilu\\vendor\\laravel\\framework\\src\\Illuminate\\Foundation\\Http\\Middleware\\VerifyCsrfToken.php(77): Illuminate\\Pipeline\\Pipeline->Illuminate\\Pipeline\\{closure}(Object(Illuminate\\Http\\Request))
#22 D:\\Web\\Laravel\\VarghaJob\\tyokoleilu\\tyokokeilu\\vendor\\laravel\\framework\\src\\Illuminate\\Pipeline\\Pipeline.php(167): Illuminate\\Foundation\\Http\\Middleware\\VerifyCsrfToken->handle(Object(Illuminate\\Http\\Request), Object(Closure))
#23 D:\\Web\\Laravel\\VarghaJob\\tyokoleilu\\tyokokeilu\\vendor\\laravel\\framework\\src\\Illuminate\\View\\Middleware\\ShareErrorsFromSession.php(49): Illuminate\\Pipeline\\Pipeline->Illuminate\\Pipeline\\{closure}(Object(Illuminate\\Http\\Request))
#24 D:\\Web\\Laravel\\VarghaJob\\tyokoleilu\\tyokokeilu\\vendor\\laravel\\framework\\src\\Illuminate\\Pipeline\\Pipeline.php(167): Illuminate\\View\\Middleware\\ShareErrorsFromSession->handle(Object(Illuminate\\Http\\Request), Object(Closure))
#25 D:\\Web\\Laravel\\VarghaJob\\tyokoleilu\\tyokokeilu\\vendor\\laravel\\framework\\src\\Illuminate\\Session\\Middleware\\StartSession.php(116): Illuminate\\Pipeline\\Pipeline->Illuminate\\Pipeline\\{closure}(Object(Illuminate\\Http\\Request))
#26 D:\\Web\\Laravel\\VarghaJob\\tyokoleilu\\tyokokeilu\\vendor\\laravel\\framework\\src\\Illuminate\\Session\\Middleware\\StartSession.php(62): Illuminate\\Session\\Middleware\\StartSession->handleStatefulRequest(Object(Illuminate\\Http\\Request), Object(Illuminate\\Session\\Store), Object(Closure))
#27 D:\\Web\\Laravel\\VarghaJob\\tyokoleilu\\tyokokeilu\\vendor\\laravel\\framework\\src\\Illuminate\\Pipeline\\Pipeline.php(167): Illuminate\\Session\\Middleware\\StartSession->handle(Object(Illuminate\\Http\\Request), Object(Closure))
#28 D:\\Web\\Laravel\\VarghaJob\\tyokoleilu\\tyokokeilu\\vendor\\laravel\\framework\\src\\Illuminate\\Cookie\\Middleware\\AddQueuedCookiesToResponse.php(37): Illuminate\\Pipeline\\Pipeline->Illuminate\\Pipeline\\{closure}(Object(Illuminate\\Http\\Request))
#29 D:\\Web\\Laravel\\VarghaJob\\tyokoleilu\\tyokokeilu\\vendor\\laravel\\framework\\src\\Illuminate\\Pipeline\\Pipeline.php(167): Illuminate\\Cookie\\Middleware\\AddQueuedCookiesToResponse->handle(Object(Illuminate\\Http\\Request), Object(Closure))
#30 D:\\Web\\Laravel\\VarghaJob\\tyokoleilu\\tyokokeilu\\vendor\\laravel\\framework\\src\\Illuminate\\Cookie\\Middleware\\EncryptCookies.php(67): Illuminate\\Pipeline\\Pipeline->Illuminate\\Pipeline\\{closure}(Object(Illuminate\\Http\\Request))
#31 D:\\Web\\Laravel\\VarghaJob\\tyokoleilu\\tyokokeilu\\vendor\\laravel\\framework\\src\\Illuminate\\Pipeline\\Pipeline.php(167): Illuminate\\Cookie\\Middleware\\EncryptCookies->handle(Object(Illuminate\\Http\\Request), Object(Closure))
#32 D:\\Web\\Laravel\\VarghaJob\\tyokoleilu\\tyokokeilu\\vendor\\laravel\\framework\\src\\Illuminate\\Pipeline\\Pipeline.php(103): Illuminate\\Pipeline\\Pipeline->Illuminate\\Pipeline\\{closure}(Object(Illuminate\\Http\\Request))
#33 D:\\Web\\Laravel\\VarghaJob\\tyokoleilu\\tyokokeilu\\vendor\\laravel\\framework\\src\\Illuminate\\Routing\\Router.php(687): Illuminate\\Pipeline\\Pipeline->then(Object(Closure))
#34 D:\\Web\\Laravel\\VarghaJob\\tyokoleilu\\tyokokeilu\\vendor\\laravel\\framework\\src\\Illuminate\\Routing\\Router.php(662): Illuminate\\Routing\\Router->runRouteWithinStack(Object(Illuminate\\Routing\\Route), Object(Illuminate\\Http\\Request))
#35 D:\\Web\\Laravel\\VarghaJob\\tyokoleilu\\tyokokeilu\\vendor\\laravel\\framework\\src\\Illuminate\\Routing\\Router.php(628): Illuminate\\Routing\\Router->runRoute(Object(Illuminate\\Http\\Request), Object(Illuminate\\Routing\\Route))
#36 D:\\Web\\Laravel\\VarghaJob\\tyokoleilu\\tyokokeilu\\vendor\\laravel\\framework\\src\\Illuminate\\Routing\\Router.php(617): Illuminate\\Routing\\Router->dispatchToRoute(Object(Illuminate\\Http\\Request))
#37 D:\\Web\\Laravel\\VarghaJob\\tyokoleilu\\tyokokeilu\\vendor\\laravel\\framework\\src\\Illuminate\\Foundation\\Http\\Kernel.php(165): Illuminate\\Routing\\Router->dispatch(Object(Illuminate\\Http\\Request))
#38 D:\\Web\\Laravel\\VarghaJob\\tyokoleilu\\tyokokeilu\\vendor\\laravel\\framework\\src\\Illuminate\\Pipeline\\Pipeline.php(128): Illuminate\\Foundation\\Http\\Kernel->Illuminate\\Foundation\\Http\\{closure}(Object(Illuminate\\Http\\Request))
#39 D:\\Web\\Laravel\\VarghaJob\\tyokoleilu\\tyokokeilu\\vendor\\barryvdh\\laravel-debugbar\\src\\Middleware\\InjectDebugbar.php(67): Illuminate\\Pipeline\\Pipeline->Illuminate\\Pipeline\\{closure}(Object(Illuminate\\Http\\Request))
#40 D:\\Web\\Laravel\\VarghaJob\\tyokoleilu\\tyokokeilu\\vendor\\laravel\\framework\\src\\Illuminate\\Pipeline\\Pipeline.php(167): Barryvdh\\Debugbar\\Middleware\\InjectDebugbar->handle(Object(Illuminate\\Http\\Request), Object(Closure))
#41 D:\\Web\\Laravel\\VarghaJob\\tyokoleilu\\tyokokeilu\\app\\Http\\Middleware\\RedirectForMultiLanguage.php(113): Illuminate\\Pipeline\\Pipeline->Illuminate\\Pipeline\\{closure}(Object(Illuminate\\Http\\Request))
#42 D:\\Web\\Laravel\\VarghaJob\\tyokoleilu\\tyokokeilu\\vendor\\laravel\\framework\\src\\Illuminate\\Pipeline\\Pipeline.php(167): App\\Http\\Middleware\\RedirectForMultiLanguage->handle(Object(Illuminate\\Http\\Request), Object(Closure))
#43 D:\\Web\\Laravel\\VarghaJob\\tyokoleilu\\tyokokeilu\\app\\Http\\Middleware\\InitConfigsFromDatabase.php(189): Illuminate\\Pipeline\\Pipeline->Illuminate\\Pipeline\\{closure}(Object(Illuminate\\Http\\Request))
#44 D:\\Web\\Laravel\\VarghaJob\\tyokoleilu\\tyokokeilu\\vendor\\laravel\\framework\\src\\Illuminate\\Pipeline\\Pipeline.php(167): App\\Http\\Middleware\\InitConfigsFromDatabase->handle(Object(Illuminate\\Http\\Request), Object(Closure))
#45 D:\\Web\\Laravel\\VarghaJob\\tyokoleilu\\tyokokeilu\\vendor\\fideloper\\proxy\\src\\TrustProxies.php(57): Illuminate\\Pipeline\\Pipeline->Illuminate\\Pipeline\\{closure}(Object(Illuminate\\Http\\Request))
#46 D:\\Web\\Laravel\\VarghaJob\\tyokoleilu\\tyokokeilu\\vendor\\laravel\\framework\\src\\Illuminate\\Pipeline\\Pipeline.php(167): Fideloper\\Proxy\\TrustProxies->handle(Object(Illuminate\\Http\\Request), Object(Closure))
#47 D:\\Web\\Laravel\\VarghaJob\\tyokoleilu\\tyokokeilu\\vendor\\laravel\\framework\\src\\Illuminate\\Foundation\\Http\\Middleware\\TransformsRequest.php(21): Illuminate\\Pipeline\\Pipeline->Illuminate\\Pipeline\\{closure}(Object(Illuminate\\Http\\Request))
#48 D:\\Web\\Laravel\\VarghaJob\\tyokoleilu\\tyokokeilu\\vendor\\laravel\\framework\\src\\Illuminate\\Pipeline\\Pipeline.php(167): Illuminate\\Foundation\\Http\\Middleware\\TransformsRequest->handle(Object(Illuminate\\Http\\Request), Object(Closure))
#49 D:\\Web\\Laravel\\VarghaJob\\tyokoleilu\\tyokokeilu\\vendor\\laravel\\framework\\src\\Illuminate\\Foundation\\Http\\Middleware\\TransformsRequest.php(21): Illuminate\\Pipeline\\Pipeline->Illuminate\\Pipeline\\{closure}(Object(Illuminate\\Http\\Request))
#50 D:\\Web\\Laravel\\VarghaJob\\tyokoleilu\\tyokokeilu\\vendor\\laravel\\framework\\src\\Illuminate\\Pipeline\\Pipeline.php(167): Illuminate\\Foundation\\Http\\Middleware\\TransformsRequest->handle(Object(Illuminate\\Http\\Request), Object(Closure))
#51 D:\\Web\\Laravel\\VarghaJob\\tyokoleilu\\tyokokeilu\\vendor\\laravel\\framework\\src\\Illuminate\\Foundation\\Http\\Middleware\\ValidatePostSize.php(27): Illuminate\\Pipeline\\Pipeline->Illuminate\\Pipeline\\{closure}(Object(Illuminate\\Http\\Request))
#52 D:\\Web\\Laravel\\VarghaJob\\tyokoleilu\\tyokokeilu\\vendor\\laravel\\framework\\src\\Illuminate\\Pipeline\\Pipeline.php(167): Illuminate\\Foundation\\Http\\Middleware\\ValidatePostSize->handle(Object(Illuminate\\Http\\Request), Object(Closure))
#53 D:\\Web\\Laravel\\VarghaJob\\tyokoleilu\\tyokokeilu\\vendor\\laravel\\framework\\src\\Illuminate\\Foundation\\Http\\Middleware\\CheckForMaintenanceMode.php(63): Illuminate\\Pipeline\\Pipeline->Illuminate\\Pipeline\\{closure}(Object(Illuminate\\Http\\Request))
#54 D:\\Web\\Laravel\\VarghaJob\\tyokoleilu\\tyokokeilu\\vendor\\laravel\\framework\\src\\Illuminate\\Pipeline\\Pipeline.php(167): Illuminate\\Foundation\\Http\\Middleware\\CheckForMaintenanceMode->handle(Object(Illuminate\\Http\\Request), Object(Closure))
#55 D:\\Web\\Laravel\\VarghaJob\\tyokoleilu\\tyokokeilu\\app\\Http\\Middleware\\RedirectToInstaller.php(63): Illuminate\\Pipeline\\Pipeline->Illuminate\\Pipeline\\{closure}(Object(Illuminate\\Http\\Request))
#56 D:\\Web\\Laravel\\VarghaJob\\tyokoleilu\\tyokokeilu\\vendor\\laravel\\framework\\src\\Illuminate\\Pipeline\\Pipeline.php(167): App\\Http\\Middleware\\RedirectToInstaller->handle(Object(Illuminate\\Http\\Request), Object(Closure))
#57 D:\\Web\\Laravel\\VarghaJob\\tyokoleilu\\tyokokeilu\\vendor\\laravel\\framework\\src\\Illuminate\\Pipeline\\Pipeline.php(103): Illuminate\\Pipeline\\Pipeline->Illuminate\\Pipeline\\{closure}(Object(Illuminate\\Http\\Request))
#58 D:\\Web\\Laravel\\VarghaJob\\tyokoleilu\\tyokokeilu\\vendor\\laravel\\framework\\src\\Illuminate\\Foundation\\Http\\Kernel.php(140): Illuminate\\Pipeline\\Pipeline->then(Object(Closure))
#59 D:\\Web\\Laravel\\VarghaJob\\tyokoleilu\\tyokokeilu\\vendor\\laravel\\framework\\src\\Illuminate\\Foundation\\Http\\Kernel.php(109): Illuminate\\Foundation\\Http\\Kernel->sendRequestThroughRouter(Object(Illuminate\\Http\\Request))
#60 D:\\Web\\Laravel\\VarghaJob\\tyokoleilu\\tyokokeilu\\public\\index.php(129): Illuminate\\Foundation\\Http\\Kernel->handle(Object(Illuminate\\Http\\Request))
#61 {main}

[previous exception] [object] (ErrorException(code: 0): htmlspecialchars() expects parameter 1 to be string, array given (View: D:\\Web\\Laravel\\VarghaJob\\tyokoleilu\\tyokokeilu\\modules\\Job\\Views\\frontend\\layouts\\user\\profile-card.blade.php) at D:\\Web\\Laravel\\VarghaJob\\tyokoleilu\\tyokokeilu\\vendor\\laravel\\framework\\src\\Illuminate\\Support\\helpers.php:262)
[stacktrace]
#0 D:\\Web\\Laravel\\VarghaJob\\tyokoleilu\\tyokokeilu\\vendor\\laravel\\framework\\src\\Illuminate\\View\\Engines\\PhpEngine.php(43): Illuminate\\View\\Engines\\CompilerEngine->handleViewException(Object(ErrorException), 3)
#1 D:\\Web\\Laravel\\VarghaJob\\tyokoleilu\\tyokokeilu\\vendor\\laravel\\framework\\src\\Illuminate\\View\\Engines\\CompilerEngine.php(57): Illuminate\\View\\Engines\\PhpEngine->evaluatePath('D:\\\\Web\\\\Laravel\\\\...', Array)
#2 D:\\Web\\Laravel\\VarghaJob\\tyokoleilu\\tyokokeilu\\vendor\\laravel\\framework\\src\\Illuminate\\View\\View.php(139): Illuminate\\View\\Engines\\CompilerEngine->get('D:\\\\Web\\\\Laravel\\\\...', Array)
#3 D:\\Web\\Laravel\\VarghaJob\\tyokoleilu\\tyokokeilu\\vendor\\laravel\\framework\\src\\Illuminate\\View\\View.php(122): Illuminate\\View\\View->getContents()
#4 D:\\Web\\Laravel\\VarghaJob\\tyokoleilu\\tyokokeilu\\vendor\\laravel\\framework\\src\\Illuminate\\View\\View.php(91): Illuminate\\View\\View->renderContents()
#5 D:\\Web\\Laravel\\VarghaJob\\tyokoleilu\\tyokokeilu\\storage\\framework\\views\\242997ef7afade0e28cf358e7c668d6d44fafc0b.php(10): Illuminate\\View\\View->render()
#6 D:\\Web\\Laravel\\VarghaJob\\tyokoleilu\\tyokokeilu\\vendor\\laravel\\framework\\src\\Illuminate\\View\\Engines\\PhpEngine.php(41): include('D:\\\\Web\\\\Laravel\\\\...')
#7 D:\\Web\\Laravel\\VarghaJob\\tyokoleilu\\tyokokeilu\\vendor\\laravel\\framework\\src\\Illuminate\\View\\Engines\\CompilerEngine.php(57): Illuminate\\View\\Engines\\PhpEngine->evaluatePath('D:\\\\Web\\\\Laravel\\\\...', Array)
#8 D:\\Web\\Laravel\\VarghaJob\\tyokoleilu\\tyokokeilu\\vendor\\laravel\\framework\\src\\Illuminate\\View\\View.php(139): Illuminate\\View\\Engines\\CompilerEngine->get('D:\\\\Web\\\\Laravel\\\\...', Array)
#9 D:\\Web\\Laravel\\VarghaJob\\tyokoleilu\\tyokokeilu\\vendor\\laravel\\framework\\src\\Illuminate\\View\\View.php(122): Illuminate\\View\\View->getContents()
#10 D:\\Web\\Laravel\\VarghaJob\\tyokoleilu\\tyokokeilu\\vendor\\laravel\\framework\\src\\Illuminate\\View\\View.php(91): Illuminate\\View\\View->renderContents()
#11 D:\\Web\\Laravel\\VarghaJob\\tyokoleilu\\tyokokeilu\\vendor\\laravel\\framework\\src\\Illuminate\\Http\\Response.php(62): Illuminate\\View\\View->render()
#12 D:\\Web\\Laravel\\VarghaJob\\tyokoleilu\\tyokokeilu\\vendor\\laravel\\framework\\src\\Illuminate\\Http\\Response.php(34): Illuminate\\Http\\Response->setContent(Object(Illuminate\\View\\View))
#13 D:\\Web\\Laravel\\VarghaJob\\tyokoleilu\\tyokokeilu\\vendor\\laravel\\framework\\src\\Illuminate\\Routing\\Router.php(759): Illuminate\\Http\\Response->__construct(Object(Illuminate\\View\\View), 200, Array)
#14 D:\\Web\\Laravel\\VarghaJob\\tyokoleilu\\tyokokeilu\\vendor\\laravel\\framework\\src\\Illuminate\\Routing\\Router.php(731): Illuminate\\Routing\\Router::toResponse(Object(Illuminate\\Http\\Request), Object(Illuminate\\View\\View))
#15 D:\\Web\\Laravel\\VarghaJob\\tyokoleilu\\tyokokeilu\\vendor\\laravel\\framework\\src\\Illuminate\\Routing\\Router.php(685): Illuminate\\Routing\\Router->prepareResponse(Object(Illuminate\\Http\\Request), Object(Illuminate\\View\\View))
#16 D:\\Web\\Laravel\\VarghaJob\\tyokoleilu\\tyokokeilu\\vendor\\laravel\\framework\\src\\Illuminate\\Pipeline\\Pipeline.php(128): Illuminate\\Routing\\Router->Illuminate\\Routing\\{closure}(Object(Illuminate\\Http\\Request))
#17 D:\\Web\\Laravel\\VarghaJob\\tyokoleilu\\tyokokeilu\\app\\Http\\Middleware\\EnsureEmailIsVerified.php(61): Illuminate\\Pipeline\\Pipeline->Illuminate\\Pipeline\\{closure}(Object(Illuminate\\Http\\Request))
#18 D:\\Web\\Laravel\\VarghaJob\\tyokoleilu\\tyokokeilu\\vendor\\laravel\\framework\\src\\Illuminate\\Pipeline\\Pipeline.php(167): App\\Http\\Middleware\\EnsureEmailIsVerified->handle(Object(Illuminate\\Http\\Request), Object(Closure))
#19 D:\\Web\\Laravel\\VarghaJob\\tyokoleilu\\tyokokeilu\\app\\Http\\Middleware\\SetCurrentCurrency.php(95): Illuminate\\Pipeline\\Pipeline->Illuminate\\Pipeline\\{closure}(Object(Illuminate\\Http\\Request))
#20 D:\\Web\\Laravel\\VarghaJob\\tyokoleilu\\tyokokeilu\\vendor\\laravel\\framework\\src\\Illuminate\\Pipeline\\Pipeline.php(167): App\\Http\\Middleware\\SetCurrentCurrency->handle(Object(Illuminate\\Http\\Request), Object(Closure))
#21 D:\\Web\\Laravel\\VarghaJob\\tyokoleilu\\tyokokeilu\\app\\Http\\Middleware\\HideDebugbar.php(49): Illuminate\\Pipeline\\Pipeline->Illuminate\\Pipeline\\{closure}(Object(Illuminate\\Http\\Request))
#22 D:\\Web\\Laravel\\VarghaJob\\tyokoleilu\\tyokokeilu\\vendor\\laravel\\framework\\src\\Illuminate\\Pipeline\\Pipeline.php(167): App\\Http\\Middleware\\HideDebugbar->handle(Object(Illuminate\\Http\\Request), Object(Closure))
#23 D:\\Web\\Laravel\\VarghaJob\\tyokoleilu\\tyokokeilu\\vendor\\laravel\\framework\\src\\Illuminate\\Routing\\Middleware\\SubstituteBindings.php(41): Illuminate\\Pipeline\\Pipeline->Illuminate\\Pipeline\\{closure}(Object(Illuminate\\Http\\Request))
#24 D:\\Web\\Laravel\\VarghaJob\\tyokoleilu\\tyokokeilu\\vendor\\laravel\\framework\\src\\Illuminate\\Pipeline\\Pipeline.php(167): Illuminate\\Routing\\Middleware\\SubstituteBindings->handle(Object(Illuminate\\Http\\Request), Object(Closure))
#25 D:\\Web\\Laravel\\VarghaJob\\tyokoleilu\\tyokokeilu\\app\\Http\\Middleware\\Authenticate.php(87): Illuminate\\Pipeline\\Pipeline->Illuminate\\Pipeline\\{closure}(Object(Illuminate\\Http\\Request))
#26 D:\\Web\\Laravel\\VarghaJob\\tyokoleilu\\tyokokeilu\\vendor\\laravel\\framework\\src\\Illuminate\\Pipeline\\Pipeline.php(167): App\\Http\\Middleware\\Authenticate->handle(Object(Illuminate\\Http\\Request), Object(Closure))
#27 D:\\Web\\Laravel\\VarghaJob\\tyokoleilu\\tyokokeilu\\vendor\\laravel\\framework\\src\\Illuminate\\Foundation\\Http\\Middleware\\VerifyCsrfToken.php(77): Illuminate\\Pipeline\\Pipeline->Illuminate\\Pipeline\\{closure}(Object(Illuminate\\Http\\Request))
#28 D:\\Web\\Laravel\\VarghaJob\\tyokoleilu\\tyokokeilu\\vendor\\laravel\\framework\\src\\Illuminate\\Pipeline\\Pipeline.php(167): Illuminate\\Foundation\\Http\\Middleware\\VerifyCsrfToken->handle(Object(Illuminate\\Http\\Request), Object(Closure))
#29 D:\\Web\\Laravel\\VarghaJob\\tyokoleilu\\tyokokeilu\\vendor\\laravel\\framework\\src\\Illuminate\\View\\Middleware\\ShareErrorsFromSession.php(49): Illuminate\\Pipeline\\Pipeline->Illuminate\\Pipeline\\{closure}(Object(Illuminate\\Http\\Request))
#30 D:\\Web\\Laravel\\VarghaJob\\tyokoleilu\\tyokokeilu\\vendor\\laravel\\framework\\src\\Illuminate\\Pipeline\\Pipeline.php(167): Illuminate\\View\\Middleware\\ShareErrorsFromSession->handle(Object(Illuminate\\Http\\Request), Object(Closure))
#31 D:\\Web\\Laravel\\VarghaJob\\tyokoleilu\\tyokokeilu\\vendor\\laravel\\framework\\src\\Illuminate\\Session\\Middleware\\StartSession.php(116): Illuminate\\Pipeline\\Pipeline->Illuminate\\Pipeline\\{closure}(Object(Illuminate\\Http\\Request))
#32 D:\\Web\\Laravel\\VarghaJob\\tyokoleilu\\tyokokeilu\\vendor\\laravel\\framework\\src\\Illuminate\\Session\\Middleware\\StartSession.php(62): Illuminate\\Session\\Middleware\\StartSession->handleStatefulRequest(Object(Illuminate\\Http\\Request), Object(Illuminate\\Session\\Store), Object(Closure))
#33 D:\\Web\\Laravel\\VarghaJob\\tyokoleilu\\tyokokeilu\\vendor\\laravel\\framework\\src\\Illuminate\\Pipeline\\Pipeline.php(167): Illuminate\\Session\\Middleware\\StartSession->handle(Object(Illuminate\\Http\\Request), Object(Closure))
#34 D:\\Web\\Laravel\\VarghaJob\\tyokoleilu\\tyokokeilu\\vendor\\laravel\\framework\\src\\Illuminate\\Cookie\\Middleware\\AddQueuedCookiesToResponse.php(37): Illuminate\\Pipeline\\Pipeline->Illuminate\\Pipeline\\{closure}(Object(Illuminate\\Http\\Request))
#35 D:\\Web\\Laravel\\VarghaJob\\tyokoleilu\\tyokokeilu\\vendor\\laravel\\framework\\src\\Illuminate\\Pipeline\\Pipeline.php(167): Illuminate\\Cookie\\Middleware\\AddQueuedCookiesToResponse->handle(Object(Illuminate\\Http\\Request), Object(Closure))
#36 D:\\Web\\Laravel\\VarghaJob\\tyokoleilu\\tyokokeilu\\vendor\\laravel\\framework\\src\\Illuminate\\Cookie\\Middleware\\EncryptCookies.php(67): Illuminate\\Pipeline\\Pipeline->Illuminate\\Pipeline\\{closure}(Object(Illuminate\\Http\\Request))
#37 D:\\Web\\Laravel\\VarghaJob\\tyokoleilu\\tyokokeilu\\vendor\\laravel\\framework\\src\\Illuminate\\Pipeline\\Pipeline.php(167): Illuminate\\Cookie\\Middleware\\EncryptCookies->handle(Object(Illuminate\\Http\\Request), Object(Closure))
#38 D:\\Web\\Laravel\\VarghaJob\\tyokoleilu\\tyokokeilu\\vendor\\laravel\\framework\\src\\Illuminate\\Pipeline\\Pipeline.php(103): Illuminate\\Pipeline\\Pipeline->Illuminate\\Pipeline\\{closure}(Object(Illuminate\\Http\\Request))
#39 D:\\Web\\Laravel\\VarghaJob\\tyokoleilu\\tyokokeilu\\vendor\\laravel\\framework\\src\\Illuminate\\Routing\\Router.php(687): Illuminate\\Pipeline\\Pipeline->then(Object(Closure))
#40 D:\\Web\\Laravel\\VarghaJob\\tyokoleilu\\tyokokeilu\\vendor\\laravel\\framework\\src\\Illuminate\\Routing\\Router.php(662): Illuminate\\Routing\\Router->runRouteWithinStack(Object(Illuminate\\Routing\\Route), Object(Illuminate\\Http\\Request))
#41 D:\\Web\\Laravel\\VarghaJob\\tyokoleilu\\tyokokeilu\\vendor\\laravel\\framework\\src\\Illuminate\\Routing\\Router.php(628): Illuminate\\Routing\\Router->runRoute(Object(Illuminate\\Http\\Request), Object(Illuminate\\Routing\\Route))
#42 D:\\Web\\Laravel\\VarghaJob\\tyokoleilu\\tyokokeilu\\vendor\\laravel\\framework\\src\\Illuminate\\Routing\\Router.php(617): Illuminate\\Routing\\Router->dispatchToRoute(Object(Illuminate\\Http\\Request))
#43 D:\\Web\\Laravel\\VarghaJob\\tyokoleilu\\tyokokeilu\\vendor\\laravel\\framework\\src\\Illuminate\\Foundation\\Http\\Kernel.php(165): Illuminate\\Routing\\Router->dispatch(Object(Illuminate\\Http\\Request))
#44 D:\\Web\\Laravel\\VarghaJob\\tyokoleilu\\tyokokeilu\\vendor\\laravel\\framework\\src\\Illuminate\\Pipeline\\Pipeline.php(128): Illuminate\\Foundation\\Http\\Kernel->Illuminate\\Foundation\\Http\\{closure}(Object(Illuminate\\Http\\Request))
#45 D:\\Web\\Laravel\\VarghaJob\\tyokoleilu\\tyokokeilu\\vendor\\barryvdh\\laravel-debugbar\\src\\Middleware\\InjectDebugbar.php(67): Illuminate\\Pipeline\\Pipeline->Illuminate\\Pipeline\\{closure}(Object(Illuminate\\Http\\Request))
#46 D:\\Web\\Laravel\\VarghaJob\\tyokoleilu\\tyokokeilu\\vendor\\laravel\\framework\\src\\Illuminate\\Pipeline\\Pipeline.php(167): Barryvdh\\Debugbar\\Middleware\\InjectDebugbar->handle(Object(Illuminate\\Http\\Request), Object(Closure))
#47 D:\\Web\\Laravel\\VarghaJob\\tyokoleilu\\tyokokeilu\\app\\Http\\Middleware\\RedirectForMultiLanguage.php(113): Illuminate\\Pipeline\\Pipeline->Illuminate\\Pipeline\\{closure}(Object(Illuminate\\Http\\Request))
#48 D:\\Web\\Laravel\\VarghaJob\\tyokoleilu\\tyokokeilu\\vendor\\laravel\\framework\\src\\Illuminate\\Pipeline\\Pipeline.php(167): App\\Http\\Middleware\\RedirectForMultiLanguage->handle(Object(Illuminate\\Http\\Request), Object(Closure))
#49 D:\\Web\\Laravel\\VarghaJob\\tyokoleilu\\tyokokeilu\\app\\Http\\Middleware\\InitConfigsFromDatabase.php(189): Illuminate\\Pipeline\\Pipeline->Illuminate\\Pipeline\\{closure}(Object(Illuminate\\Http\\Request))
#50 D:\\Web\\Laravel\\VarghaJob\\tyokoleilu\\tyokokeilu\\vendor\\laravel\\framework\\src\\Illuminate\\Pipeline\\Pipeline.php(167): App\\Http\\Middleware\\InitConfigsFromDatabase->handle(Object(Illuminate\\Http\\Request), Object(Closure))
#51 D:\\Web\\Laravel\\VarghaJob\\tyokoleilu\\tyokokeilu\\vendor\\fideloper\\proxy\\src\\TrustProxies.php(57): Illuminate\\Pipeline\\Pipeline->Illuminate\\Pipeline\\{closure}(Object(Illuminate\\Http\\Request))
#52 D:\\Web\\Laravel\\VarghaJob\\tyokoleilu\\tyokokeilu\\vendor\\laravel\\framework\\src\\Illuminate\\Pipeline\\Pipeline.php(167): Fideloper\\Proxy\\TrustProxies->handle(Object(Illuminate\\Http\\Request), Object(Closure))
#53 D:\\Web\\Laravel\\VarghaJob\\tyokoleilu\\tyokokeilu\\vendor\\laravel\\framework\\src\\Illuminate\\Foundation\\Http\\Middleware\\TransformsRequest.php(21): Illuminate\\Pipeline\\Pipeline->Illuminate\\Pipeline\\{closure}(Object(Illuminate\\Http\\Request))
#54 D:\\Web\\Laravel\\VarghaJob\\tyokoleilu\\tyokokeilu\\vendor\\laravel\\framework\\src\\Illuminate\\Pipeline\\Pipeline.php(167): Illuminate\\Foundation\\Http\\Middleware\\TransformsRequest->handle(Object(Illuminate\\Http\\Request), Object(Closure))
#55 D:\\Web\\Laravel\\VarghaJob\\tyokoleilu\\tyokokeilu\\vendor\\laravel\\framework\\src\\Illuminate\\Foundation\\Http\\Middleware\\TransformsRequest.php(21): Illuminate\\Pipeline\\Pipeline->Illuminate\\Pipeline\\{closure}(Object(Illuminate\\Http\\Request))
#56 D:\\Web\\Laravel\\VarghaJob\\tyokoleilu\\tyokokeilu\\vendor\\laravel\\framework\\src\\Illuminate\\Pipeline\\Pipeline.php(167): Illuminate\\Foundation\\Http\\Middleware\\TransformsRequest->handle(Object(Illuminate\\Http\\Request), Object(Closure))
#57 D:\\Web\\Laravel\\VarghaJob\\tyokoleilu\\tyokokeilu\\vendor\\laravel\\framework\\src\\Illuminate\\Foundation\\Http\\Middleware\\ValidatePostSize.php(27): Illuminate\\Pipeline\\Pipeline->Illuminate\\Pipeline\\{closure}(Object(Illuminate\\Http\\Request))
#58 D:\\Web\\Laravel\\VarghaJob\\tyokoleilu\\tyokokeilu\\vendor\\laravel\\framework\\src\\Illuminate\\Pipeline\\Pipeline.php(167): Illuminate\\Foundation\\Http\\Middleware\\ValidatePostSize->handle(Object(Illuminate\\Http\\Request), Object(Closure))
#59 D:\\Web\\Laravel\\VarghaJob\\tyokoleilu\\tyokokeilu\\vendor\\laravel\\framework\\src\\Illuminate\\Foundation\\Http\\Middleware\\CheckForMaintenanceMode.php(63): Illuminate\\Pipeline\\Pipeline->Illuminate\\Pipeline\\{closure}(Object(Illuminate\\Http\\Request))
#60 D:\\Web\\Laravel\\VarghaJob\\tyokoleilu\\tyokokeilu\\vendor\\laravel\\framework\\src\\Illuminate\\Pipeline\\Pipeline.php(167): Illuminate\\Foundation\\Http\\Middleware\\CheckForMaintenanceMode->handle(Object(Illuminate\\Http\\Request), Object(Closure))
#61 D:\\Web\\Laravel\\VarghaJob\\tyokoleilu\\tyokokeilu\\app\\Http\\Middleware\\RedirectToInstaller.php(63): Illuminate\\Pipeline\\Pipeline->Illuminate\\Pipeline\\{closure}(Object(Illuminate\\Http\\Request))
#62 D:\\Web\\Laravel\\VarghaJob\\tyokoleilu\\tyokokeilu\\vendor\\laravel\\framework\\src\\Illuminate\\Pipeline\\Pipeline.php(167): App\\Http\\Middleware\\RedirectToInstaller->handle(Object(Illuminate\\Http\\Request), Object(Closure))
#63 D:\\Web\\Laravel\\VarghaJob\\tyokoleilu\\tyokokeilu\\vendor\\laravel\\framework\\src\\Illuminate\\Pipeline\\Pipeline.php(103): Illuminate\\Pipeline\\Pipeline->Illuminate\\Pipeline\\{closure}(Object(Illuminate\\Http\\Request))
#64 D:\\Web\\Laravel\\VarghaJob\\tyokoleilu\\tyokokeilu\\vendor\\laravel\\framework\\src\\Illuminate\\Foundation\\Http\\Kernel.php(140): Illuminate\\Pipeline\\Pipeline->then(Object(Closure))
#65 D:\\Web\\Laravel\\VarghaJob\\tyokoleilu\\tyokokeilu\\vendor\\laravel\\framework\\src\\Illuminate\\Foundation\\Http\\Kernel.php(109): Illuminate\\Foundation\\Http\\Kernel->sendRequestThroughRouter(Object(Illuminate\\Http\\Request))
#66 D:\\Web\\Laravel\\VarghaJob\\tyokoleilu\\tyokokeilu\\public\\index.php(129): Illuminate\\Foundation\\Http\\Kernel->handle(Object(Illuminate\\Http\\Request))
#67 {main}

[previous exception] [object] (ErrorException(code: 0): htmlspecialchars() expects parameter 1 to be string, array given at D:\\Web\\Laravel\\VarghaJob\\tyokoleilu\\tyokokeilu\\vendor\\laravel\\framework\\src\\Illuminate\\Support\\helpers.php:262)
[stacktrace]
#0 [internal function]: Illuminate\\Foundation\\Bootstrap\\HandleExceptions->handleError(2, 'htmlspecialchar...', 'D:\\\\Web\\\\Laravel\\\\...', 262, Array)
#1 D:\\Web\\Laravel\\VarghaJob\\tyokoleilu\\tyokokeilu\\vendor\\laravel\\framework\\src\\Illuminate\\Support\\helpers.php(262): htmlspecialchars(Array, 3, 'UTF-8', true)
#2 D:\\Web\\Laravel\\VarghaJob\\tyokoleilu\\tyokokeilu\\storage\\framework\\views\\eca8add30ba0db6b7977690b8187f28663dd5d93.php(16): e(Array)
#3 D:\\Web\\Laravel\\VarghaJob\\tyokoleilu\\tyokokeilu\\vendor\\laravel\\framework\\src\\Illuminate\\View\\Engines\\PhpEngine.php(41): include('D:\\\\Web\\\\Laravel\\\\...')
#4 D:\\Web\\Laravel\\VarghaJob\\tyokoleilu\\tyokokeilu\\vendor\\laravel\\framework\\src\\Illuminate\\View\\Engines\\CompilerEngine.php(57): Illuminate\\View\\Engines\\PhpEngine->evaluatePath('D:\\\\Web\\\\Laravel\\\\...', Array)
#5 D:\\Web\\Laravel\\VarghaJob\\tyokoleilu\\tyokokeilu\\vendor\\laravel\\framework\\src\\Illuminate\\View\\View.php(139): Illuminate\\View\\Engines\\CompilerEngine->get('D:\\\\Web\\\\Laravel\\\\...', Array)
#6 D:\\Web\\Laravel\\VarghaJob\\tyokoleilu\\tyokokeilu\\vendor\\laravel\\framework\\src\\Illuminate\\View\\View.php(122): Illuminate\\View\\View->getContents()
#7 D:\\Web\\Laravel\\VarghaJob\\tyokoleilu\\tyokokeilu\\vendor\\laravel\\framework\\src\\Illuminate\\View\\View.php(91): Illuminate\\View\\View->renderContents()
#8 D:\\Web\\Laravel\\VarghaJob\\tyokoleilu\\tyokokeilu\\storage\\framework\\views\\242997ef7afade0e28cf358e7c668d6d44fafc0b.php(10): Illuminate\\View\\View->render()
#9 D:\\Web\\Laravel\\VarghaJob\\tyokoleilu\\tyokokeilu\\vendor\\laravel\\framework\\src\\Illuminate\\View\\Engines\\PhpEngine.php(41): include('D:\\\\Web\\\\Laravel\\\\...')
#10 D:\\Web\\Laravel\\VarghaJob\\tyokoleilu\\tyokokeilu\\vendor\\laravel\\framework\\src\\Illuminate\\View\\Engines\\CompilerEngine.php(57): Illuminate\\View\\Engines\\PhpEngine->evaluatePath('D:\\\\Web\\\\Laravel\\\\...', Array)
#11 D:\\Web\\Laravel\\VarghaJob\\tyokoleilu\\tyokokeilu\\vendor\\laravel\\framework\\src\\Illuminate\\View\\View.php(139): Illuminate\\View\\Engines\\CompilerEngine->get('D:\\\\Web\\\\Laravel\\\\...', Array)
#12 D:\\Web\\Laravel\\VarghaJob\\tyokoleilu\\tyokokeilu\\vendor\\laravel\\framework\\src\\Illuminate\\View\\View.php(122): Illuminate\\View\\View->getContents()
#13 D:\\Web\\Laravel\\VarghaJob\\tyokoleilu\\tyokokeilu\\vendor\\laravel\\framework\\src\\Illuminate\\View\\View.php(91): Illuminate\\View\\View->renderContents()
#14 D:\\Web\\Laravel\\VarghaJob\\tyokoleilu\\tyokokeilu\\vendor\\laravel\\framework\\src\\Illuminate\\Http\\Response.php(62): Illuminate\\View\\View->render()
#15 D:\\Web\\Laravel\\VarghaJob\\tyokoleilu\\tyokokeilu\\vendor\\laravel\\framework\\src\\Illuminate\\Http\\Response.php(34): Illuminate\\Http\\Response->setContent(Object(Illuminate\\View\\View))
#16 D:\\Web\\Laravel\\VarghaJob\\tyokoleilu\\tyokokeilu\\vendor\\laravel\\framework\\src\\Illuminate\\Routing\\Router.php(759): Illuminate\\Http\\Response->__construct(Object(Illuminate\\View\\View), 200, Array)
#17 D:\\Web\\Laravel\\VarghaJob\\tyokoleilu\\tyokokeilu\\vendor\\laravel\\framework\\src\\Illuminate\\Routing\\Router.php(731): Illuminate\\Routing\\Router::toResponse(Object(Illuminate\\Http\\Request), Object(Illuminate\\View\\View))
#18 D:\\Web\\Laravel\\VarghaJob\\tyokoleilu\\tyokokeilu\\vendor\\laravel\\framework\\src\\Illuminate\\Routing\\Router.php(685): Illuminate\\Routing\\Router->prepareResponse(Object(Illuminate\\Http\\Request), Object(Illuminate\\View\\View))
#19 D:\\Web\\Laravel\\VarghaJob\\tyokoleilu\\tyokokeilu\\vendor\\laravel\\framework\\src\\Illuminate\\Pipeline\\Pipeline.php(128): Illuminate\\Routing\\Router->Illuminate\\Routing\\{closure}(Object(Illuminate\\Http\\Request))
#20 D:\\Web\\Laravel\\VarghaJob\\tyokoleilu\\tyokokeilu\\app\\Http\\Middleware\\EnsureEmailIsVerified.php(61): Illuminate\\Pipeline\\Pipeline->Illuminate\\Pipeline\\{closure}(Object(Illuminate\\Http\\Request))
#21 D:\\Web\\Laravel\\VarghaJob\\tyokoleilu\\tyokokeilu\\vendor\\laravel\\framework\\src\\Illuminate\\Pipeline\\Pipeline.php(167): App\\Http\\Middleware\\EnsureEmailIsVerified->handle(Object(Illuminate\\Http\\Request), Object(Closure))
#22 D:\\Web\\Laravel\\VarghaJob\\tyokoleilu\\tyokokeilu\\app\\Http\\Middleware\\SetCurrentCurrency.php(95): Illuminate\\Pipeline\\Pipeline->Illuminate\\Pipeline\\{closure}(Object(Illuminate\\Http\\Request))
#23 D:\\Web\\Laravel\\VarghaJob\\tyokoleilu\\tyokokeilu\\vendor\\laravel\\framework\\src\\Illuminate\\Pipeline\\Pipeline.php(167): App\\Http\\Middleware\\SetCurrentCurrency->handle(Object(Illuminate\\Http\\Request), Object(Closure))
#24 D:\\Web\\Laravel\\VarghaJob\\tyokoleilu\\tyokokeilu\\app\\Http\\Middleware\\HideDebugbar.php(49): Illuminate\\Pipeline\\Pipeline->Illuminate\\Pipeline\\{closure}(Object(Illuminate\\Http\\Request))
#25 D:\\Web\\Laravel\\VarghaJob\\tyokoleilu\\tyokokeilu\\vendor\\laravel\\framework\\src\\Illuminate\\Pipeline\\Pipeline.php(167): App\\Http\\Middleware\\HideDebugbar->handle(Object(Illuminate\\Http\\Request), Object(Closure))
#26 D:\\Web\\Laravel\\VarghaJob\\tyokoleilu\\tyokokeilu\\vendor\\laravel\\framework\\src\\Illuminate\\Routing\\Middleware\\SubstituteBindings.php(41): Illuminate\\Pipeline\\Pipeline->Illuminate\\Pipeline\\{closure}(Object(Illuminate\\Http\\Request))
#27 D:\\Web\\Laravel\\VarghaJob\\tyokoleilu\\tyokokeilu\\vendor\\laravel\\framework\\src\\Illuminate\\Pipeline\\Pipeline.php(167): Illuminate\\Routing\\Middleware\\SubstituteBindings->handle(Object(Illuminate\\Http\\Request), Object(Closure))
#28 D:\\Web\\Laravel\\VarghaJob\\tyokoleilu\\tyokokeilu\\app\\Http\\Middleware\\Authenticate.php(87): Illuminate\\Pipeline\\Pipeline->Illuminate\\Pipeline\\{closure}(Object(Illuminate\\Http\\Request))
#29 D:\\Web\\Laravel\\VarghaJob\\tyokoleilu\\tyokokeilu\\vendor\\laravel\\framework\\src\\Illuminate\\Pipeline\\Pipeline.php(167): App\\Http\\Middleware\\Authenticate->handle(Object(Illuminate\\Http\\Request), Object(Closure))
#30 D:\\Web\\Laravel\\VarghaJob\\tyokoleilu\\tyokokeilu\\vendor\\laravel\\framework\\src\\Illuminate\\Foundation\\Http\\Middleware\\VerifyCsrfToken.php(77): Illuminate\\Pipeline\\Pipeline->Illuminate\\Pipeline\\{closure}(Object(Illuminate\\Http\\Request))
#31 D:\\Web\\Laravel\\VarghaJob\\tyokoleilu\\tyokokeilu\\vendor\\laravel\\framework\\src\\Illuminate\\Pipeline\\Pipeline.php(167): Illuminate\\Foundation\\Http\\Middleware\\VerifyCsrfToken->handle(Object(Illuminate\\Http\\Request), Object(Closure))
#32 D:\\Web\\Laravel\\VarghaJob\\tyokoleilu\\tyokokeilu\\vendor\\laravel\\framework\\src\\Illuminate\\View\\Middleware\\ShareErrorsFromSession.php(49): Illuminate\\Pipeline\\Pipeline->Illuminate\\Pipeline\\{closure}(Object(Illuminate\\Http\\Request))
#33 D:\\Web\\Laravel\\VarghaJob\\tyokoleilu\\tyokokeilu\\vendor\\laravel\\framework\\src\\Illuminate\\Pipeline\\Pipeline.php(167): Illuminate\\View\\Middleware\\ShareErrorsFromSession->handle(Object(Illuminate\\Http\\Request), Object(Closure))
#34 D:\\Web\\Laravel\\VarghaJob\\tyokoleilu\\tyokokeilu\\vendor\\laravel\\framework\\src\\Illuminate\\Session\\Middleware\\StartSession.php(116): Illuminate\\Pipeline\\Pipeline->Illuminate\\Pipeline\\{closure}(Object(Illuminate\\Http\\Request))
#35 D:\\Web\\Laravel\\VarghaJob\\tyokoleilu\\tyokokeilu\\vendor\\laravel\\framework\\src\\Illuminate\\Session\\Middleware\\StartSession.php(62): Illuminate\\Session\\Middleware\\StartSession->handleStatefulRequest(Object(Illuminate\\Http\\Request), Object(Illuminate\\Session\\Store), Object(Closure))
#36 D:\\Web\\Laravel\\VarghaJob\\tyokoleilu\\tyokokeilu\\vendor\\laravel\\framework\\src\\Illuminate\\Pipeline\\Pipeline.php(167): Illuminate\\Session\\Middleware\\StartSession->handle(Object(Illuminate\\Http\\Request), Object(Closure))
#37 D:\\Web\\Laravel\\VarghaJob\\tyokoleilu\\tyokokeilu\\vendor\\laravel\\framework\\src\\Illuminate\\Cookie\\Middleware\\AddQueuedCookiesToResponse.php(37): Illuminate\\Pipeline\\Pipeline->Illuminate\\Pipeline\\{closure}(Object(Illuminate\\Http\\Request))
#38 D:\\Web\\Laravel\\VarghaJob\\tyokoleilu\\tyokokeilu\\vendor\\laravel\\framework\\src\\Illuminate\\Pipeline\\Pipeline.php(167): Illuminate\\Cookie\\Middleware\\AddQueuedCookiesToResponse->handle(Object(Illuminate\\Http\\Request), Object(Closure))
#39 D:\\Web\\Laravel\\VarghaJob\\tyokoleilu\\tyokokeilu\\vendor\\laravel\\framework\\src\\Illuminate\\Cookie\\Middleware\\EncryptCookies.php(67): Illuminate\\Pipeline\\Pipeline->Illuminate\\Pipeline\\{closure}(Object(Illuminate\\Http\\Request))
#40 D:\\Web\\Laravel\\VarghaJob\\tyokoleilu\\tyokokeilu\\vendor\\laravel\\framework\\src\\Illuminate\\Pipeline\\Pipeline.php(167): Illuminate\\Cookie\\Middleware\\EncryptCookies->handle(Object(Illuminate\\Http\\Request), Object(Closure))
#41 D:\\Web\\Laravel\\VarghaJob\\tyokoleilu\\tyokokeilu\\vendor\\laravel\\framework\\src\\Illuminate\\Pipeline\\Pipeline.php(103): Illuminate\\Pipeline\\Pipeline->Illuminate\\Pipeline\\{closure}(Object(Illuminate\\Http\\Request))
#42 D:\\Web\\Laravel\\VarghaJob\\tyokoleilu\\tyokokeilu\\vendor\\laravel\\framework\\src\\Illuminate\\Routing\\Router.php(687): Illuminate\\Pipeline\\Pipeline->then(Object(Closure))
#43 D:\\Web\\Laravel\\VarghaJob\\tyokoleilu\\tyokokeilu\\vendor\\laravel\\framework\\src\\Illuminate\\Routing\\Router.php(662): Illuminate\\Routing\\Router->runRouteWithinStack(Object(Illuminate\\Routing\\Route), Object(Illuminate\\Http\\Request))
#44 D:\\Web\\Laravel\\VarghaJob\\tyokoleilu\\tyokokeilu\\vendor\\laravel\\framework\\src\\Illuminate\\Routing\\Router.php(628): Illuminate\\Routing\\Router->runRoute(Object(Illuminate\\Http\\Request), Object(Illuminate\\Routing\\Route))
#45 D:\\Web\\Laravel\\VarghaJob\\tyokoleilu\\tyokokeilu\\vendor\\laravel\\framework\\src\\Illuminate\\Routing\\Router.php(617): Illuminate\\Routing\\Router->dispatchToRoute(Object(Illuminate\\Http\\Request))
#46 D:\\Web\\Laravel\\VarghaJob\\tyokoleilu\\tyokokeilu\\vendor\\laravel\\framework\\src\\Illuminate\\Foundation\\Http\\Kernel.php(165): Illuminate\\Routing\\Router->dispatch(Object(Illuminate\\Http\\Request))
#47 D:\\Web\\Laravel\\VarghaJob\\tyokoleilu\\tyokokeilu\\vendor\\laravel\\framework\\src\\Illuminate\\Pipeline\\Pipeline.php(128): Illuminate\\Foundation\\Http\\Kernel->Illuminate\\Foundation\\Http\\{closure}(Object(Illuminate\\Http\\Request))
#48 D:\\Web\\Laravel\\VarghaJob\\tyokoleilu\\tyokokeilu\\vendor\\barryvdh\\laravel-debugbar\\src\\Middleware\\InjectDebugbar.php(67): Illuminate\\Pipeline\\Pipeline->Illuminate\\Pipeline\\{closure}(Object(Illuminate\\Http\\Request))
#49 D:\\Web\\Laravel\\VarghaJob\\tyokoleilu\\tyokokeilu\\vendor\\laravel\\framework\\src\\Illuminate\\Pipeline\\Pipeline.php(167): Barryvdh\\Debugbar\\Middleware\\InjectDebugbar->handle(Object(Illuminate\\Http\\Request), Object(Closure))
#50 D:\\Web\\Laravel\\VarghaJob\\tyokoleilu\\tyokokeilu\\app\\Http\\Middleware\\RedirectForMultiLanguage.php(113): Illuminate\\Pipeline\\Pipeline->Illuminate\\Pipeline\\{closure}(Object(Illuminate\\Http\\Request))
#51 D:\\Web\\Laravel\\VarghaJob\\tyokoleilu\\tyokokeilu\\vendor\\laravel\\framework\\src\\Illuminate\\Pipeline\\Pipeline.php(167): App\\Http\\Middleware\\RedirectForMultiLanguage->handle(Object(Illuminate\\Http\\Request), Object(Closure))
#52 D:\\Web\\Laravel\\VarghaJob\\tyokoleilu\\tyokokeilu\\app\\Http\\Middleware\\InitConfigsFromDatabase.php(189): Illuminate\\Pipeline\\Pipeline->Illuminate\\Pipeline\\{closure}(Object(Illuminate\\Http\\Request))
#53 D:\\Web\\Laravel\\VarghaJob\\tyokoleilu\\tyokokeilu\\vendor\\laravel\\framework\\src\\Illuminate\\Pipeline\\Pipeline.php(167): App\\Http\\Middleware\\InitConfigsFromDatabase->handle(Object(Illuminate\\Http\\Request), Object(Closure))
#54 D:\\Web\\Laravel\\VarghaJob\\tyokoleilu\\tyokokeilu\\vendor\\fideloper\\proxy\\src\\TrustProxies.php(57): Illuminate\\Pipeline\\Pipeline->Illuminate\\Pipeline\\{closure}(Object(Illuminate\\Http\\Request))
#55 D:\\Web\\Laravel\\VarghaJob\\tyokoleilu\\tyokokeilu\\vendor\\laravel\\framework\\src\\Illuminate\\Pipeline\\Pipeline.php(167): Fideloper\\Proxy\\TrustProxies->handle(Object(Illuminate\\Http\\Request), Object(Closure))
#56 D:\\Web\\Laravel\\VarghaJob\\tyokoleilu\\tyokokeilu\\vendor\\laravel\\framework\\src\\Illuminate\\Foundation\\Http\\Middleware\\TransformsRequest.php(21): Illuminate\\Pipeline\\Pipeline->Illuminate\\Pipeline\\{closure}(Object(Illuminate\\Http\\Request))
#57 D:\\Web\\Laravel\\VarghaJob\\tyokoleilu\\tyokokeilu\\vendor\\laravel\\framework\\src\\Illuminate\\Pipeline\\Pipeline.php(167): Illuminate\\Foundation\\Http\\Middleware\\TransformsRequest->handle(Object(Illuminate\\Http\\Request), Object(Closure))
#58 D:\\Web\\Laravel\\VarghaJob\\tyokoleilu\\tyokokeilu\\vendor\\laravel\\framework\\src\\Illuminate\\Foundation\\Http\\Middleware\\TransformsRequest.php(21): Illuminate\\Pipeline\\Pipeline->Illuminate\\Pipeline\\{closure}(Object(Illuminate\\Http\\Request))
#59 D:\\Web\\Laravel\\VarghaJob\\tyokoleilu\\tyokokeilu\\vendor\\laravel\\framework\\src\\Illuminate\\Pipeline\\Pipeline.php(167): Illuminate\\Foundation\\Http\\Middleware\\TransformsRequest->handle(Object(Illuminate\\Http\\Request), Object(Closure))
#60 D:\\Web\\Laravel\\VarghaJob\\tyokoleilu\\tyokokeilu\\vendor\\laravel\\framework\\src\\Illuminate\\Foundation\\Http\\Middleware\\ValidatePostSize.php(27): Illuminate\\Pipeline\\Pipeline->Illuminate\\Pipeline\\{closure}(Object(Illuminate\\Http\\Request))
#61 D:\\Web\\Laravel\\VarghaJob\\tyokoleilu\\tyokokeilu\\vendor\\laravel\\framework\\src\\Illuminate\\Pipeline\\Pipeline.php(167): Illuminate\\Foundation\\Http\\Middleware\\ValidatePostSize->handle(Object(Illuminate\\Http\\Request), Object(Closure))
#62 D:\\Web\\Laravel\\VarghaJob\\tyokoleilu\\tyokokeilu\\vendor\\laravel\\framework\\src\\Illuminate\\Foundation\\Http\\Middleware\\CheckForMaintenanceMode.php(63): Illuminate\\Pipeline\\Pipeline->Illuminate\\Pipeline\\{closure}(Object(Illuminate\\Http\\Request))
#63 D:\\Web\\Laravel\\VarghaJob\\tyokoleilu\\tyokokeilu\\vendor\\laravel\\framework\\src\\Illuminate\\Pipeline\\Pipeline.php(167): Illuminate\\Foundation\\Http\\Middleware\\CheckForMaintenanceMode->handle(Object(Illuminate\\Http\\Request), Object(Closure))
#64 D:\\Web\\Laravel\\VarghaJob\\tyokoleilu\\tyokokeilu\\app\\Http\\Middleware\\RedirectToInstaller.php(63): Illuminate\\Pipeline\\Pipeline->Illuminate\\Pipeline\\{closure}(Object(Illuminate\\Http\\Request))
#65 D:\\Web\\Laravel\\VarghaJob\\tyokoleilu\\tyokokeilu\\vendor\\laravel\\framework\\src\\Illuminate\\Pipeline\\Pipeline.php(167): App\\Http\\Middleware\\RedirectToInstaller->handle(Object(Illuminate\\Http\\Request), Object(Closure))
#66 D:\\Web\\Laravel\\VarghaJob\\tyokoleilu\\tyokokeilu\\vendor\\laravel\\framework\\src\\Illuminate\\Pipeline\\Pipeline.php(103): Illuminate\\Pipeline\\Pipeline->Illuminate\\Pipeline\\{closure}(Object(Illuminate\\Http\\Request))
#67 D:\\Web\\Laravel\\VarghaJob\\tyokoleilu\\tyokokeilu\\vendor\\laravel\\framework\\src\\Illuminate\\Foundation\\Http\\Kernel.php(140): Illuminate\\Pipeline\\Pipeline->then(Object(Closure))
#68 D:\\Web\\Laravel\\VarghaJob\\tyokoleilu\\tyokokeilu\\vendor\\laravel\\framework\\src\\Illuminate\\Foundation\\Http\\Kernel.php(109): Illuminate\\Foundation\\Http\\Kernel->sendRequestThroughRouter(Object(Illuminate\\Http\\Request))
#69 D:\\Web\\Laravel\\VarghaJob\\tyokoleilu\\tyokokeilu\\public\\index.php(129): Illuminate\\Foundation\\Http\\Kernel->handle(Object(Illuminate\\Http\\Request))
#70 {main}
"} 
