[2021-01-26 17:37:41] dfsd.ERROR: SQLSTATE[42S22]: Column not found: 1054 Unknown column 'type' in 'where clause' (SQL: select count(*) as aggregate from (select `bravo_jobs`.* from `bravo_jobs` where `bravo_jobs`.`status` = publish and `type` in (SummerJob, SummerJob) and `bravo_jobs`.`deleted_at` is null group by `bravo_jobs`.`id`) as `aggregate_table`) {"userId":1,"exception":"[object] (Illuminate\\Database\\QueryException(code: 42S22): SQLSTATE[42S22]: Column not found: 1054 Unknown column 'type' in 'where clause' (SQL: select count(*) as aggregate from (select `bravo_jobs`.* from `bravo_jobs` where `bravo_jobs`.`status` = publish and `type` in (SummerJob, SummerJob) and `bravo_jobs`.`deleted_at` is null group by `bravo_jobs`.`id`) as `aggregate_table`) at D:\\Web\\Laravel\\VarghaJob\\tyokoleilu\\tyokokeilu\\vendor\\laravel\\framework\\src\\Illuminate\\Database\\Connection.php:671)
[stacktrace]
#0 D:\\Web\\Laravel\\VarghaJob\\tyokoleilu\\tyokokeilu\\vendor\\laravel\\framework\\src\\Illuminate\\Database\\Connection.php(631): Illuminate\\Database\\Connection->runQueryCallback('select count(*)...', Array, Object(Closure))
#1 D:\\Web\\Laravel\\VarghaJob\\tyokoleilu\\tyokokeilu\\vendor\\laravel\\framework\\src\\Illuminate\\Database\\Connection.php(339): Illuminate\\Database\\Connection->run('select count(*)...', Array, Object(Closure))
#2 D:\\Web\\Laravel\\VarghaJob\\tyokoleilu\\tyokokeilu\\vendor\\laravel\\framework\\src\\Illuminate\\Database\\Query\\Builder.php(2260): Illuminate\\Database\\Connection->select('select count(*)...', Array, true)
#3 D:\\Web\\Laravel\\VarghaJob\\tyokoleilu\\tyokokeilu\\vendor\\laravel\\framework\\src\\Illuminate\\Database\\Query\\Builder.php(2248): Illuminate\\Database\\Query\\Builder->runSelect()
#4 D:\\Web\\Laravel\\VarghaJob\\tyokoleilu\\tyokokeilu\\vendor\\laravel\\framework\\src\\Illuminate\\Database\\Query\\Builder.php(2743): Illuminate\\Database\\Query\\Builder->Illuminate\\Database\\Query\\{closure}()
#5 D:\\Web\\Laravel\\VarghaJob\\tyokoleilu\\tyokokeilu\\vendor\\laravel\\framework\\src\\Illuminate\\Database\\Query\\Builder.php(2249): Illuminate\\Database\\Query\\Builder->onceWithColumns(Array, Object(Closure))
#6 D:\\Web\\Laravel\\VarghaJob\\tyokoleilu\\tyokokeilu\\vendor\\laravel\\framework\\src\\Illuminate\\Database\\Query\\Builder.php(2351): Illuminate\\Database\\Query\\Builder->get()
#7 D:\\Web\\Laravel\\VarghaJob\\tyokoleilu\\tyokokeilu\\vendor\\laravel\\framework\\src\\Illuminate\\Database\\Query\\Builder.php(2318): Illuminate\\Database\\Query\\Builder->runPaginationCountQuery(Array)
#8 D:\\Web\\Laravel\\VarghaJob\\tyokoleilu\\tyokokeilu\\vendor\\laravel\\framework\\src\\Illuminate\\Database\\Eloquent\\Builder.php(730): Illuminate\\Database\\Query\\Builder->getCountForPagination()
#9 D:\\Web\\Laravel\\VarghaJob\\tyokoleilu\\tyokokeilu\\modules\\Job\\Models\\Job.php(877): Illuminate\\Database\\Eloquent\\Builder->paginate(9)
#10 [internal function]: Modules\\Job\\Models\\Job::search(Object(Illuminate\\Http\\Request))
#11 D:\\Web\\Laravel\\VarghaJob\\tyokoleilu\\tyokokeilu\\modules\\Job\\Controllers\\JobController.php(32): call_user_func(Array, Object(Illuminate\\Http\\Request))
#12 [internal function]: Modules\\Job\\Controllers\\JobController->index(Object(Illuminate\\Http\\Request))
#13 D:\\Web\\Laravel\\VarghaJob\\tyokoleilu\\tyokokeilu\\vendor\\laravel\\framework\\src\\Illuminate\\Routing\\Controller.php(54): call_user_func_array(Array, Array)
#14 D:\\Web\\Laravel\\VarghaJob\\tyokoleilu\\tyokokeilu\\modules\\Job\\Controllers\\JobController.php(27): Illuminate\\Routing\\Controller->callAction('index', Array)
#15 D:\\Web\\Laravel\\VarghaJob\\tyokoleilu\\tyokokeilu\\vendor\\laravel\\framework\\src\\Illuminate\\Routing\\ControllerDispatcher.php(45): Modules\\Job\\Controllers\\JobController->callAction('index', Array)
#16 D:\\Web\\Laravel\\VarghaJob\\tyokoleilu\\tyokokeilu\\vendor\\laravel\\framework\\src\\Illuminate\\Routing\\Route.php(239): Illuminate\\Routing\\ControllerDispatcher->dispatch(Object(Illuminate\\Routing\\Route), Object(Modules\\Job\\Controllers\\JobController), 'index')
#17 D:\\Web\\Laravel\\VarghaJob\\tyokoleilu\\tyokokeilu\\vendor\\laravel\\framework\\src\\Illuminate\\Routing\\Route.php(196): Illuminate\\Routing\\Route->runController()
#18 D:\\Web\\Laravel\\VarghaJob\\tyokoleilu\\tyokokeilu\\vendor\\laravel\\framework\\src\\Illuminate\\Routing\\Router.php(685): Illuminate\\Routing\\Route->run()
#19 D:\\Web\\Laravel\\VarghaJob\\tyokoleilu\\tyokokeilu\\vendor\\laravel\\framework\\src\\Illuminate\\Pipeline\\Pipeline.php(128): Illuminate\\Routing\\Router->Illuminate\\Routing\\{closure}(Object(Illuminate\\Http\\Request))
#20 D:\\Web\\Laravel\\VarghaJob\\tyokoleilu\\tyokokeilu\\app\\Http\\Middleware\\SetCurrentCurrency.php(95): Illuminate\\Pipeline\\Pipeline->Illuminate\\Pipeline\\{closure}(Object(Illuminate\\Http\\Request))
#21 D:\\Web\\Laravel\\VarghaJob\\tyokoleilu\\tyokokeilu\\vendor\\laravel\\framework\\src\\Illuminate\\Pipeline\\Pipeline.php(167): App\\Http\\Middleware\\SetCurrentCurrency->handle(Object(Illuminate\\Http\\Request), Object(Closure))
#22 D:\\Web\\Laravel\\VarghaJob\\tyokoleilu\\tyokokeilu\\app\\Http\\Middleware\\HideDebugbar.php(49): Illuminate\\Pipeline\\Pipeline->Illuminate\\Pipeline\\{closure}(Object(Illuminate\\Http\\Request))
#23 D:\\Web\\Laravel\\VarghaJob\\tyokoleilu\\tyokokeilu\\vendor\\laravel\\framework\\src\\Illuminate\\Pipeline\\Pipeline.php(167): App\\Http\\Middleware\\HideDebugbar->handle(Object(Illuminate\\Http\\Request), Object(Closure))
#24 D:\\Web\\Laravel\\VarghaJob\\tyokoleilu\\tyokokeilu\\vendor\\laravel\\framework\\src\\Illuminate\\Routing\\Middleware\\SubstituteBindings.php(41): Illuminate\\Pipeline\\Pipeline->Illuminate\\Pipeline\\{closure}(Object(Illuminate\\Http\\Request))
#25 D:\\Web\\Laravel\\VarghaJob\\tyokoleilu\\tyokokeilu\\vendor\\laravel\\framework\\src\\Illuminate\\Pipeline\\Pipeline.php(167): Illuminate\\Routing\\Middleware\\SubstituteBindings->handle(Object(Illuminate\\Http\\Request), Object(Closure))
#26 D:\\Web\\Laravel\\VarghaJob\\tyokoleilu\\tyokokeilu\\vendor\\laravel\\framework\\src\\Illuminate\\Foundation\\Http\\Middleware\\VerifyCsrfToken.php(77): Illuminate\\Pipeline\\Pipeline->Illuminate\\Pipeline\\{closure}(Object(Illuminate\\Http\\Request))
#27 D:\\Web\\Laravel\\VarghaJob\\tyokoleilu\\tyokokeilu\\vendor\\laravel\\framework\\src\\Illuminate\\Pipeline\\Pipeline.php(167): Illuminate\\Foundation\\Http\\Middleware\\VerifyCsrfToken->handle(Object(Illuminate\\Http\\Request), Object(Closure))
#28 D:\\Web\\Laravel\\VarghaJob\\tyokoleilu\\tyokokeilu\\vendor\\laravel\\framework\\src\\Illuminate\\View\\Middleware\\ShareErrorsFromSession.php(49): Illuminate\\Pipeline\\Pipeline->Illuminate\\Pipeline\\{closure}(Object(Illuminate\\Http\\Request))
#29 D:\\Web\\Laravel\\VarghaJob\\tyokoleilu\\tyokokeilu\\vendor\\laravel\\framework\\src\\Illuminate\\Pipeline\\Pipeline.php(167): Illuminate\\View\\Middleware\\ShareErrorsFromSession->handle(Object(Illuminate\\Http\\Request), Object(Closure))
#30 D:\\Web\\Laravel\\VarghaJob\\tyokoleilu\\tyokokeilu\\vendor\\laravel\\framework\\src\\Illuminate\\Session\\Middleware\\StartSession.php(116): Illuminate\\Pipeline\\Pipeline->Illuminate\\Pipeline\\{closure}(Object(Illuminate\\Http\\Request))
#31 D:\\Web\\Laravel\\VarghaJob\\tyokoleilu\\tyokokeilu\\vendor\\laravel\\framework\\src\\Illuminate\\Session\\Middleware\\StartSession.php(62): Illuminate\\Session\\Middleware\\StartSession->handleStatefulRequest(Object(Illuminate\\Http\\Request), Object(Illuminate\\Session\\Store), Object(Closure))
#32 D:\\Web\\Laravel\\VarghaJob\\tyokoleilu\\tyokokeilu\\vendor\\laravel\\framework\\src\\Illuminate\\Pipeline\\Pipeline.php(167): Illuminate\\Session\\Middleware\\StartSession->handle(Object(Illuminate\\Http\\Request), Object(Closure))
#33 D:\\Web\\Laravel\\VarghaJob\\tyokoleilu\\tyokokeilu\\vendor\\laravel\\framework\\src\\Illuminate\\Cookie\\Middleware\\AddQueuedCookiesToResponse.php(37): Illuminate\\Pipeline\\Pipeline->Illuminate\\Pipeline\\{closure}(Object(Illuminate\\Http\\Request))
#34 D:\\Web\\Laravel\\VarghaJob\\tyokoleilu\\tyokokeilu\\vendor\\laravel\\framework\\src\\Illuminate\\Pipeline\\Pipeline.php(167): Illuminate\\Cookie\\Middleware\\AddQueuedCookiesToResponse->handle(Object(Illuminate\\Http\\Request), Object(Closure))
#35 D:\\Web\\Laravel\\VarghaJob\\tyokoleilu\\tyokokeilu\\vendor\\laravel\\framework\\src\\Illuminate\\Cookie\\Middleware\\EncryptCookies.php(67): Illuminate\\Pipeline\\Pipeline->Illuminate\\Pipeline\\{closure}(Object(Illuminate\\Http\\Request))
#36 D:\\Web\\Laravel\\VarghaJob\\tyokoleilu\\tyokokeilu\\vendor\\laravel\\framework\\src\\Illuminate\\Pipeline\\Pipeline.php(167): Illuminate\\Cookie\\Middleware\\EncryptCookies->handle(Object(Illuminate\\Http\\Request), Object(Closure))
#37 D:\\Web\\Laravel\\VarghaJob\\tyokoleilu\\tyokokeilu\\vendor\\laravel\\framework\\src\\Illuminate\\Pipeline\\Pipeline.php(103): Illuminate\\Pipeline\\Pipeline->Illuminate\\Pipeline\\{closure}(Object(Illuminate\\Http\\Request))
#38 D:\\Web\\Laravel\\VarghaJob\\tyokoleilu\\tyokokeilu\\vendor\\laravel\\framework\\src\\Illuminate\\Routing\\Router.php(687): Illuminate\\Pipeline\\Pipeline->then(Object(Closure))
#39 D:\\Web\\Laravel\\VarghaJob\\tyokoleilu\\tyokokeilu\\vendor\\laravel\\framework\\src\\Illuminate\\Routing\\Router.php(662): Illuminate\\Routing\\Router->runRouteWithinStack(Object(Illuminate\\Routing\\Route), Object(Illuminate\\Http\\Request))
#40 D:\\Web\\Laravel\\VarghaJob\\tyokoleilu\\tyokokeilu\\vendor\\laravel\\framework\\src\\Illuminate\\Routing\\Router.php(628): Illuminate\\Routing\\Router->runRoute(Object(Illuminate\\Http\\Request), Object(Illuminate\\Routing\\Route))
#41 D:\\Web\\Laravel\\VarghaJob\\tyokoleilu\\tyokokeilu\\vendor\\laravel\\framework\\src\\Illuminate\\Routing\\Router.php(617): Illuminate\\Routing\\Router->dispatchToRoute(Object(Illuminate\\Http\\Request))
#42 D:\\Web\\Laravel\\VarghaJob\\tyokoleilu\\tyokokeilu\\vendor\\laravel\\framework\\src\\Illuminate\\Foundation\\Http\\Kernel.php(165): Illuminate\\Routing\\Router->dispatch(Object(Illuminate\\Http\\Request))
#43 D:\\Web\\Laravel\\VarghaJob\\tyokoleilu\\tyokokeilu\\vendor\\laravel\\framework\\src\\Illuminate\\Pipeline\\Pipeline.php(128): Illuminate\\Foundation\\Http\\Kernel->Illuminate\\Foundation\\Http\\{closure}(Object(Illuminate\\Http\\Request))
#44 D:\\Web\\Laravel\\VarghaJob\\tyokoleilu\\tyokokeilu\\vendor\\barryvdh\\laravel-debugbar\\src\\Middleware\\InjectDebugbar.php(67): Illuminate\\Pipeline\\Pipeline->Illuminate\\Pipeline\\{closure}(Object(Illuminate\\Http\\Request))
#45 D:\\Web\\Laravel\\VarghaJob\\tyokoleilu\\tyokokeilu\\vendor\\laravel\\framework\\src\\Illuminate\\Pipeline\\Pipeline.php(167): Barryvdh\\Debugbar\\Middleware\\InjectDebugbar->handle(Object(Illuminate\\Http\\Request), Object(Closure))
#46 D:\\Web\\Laravel\\VarghaJob\\tyokoleilu\\tyokokeilu\\app\\Http\\Middleware\\RedirectForMultiLanguage.php(113): Illuminate\\Pipeline\\Pipeline->Illuminate\\Pipeline\\{closure}(Object(Illuminate\\Http\\Request))
#47 D:\\Web\\Laravel\\VarghaJob\\tyokoleilu\\tyokokeilu\\vendor\\laravel\\framework\\src\\Illuminate\\Pipeline\\Pipeline.php(167): App\\Http\\Middleware\\RedirectForMultiLanguage->handle(Object(Illuminate\\Http\\Request), Object(Closure))
#48 D:\\Web\\Laravel\\VarghaJob\\tyokoleilu\\tyokokeilu\\app\\Http\\Middleware\\InitConfigsFromDatabase.php(189): Illuminate\\Pipeline\\Pipeline->Illuminate\\Pipeline\\{closure}(Object(Illuminate\\Http\\Request))
#49 D:\\Web\\Laravel\\VarghaJob\\tyokoleilu\\tyokokeilu\\vendor\\laravel\\framework\\src\\Illuminate\\Pipeline\\Pipeline.php(167): App\\Http\\Middleware\\InitConfigsFromDatabase->handle(Object(Illuminate\\Http\\Request), Object(Closure))
#50 D:\\Web\\Laravel\\VarghaJob\\tyokoleilu\\tyokokeilu\\vendor\\fideloper\\proxy\\src\\TrustProxies.php(57): Illuminate\\Pipeline\\Pipeline->Illuminate\\Pipeline\\{closure}(Object(Illuminate\\Http\\Request))
#51 D:\\Web\\Laravel\\VarghaJob\\tyokoleilu\\tyokokeilu\\vendor\\laravel\\framework\\src\\Illuminate\\Pipeline\\Pipeline.php(167): Fideloper\\Proxy\\TrustProxies->handle(Object(Illuminate\\Http\\Request), Object(Closure))
#52 D:\\Web\\Laravel\\VarghaJob\\tyokoleilu\\tyokokeilu\\vendor\\laravel\\framework\\src\\Illuminate\\Foundation\\Http\\Middleware\\TransformsRequest.php(21): Illuminate\\Pipeline\\Pipeline->Illuminate\\Pipeline\\{closure}(Object(Illuminate\\Http\\Request))
#53 D:\\Web\\Laravel\\VarghaJob\\tyokoleilu\\tyokokeilu\\vendor\\laravel\\framework\\src\\Illuminate\\Pipeline\\Pipeline.php(167): Illuminate\\Foundation\\Http\\Middleware\\TransformsRequest->handle(Object(Illuminate\\Http\\Request), Object(Closure))
#54 D:\\Web\\Laravel\\VarghaJob\\tyokoleilu\\tyokokeilu\\vendor\\laravel\\framework\\src\\Illuminate\\Foundation\\Http\\Middleware\\TransformsRequest.php(21): Illuminate\\Pipeline\\Pipeline->Illuminate\\Pipeline\\{closure}(Object(Illuminate\\Http\\Request))
#55 D:\\Web\\Laravel\\VarghaJob\\tyokoleilu\\tyokokeilu\\vendor\\laravel\\framework\\src\\Illuminate\\Pipeline\\Pipeline.php(167): Illuminate\\Foundation\\Http\\Middleware\\TransformsRequest->handle(Object(Illuminate\\Http\\Request), Object(Closure))
#56 D:\\Web\\Laravel\\VarghaJob\\tyokoleilu\\tyokokeilu\\vendor\\laravel\\framework\\src\\Illuminate\\Foundation\\Http\\Middleware\\ValidatePostSize.php(27): Illuminate\\Pipeline\\Pipeline->Illuminate\\Pipeline\\{closure}(Object(Illuminate\\Http\\Request))
#57 D:\\Web\\Laravel\\VarghaJob\\tyokoleilu\\tyokokeilu\\vendor\\laravel\\framework\\src\\Illuminate\\Pipeline\\Pipeline.php(167): Illuminate\\Foundation\\Http\\Middleware\\ValidatePostSize->handle(Object(Illuminate\\Http\\Request), Object(Closure))
#58 D:\\Web\\Laravel\\VarghaJob\\tyokoleilu\\tyokokeilu\\vendor\\laravel\\framework\\src\\Illuminate\\Foundation\\Http\\Middleware\\CheckForMaintenanceMode.php(63): Illuminate\\Pipeline\\Pipeline->Illuminate\\Pipeline\\{closure}(Object(Illuminate\\Http\\Request))
#59 D:\\Web\\Laravel\\VarghaJob\\tyokoleilu\\tyokokeilu\\vendor\\laravel\\framework\\src\\Illuminate\\Pipeline\\Pipeline.php(167): Illuminate\\Foundation\\Http\\Middleware\\CheckForMaintenanceMode->handle(Object(Illuminate\\Http\\Request), Object(Closure))
#60 D:\\Web\\Laravel\\VarghaJob\\tyokoleilu\\tyokokeilu\\app\\Http\\Middleware\\RedirectToInstaller.php(63): Illuminate\\Pipeline\\Pipeline->Illuminate\\Pipeline\\{closure}(Object(Illuminate\\Http\\Request))
#61 D:\\Web\\Laravel\\VarghaJob\\tyokoleilu\\tyokokeilu\\vendor\\laravel\\framework\\src\\Illuminate\\Pipeline\\Pipeline.php(167): App\\Http\\Middleware\\RedirectToInstaller->handle(Object(Illuminate\\Http\\Request), Object(Closure))
#62 D:\\Web\\Laravel\\VarghaJob\\tyokoleilu\\tyokokeilu\\vendor\\laravel\\framework\\src\\Illuminate\\Pipeline\\Pipeline.php(103): Illuminate\\Pipeline\\Pipeline->Illuminate\\Pipeline\\{closure}(Object(Illuminate\\Http\\Request))
#63 D:\\Web\\Laravel\\VarghaJob\\tyokoleilu\\tyokokeilu\\vendor\\laravel\\framework\\src\\Illuminate\\Foundation\\Http\\Kernel.php(140): Illuminate\\Pipeline\\Pipeline->then(Object(Closure))
#64 D:\\Web\\Laravel\\VarghaJob\\tyokoleilu\\tyokokeilu\\vendor\\laravel\\framework\\src\\Illuminate\\Foundation\\Http\\Kernel.php(109): Illuminate\\Foundation\\Http\\Kernel->sendRequestThroughRouter(Object(Illuminate\\Http\\Request))
#65 D:\\Web\\Laravel\\VarghaJob\\tyokoleilu\\tyokokeilu\\public\\index.php(129): Illuminate\\Foundation\\Http\\Kernel->handle(Object(Illuminate\\Http\\Request))
#66 {main}

[previous exception] [object] (Doctrine\\DBAL\\Driver\\PDOException(code: 42S22): SQLSTATE[42S22]: Column not found: 1054 Unknown column 'type' in 'where clause' at D:\\Web\\Laravel\\VarghaJob\\tyokoleilu\\tyokokeilu\\vendor\\doctrine\\dbal\\lib\\Doctrine\\DBAL\\Driver\\PDOConnection.php:72)
[stacktrace]
#0 D:\\Web\\Laravel\\VarghaJob\\tyokoleilu\\tyokokeilu\\vendor\\laravel\\framework\\src\\Illuminate\\Database\\Connection.php(331): Doctrine\\DBAL\\Driver\\PDOConnection->prepare('select count(*)...')
#1 D:\\Web\\Laravel\\VarghaJob\\tyokoleilu\\tyokokeilu\\vendor\\laravel\\framework\\src\\Illuminate\\Database\\Connection.php(664): Illuminate\\Database\\Connection->Illuminate\\Database\\{closure}('select count(*)...', Array)
#2 D:\\Web\\Laravel\\VarghaJob\\tyokoleilu\\tyokokeilu\\vendor\\laravel\\framework\\src\\Illuminate\\Database\\Connection.php(631): Illuminate\\Database\\Connection->runQueryCallback('select count(*)...', Array, Object(Closure))
#3 D:\\Web\\Laravel\\VarghaJob\\tyokoleilu\\tyokokeilu\\vendor\\laravel\\framework\\src\\Illuminate\\Database\\Connection.php(339): Illuminate\\Database\\Connection->run('select count(*)...', Array, Object(Closure))
#4 D:\\Web\\Laravel\\VarghaJob\\tyokoleilu\\tyokokeilu\\vendor\\laravel\\framework\\src\\Illuminate\\Database\\Query\\Builder.php(2260): Illuminate\\Database\\Connection->select('select count(*)...', Array, true)
#5 D:\\Web\\Laravel\\VarghaJob\\tyokoleilu\\tyokokeilu\\vendor\\laravel\\framework\\src\\Illuminate\\Database\\Query\\Builder.php(2248): Illuminate\\Database\\Query\\Builder->runSelect()
#6 D:\\Web\\Laravel\\VarghaJob\\tyokoleilu\\tyokokeilu\\vendor\\laravel\\framework\\src\\Illuminate\\Database\\Query\\Builder.php(2743): Illuminate\\Database\\Query\\Builder->Illuminate\\Database\\Query\\{closure}()
#7 D:\\Web\\Laravel\\VarghaJob\\tyokoleilu\\tyokokeilu\\vendor\\laravel\\framework\\src\\Illuminate\\Database\\Query\\Builder.php(2249): Illuminate\\Database\\Query\\Builder->onceWithColumns(Array, Object(Closure))
#8 D:\\Web\\Laravel\\VarghaJob\\tyokoleilu\\tyokokeilu\\vendor\\laravel\\framework\\src\\Illuminate\\Database\\Query\\Builder.php(2351): Illuminate\\Database\\Query\\Builder->get()
#9 D:\\Web\\Laravel\\VarghaJob\\tyokoleilu\\tyokokeilu\\vendor\\laravel\\framework\\src\\Illuminate\\Database\\Query\\Builder.php(2318): Illuminate\\Database\\Query\\Builder->runPaginationCountQuery(Array)
#10 D:\\Web\\Laravel\\VarghaJob\\tyokoleilu\\tyokokeilu\\vendor\\laravel\\framework\\src\\Illuminate\\Database\\Eloquent\\Builder.php(730): Illuminate\\Database\\Query\\Builder->getCountForPagination()
#11 D:\\Web\\Laravel\\VarghaJob\\tyokoleilu\\tyokokeilu\\modules\\Job\\Models\\Job.php(877): Illuminate\\Database\\Eloquent\\Builder->paginate(9)
#12 [internal function]: Modules\\Job\\Models\\Job::search(Object(Illuminate\\Http\\Request))
#13 D:\\Web\\Laravel\\VarghaJob\\tyokoleilu\\tyokokeilu\\modules\\Job\\Controllers\\JobController.php(32): call_user_func(Array, Object(Illuminate\\Http\\Request))
#14 [internal function]: Modules\\Job\\Controllers\\JobController->index(Object(Illuminate\\Http\\Request))
#15 D:\\Web\\Laravel\\VarghaJob\\tyokoleilu\\tyokokeilu\\vendor\\laravel\\framework\\src\\Illuminate\\Routing\\Controller.php(54): call_user_func_array(Array, Array)
#16 D:\\Web\\Laravel\\VarghaJob\\tyokoleilu\\tyokokeilu\\modules\\Job\\Controllers\\JobController.php(27): Illuminate\\Routing\\Controller->callAction('index', Array)
#17 D:\\Web\\Laravel\\VarghaJob\\tyokoleilu\\tyokokeilu\\vendor\\laravel\\framework\\src\\Illuminate\\Routing\\ControllerDispatcher.php(45): Modules\\Job\\Controllers\\JobController->callAction('index', Array)
#18 D:\\Web\\Laravel\\VarghaJob\\tyokoleilu\\tyokokeilu\\vendor\\laravel\\framework\\src\\Illuminate\\Routing\\Route.php(239): Illuminate\\Routing\\ControllerDispatcher->dispatch(Object(Illuminate\\Routing\\Route), Object(Modules\\Job\\Controllers\\JobController), 'index')
#19 D:\\Web\\Laravel\\VarghaJob\\tyokoleilu\\tyokokeilu\\vendor\\laravel\\framework\\src\\Illuminate\\Routing\\Route.php(196): Illuminate\\Routing\\Route->runController()
#20 D:\\Web\\Laravel\\VarghaJob\\tyokoleilu\\tyokokeilu\\vendor\\laravel\\framework\\src\\Illuminate\\Routing\\Router.php(685): Illuminate\\Routing\\Route->run()
#21 D:\\Web\\Laravel\\VarghaJob\\tyokoleilu\\tyokokeilu\\vendor\\laravel\\framework\\src\\Illuminate\\Pipeline\\Pipeline.php(128): Illuminate\\Routing\\Router->Illuminate\\Routing\\{closure}(Object(Illuminate\\Http\\Request))
#22 D:\\Web\\Laravel\\VarghaJob\\tyokoleilu\\tyokokeilu\\app\\Http\\Middleware\\SetCurrentCurrency.php(95): Illuminate\\Pipeline\\Pipeline->Illuminate\\Pipeline\\{closure}(Object(Illuminate\\Http\\Request))
#23 D:\\Web\\Laravel\\VarghaJob\\tyokoleilu\\tyokokeilu\\vendor\\laravel\\framework\\src\\Illuminate\\Pipeline\\Pipeline.php(167): App\\Http\\Middleware\\SetCurrentCurrency->handle(Object(Illuminate\\Http\\Request), Object(Closure))
#24 D:\\Web\\Laravel\\VarghaJob\\tyokoleilu\\tyokokeilu\\app\\Http\\Middleware\\HideDebugbar.php(49): Illuminate\\Pipeline\\Pipeline->Illuminate\\Pipeline\\{closure}(Object(Illuminate\\Http\\Request))
#25 D:\\Web\\Laravel\\VarghaJob\\tyokoleilu\\tyokokeilu\\vendor\\laravel\\framework\\src\\Illuminate\\Pipeline\\Pipeline.php(167): App\\Http\\Middleware\\HideDebugbar->handle(Object(Illuminate\\Http\\Request), Object(Closure))
#26 D:\\Web\\Laravel\\VarghaJob\\tyokoleilu\\tyokokeilu\\vendor\\laravel\\framework\\src\\Illuminate\\Routing\\Middleware\\SubstituteBindings.php(41): Illuminate\\Pipeline\\Pipeline->Illuminate\\Pipeline\\{closure}(Object(Illuminate\\Http\\Request))
#27 D:\\Web\\Laravel\\VarghaJob\\tyokoleilu\\tyokokeilu\\vendor\\laravel\\framework\\src\\Illuminate\\Pipeline\\Pipeline.php(167): Illuminate\\Routing\\Middleware\\SubstituteBindings->handle(Object(Illuminate\\Http\\Request), Object(Closure))
#28 D:\\Web\\Laravel\\VarghaJob\\tyokoleilu\\tyokokeilu\\vendor\\laravel\\framework\\src\\Illuminate\\Foundation\\Http\\Middleware\\VerifyCsrfToken.php(77): Illuminate\\Pipeline\\Pipeline->Illuminate\\Pipeline\\{closure}(Object(Illuminate\\Http\\Request))
#29 D:\\Web\\Laravel\\VarghaJob\\tyokoleilu\\tyokokeilu\\vendor\\laravel\\framework\\src\\Illuminate\\Pipeline\\Pipeline.php(167): Illuminate\\Foundation\\Http\\Middleware\\VerifyCsrfToken->handle(Object(Illuminate\\Http\\Request), Object(Closure))
#30 D:\\Web\\Laravel\\VarghaJob\\tyokoleilu\\tyokokeilu\\vendor\\laravel\\framework\\src\\Illuminate\\View\\Middleware\\ShareErrorsFromSession.php(49): Illuminate\\Pipeline\\Pipeline->Illuminate\\Pipeline\\{closure}(Object(Illuminate\\Http\\Request))
#31 D:\\Web\\Laravel\\VarghaJob\\tyokoleilu\\tyokokeilu\\vendor\\laravel\\framework\\src\\Illuminate\\Pipeline\\Pipeline.php(167): Illuminate\\View\\Middleware\\ShareErrorsFromSession->handle(Object(Illuminate\\Http\\Request), Object(Closure))
#32 D:\\Web\\Laravel\\VarghaJob\\tyokoleilu\\tyokokeilu\\vendor\\laravel\\framework\\src\\Illuminate\\Session\\Middleware\\StartSession.php(116): Illuminate\\Pipeline\\Pipeline->Illuminate\\Pipeline\\{closure}(Object(Illuminate\\Http\\Request))
#33 D:\\Web\\Laravel\\VarghaJob\\tyokoleilu\\tyokokeilu\\vendor\\laravel\\framework\\src\\Illuminate\\Session\\Middleware\\StartSession.php(62): Illuminate\\Session\\Middleware\\StartSession->handleStatefulRequest(Object(Illuminate\\Http\\Request), Object(Illuminate\\Session\\Store), Object(Closure))
#34 D:\\Web\\Laravel\\VarghaJob\\tyokoleilu\\tyokokeilu\\vendor\\laravel\\framework\\src\\Illuminate\\Pipeline\\Pipeline.php(167): Illuminate\\Session\\Middleware\\StartSession->handle(Object(Illuminate\\Http\\Request), Object(Closure))
#35 D:\\Web\\Laravel\\VarghaJob\\tyokoleilu\\tyokokeilu\\vendor\\laravel\\framework\\src\\Illuminate\\Cookie\\Middleware\\AddQueuedCookiesToResponse.php(37): Illuminate\\Pipeline\\Pipeline->Illuminate\\Pipeline\\{closure}(Object(Illuminate\\Http\\Request))
#36 D:\\Web\\Laravel\\VarghaJob\\tyokoleilu\\tyokokeilu\\vendor\\laravel\\framework\\src\\Illuminate\\Pipeline\\Pipeline.php(167): Illuminate\\Cookie\\Middleware\\AddQueuedCookiesToResponse->handle(Object(Illuminate\\Http\\Request), Object(Closure))
#37 D:\\Web\\Laravel\\VarghaJob\\tyokoleilu\\tyokokeilu\\vendor\\laravel\\framework\\src\\Illuminate\\Cookie\\Middleware\\EncryptCookies.php(67): Illuminate\\Pipeline\\Pipeline->Illuminate\\Pipeline\\{closure}(Object(Illuminate\\Http\\Request))
#38 D:\\Web\\Laravel\\VarghaJob\\tyokoleilu\\tyokokeilu\\vendor\\laravel\\framework\\src\\Illuminate\\Pipeline\\Pipeline.php(167): Illuminate\\Cookie\\Middleware\\EncryptCookies->handle(Object(Illuminate\\Http\\Request), Object(Closure))
#39 D:\\Web\\Laravel\\VarghaJob\\tyokoleilu\\tyokokeilu\\vendor\\laravel\\framework\\src\\Illuminate\\Pipeline\\Pipeline.php(103): Illuminate\\Pipeline\\Pipeline->Illuminate\\Pipeline\\{closure}(Object(Illuminate\\Http\\Request))
#40 D:\\Web\\Laravel\\VarghaJob\\tyokoleilu\\tyokokeilu\\vendor\\laravel\\framework\\src\\Illuminate\\Routing\\Router.php(687): Illuminate\\Pipeline\\Pipeline->then(Object(Closure))
#41 D:\\Web\\Laravel\\VarghaJob\\tyokoleilu\\tyokokeilu\\vendor\\laravel\\framework\\src\\Illuminate\\Routing\\Router.php(662): Illuminate\\Routing\\Router->runRouteWithinStack(Object(Illuminate\\Routing\\Route), Object(Illuminate\\Http\\Request))
#42 D:\\Web\\Laravel\\VarghaJob\\tyokoleilu\\tyokokeilu\\vendor\\laravel\\framework\\src\\Illuminate\\Routing\\Router.php(628): Illuminate\\Routing\\Router->runRoute(Object(Illuminate\\Http\\Request), Object(Illuminate\\Routing\\Route))
#43 D:\\Web\\Laravel\\VarghaJob\\tyokoleilu\\tyokokeilu\\vendor\\laravel\\framework\\src\\Illuminate\\Routing\\Router.php(617): Illuminate\\Routing\\Router->dispatchToRoute(Object(Illuminate\\Http\\Request))
#44 D:\\Web\\Laravel\\VarghaJob\\tyokoleilu\\tyokokeilu\\vendor\\laravel\\framework\\src\\Illuminate\\Foundation\\Http\\Kernel.php(165): Illuminate\\Routing\\Router->dispatch(Object(Illuminate\\Http\\Request))
#45 D:\\Web\\Laravel\\VarghaJob\\tyokoleilu\\tyokokeilu\\vendor\\laravel\\framework\\src\\Illuminate\\Pipeline\\Pipeline.php(128): Illuminate\\Foundation\\Http\\Kernel->Illuminate\\Foundation\\Http\\{closure}(Object(Illuminate\\Http\\Request))
#46 D:\\Web\\Laravel\\VarghaJob\\tyokoleilu\\tyokokeilu\\vendor\\barryvdh\\laravel-debugbar\\src\\Middleware\\InjectDebugbar.php(67): Illuminate\\Pipeline\\Pipeline->Illuminate\\Pipeline\\{closure}(Object(Illuminate\\Http\\Request))
#47 D:\\Web\\Laravel\\VarghaJob\\tyokoleilu\\tyokokeilu\\vendor\\laravel\\framework\\src\\Illuminate\\Pipeline\\Pipeline.php(167): Barryvdh\\Debugbar\\Middleware\\InjectDebugbar->handle(Object(Illuminate\\Http\\Request), Object(Closure))
#48 D:\\Web\\Laravel\\VarghaJob\\tyokoleilu\\tyokokeilu\\app\\Http\\Middleware\\RedirectForMultiLanguage.php(113): Illuminate\\Pipeline\\Pipeline->Illuminate\\Pipeline\\{closure}(Object(Illuminate\\Http\\Request))
#49 D:\\Web\\Laravel\\VarghaJob\\tyokoleilu\\tyokokeilu\\vendor\\laravel\\framework\\src\\Illuminate\\Pipeline\\Pipeline.php(167): App\\Http\\Middleware\\RedirectForMultiLanguage->handle(Object(Illuminate\\Http\\Request), Object(Closure))
#50 D:\\Web\\Laravel\\VarghaJob\\tyokoleilu\\tyokokeilu\\app\\Http\\Middleware\\InitConfigsFromDatabase.php(189): Illuminate\\Pipeline\\Pipeline->Illuminate\\Pipeline\\{closure}(Object(Illuminate\\Http\\Request))
#51 D:\\Web\\Laravel\\VarghaJob\\tyokoleilu\\tyokokeilu\\vendor\\laravel\\framework\\src\\Illuminate\\Pipeline\\Pipeline.php(167): App\\Http\\Middleware\\InitConfigsFromDatabase->handle(Object(Illuminate\\Http\\Request), Object(Closure))
#52 D:\\Web\\Laravel\\VarghaJob\\tyokoleilu\\tyokokeilu\\vendor\\fideloper\\proxy\\src\\TrustProxies.php(57): Illuminate\\Pipeline\\Pipeline->Illuminate\\Pipeline\\{closure}(Object(Illuminate\\Http\\Request))
#53 D:\\Web\\Laravel\\VarghaJob\\tyokoleilu\\tyokokeilu\\vendor\\laravel\\framework\\src\\Illuminate\\Pipeline\\Pipeline.php(167): Fideloper\\Proxy\\TrustProxies->handle(Object(Illuminate\\Http\\Request), Object(Closure))
#54 D:\\Web\\Laravel\\VarghaJob\\tyokoleilu\\tyokokeilu\\vendor\\laravel\\framework\\src\\Illuminate\\Foundation\\Http\\Middleware\\TransformsRequest.php(21): Illuminate\\Pipeline\\Pipeline->Illuminate\\Pipeline\\{closure}(Object(Illuminate\\Http\\Request))
#55 D:\\Web\\Laravel\\VarghaJob\\tyokoleilu\\tyokokeilu\\vendor\\laravel\\framework\\src\\Illuminate\\Pipeline\\Pipeline.php(167): Illuminate\\Foundation\\Http\\Middleware\\TransformsRequest->handle(Object(Illuminate\\Http\\Request), Object(Closure))
#56 D:\\Web\\Laravel\\VarghaJob\\tyokoleilu\\tyokokeilu\\vendor\\laravel\\framework\\src\\Illuminate\\Foundation\\Http\\Middleware\\TransformsRequest.php(21): Illuminate\\Pipeline\\Pipeline->Illuminate\\Pipeline\\{closure}(Object(Illuminate\\Http\\Request))
#57 D:\\Web\\Laravel\\VarghaJob\\tyokoleilu\\tyokokeilu\\vendor\\laravel\\framework\\src\\Illuminate\\Pipeline\\Pipeline.php(167): Illuminate\\Foundation\\Http\\Middleware\\TransformsRequest->handle(Object(Illuminate\\Http\\Request), Object(Closure))
#58 D:\\Web\\Laravel\\VarghaJob\\tyokoleilu\\tyokokeilu\\vendor\\laravel\\framework\\src\\Illuminate\\Foundation\\Http\\Middleware\\ValidatePostSize.php(27): Illuminate\\Pipeline\\Pipeline->Illuminate\\Pipeline\\{closure}(Object(Illuminate\\Http\\Request))
#59 D:\\Web\\Laravel\\VarghaJob\\tyokoleilu\\tyokokeilu\\vendor\\laravel\\framework\\src\\Illuminate\\Pipeline\\Pipeline.php(167): Illuminate\\Foundation\\Http\\Middleware\\ValidatePostSize->handle(Object(Illuminate\\Http\\Request), Object(Closure))
#60 D:\\Web\\Laravel\\VarghaJob\\tyokoleilu\\tyokokeilu\\vendor\\laravel\\framework\\src\\Illuminate\\Foundation\\Http\\Middleware\\CheckForMaintenanceMode.php(63): Illuminate\\Pipeline\\Pipeline->Illuminate\\Pipeline\\{closure}(Object(Illuminate\\Http\\Request))
#61 D:\\Web\\Laravel\\VarghaJob\\tyokoleilu\\tyokokeilu\\vendor\\laravel\\framework\\src\\Illuminate\\Pipeline\\Pipeline.php(167): Illuminate\\Foundation\\Http\\Middleware\\CheckForMaintenanceMode->handle(Object(Illuminate\\Http\\Request), Object(Closure))
#62 D:\\Web\\Laravel\\VarghaJob\\tyokoleilu\\tyokokeilu\\app\\Http\\Middleware\\RedirectToInstaller.php(63): Illuminate\\Pipeline\\Pipeline->Illuminate\\Pipeline\\{closure}(Object(Illuminate\\Http\\Request))
#63 D:\\Web\\Laravel\\VarghaJob\\tyokoleilu\\tyokokeilu\\vendor\\laravel\\framework\\src\\Illuminate\\Pipeline\\Pipeline.php(167): App\\Http\\Middleware\\RedirectToInstaller->handle(Object(Illuminate\\Http\\Request), Object(Closure))
#64 D:\\Web\\Laravel\\VarghaJob\\tyokoleilu\\tyokokeilu\\vendor\\laravel\\framework\\src\\Illuminate\\Pipeline\\Pipeline.php(103): Illuminate\\Pipeline\\Pipeline->Illuminate\\Pipeline\\{closure}(Object(Illuminate\\Http\\Request))
#65 D:\\Web\\Laravel\\VarghaJob\\tyokoleilu\\tyokokeilu\\vendor\\laravel\\framework\\src\\Illuminate\\Foundation\\Http\\Kernel.php(140): Illuminate\\Pipeline\\Pipeline->then(Object(Closure))
#66 D:\\Web\\Laravel\\VarghaJob\\tyokoleilu\\tyokokeilu\\vendor\\laravel\\framework\\src\\Illuminate\\Foundation\\Http\\Kernel.php(109): Illuminate\\Foundation\\Http\\Kernel->sendRequestThroughRouter(Object(Illuminate\\Http\\Request))
#67 D:\\Web\\Laravel\\VarghaJob\\tyokoleilu\\tyokokeilu\\public\\index.php(129): Illuminate\\Foundation\\Http\\Kernel->handle(Object(Illuminate\\Http\\Request))
#68 {main}

[previous exception] [object] (PDOException(code: 42S22): SQLSTATE[42S22]: Column not found: 1054 Unknown column 'type' in 'where clause' at D:\\Web\\Laravel\\VarghaJob\\tyokoleilu\\tyokokeilu\\vendor\\doctrine\\dbal\\lib\\Doctrine\\DBAL\\Driver\\PDOConnection.php:67)
[stacktrace]
#0 D:\\Web\\Laravel\\VarghaJob\\tyokoleilu\\tyokokeilu\\vendor\\doctrine\\dbal\\lib\\Doctrine\\DBAL\\Driver\\PDOConnection.php(67): PDO->prepare('select count(*)...', Array)
#1 D:\\Web\\Laravel\\VarghaJob\\tyokoleilu\\tyokokeilu\\vendor\\laravel\\framework\\src\\Illuminate\\Database\\Connection.php(331): Doctrine\\DBAL\\Driver\\PDOConnection->prepare('select count(*)...')
#2 D:\\Web\\Laravel\\VarghaJob\\tyokoleilu\\tyokokeilu\\vendor\\laravel\\framework\\src\\Illuminate\\Database\\Connection.php(664): Illuminate\\Database\\Connection->Illuminate\\Database\\{closure}('select count(*)...', Array)
#3 D:\\Web\\Laravel\\VarghaJob\\tyokoleilu\\tyokokeilu\\vendor\\laravel\\framework\\src\\Illuminate\\Database\\Connection.php(631): Illuminate\\Database\\Connection->runQueryCallback('select count(*)...', Array, Object(Closure))
#4 D:\\Web\\Laravel\\VarghaJob\\tyokoleilu\\tyokokeilu\\vendor\\laravel\\framework\\src\\Illuminate\\Database\\Connection.php(339): Illuminate\\Database\\Connection->run('select count(*)...', Array, Object(Closure))
#5 D:\\Web\\Laravel\\VarghaJob\\tyokoleilu\\tyokokeilu\\vendor\\laravel\\framework\\src\\Illuminate\\Database\\Query\\Builder.php(2260): Illuminate\\Database\\Connection->select('select count(*)...', Array, true)
#6 D:\\Web\\Laravel\\VarghaJob\\tyokoleilu\\tyokokeilu\\vendor\\laravel\\framework\\src\\Illuminate\\Database\\Query\\Builder.php(2248): Illuminate\\Database\\Query\\Builder->runSelect()
#7 D:\\Web\\Laravel\\VarghaJob\\tyokoleilu\\tyokokeilu\\vendor\\laravel\\framework\\src\\Illuminate\\Database\\Query\\Builder.php(2743): Illuminate\\Database\\Query\\Builder->Illuminate\\Database\\Query\\{closure}()
#8 D:\\Web\\Laravel\\VarghaJob\\tyokoleilu\\tyokokeilu\\vendor\\laravel\\framework\\src\\Illuminate\\Database\\Query\\Builder.php(2249): Illuminate\\Database\\Query\\Builder->onceWithColumns(Array, Object(Closure))
#9 D:\\Web\\Laravel\\VarghaJob\\tyokoleilu\\tyokokeilu\\vendor\\laravel\\framework\\src\\Illuminate\\Database\\Query\\Builder.php(2351): Illuminate\\Database\\Query\\Builder->get()
#10 D:\\Web\\Laravel\\VarghaJob\\tyokoleilu\\tyokokeilu\\vendor\\laravel\\framework\\src\\Illuminate\\Database\\Query\\Builder.php(2318): Illuminate\\Database\\Query\\Builder->runPaginationCountQuery(Array)
#11 D:\\Web\\Laravel\\VarghaJob\\tyokoleilu\\tyokokeilu\\vendor\\laravel\\framework\\src\\Illuminate\\Database\\Eloquent\\Builder.php(730): Illuminate\\Database\\Query\\Builder->getCountForPagination()
#12 D:\\Web\\Laravel\\VarghaJob\\tyokoleilu\\tyokokeilu\\modules\\Job\\Models\\Job.php(877): Illuminate\\Database\\Eloquent\\Builder->paginate(9)
#13 [internal function]: Modules\\Job\\Models\\Job::search(Object(Illuminate\\Http\\Request))
#14 D:\\Web\\Laravel\\VarghaJob\\tyokoleilu\\tyokokeilu\\modules\\Job\\Controllers\\JobController.php(32): call_user_func(Array, Object(Illuminate\\Http\\Request))
#15 [internal function]: Modules\\Job\\Controllers\\JobController->index(Object(Illuminate\\Http\\Request))
#16 D:\\Web\\Laravel\\VarghaJob\\tyokoleilu\\tyokokeilu\\vendor\\laravel\\framework\\src\\Illuminate\\Routing\\Controller.php(54): call_user_func_array(Array, Array)
#17 D:\\Web\\Laravel\\VarghaJob\\tyokoleilu\\tyokokeilu\\modules\\Job\\Controllers\\JobController.php(27): Illuminate\\Routing\\Controller->callAction('index', Array)
#18 D:\\Web\\Laravel\\VarghaJob\\tyokoleilu\\tyokokeilu\\vendor\\laravel\\framework\\src\\Illuminate\\Routing\\ControllerDispatcher.php(45): Modules\\Job\\Controllers\\JobController->callAction('index', Array)
#19 D:\\Web\\Laravel\\VarghaJob\\tyokoleilu\\tyokokeilu\\vendor\\laravel\\framework\\src\\Illuminate\\Routing\\Route.php(239): Illuminate\\Routing\\ControllerDispatcher->dispatch(Object(Illuminate\\Routing\\Route), Object(Modules\\Job\\Controllers\\JobController), 'index')
#20 D:\\Web\\Laravel\\VarghaJob\\tyokoleilu\\tyokokeilu\\vendor\\laravel\\framework\\src\\Illuminate\\Routing\\Route.php(196): Illuminate\\Routing\\Route->runController()
#21 D:\\Web\\Laravel\\VarghaJob\\tyokoleilu\\tyokokeilu\\vendor\\laravel\\framework\\src\\Illuminate\\Routing\\Router.php(685): Illuminate\\Routing\\Route->run()
#22 D:\\Web\\Laravel\\VarghaJob\\tyokoleilu\\tyokokeilu\\vendor\\laravel\\framework\\src\\Illuminate\\Pipeline\\Pipeline.php(128): Illuminate\\Routing\\Router->Illuminate\\Routing\\{closure}(Object(Illuminate\\Http\\Request))
#23 D:\\Web\\Laravel\\VarghaJob\\tyokoleilu\\tyokokeilu\\app\\Http\\Middleware\\SetCurrentCurrency.php(95): Illuminate\\Pipeline\\Pipeline->Illuminate\\Pipeline\\{closure}(Object(Illuminate\\Http\\Request))
#24 D:\\Web\\Laravel\\VarghaJob\\tyokoleilu\\tyokokeilu\\vendor\\laravel\\framework\\src\\Illuminate\\Pipeline\\Pipeline.php(167): App\\Http\\Middleware\\SetCurrentCurrency->handle(Object(Illuminate\\Http\\Request), Object(Closure))
#25 D:\\Web\\Laravel\\VarghaJob\\tyokoleilu\\tyokokeilu\\app\\Http\\Middleware\\HideDebugbar.php(49): Illuminate\\Pipeline\\Pipeline->Illuminate\\Pipeline\\{closure}(Object(Illuminate\\Http\\Request))
#26 D:\\Web\\Laravel\\VarghaJob\\tyokoleilu\\tyokokeilu\\vendor\\laravel\\framework\\src\\Illuminate\\Pipeline\\Pipeline.php(167): App\\Http\\Middleware\\HideDebugbar->handle(Object(Illuminate\\Http\\Request), Object(Closure))
#27 D:\\Web\\Laravel\\VarghaJob\\tyokoleilu\\tyokokeilu\\vendor\\laravel\\framework\\src\\Illuminate\\Routing\\Middleware\\SubstituteBindings.php(41): Illuminate\\Pipeline\\Pipeline->Illuminate\\Pipeline\\{closure}(Object(Illuminate\\Http\\Request))
#28 D:\\Web\\Laravel\\VarghaJob\\tyokoleilu\\tyokokeilu\\vendor\\laravel\\framework\\src\\Illuminate\\Pipeline\\Pipeline.php(167): Illuminate\\Routing\\Middleware\\SubstituteBindings->handle(Object(Illuminate\\Http\\Request), Object(Closure))
#29 D:\\Web\\Laravel\\VarghaJob\\tyokoleilu\\tyokokeilu\\vendor\\laravel\\framework\\src\\Illuminate\\Foundation\\Http\\Middleware\\VerifyCsrfToken.php(77): Illuminate\\Pipeline\\Pipeline->Illuminate\\Pipeline\\{closure}(Object(Illuminate\\Http\\Request))
#30 D:\\Web\\Laravel\\VarghaJob\\tyokoleilu\\tyokokeilu\\vendor\\laravel\\framework\\src\\Illuminate\\Pipeline\\Pipeline.php(167): Illuminate\\Foundation\\Http\\Middleware\\VerifyCsrfToken->handle(Object(Illuminate\\Http\\Request), Object(Closure))
#31 D:\\Web\\Laravel\\VarghaJob\\tyokoleilu\\tyokokeilu\\vendor\\laravel\\framework\\src\\Illuminate\\View\\Middleware\\ShareErrorsFromSession.php(49): Illuminate\\Pipeline\\Pipeline->Illuminate\\Pipeline\\{closure}(Object(Illuminate\\Http\\Request))
#32 D:\\Web\\Laravel\\VarghaJob\\tyokoleilu\\tyokokeilu\\vendor\\laravel\\framework\\src\\Illuminate\\Pipeline\\Pipeline.php(167): Illuminate\\View\\Middleware\\ShareErrorsFromSession->handle(Object(Illuminate\\Http\\Request), Object(Closure))
#33 D:\\Web\\Laravel\\VarghaJob\\tyokoleilu\\tyokokeilu\\vendor\\laravel\\framework\\src\\Illuminate\\Session\\Middleware\\StartSession.php(116): Illuminate\\Pipeline\\Pipeline->Illuminate\\Pipeline\\{closure}(Object(Illuminate\\Http\\Request))
#34 D:\\Web\\Laravel\\VarghaJob\\tyokoleilu\\tyokokeilu\\vendor\\laravel\\framework\\src\\Illuminate\\Session\\Middleware\\StartSession.php(62): Illuminate\\Session\\Middleware\\StartSession->handleStatefulRequest(Object(Illuminate\\Http\\Request), Object(Illuminate\\Session\\Store), Object(Closure))
#35 D:\\Web\\Laravel\\VarghaJob\\tyokoleilu\\tyokokeilu\\vendor\\laravel\\framework\\src\\Illuminate\\Pipeline\\Pipeline.php(167): Illuminate\\Session\\Middleware\\StartSession->handle(Object(Illuminate\\Http\\Request), Object(Closure))
#36 D:\\Web\\Laravel\\VarghaJob\\tyokoleilu\\tyokokeilu\\vendor\\laravel\\framework\\src\\Illuminate\\Cookie\\Middleware\\AddQueuedCookiesToResponse.php(37): Illuminate\\Pipeline\\Pipeline->Illuminate\\Pipeline\\{closure}(Object(Illuminate\\Http\\Request))
#37 D:\\Web\\Laravel\\VarghaJob\\tyokoleilu\\tyokokeilu\\vendor\\laravel\\framework\\src\\Illuminate\\Pipeline\\Pipeline.php(167): Illuminate\\Cookie\\Middleware\\AddQueuedCookiesToResponse->handle(Object(Illuminate\\Http\\Request), Object(Closure))
#38 D:\\Web\\Laravel\\VarghaJob\\tyokoleilu\\tyokokeilu\\vendor\\laravel\\framework\\src\\Illuminate\\Cookie\\Middleware\\EncryptCookies.php(67): Illuminate\\Pipeline\\Pipeline->Illuminate\\Pipeline\\{closure}(Object(Illuminate\\Http\\Request))
#39 D:\\Web\\Laravel\\VarghaJob\\tyokoleilu\\tyokokeilu\\vendor\\laravel\\framework\\src\\Illuminate\\Pipeline\\Pipeline.php(167): Illuminate\\Cookie\\Middleware\\EncryptCookies->handle(Object(Illuminate\\Http\\Request), Object(Closure))
#40 D:\\Web\\Laravel\\VarghaJob\\tyokoleilu\\tyokokeilu\\vendor\\laravel\\framework\\src\\Illuminate\\Pipeline\\Pipeline.php(103): Illuminate\\Pipeline\\Pipeline->Illuminate\\Pipeline\\{closure}(Object(Illuminate\\Http\\Request))
#41 D:\\Web\\Laravel\\VarghaJob\\tyokoleilu\\tyokokeilu\\vendor\\laravel\\framework\\src\\Illuminate\\Routing\\Router.php(687): Illuminate\\Pipeline\\Pipeline->then(Object(Closure))
#42 D:\\Web\\Laravel\\VarghaJob\\tyokoleilu\\tyokokeilu\\vendor\\laravel\\framework\\src\\Illuminate\\Routing\\Router.php(662): Illuminate\\Routing\\Router->runRouteWithinStack(Object(Illuminate\\Routing\\Route), Object(Illuminate\\Http\\Request))
#43 D:\\Web\\Laravel\\VarghaJob\\tyokoleilu\\tyokokeilu\\vendor\\laravel\\framework\\src\\Illuminate\\Routing\\Router.php(628): Illuminate\\Routing\\Router->runRoute(Object(Illuminate\\Http\\Request), Object(Illuminate\\Routing\\Route))
#44 D:\\Web\\Laravel\\VarghaJob\\tyokoleilu\\tyokokeilu\\vendor\\laravel\\framework\\src\\Illuminate\\Routing\\Router.php(617): Illuminate\\Routing\\Router->dispatchToRoute(Object(Illuminate\\Http\\Request))
#45 D:\\Web\\Laravel\\VarghaJob\\tyokoleilu\\tyokokeilu\\vendor\\laravel\\framework\\src\\Illuminate\\Foundation\\Http\\Kernel.php(165): Illuminate\\Routing\\Router->dispatch(Object(Illuminate\\Http\\Request))
#46 D:\\Web\\Laravel\\VarghaJob\\tyokoleilu\\tyokokeilu\\vendor\\laravel\\framework\\src\\Illuminate\\Pipeline\\Pipeline.php(128): Illuminate\\Foundation\\Http\\Kernel->Illuminate\\Foundation\\Http\\{closure}(Object(Illuminate\\Http\\Request))
#47 D:\\Web\\Laravel\\VarghaJob\\tyokoleilu\\tyokokeilu\\vendor\\barryvdh\\laravel-debugbar\\src\\Middleware\\InjectDebugbar.php(67): Illuminate\\Pipeline\\Pipeline->Illuminate\\Pipeline\\{closure}(Object(Illuminate\\Http\\Request))
#48 D:\\Web\\Laravel\\VarghaJob\\tyokoleilu\\tyokokeilu\\vendor\\laravel\\framework\\src\\Illuminate\\Pipeline\\Pipeline.php(167): Barryvdh\\Debugbar\\Middleware\\InjectDebugbar->handle(Object(Illuminate\\Http\\Request), Object(Closure))
#49 D:\\Web\\Laravel\\VarghaJob\\tyokoleilu\\tyokokeilu\\app\\Http\\Middleware\\RedirectForMultiLanguage.php(113): Illuminate\\Pipeline\\Pipeline->Illuminate\\Pipeline\\{closure}(Object(Illuminate\\Http\\Request))
#50 D:\\Web\\Laravel\\VarghaJob\\tyokoleilu\\tyokokeilu\\vendor\\laravel\\framework\\src\\Illuminate\\Pipeline\\Pipeline.php(167): App\\Http\\Middleware\\RedirectForMultiLanguage->handle(Object(Illuminate\\Http\\Request), Object(Closure))
#51 D:\\Web\\Laravel\\VarghaJob\\tyokoleilu\\tyokokeilu\\app\\Http\\Middleware\\InitConfigsFromDatabase.php(189): Illuminate\\Pipeline\\Pipeline->Illuminate\\Pipeline\\{closure}(Object(Illuminate\\Http\\Request))
#52 D:\\Web\\Laravel\\VarghaJob\\tyokoleilu\\tyokokeilu\\vendor\\laravel\\framework\\src\\Illuminate\\Pipeline\\Pipeline.php(167): App\\Http\\Middleware\\InitConfigsFromDatabase->handle(Object(Illuminate\\Http\\Request), Object(Closure))
#53 D:\\Web\\Laravel\\VarghaJob\\tyokoleilu\\tyokokeilu\\vendor\\fideloper\\proxy\\src\\TrustProxies.php(57): Illuminate\\Pipeline\\Pipeline->Illuminate\\Pipeline\\{closure}(Object(Illuminate\\Http\\Request))
#54 D:\\Web\\Laravel\\VarghaJob\\tyokoleilu\\tyokokeilu\\vendor\\laravel\\framework\\src\\Illuminate\\Pipeline\\Pipeline.php(167): Fideloper\\Proxy\\TrustProxies->handle(Object(Illuminate\\Http\\Request), Object(Closure))
#55 D:\\Web\\Laravel\\VarghaJob\\tyokoleilu\\tyokokeilu\\vendor\\laravel\\framework\\src\\Illuminate\\Foundation\\Http\\Middleware\\TransformsRequest.php(21): Illuminate\\Pipeline\\Pipeline->Illuminate\\Pipeline\\{closure}(Object(Illuminate\\Http\\Request))
#56 D:\\Web\\Laravel\\VarghaJob\\tyokoleilu\\tyokokeilu\\vendor\\laravel\\framework\\src\\Illuminate\\Pipeline\\Pipeline.php(167): Illuminate\\Foundation\\Http\\Middleware\\TransformsRequest->handle(Object(Illuminate\\Http\\Request), Object(Closure))
#57 D:\\Web\\Laravel\\VarghaJob\\tyokoleilu\\tyokokeilu\\vendor\\laravel\\framework\\src\\Illuminate\\Foundation\\Http\\Middleware\\TransformsRequest.php(21): Illuminate\\Pipeline\\Pipeline->Illuminate\\Pipeline\\{closure}(Object(Illuminate\\Http\\Request))
#58 D:\\Web\\Laravel\\VarghaJob\\tyokoleilu\\tyokokeilu\\vendor\\laravel\\framework\\src\\Illuminate\\Pipeline\\Pipeline.php(167): Illuminate\\Foundation\\Http\\Middleware\\TransformsRequest->handle(Object(Illuminate\\Http\\Request), Object(Closure))
#59 D:\\Web\\Laravel\\VarghaJob\\tyokoleilu\\tyokokeilu\\vendor\\laravel\\framework\\src\\Illuminate\\Foundation\\Http\\Middleware\\ValidatePostSize.php(27): Illuminate\\Pipeline\\Pipeline->Illuminate\\Pipeline\\{closure}(Object(Illuminate\\Http\\Request))
#60 D:\\Web\\Laravel\\VarghaJob\\tyokoleilu\\tyokokeilu\\vendor\\laravel\\framework\\src\\Illuminate\\Pipeline\\Pipeline.php(167): Illuminate\\Foundation\\Http\\Middleware\\ValidatePostSize->handle(Object(Illuminate\\Http\\Request), Object(Closure))
#61 D:\\Web\\Laravel\\VarghaJob\\tyokoleilu\\tyokokeilu\\vendor\\laravel\\framework\\src\\Illuminate\\Foundation\\Http\\Middleware\\CheckForMaintenanceMode.php(63): Illuminate\\Pipeline\\Pipeline->Illuminate\\Pipeline\\{closure}(Object(Illuminate\\Http\\Request))
#62 D:\\Web\\Laravel\\VarghaJob\\tyokoleilu\\tyokokeilu\\vendor\\laravel\\framework\\src\\Illuminate\\Pipeline\\Pipeline.php(167): Illuminate\\Foundation\\Http\\Middleware\\CheckForMaintenanceMode->handle(Object(Illuminate\\Http\\Request), Object(Closure))
#63 D:\\Web\\Laravel\\VarghaJob\\tyokoleilu\\tyokokeilu\\app\\Http\\Middleware\\RedirectToInstaller.php(63): Illuminate\\Pipeline\\Pipeline->Illuminate\\Pipeline\\{closure}(Object(Illuminate\\Http\\Request))
#64 D:\\Web\\Laravel\\VarghaJob\\tyokoleilu\\tyokokeilu\\vendor\\laravel\\framework\\src\\Illuminate\\Pipeline\\Pipeline.php(167): App\\Http\\Middleware\\RedirectToInstaller->handle(Object(Illuminate\\Http\\Request), Object(Closure))
#65 D:\\Web\\Laravel\\VarghaJob\\tyokoleilu\\tyokokeilu\\vendor\\laravel\\framework\\src\\Illuminate\\Pipeline\\Pipeline.php(103): Illuminate\\Pipeline\\Pipeline->Illuminate\\Pipeline\\{closure}(Object(Illuminate\\Http\\Request))
#66 D:\\Web\\Laravel\\VarghaJob\\tyokoleilu\\tyokokeilu\\vendor\\laravel\\framework\\src\\Illuminate\\Foundation\\Http\\Kernel.php(140): Illuminate\\Pipeline\\Pipeline->then(Object(Closure))
#67 D:\\Web\\Laravel\\VarghaJob\\tyokoleilu\\tyokokeilu\\vendor\\laravel\\framework\\src\\Illuminate\\Foundation\\Http\\Kernel.php(109): Illuminate\\Foundation\\Http\\Kernel->sendRequestThroughRouter(Object(Illuminate\\Http\\Request))
#68 D:\\Web\\Laravel\\VarghaJob\\tyokoleilu\\tyokokeilu\\public\\index.php(129): Illuminate\\Foundation\\Http\\Kernel->handle(Object(Illuminate\\Http\\Request))
#69 {main}
"} 
[2021-01-26 17:37:59] dfsd.ERROR: SQLSTATE[42S22]: Column not found: 1054 Unknown column 'type' in 'where clause' (SQL: select count(*) as aggregate from (select `bravo_jobs`.* from `bravo_jobs` where `bravo_jobs`.`status` = publish and `type` in (practice, practice) and `bravo_jobs`.`deleted_at` is null group by `bravo_jobs`.`id`) as `aggregate_table`) {"userId":1,"exception":"[object] (Illuminate\\Database\\QueryException(code: 42S22): SQLSTATE[42S22]: Column not found: 1054 Unknown column 'type' in 'where clause' (SQL: select count(*) as aggregate from (select `bravo_jobs`.* from `bravo_jobs` where `bravo_jobs`.`status` = publish and `type` in (practice, practice) and `bravo_jobs`.`deleted_at` is null group by `bravo_jobs`.`id`) as `aggregate_table`) at D:\\Web\\Laravel\\VarghaJob\\tyokoleilu\\tyokokeilu\\vendor\\laravel\\framework\\src\\Illuminate\\Database\\Connection.php:671)
[stacktrace]
#0 D:\\Web\\Laravel\\VarghaJob\\tyokoleilu\\tyokokeilu\\vendor\\laravel\\framework\\src\\Illuminate\\Database\\Connection.php(631): Illuminate\\Database\\Connection->runQueryCallback('select count(*)...', Array, Object(Closure))
#1 D:\\Web\\Laravel\\VarghaJob\\tyokoleilu\\tyokokeilu\\vendor\\laravel\\framework\\src\\Illuminate\\Database\\Connection.php(339): Illuminate\\Database\\Connection->run('select count(*)...', Array, Object(Closure))
#2 D:\\Web\\Laravel\\VarghaJob\\tyokoleilu\\tyokokeilu\\vendor\\laravel\\framework\\src\\Illuminate\\Database\\Query\\Builder.php(2260): Illuminate\\Database\\Connection->select('select count(*)...', Array, true)
#3 D:\\Web\\Laravel\\VarghaJob\\tyokoleilu\\tyokokeilu\\vendor\\laravel\\framework\\src\\Illuminate\\Database\\Query\\Builder.php(2248): Illuminate\\Database\\Query\\Builder->runSelect()
#4 D:\\Web\\Laravel\\VarghaJob\\tyokoleilu\\tyokokeilu\\vendor\\laravel\\framework\\src\\Illuminate\\Database\\Query\\Builder.php(2743): Illuminate\\Database\\Query\\Builder->Illuminate\\Database\\Query\\{closure}()
#5 D:\\Web\\Laravel\\VarghaJob\\tyokoleilu\\tyokokeilu\\vendor\\laravel\\framework\\src\\Illuminate\\Database\\Query\\Builder.php(2249): Illuminate\\Database\\Query\\Builder->onceWithColumns(Array, Object(Closure))
#6 D:\\Web\\Laravel\\VarghaJob\\tyokoleilu\\tyokokeilu\\vendor\\laravel\\framework\\src\\Illuminate\\Database\\Query\\Builder.php(2351): Illuminate\\Database\\Query\\Builder->get()
#7 D:\\Web\\Laravel\\VarghaJob\\tyokoleilu\\tyokokeilu\\vendor\\laravel\\framework\\src\\Illuminate\\Database\\Query\\Builder.php(2318): Illuminate\\Database\\Query\\Builder->runPaginationCountQuery(Array)
#8 D:\\Web\\Laravel\\VarghaJob\\tyokoleilu\\tyokokeilu\\vendor\\laravel\\framework\\src\\Illuminate\\Database\\Eloquent\\Builder.php(730): Illuminate\\Database\\Query\\Builder->getCountForPagination()
#9 D:\\Web\\Laravel\\VarghaJob\\tyokoleilu\\tyokokeilu\\modules\\Job\\Models\\Job.php(877): Illuminate\\Database\\Eloquent\\Builder->paginate(9)
#10 [internal function]: Modules\\Job\\Models\\Job::search(Object(Illuminate\\Http\\Request))
#11 D:\\Web\\Laravel\\VarghaJob\\tyokoleilu\\tyokokeilu\\modules\\Job\\Controllers\\JobController.php(32): call_user_func(Array, Object(Illuminate\\Http\\Request))
#12 [internal function]: Modules\\Job\\Controllers\\JobController->index(Object(Illuminate\\Http\\Request))
#13 D:\\Web\\Laravel\\VarghaJob\\tyokoleilu\\tyokokeilu\\vendor\\laravel\\framework\\src\\Illuminate\\Routing\\Controller.php(54): call_user_func_array(Array, Array)
#14 D:\\Web\\Laravel\\VarghaJob\\tyokoleilu\\tyokokeilu\\modules\\Job\\Controllers\\JobController.php(27): Illuminate\\Routing\\Controller->callAction('index', Array)
#15 D:\\Web\\Laravel\\VarghaJob\\tyokoleilu\\tyokokeilu\\vendor\\laravel\\framework\\src\\Illuminate\\Routing\\ControllerDispatcher.php(45): Modules\\Job\\Controllers\\JobController->callAction('index', Array)
#16 D:\\Web\\Laravel\\VarghaJob\\tyokoleilu\\tyokokeilu\\vendor\\laravel\\framework\\src\\Illuminate\\Routing\\Route.php(239): Illuminate\\Routing\\ControllerDispatcher->dispatch(Object(Illuminate\\Routing\\Route), Object(Modules\\Job\\Controllers\\JobController), 'index')
#17 D:\\Web\\Laravel\\VarghaJob\\tyokoleilu\\tyokokeilu\\vendor\\laravel\\framework\\src\\Illuminate\\Routing\\Route.php(196): Illuminate\\Routing\\Route->runController()
#18 D:\\Web\\Laravel\\VarghaJob\\tyokoleilu\\tyokokeilu\\vendor\\laravel\\framework\\src\\Illuminate\\Routing\\Router.php(685): Illuminate\\Routing\\Route->run()
#19 D:\\Web\\Laravel\\VarghaJob\\tyokoleilu\\tyokokeilu\\vendor\\laravel\\framework\\src\\Illuminate\\Pipeline\\Pipeline.php(128): Illuminate\\Routing\\Router->Illuminate\\Routing\\{closure}(Object(Illuminate\\Http\\Request))
#20 D:\\Web\\Laravel\\VarghaJob\\tyokoleilu\\tyokokeilu\\app\\Http\\Middleware\\SetCurrentCurrency.php(95): Illuminate\\Pipeline\\Pipeline->Illuminate\\Pipeline\\{closure}(Object(Illuminate\\Http\\Request))
#21 D:\\Web\\Laravel\\VarghaJob\\tyokoleilu\\tyokokeilu\\vendor\\laravel\\framework\\src\\Illuminate\\Pipeline\\Pipeline.php(167): App\\Http\\Middleware\\SetCurrentCurrency->handle(Object(Illuminate\\Http\\Request), Object(Closure))
#22 D:\\Web\\Laravel\\VarghaJob\\tyokoleilu\\tyokokeilu\\app\\Http\\Middleware\\HideDebugbar.php(49): Illuminate\\Pipeline\\Pipeline->Illuminate\\Pipeline\\{closure}(Object(Illuminate\\Http\\Request))
#23 D:\\Web\\Laravel\\VarghaJob\\tyokoleilu\\tyokokeilu\\vendor\\laravel\\framework\\src\\Illuminate\\Pipeline\\Pipeline.php(167): App\\Http\\Middleware\\HideDebugbar->handle(Object(Illuminate\\Http\\Request), Object(Closure))
#24 D:\\Web\\Laravel\\VarghaJob\\tyokoleilu\\tyokokeilu\\vendor\\laravel\\framework\\src\\Illuminate\\Routing\\Middleware\\SubstituteBindings.php(41): Illuminate\\Pipeline\\Pipeline->Illuminate\\Pipeline\\{closure}(Object(Illuminate\\Http\\Request))
#25 D:\\Web\\Laravel\\VarghaJob\\tyokoleilu\\tyokokeilu\\vendor\\laravel\\framework\\src\\Illuminate\\Pipeline\\Pipeline.php(167): Illuminate\\Routing\\Middleware\\SubstituteBindings->handle(Object(Illuminate\\Http\\Request), Object(Closure))
#26 D:\\Web\\Laravel\\VarghaJob\\tyokoleilu\\tyokokeilu\\vendor\\laravel\\framework\\src\\Illuminate\\Foundation\\Http\\Middleware\\VerifyCsrfToken.php(77): Illuminate\\Pipeline\\Pipeline->Illuminate\\Pipeline\\{closure}(Object(Illuminate\\Http\\Request))
#27 D:\\Web\\Laravel\\VarghaJob\\tyokoleilu\\tyokokeilu\\vendor\\laravel\\framework\\src\\Illuminate\\Pipeline\\Pipeline.php(167): Illuminate\\Foundation\\Http\\Middleware\\VerifyCsrfToken->handle(Object(Illuminate\\Http\\Request), Object(Closure))
#28 D:\\Web\\Laravel\\VarghaJob\\tyokoleilu\\tyokokeilu\\vendor\\laravel\\framework\\src\\Illuminate\\View\\Middleware\\ShareErrorsFromSession.php(49): Illuminate\\Pipeline\\Pipeline->Illuminate\\Pipeline\\{closure}(Object(Illuminate\\Http\\Request))
#29 D:\\Web\\Laravel\\VarghaJob\\tyokoleilu\\tyokokeilu\\vendor\\laravel\\framework\\src\\Illuminate\\Pipeline\\Pipeline.php(167): Illuminate\\View\\Middleware\\ShareErrorsFromSession->handle(Object(Illuminate\\Http\\Request), Object(Closure))
#30 D:\\Web\\Laravel\\VarghaJob\\tyokoleilu\\tyokokeilu\\vendor\\laravel\\framework\\src\\Illuminate\\Session\\Middleware\\StartSession.php(116): Illuminate\\Pipeline\\Pipeline->Illuminate\\Pipeline\\{closure}(Object(Illuminate\\Http\\Request))
#31 D:\\Web\\Laravel\\VarghaJob\\tyokoleilu\\tyokokeilu\\vendor\\laravel\\framework\\src\\Illuminate\\Session\\Middleware\\StartSession.php(62): Illuminate\\Session\\Middleware\\StartSession->handleStatefulRequest(Object(Illuminate\\Http\\Request), Object(Illuminate\\Session\\Store), Object(Closure))
#32 D:\\Web\\Laravel\\VarghaJob\\tyokoleilu\\tyokokeilu\\vendor\\laravel\\framework\\src\\Illuminate\\Pipeline\\Pipeline.php(167): Illuminate\\Session\\Middleware\\StartSession->handle(Object(Illuminate\\Http\\Request), Object(Closure))
#33 D:\\Web\\Laravel\\VarghaJob\\tyokoleilu\\tyokokeilu\\vendor\\laravel\\framework\\src\\Illuminate\\Cookie\\Middleware\\AddQueuedCookiesToResponse.php(37): Illuminate\\Pipeline\\Pipeline->Illuminate\\Pipeline\\{closure}(Object(Illuminate\\Http\\Request))
#34 D:\\Web\\Laravel\\VarghaJob\\tyokoleilu\\tyokokeilu\\vendor\\laravel\\framework\\src\\Illuminate\\Pipeline\\Pipeline.php(167): Illuminate\\Cookie\\Middleware\\AddQueuedCookiesToResponse->handle(Object(Illuminate\\Http\\Request), Object(Closure))
#35 D:\\Web\\Laravel\\VarghaJob\\tyokoleilu\\tyokokeilu\\vendor\\laravel\\framework\\src\\Illuminate\\Cookie\\Middleware\\EncryptCookies.php(67): Illuminate\\Pipeline\\Pipeline->Illuminate\\Pipeline\\{closure}(Object(Illuminate\\Http\\Request))
#36 D:\\Web\\Laravel\\VarghaJob\\tyokoleilu\\tyokokeilu\\vendor\\laravel\\framework\\src\\Illuminate\\Pipeline\\Pipeline.php(167): Illuminate\\Cookie\\Middleware\\EncryptCookies->handle(Object(Illuminate\\Http\\Request), Object(Closure))
#37 D:\\Web\\Laravel\\VarghaJob\\tyokoleilu\\tyokokeilu\\vendor\\laravel\\framework\\src\\Illuminate\\Pipeline\\Pipeline.php(103): Illuminate\\Pipeline\\Pipeline->Illuminate\\Pipeline\\{closure}(Object(Illuminate\\Http\\Request))
#38 D:\\Web\\Laravel\\VarghaJob\\tyokoleilu\\tyokokeilu\\vendor\\laravel\\framework\\src\\Illuminate\\Routing\\Router.php(687): Illuminate\\Pipeline\\Pipeline->then(Object(Closure))
#39 D:\\Web\\Laravel\\VarghaJob\\tyokoleilu\\tyokokeilu\\vendor\\laravel\\framework\\src\\Illuminate\\Routing\\Router.php(662): Illuminate\\Routing\\Router->runRouteWithinStack(Object(Illuminate\\Routing\\Route), Object(Illuminate\\Http\\Request))
#40 D:\\Web\\Laravel\\VarghaJob\\tyokoleilu\\tyokokeilu\\vendor\\laravel\\framework\\src\\Illuminate\\Routing\\Router.php(628): Illuminate\\Routing\\Router->runRoute(Object(Illuminate\\Http\\Request), Object(Illuminate\\Routing\\Route))
#41 D:\\Web\\Laravel\\VarghaJob\\tyokoleilu\\tyokokeilu\\vendor\\laravel\\framework\\src\\Illuminate\\Routing\\Router.php(617): Illuminate\\Routing\\Router->dispatchToRoute(Object(Illuminate\\Http\\Request))
#42 D:\\Web\\Laravel\\VarghaJob\\tyokoleilu\\tyokokeilu\\vendor\\laravel\\framework\\src\\Illuminate\\Foundation\\Http\\Kernel.php(165): Illuminate\\Routing\\Router->dispatch(Object(Illuminate\\Http\\Request))
#43 D:\\Web\\Laravel\\VarghaJob\\tyokoleilu\\tyokokeilu\\vendor\\laravel\\framework\\src\\Illuminate\\Pipeline\\Pipeline.php(128): Illuminate\\Foundation\\Http\\Kernel->Illuminate\\Foundation\\Http\\{closure}(Object(Illuminate\\Http\\Request))
#44 D:\\Web\\Laravel\\VarghaJob\\tyokoleilu\\tyokokeilu\\vendor\\barryvdh\\laravel-debugbar\\src\\Middleware\\InjectDebugbar.php(67): Illuminate\\Pipeline\\Pipeline->Illuminate\\Pipeline\\{closure}(Object(Illuminate\\Http\\Request))
#45 D:\\Web\\Laravel\\VarghaJob\\tyokoleilu\\tyokokeilu\\vendor\\laravel\\framework\\src\\Illuminate\\Pipeline\\Pipeline.php(167): Barryvdh\\Debugbar\\Middleware\\InjectDebugbar->handle(Object(Illuminate\\Http\\Request), Object(Closure))
#46 D:\\Web\\Laravel\\VarghaJob\\tyokoleilu\\tyokokeilu\\app\\Http\\Middleware\\RedirectForMultiLanguage.php(113): Illuminate\\Pipeline\\Pipeline->Illuminate\\Pipeline\\{closure}(Object(Illuminate\\Http\\Request))
#47 D:\\Web\\Laravel\\VarghaJob\\tyokoleilu\\tyokokeilu\\vendor\\laravel\\framework\\src\\Illuminate\\Pipeline\\Pipeline.php(167): App\\Http\\Middleware\\RedirectForMultiLanguage->handle(Object(Illuminate\\Http\\Request), Object(Closure))
#48 D:\\Web\\Laravel\\VarghaJob\\tyokoleilu\\tyokokeilu\\app\\Http\\Middleware\\InitConfigsFromDatabase.php(189): Illuminate\\Pipeline\\Pipeline->Illuminate\\Pipeline\\{closure}(Object(Illuminate\\Http\\Request))
#49 D:\\Web\\Laravel\\VarghaJob\\tyokoleilu\\tyokokeilu\\vendor\\laravel\\framework\\src\\Illuminate\\Pipeline\\Pipeline.php(167): App\\Http\\Middleware\\InitConfigsFromDatabase->handle(Object(Illuminate\\Http\\Request), Object(Closure))
#50 D:\\Web\\Laravel\\VarghaJob\\tyokoleilu\\tyokokeilu\\vendor\\fideloper\\proxy\\src\\TrustProxies.php(57): Illuminate\\Pipeline\\Pipeline->Illuminate\\Pipeline\\{closure}(Object(Illuminate\\Http\\Request))
#51 D:\\Web\\Laravel\\VarghaJob\\tyokoleilu\\tyokokeilu\\vendor\\laravel\\framework\\src\\Illuminate\\Pipeline\\Pipeline.php(167): Fideloper\\Proxy\\TrustProxies->handle(Object(Illuminate\\Http\\Request), Object(Closure))
#52 D:\\Web\\Laravel\\VarghaJob\\tyokoleilu\\tyokokeilu\\vendor\\laravel\\framework\\src\\Illuminate\\Foundation\\Http\\Middleware\\TransformsRequest.php(21): Illuminate\\Pipeline\\Pipeline->Illuminate\\Pipeline\\{closure}(Object(Illuminate\\Http\\Request))
#53 D:\\Web\\Laravel\\VarghaJob\\tyokoleilu\\tyokokeilu\\vendor\\laravel\\framework\\src\\Illuminate\\Pipeline\\Pipeline.php(167): Illuminate\\Foundation\\Http\\Middleware\\TransformsRequest->handle(Object(Illuminate\\Http\\Request), Object(Closure))
#54 D:\\Web\\Laravel\\VarghaJob\\tyokoleilu\\tyokokeilu\\vendor\\laravel\\framework\\src\\Illuminate\\Foundation\\Http\\Middleware\\TransformsRequest.php(21): Illuminate\\Pipeline\\Pipeline->Illuminate\\Pipeline\\{closure}(Object(Illuminate\\Http\\Request))
#55 D:\\Web\\Laravel\\VarghaJob\\tyokoleilu\\tyokokeilu\\vendor\\laravel\\framework\\src\\Illuminate\\Pipeline\\Pipeline.php(167): Illuminate\\Foundation\\Http\\Middleware\\TransformsRequest->handle(Object(Illuminate\\Http\\Request), Object(Closure))
#56 D:\\Web\\Laravel\\VarghaJob\\tyokoleilu\\tyokokeilu\\vendor\\laravel\\framework\\src\\Illuminate\\Foundation\\Http\\Middleware\\ValidatePostSize.php(27): Illuminate\\Pipeline\\Pipeline->Illuminate\\Pipeline\\{closure}(Object(Illuminate\\Http\\Request))
#57 D:\\Web\\Laravel\\VarghaJob\\tyokoleilu\\tyokokeilu\\vendor\\laravel\\framework\\src\\Illuminate\\Pipeline\\Pipeline.php(167): Illuminate\\Foundation\\Http\\Middleware\\ValidatePostSize->handle(Object(Illuminate\\Http\\Request), Object(Closure))
#58 D:\\Web\\Laravel\\VarghaJob\\tyokoleilu\\tyokokeilu\\vendor\\laravel\\framework\\src\\Illuminate\\Foundation\\Http\\Middleware\\CheckForMaintenanceMode.php(63): Illuminate\\Pipeline\\Pipeline->Illuminate\\Pipeline\\{closure}(Object(Illuminate\\Http\\Request))
#59 D:\\Web\\Laravel\\VarghaJob\\tyokoleilu\\tyokokeilu\\vendor\\laravel\\framework\\src\\Illuminate\\Pipeline\\Pipeline.php(167): Illuminate\\Foundation\\Http\\Middleware\\CheckForMaintenanceMode->handle(Object(Illuminate\\Http\\Request), Object(Closure))
#60 D:\\Web\\Laravel\\VarghaJob\\tyokoleilu\\tyokokeilu\\app\\Http\\Middleware\\RedirectToInstaller.php(63): Illuminate\\Pipeline\\Pipeline->Illuminate\\Pipeline\\{closure}(Object(Illuminate\\Http\\Request))
#61 D:\\Web\\Laravel\\VarghaJob\\tyokoleilu\\tyokokeilu\\vendor\\laravel\\framework\\src\\Illuminate\\Pipeline\\Pipeline.php(167): App\\Http\\Middleware\\RedirectToInstaller->handle(Object(Illuminate\\Http\\Request), Object(Closure))
#62 D:\\Web\\Laravel\\VarghaJob\\tyokoleilu\\tyokokeilu\\vendor\\laravel\\framework\\src\\Illuminate\\Pipeline\\Pipeline.php(103): Illuminate\\Pipeline\\Pipeline->Illuminate\\Pipeline\\{closure}(Object(Illuminate\\Http\\Request))
#63 D:\\Web\\Laravel\\VarghaJob\\tyokoleilu\\tyokokeilu\\vendor\\laravel\\framework\\src\\Illuminate\\Foundation\\Http\\Kernel.php(140): Illuminate\\Pipeline\\Pipeline->then(Object(Closure))
#64 D:\\Web\\Laravel\\VarghaJob\\tyokoleilu\\tyokokeilu\\vendor\\laravel\\framework\\src\\Illuminate\\Foundation\\Http\\Kernel.php(109): Illuminate\\Foundation\\Http\\Kernel->sendRequestThroughRouter(Object(Illuminate\\Http\\Request))
#65 D:\\Web\\Laravel\\VarghaJob\\tyokoleilu\\tyokokeilu\\public\\index.php(129): Illuminate\\Foundation\\Http\\Kernel->handle(Object(Illuminate\\Http\\Request))
#66 {main}

[previous exception] [object] (Doctrine\\DBAL\\Driver\\PDOException(code: 42S22): SQLSTATE[42S22]: Column not found: 1054 Unknown column 'type' in 'where clause' at D:\\Web\\Laravel\\VarghaJob\\tyokoleilu\\tyokokeilu\\vendor\\doctrine\\dbal\\lib\\Doctrine\\DBAL\\Driver\\PDOConnection.php:72)
[stacktrace]
#0 D:\\Web\\Laravel\\VarghaJob\\tyokoleilu\\tyokokeilu\\vendor\\laravel\\framework\\src\\Illuminate\\Database\\Connection.php(331): Doctrine\\DBAL\\Driver\\PDOConnection->prepare('select count(*)...')
#1 D:\\Web\\Laravel\\VarghaJob\\tyokoleilu\\tyokokeilu\\vendor\\laravel\\framework\\src\\Illuminate\\Database\\Connection.php(664): Illuminate\\Database\\Connection->Illuminate\\Database\\{closure}('select count(*)...', Array)
#2 D:\\Web\\Laravel\\VarghaJob\\tyokoleilu\\tyokokeilu\\vendor\\laravel\\framework\\src\\Illuminate\\Database\\Connection.php(631): Illuminate\\Database\\Connection->runQueryCallback('select count(*)...', Array, Object(Closure))
#3 D:\\Web\\Laravel\\VarghaJob\\tyokoleilu\\tyokokeilu\\vendor\\laravel\\framework\\src\\Illuminate\\Database\\Connection.php(339): Illuminate\\Database\\Connection->run('select count(*)...', Array, Object(Closure))
#4 D:\\Web\\Laravel\\VarghaJob\\tyokoleilu\\tyokokeilu\\vendor\\laravel\\framework\\src\\Illuminate\\Database\\Query\\Builder.php(2260): Illuminate\\Database\\Connection->select('select count(*)...', Array, true)
#5 D:\\Web\\Laravel\\VarghaJob\\tyokoleilu\\tyokokeilu\\vendor\\laravel\\framework\\src\\Illuminate\\Database\\Query\\Builder.php(2248): Illuminate\\Database\\Query\\Builder->runSelect()
#6 D:\\Web\\Laravel\\VarghaJob\\tyokoleilu\\tyokokeilu\\vendor\\laravel\\framework\\src\\Illuminate\\Database\\Query\\Builder.php(2743): Illuminate\\Database\\Query\\Builder->Illuminate\\Database\\Query\\{closure}()
#7 D:\\Web\\Laravel\\VarghaJob\\tyokoleilu\\tyokokeilu\\vendor\\laravel\\framework\\src\\Illuminate\\Database\\Query\\Builder.php(2249): Illuminate\\Database\\Query\\Builder->onceWithColumns(Array, Object(Closure))
#8 D:\\Web\\Laravel\\VarghaJob\\tyokoleilu\\tyokokeilu\\vendor\\laravel\\framework\\src\\Illuminate\\Database\\Query\\Builder.php(2351): Illuminate\\Database\\Query\\Builder->get()
#9 D:\\Web\\Laravel\\VarghaJob\\tyokoleilu\\tyokokeilu\\vendor\\laravel\\framework\\src\\Illuminate\\Database\\Query\\Builder.php(2318): Illuminate\\Database\\Query\\Builder->runPaginationCountQuery(Array)
#10 D:\\Web\\Laravel\\VarghaJob\\tyokoleilu\\tyokokeilu\\vendor\\laravel\\framework\\src\\Illuminate\\Database\\Eloquent\\Builder.php(730): Illuminate\\Database\\Query\\Builder->getCountForPagination()
#11 D:\\Web\\Laravel\\VarghaJob\\tyokoleilu\\tyokokeilu\\modules\\Job\\Models\\Job.php(877): Illuminate\\Database\\Eloquent\\Builder->paginate(9)
#12 [internal function]: Modules\\Job\\Models\\Job::search(Object(Illuminate\\Http\\Request))
#13 D:\\Web\\Laravel\\VarghaJob\\tyokoleilu\\tyokokeilu\\modules\\Job\\Controllers\\JobController.php(32): call_user_func(Array, Object(Illuminate\\Http\\Request))
#14 [internal function]: Modules\\Job\\Controllers\\JobController->index(Object(Illuminate\\Http\\Request))
#15 D:\\Web\\Laravel\\VarghaJob\\tyokoleilu\\tyokokeilu\\vendor\\laravel\\framework\\src\\Illuminate\\Routing\\Controller.php(54): call_user_func_array(Array, Array)
#16 D:\\Web\\Laravel\\VarghaJob\\tyokoleilu\\tyokokeilu\\modules\\Job\\Controllers\\JobController.php(27): Illuminate\\Routing\\Controller->callAction('index', Array)
#17 D:\\Web\\Laravel\\VarghaJob\\tyokoleilu\\tyokokeilu\\vendor\\laravel\\framework\\src\\Illuminate\\Routing\\ControllerDispatcher.php(45): Modules\\Job\\Controllers\\JobController->callAction('index', Array)
#18 D:\\Web\\Laravel\\VarghaJob\\tyokoleilu\\tyokokeilu\\vendor\\laravel\\framework\\src\\Illuminate\\Routing\\Route.php(239): Illuminate\\Routing\\ControllerDispatcher->dispatch(Object(Illuminate\\Routing\\Route), Object(Modules\\Job\\Controllers\\JobController), 'index')
#19 D:\\Web\\Laravel\\VarghaJob\\tyokoleilu\\tyokokeilu\\vendor\\laravel\\framework\\src\\Illuminate\\Routing\\Route.php(196): Illuminate\\Routing\\Route->runController()
#20 D:\\Web\\Laravel\\VarghaJob\\tyokoleilu\\tyokokeilu\\vendor\\laravel\\framework\\src\\Illuminate\\Routing\\Router.php(685): Illuminate\\Routing\\Route->run()
#21 D:\\Web\\Laravel\\VarghaJob\\tyokoleilu\\tyokokeilu\\vendor\\laravel\\framework\\src\\Illuminate\\Pipeline\\Pipeline.php(128): Illuminate\\Routing\\Router->Illuminate\\Routing\\{closure}(Object(Illuminate\\Http\\Request))
#22 D:\\Web\\Laravel\\VarghaJob\\tyokoleilu\\tyokokeilu\\app\\Http\\Middleware\\SetCurrentCurrency.php(95): Illuminate\\Pipeline\\Pipeline->Illuminate\\Pipeline\\{closure}(Object(Illuminate\\Http\\Request))
#23 D:\\Web\\Laravel\\VarghaJob\\tyokoleilu\\tyokokeilu\\vendor\\laravel\\framework\\src\\Illuminate\\Pipeline\\Pipeline.php(167): App\\Http\\Middleware\\SetCurrentCurrency->handle(Object(Illuminate\\Http\\Request), Object(Closure))
#24 D:\\Web\\Laravel\\VarghaJob\\tyokoleilu\\tyokokeilu\\app\\Http\\Middleware\\HideDebugbar.php(49): Illuminate\\Pipeline\\Pipeline->Illuminate\\Pipeline\\{closure}(Object(Illuminate\\Http\\Request))
#25 D:\\Web\\Laravel\\VarghaJob\\tyokoleilu\\tyokokeilu\\vendor\\laravel\\framework\\src\\Illuminate\\Pipeline\\Pipeline.php(167): App\\Http\\Middleware\\HideDebugbar->handle(Object(Illuminate\\Http\\Request), Object(Closure))
#26 D:\\Web\\Laravel\\VarghaJob\\tyokoleilu\\tyokokeilu\\vendor\\laravel\\framework\\src\\Illuminate\\Routing\\Middleware\\SubstituteBindings.php(41): Illuminate\\Pipeline\\Pipeline->Illuminate\\Pipeline\\{closure}(Object(Illuminate\\Http\\Request))
#27 D:\\Web\\Laravel\\VarghaJob\\tyokoleilu\\tyokokeilu\\vendor\\laravel\\framework\\src\\Illuminate\\Pipeline\\Pipeline.php(167): Illuminate\\Routing\\Middleware\\SubstituteBindings->handle(Object(Illuminate\\Http\\Request), Object(Closure))
#28 D:\\Web\\Laravel\\VarghaJob\\tyokoleilu\\tyokokeilu\\vendor\\laravel\\framework\\src\\Illuminate\\Foundation\\Http\\Middleware\\VerifyCsrfToken.php(77): Illuminate\\Pipeline\\Pipeline->Illuminate\\Pipeline\\{closure}(Object(Illuminate\\Http\\Request))
#29 D:\\Web\\Laravel\\VarghaJob\\tyokoleilu\\tyokokeilu\\vendor\\laravel\\framework\\src\\Illuminate\\Pipeline\\Pipeline.php(167): Illuminate\\Foundation\\Http\\Middleware\\VerifyCsrfToken->handle(Object(Illuminate\\Http\\Request), Object(Closure))
#30 D:\\Web\\Laravel\\VarghaJob\\tyokoleilu\\tyokokeilu\\vendor\\laravel\\framework\\src\\Illuminate\\View\\Middleware\\ShareErrorsFromSession.php(49): Illuminate\\Pipeline\\Pipeline->Illuminate\\Pipeline\\{closure}(Object(Illuminate\\Http\\Request))
#31 D:\\Web\\Laravel\\VarghaJob\\tyokoleilu\\tyokokeilu\\vendor\\laravel\\framework\\src\\Illuminate\\Pipeline\\Pipeline.php(167): Illuminate\\View\\Middleware\\ShareErrorsFromSession->handle(Object(Illuminate\\Http\\Request), Object(Closure))
#32 D:\\Web\\Laravel\\VarghaJob\\tyokoleilu\\tyokokeilu\\vendor\\laravel\\framework\\src\\Illuminate\\Session\\Middleware\\StartSession.php(116): Illuminate\\Pipeline\\Pipeline->Illuminate\\Pipeline\\{closure}(Object(Illuminate\\Http\\Request))
#33 D:\\Web\\Laravel\\VarghaJob\\tyokoleilu\\tyokokeilu\\vendor\\laravel\\framework\\src\\Illuminate\\Session\\Middleware\\StartSession.php(62): Illuminate\\Session\\Middleware\\StartSession->handleStatefulRequest(Object(Illuminate\\Http\\Request), Object(Illuminate\\Session\\Store), Object(Closure))
#34 D:\\Web\\Laravel\\VarghaJob\\tyokoleilu\\tyokokeilu\\vendor\\laravel\\framework\\src\\Illuminate\\Pipeline\\Pipeline.php(167): Illuminate\\Session\\Middleware\\StartSession->handle(Object(Illuminate\\Http\\Request), Object(Closure))
#35 D:\\Web\\Laravel\\VarghaJob\\tyokoleilu\\tyokokeilu\\vendor\\laravel\\framework\\src\\Illuminate\\Cookie\\Middleware\\AddQueuedCookiesToResponse.php(37): Illuminate\\Pipeline\\Pipeline->Illuminate\\Pipeline\\{closure}(Object(Illuminate\\Http\\Request))
#36 D:\\Web\\Laravel\\VarghaJob\\tyokoleilu\\tyokokeilu\\vendor\\laravel\\framework\\src\\Illuminate\\Pipeline\\Pipeline.php(167): Illuminate\\Cookie\\Middleware\\AddQueuedCookiesToResponse->handle(Object(Illuminate\\Http\\Request), Object(Closure))
#37 D:\\Web\\Laravel\\VarghaJob\\tyokoleilu\\tyokokeilu\\vendor\\laravel\\framework\\src\\Illuminate\\Cookie\\Middleware\\EncryptCookies.php(67): Illuminate\\Pipeline\\Pipeline->Illuminate\\Pipeline\\{closure}(Object(Illuminate\\Http\\Request))
#38 D:\\Web\\Laravel\\VarghaJob\\tyokoleilu\\tyokokeilu\\vendor\\laravel\\framework\\src\\Illuminate\\Pipeline\\Pipeline.php(167): Illuminate\\Cookie\\Middleware\\EncryptCookies->handle(Object(Illuminate\\Http\\Request), Object(Closure))
#39 D:\\Web\\Laravel\\VarghaJob\\tyokoleilu\\tyokokeilu\\vendor\\laravel\\framework\\src\\Illuminate\\Pipeline\\Pipeline.php(103): Illuminate\\Pipeline\\Pipeline->Illuminate\\Pipeline\\{closure}(Object(Illuminate\\Http\\Request))
#40 D:\\Web\\Laravel\\VarghaJob\\tyokoleilu\\tyokokeilu\\vendor\\laravel\\framework\\src\\Illuminate\\Routing\\Router.php(687): Illuminate\\Pipeline\\Pipeline->then(Object(Closure))
#41 D:\\Web\\Laravel\\VarghaJob\\tyokoleilu\\tyokokeilu\\vendor\\laravel\\framework\\src\\Illuminate\\Routing\\Router.php(662): Illuminate\\Routing\\Router->runRouteWithinStack(Object(Illuminate\\Routing\\Route), Object(Illuminate\\Http\\Request))
#42 D:\\Web\\Laravel\\VarghaJob\\tyokoleilu\\tyokokeilu\\vendor\\laravel\\framework\\src\\Illuminate\\Routing\\Router.php(628): Illuminate\\Routing\\Router->runRoute(Object(Illuminate\\Http\\Request), Object(Illuminate\\Routing\\Route))
#43 D:\\Web\\Laravel\\VarghaJob\\tyokoleilu\\tyokokeilu\\vendor\\laravel\\framework\\src\\Illuminate\\Routing\\Router.php(617): Illuminate\\Routing\\Router->dispatchToRoute(Object(Illuminate\\Http\\Request))
#44 D:\\Web\\Laravel\\VarghaJob\\tyokoleilu\\tyokokeilu\\vendor\\laravel\\framework\\src\\Illuminate\\Foundation\\Http\\Kernel.php(165): Illuminate\\Routing\\Router->dispatch(Object(Illuminate\\Http\\Request))
#45 D:\\Web\\Laravel\\VarghaJob\\tyokoleilu\\tyokokeilu\\vendor\\laravel\\framework\\src\\Illuminate\\Pipeline\\Pipeline.php(128): Illuminate\\Foundation\\Http\\Kernel->Illuminate\\Foundation\\Http\\{closure}(Object(Illuminate\\Http\\Request))
#46 D:\\Web\\Laravel\\VarghaJob\\tyokoleilu\\tyokokeilu\\vendor\\barryvdh\\laravel-debugbar\\src\\Middleware\\InjectDebugbar.php(67): Illuminate\\Pipeline\\Pipeline->Illuminate\\Pipeline\\{closure}(Object(Illuminate\\Http\\Request))
#47 D:\\Web\\Laravel\\VarghaJob\\tyokoleilu\\tyokokeilu\\vendor\\laravel\\framework\\src\\Illuminate\\Pipeline\\Pipeline.php(167): Barryvdh\\Debugbar\\Middleware\\InjectDebugbar->handle(Object(Illuminate\\Http\\Request), Object(Closure))
#48 D:\\Web\\Laravel\\VarghaJob\\tyokoleilu\\tyokokeilu\\app\\Http\\Middleware\\RedirectForMultiLanguage.php(113): Illuminate\\Pipeline\\Pipeline->Illuminate\\Pipeline\\{closure}(Object(Illuminate\\Http\\Request))
#49 D:\\Web\\Laravel\\VarghaJob\\tyokoleilu\\tyokokeilu\\vendor\\laravel\\framework\\src\\Illuminate\\Pipeline\\Pipeline.php(167): App\\Http\\Middleware\\RedirectForMultiLanguage->handle(Object(Illuminate\\Http\\Request), Object(Closure))
#50 D:\\Web\\Laravel\\VarghaJob\\tyokoleilu\\tyokokeilu\\app\\Http\\Middleware\\InitConfigsFromDatabase.php(189): Illuminate\\Pipeline\\Pipeline->Illuminate\\Pipeline\\{closure}(Object(Illuminate\\Http\\Request))
#51 D:\\Web\\Laravel\\VarghaJob\\tyokoleilu\\tyokokeilu\\vendor\\laravel\\framework\\src\\Illuminate\\Pipeline\\Pipeline.php(167): App\\Http\\Middleware\\InitConfigsFromDatabase->handle(Object(Illuminate\\Http\\Request), Object(Closure))
#52 D:\\Web\\Laravel\\VarghaJob\\tyokoleilu\\tyokokeilu\\vendor\\fideloper\\proxy\\src\\TrustProxies.php(57): Illuminate\\Pipeline\\Pipeline->Illuminate\\Pipeline\\{closure}(Object(Illuminate\\Http\\Request))
#53 D:\\Web\\Laravel\\VarghaJob\\tyokoleilu\\tyokokeilu\\vendor\\laravel\\framework\\src\\Illuminate\\Pipeline\\Pipeline.php(167): Fideloper\\Proxy\\TrustProxies->handle(Object(Illuminate\\Http\\Request), Object(Closure))
#54 D:\\Web\\Laravel\\VarghaJob\\tyokoleilu\\tyokokeilu\\vendor\\laravel\\framework\\src\\Illuminate\\Foundation\\Http\\Middleware\\TransformsRequest.php(21): Illuminate\\Pipeline\\Pipeline->Illuminate\\Pipeline\\{closure}(Object(Illuminate\\Http\\Request))
#55 D:\\Web\\Laravel\\VarghaJob\\tyokoleilu\\tyokokeilu\\vendor\\laravel\\framework\\src\\Illuminate\\Pipeline\\Pipeline.php(167): Illuminate\\Foundation\\Http\\Middleware\\TransformsRequest->handle(Object(Illuminate\\Http\\Request), Object(Closure))
#56 D:\\Web\\Laravel\\VarghaJob\\tyokoleilu\\tyokokeilu\\vendor\\laravel\\framework\\src\\Illuminate\\Foundation\\Http\\Middleware\\TransformsRequest.php(21): Illuminate\\Pipeline\\Pipeline->Illuminate\\Pipeline\\{closure}(Object(Illuminate\\Http\\Request))
#57 D:\\Web\\Laravel\\VarghaJob\\tyokoleilu\\tyokokeilu\\vendor\\laravel\\framework\\src\\Illuminate\\Pipeline\\Pipeline.php(167): Illuminate\\Foundation\\Http\\Middleware\\TransformsRequest->handle(Object(Illuminate\\Http\\Request), Object(Closure))
#58 D:\\Web\\Laravel\\VarghaJob\\tyokoleilu\\tyokokeilu\\vendor\\laravel\\framework\\src\\Illuminate\\Foundation\\Http\\Middleware\\ValidatePostSize.php(27): Illuminate\\Pipeline\\Pipeline->Illuminate\\Pipeline\\{closure}(Object(Illuminate\\Http\\Request))
#59 D:\\Web\\Laravel\\VarghaJob\\tyokoleilu\\tyokokeilu\\vendor\\laravel\\framework\\src\\Illuminate\\Pipeline\\Pipeline.php(167): Illuminate\\Foundation\\Http\\Middleware\\ValidatePostSize->handle(Object(Illuminate\\Http\\Request), Object(Closure))
#60 D:\\Web\\Laravel\\VarghaJob\\tyokoleilu\\tyokokeilu\\vendor\\laravel\\framework\\src\\Illuminate\\Foundation\\Http\\Middleware\\CheckForMaintenanceMode.php(63): Illuminate\\Pipeline\\Pipeline->Illuminate\\Pipeline\\{closure}(Object(Illuminate\\Http\\Request))
#61 D:\\Web\\Laravel\\VarghaJob\\tyokoleilu\\tyokokeilu\\vendor\\laravel\\framework\\src\\Illuminate\\Pipeline\\Pipeline.php(167): Illuminate\\Foundation\\Http\\Middleware\\CheckForMaintenanceMode->handle(Object(Illuminate\\Http\\Request), Object(Closure))
#62 D:\\Web\\Laravel\\VarghaJob\\tyokoleilu\\tyokokeilu\\app\\Http\\Middleware\\RedirectToInstaller.php(63): Illuminate\\Pipeline\\Pipeline->Illuminate\\Pipeline\\{closure}(Object(Illuminate\\Http\\Request))
#63 D:\\Web\\Laravel\\VarghaJob\\tyokoleilu\\tyokokeilu\\vendor\\laravel\\framework\\src\\Illuminate\\Pipeline\\Pipeline.php(167): App\\Http\\Middleware\\RedirectToInstaller->handle(Object(Illuminate\\Http\\Request), Object(Closure))
#64 D:\\Web\\Laravel\\VarghaJob\\tyokoleilu\\tyokokeilu\\vendor\\laravel\\framework\\src\\Illuminate\\Pipeline\\Pipeline.php(103): Illuminate\\Pipeline\\Pipeline->Illuminate\\Pipeline\\{closure}(Object(Illuminate\\Http\\Request))
#65 D:\\Web\\Laravel\\VarghaJob\\tyokoleilu\\tyokokeilu\\vendor\\laravel\\framework\\src\\Illuminate\\Foundation\\Http\\Kernel.php(140): Illuminate\\Pipeline\\Pipeline->then(Object(Closure))
#66 D:\\Web\\Laravel\\VarghaJob\\tyokoleilu\\tyokokeilu\\vendor\\laravel\\framework\\src\\Illuminate\\Foundation\\Http\\Kernel.php(109): Illuminate\\Foundation\\Http\\Kernel->sendRequestThroughRouter(Object(Illuminate\\Http\\Request))
#67 D:\\Web\\Laravel\\VarghaJob\\tyokoleilu\\tyokokeilu\\public\\index.php(129): Illuminate\\Foundation\\Http\\Kernel->handle(Object(Illuminate\\Http\\Request))
#68 {main}

[previous exception] [object] (PDOException(code: 42S22): SQLSTATE[42S22]: Column not found: 1054 Unknown column 'type' in 'where clause' at D:\\Web\\Laravel\\VarghaJob\\tyokoleilu\\tyokokeilu\\vendor\\doctrine\\dbal\\lib\\Doctrine\\DBAL\\Driver\\PDOConnection.php:67)
[stacktrace]
#0 D:\\Web\\Laravel\\VarghaJob\\tyokoleilu\\tyokokeilu\\vendor\\doctrine\\dbal\\lib\\Doctrine\\DBAL\\Driver\\PDOConnection.php(67): PDO->prepare('select count(*)...', Array)
#1 D:\\Web\\Laravel\\VarghaJob\\tyokoleilu\\tyokokeilu\\vendor\\laravel\\framework\\src\\Illuminate\\Database\\Connection.php(331): Doctrine\\DBAL\\Driver\\PDOConnection->prepare('select count(*)...')
#2 D:\\Web\\Laravel\\VarghaJob\\tyokoleilu\\tyokokeilu\\vendor\\laravel\\framework\\src\\Illuminate\\Database\\Connection.php(664): Illuminate\\Database\\Connection->Illuminate\\Database\\{closure}('select count(*)...', Array)
#3 D:\\Web\\Laravel\\VarghaJob\\tyokoleilu\\tyokokeilu\\vendor\\laravel\\framework\\src\\Illuminate\\Database\\Connection.php(631): Illuminate\\Database\\Connection->runQueryCallback('select count(*)...', Array, Object(Closure))
#4 D:\\Web\\Laravel\\VarghaJob\\tyokoleilu\\tyokokeilu\\vendor\\laravel\\framework\\src\\Illuminate\\Database\\Connection.php(339): Illuminate\\Database\\Connection->run('select count(*)...', Array, Object(Closure))
#5 D:\\Web\\Laravel\\VarghaJob\\tyokoleilu\\tyokokeilu\\vendor\\laravel\\framework\\src\\Illuminate\\Database\\Query\\Builder.php(2260): Illuminate\\Database\\Connection->select('select count(*)...', Array, true)
#6 D:\\Web\\Laravel\\VarghaJob\\tyokoleilu\\tyokokeilu\\vendor\\laravel\\framework\\src\\Illuminate\\Database\\Query\\Builder.php(2248): Illuminate\\Database\\Query\\Builder->runSelect()
#7 D:\\Web\\Laravel\\VarghaJob\\tyokoleilu\\tyokokeilu\\vendor\\laravel\\framework\\src\\Illuminate\\Database\\Query\\Builder.php(2743): Illuminate\\Database\\Query\\Builder->Illuminate\\Database\\Query\\{closure}()
#8 D:\\Web\\Laravel\\VarghaJob\\tyokoleilu\\tyokokeilu\\vendor\\laravel\\framework\\src\\Illuminate\\Database\\Query\\Builder.php(2249): Illuminate\\Database\\Query\\Builder->onceWithColumns(Array, Object(Closure))
#9 D:\\Web\\Laravel\\VarghaJob\\tyokoleilu\\tyokokeilu\\vendor\\laravel\\framework\\src\\Illuminate\\Database\\Query\\Builder.php(2351): Illuminate\\Database\\Query\\Builder->get()
#10 D:\\Web\\Laravel\\VarghaJob\\tyokoleilu\\tyokokeilu\\vendor\\laravel\\framework\\src\\Illuminate\\Database\\Query\\Builder.php(2318): Illuminate\\Database\\Query\\Builder->runPaginationCountQuery(Array)
#11 D:\\Web\\Laravel\\VarghaJob\\tyokoleilu\\tyokokeilu\\vendor\\laravel\\framework\\src\\Illuminate\\Database\\Eloquent\\Builder.php(730): Illuminate\\Database\\Query\\Builder->getCountForPagination()
#12 D:\\Web\\Laravel\\VarghaJob\\tyokoleilu\\tyokokeilu\\modules\\Job\\Models\\Job.php(877): Illuminate\\Database\\Eloquent\\Builder->paginate(9)
#13 [internal function]: Modules\\Job\\Models\\Job::search(Object(Illuminate\\Http\\Request))
#14 D:\\Web\\Laravel\\VarghaJob\\tyokoleilu\\tyokokeilu\\modules\\Job\\Controllers\\JobController.php(32): call_user_func(Array, Object(Illuminate\\Http\\Request))
#15 [internal function]: Modules\\Job\\Controllers\\JobController->index(Object(Illuminate\\Http\\Request))
#16 D:\\Web\\Laravel\\VarghaJob\\tyokoleilu\\tyokokeilu\\vendor\\laravel\\framework\\src\\Illuminate\\Routing\\Controller.php(54): call_user_func_array(Array, Array)
#17 D:\\Web\\Laravel\\VarghaJob\\tyokoleilu\\tyokokeilu\\modules\\Job\\Controllers\\JobController.php(27): Illuminate\\Routing\\Controller->callAction('index', Array)
#18 D:\\Web\\Laravel\\VarghaJob\\tyokoleilu\\tyokokeilu\\vendor\\laravel\\framework\\src\\Illuminate\\Routing\\ControllerDispatcher.php(45): Modules\\Job\\Controllers\\JobController->callAction('index', Array)
#19 D:\\Web\\Laravel\\VarghaJob\\tyokoleilu\\tyokokeilu\\vendor\\laravel\\framework\\src\\Illuminate\\Routing\\Route.php(239): Illuminate\\Routing\\ControllerDispatcher->dispatch(Object(Illuminate\\Routing\\Route), Object(Modules\\Job\\Controllers\\JobController), 'index')
#20 D:\\Web\\Laravel\\VarghaJob\\tyokoleilu\\tyokokeilu\\vendor\\laravel\\framework\\src\\Illuminate\\Routing\\Route.php(196): Illuminate\\Routing\\Route->runController()
#21 D:\\Web\\Laravel\\VarghaJob\\tyokoleilu\\tyokokeilu\\vendor\\laravel\\framework\\src\\Illuminate\\Routing\\Router.php(685): Illuminate\\Routing\\Route->run()
#22 D:\\Web\\Laravel\\VarghaJob\\tyokoleilu\\tyokokeilu\\vendor\\laravel\\framework\\src\\Illuminate\\Pipeline\\Pipeline.php(128): Illuminate\\Routing\\Router->Illuminate\\Routing\\{closure}(Object(Illuminate\\Http\\Request))
#23 D:\\Web\\Laravel\\VarghaJob\\tyokoleilu\\tyokokeilu\\app\\Http\\Middleware\\SetCurrentCurrency.php(95): Illuminate\\Pipeline\\Pipeline->Illuminate\\Pipeline\\{closure}(Object(Illuminate\\Http\\Request))
#24 D:\\Web\\Laravel\\VarghaJob\\tyokoleilu\\tyokokeilu\\vendor\\laravel\\framework\\src\\Illuminate\\Pipeline\\Pipeline.php(167): App\\Http\\Middleware\\SetCurrentCurrency->handle(Object(Illuminate\\Http\\Request), Object(Closure))
#25 D:\\Web\\Laravel\\VarghaJob\\tyokoleilu\\tyokokeilu\\app\\Http\\Middleware\\HideDebugbar.php(49): Illuminate\\Pipeline\\Pipeline->Illuminate\\Pipeline\\{closure}(Object(Illuminate\\Http\\Request))
#26 D:\\Web\\Laravel\\VarghaJob\\tyokoleilu\\tyokokeilu\\vendor\\laravel\\framework\\src\\Illuminate\\Pipeline\\Pipeline.php(167): App\\Http\\Middleware\\HideDebugbar->handle(Object(Illuminate\\Http\\Request), Object(Closure))
#27 D:\\Web\\Laravel\\VarghaJob\\tyokoleilu\\tyokokeilu\\vendor\\laravel\\framework\\src\\Illuminate\\Routing\\Middleware\\SubstituteBindings.php(41): Illuminate\\Pipeline\\Pipeline->Illuminate\\Pipeline\\{closure}(Object(Illuminate\\Http\\Request))
#28 D:\\Web\\Laravel\\VarghaJob\\tyokoleilu\\tyokokeilu\\vendor\\laravel\\framework\\src\\Illuminate\\Pipeline\\Pipeline.php(167): Illuminate\\Routing\\Middleware\\SubstituteBindings->handle(Object(Illuminate\\Http\\Request), Object(Closure))
#29 D:\\Web\\Laravel\\VarghaJob\\tyokoleilu\\tyokokeilu\\vendor\\laravel\\framework\\src\\Illuminate\\Foundation\\Http\\Middleware\\VerifyCsrfToken.php(77): Illuminate\\Pipeline\\Pipeline->Illuminate\\Pipeline\\{closure}(Object(Illuminate\\Http\\Request))
#30 D:\\Web\\Laravel\\VarghaJob\\tyokoleilu\\tyokokeilu\\vendor\\laravel\\framework\\src\\Illuminate\\Pipeline\\Pipeline.php(167): Illuminate\\Foundation\\Http\\Middleware\\VerifyCsrfToken->handle(Object(Illuminate\\Http\\Request), Object(Closure))
#31 D:\\Web\\Laravel\\VarghaJob\\tyokoleilu\\tyokokeilu\\vendor\\laravel\\framework\\src\\Illuminate\\View\\Middleware\\ShareErrorsFromSession.php(49): Illuminate\\Pipeline\\Pipeline->Illuminate\\Pipeline\\{closure}(Object(Illuminate\\Http\\Request))
#32 D:\\Web\\Laravel\\VarghaJob\\tyokoleilu\\tyokokeilu\\vendor\\laravel\\framework\\src\\Illuminate\\Pipeline\\Pipeline.php(167): Illuminate\\View\\Middleware\\ShareErrorsFromSession->handle(Object(Illuminate\\Http\\Request), Object(Closure))
#33 D:\\Web\\Laravel\\VarghaJob\\tyokoleilu\\tyokokeilu\\vendor\\laravel\\framework\\src\\Illuminate\\Session\\Middleware\\StartSession.php(116): Illuminate\\Pipeline\\Pipeline->Illuminate\\Pipeline\\{closure}(Object(Illuminate\\Http\\Request))
#34 D:\\Web\\Laravel\\VarghaJob\\tyokoleilu\\tyokokeilu\\vendor\\laravel\\framework\\src\\Illuminate\\Session\\Middleware\\StartSession.php(62): Illuminate\\Session\\Middleware\\StartSession->handleStatefulRequest(Object(Illuminate\\Http\\Request), Object(Illuminate\\Session\\Store), Object(Closure))
#35 D:\\Web\\Laravel\\VarghaJob\\tyokoleilu\\tyokokeilu\\vendor\\laravel\\framework\\src\\Illuminate\\Pipeline\\Pipeline.php(167): Illuminate\\Session\\Middleware\\StartSession->handle(Object(Illuminate\\Http\\Request), Object(Closure))
#36 D:\\Web\\Laravel\\VarghaJob\\tyokoleilu\\tyokokeilu\\vendor\\laravel\\framework\\src\\Illuminate\\Cookie\\Middleware\\AddQueuedCookiesToResponse.php(37): Illuminate\\Pipeline\\Pipeline->Illuminate\\Pipeline\\{closure}(Object(Illuminate\\Http\\Request))
#37 D:\\Web\\Laravel\\VarghaJob\\tyokoleilu\\tyokokeilu\\vendor\\laravel\\framework\\src\\Illuminate\\Pipeline\\Pipeline.php(167): Illuminate\\Cookie\\Middleware\\AddQueuedCookiesToResponse->handle(Object(Illuminate\\Http\\Request), Object(Closure))
#38 D:\\Web\\Laravel\\VarghaJob\\tyokoleilu\\tyokokeilu\\vendor\\laravel\\framework\\src\\Illuminate\\Cookie\\Middleware\\EncryptCookies.php(67): Illuminate\\Pipeline\\Pipeline->Illuminate\\Pipeline\\{closure}(Object(Illuminate\\Http\\Request))
#39 D:\\Web\\Laravel\\VarghaJob\\tyokoleilu\\tyokokeilu\\vendor\\laravel\\framework\\src\\Illuminate\\Pipeline\\Pipeline.php(167): Illuminate\\Cookie\\Middleware\\EncryptCookies->handle(Object(Illuminate\\Http\\Request), Object(Closure))
#40 D:\\Web\\Laravel\\VarghaJob\\tyokoleilu\\tyokokeilu\\vendor\\laravel\\framework\\src\\Illuminate\\Pipeline\\Pipeline.php(103): Illuminate\\Pipeline\\Pipeline->Illuminate\\Pipeline\\{closure}(Object(Illuminate\\Http\\Request))
#41 D:\\Web\\Laravel\\VarghaJob\\tyokoleilu\\tyokokeilu\\vendor\\laravel\\framework\\src\\Illuminate\\Routing\\Router.php(687): Illuminate\\Pipeline\\Pipeline->then(Object(Closure))
#42 D:\\Web\\Laravel\\VarghaJob\\tyokoleilu\\tyokokeilu\\vendor\\laravel\\framework\\src\\Illuminate\\Routing\\Router.php(662): Illuminate\\Routing\\Router->runRouteWithinStack(Object(Illuminate\\Routing\\Route), Object(Illuminate\\Http\\Request))
#43 D:\\Web\\Laravel\\VarghaJob\\tyokoleilu\\tyokokeilu\\vendor\\laravel\\framework\\src\\Illuminate\\Routing\\Router.php(628): Illuminate\\Routing\\Router->runRoute(Object(Illuminate\\Http\\Request), Object(Illuminate\\Routing\\Route))
#44 D:\\Web\\Laravel\\VarghaJob\\tyokoleilu\\tyokokeilu\\vendor\\laravel\\framework\\src\\Illuminate\\Routing\\Router.php(617): Illuminate\\Routing\\Router->dispatchToRoute(Object(Illuminate\\Http\\Request))
#45 D:\\Web\\Laravel\\VarghaJob\\tyokoleilu\\tyokokeilu\\vendor\\laravel\\framework\\src\\Illuminate\\Foundation\\Http\\Kernel.php(165): Illuminate\\Routing\\Router->dispatch(Object(Illuminate\\Http\\Request))
#46 D:\\Web\\Laravel\\VarghaJob\\tyokoleilu\\tyokokeilu\\vendor\\laravel\\framework\\src\\Illuminate\\Pipeline\\Pipeline.php(128): Illuminate\\Foundation\\Http\\Kernel->Illuminate\\Foundation\\Http\\{closure}(Object(Illuminate\\Http\\Request))
#47 D:\\Web\\Laravel\\VarghaJob\\tyokoleilu\\tyokokeilu\\vendor\\barryvdh\\laravel-debugbar\\src\\Middleware\\InjectDebugbar.php(67): Illuminate\\Pipeline\\Pipeline->Illuminate\\Pipeline\\{closure}(Object(Illuminate\\Http\\Request))
#48 D:\\Web\\Laravel\\VarghaJob\\tyokoleilu\\tyokokeilu\\vendor\\laravel\\framework\\src\\Illuminate\\Pipeline\\Pipeline.php(167): Barryvdh\\Debugbar\\Middleware\\InjectDebugbar->handle(Object(Illuminate\\Http\\Request), Object(Closure))
#49 D:\\Web\\Laravel\\VarghaJob\\tyokoleilu\\tyokokeilu\\app\\Http\\Middleware\\RedirectForMultiLanguage.php(113): Illuminate\\Pipeline\\Pipeline->Illuminate\\Pipeline\\{closure}(Object(Illuminate\\Http\\Request))
#50 D:\\Web\\Laravel\\VarghaJob\\tyokoleilu\\tyokokeilu\\vendor\\laravel\\framework\\src\\Illuminate\\Pipeline\\Pipeline.php(167): App\\Http\\Middleware\\RedirectForMultiLanguage->handle(Object(Illuminate\\Http\\Request), Object(Closure))
#51 D:\\Web\\Laravel\\VarghaJob\\tyokoleilu\\tyokokeilu\\app\\Http\\Middleware\\InitConfigsFromDatabase.php(189): Illuminate\\Pipeline\\Pipeline->Illuminate\\Pipeline\\{closure}(Object(Illuminate\\Http\\Request))
#52 D:\\Web\\Laravel\\VarghaJob\\tyokoleilu\\tyokokeilu\\vendor\\laravel\\framework\\src\\Illuminate\\Pipeline\\Pipeline.php(167): App\\Http\\Middleware\\InitConfigsFromDatabase->handle(Object(Illuminate\\Http\\Request), Object(Closure))
#53 D:\\Web\\Laravel\\VarghaJob\\tyokoleilu\\tyokokeilu\\vendor\\fideloper\\proxy\\src\\TrustProxies.php(57): Illuminate\\Pipeline\\Pipeline->Illuminate\\Pipeline\\{closure}(Object(Illuminate\\Http\\Request))
#54 D:\\Web\\Laravel\\VarghaJob\\tyokoleilu\\tyokokeilu\\vendor\\laravel\\framework\\src\\Illuminate\\Pipeline\\Pipeline.php(167): Fideloper\\Proxy\\TrustProxies->handle(Object(Illuminate\\Http\\Request), Object(Closure))
#55 D:\\Web\\Laravel\\VarghaJob\\tyokoleilu\\tyokokeilu\\vendor\\laravel\\framework\\src\\Illuminate\\Foundation\\Http\\Middleware\\TransformsRequest.php(21): Illuminate\\Pipeline\\Pipeline->Illuminate\\Pipeline\\{closure}(Object(Illuminate\\Http\\Request))
#56 D:\\Web\\Laravel\\VarghaJob\\tyokoleilu\\tyokokeilu\\vendor\\laravel\\framework\\src\\Illuminate\\Pipeline\\Pipeline.php(167): Illuminate\\Foundation\\Http\\Middleware\\TransformsRequest->handle(Object(Illuminate\\Http\\Request), Object(Closure))
#57 D:\\Web\\Laravel\\VarghaJob\\tyokoleilu\\tyokokeilu\\vendor\\laravel\\framework\\src\\Illuminate\\Foundation\\Http\\Middleware\\TransformsRequest.php(21): Illuminate\\Pipeline\\Pipeline->Illuminate\\Pipeline\\{closure}(Object(Illuminate\\Http\\Request))
#58 D:\\Web\\Laravel\\VarghaJob\\tyokoleilu\\tyokokeilu\\vendor\\laravel\\framework\\src\\Illuminate\\Pipeline\\Pipeline.php(167): Illuminate\\Foundation\\Http\\Middleware\\TransformsRequest->handle(Object(Illuminate\\Http\\Request), Object(Closure))
#59 D:\\Web\\Laravel\\VarghaJob\\tyokoleilu\\tyokokeilu\\vendor\\laravel\\framework\\src\\Illuminate\\Foundation\\Http\\Middleware\\ValidatePostSize.php(27): Illuminate\\Pipeline\\Pipeline->Illuminate\\Pipeline\\{closure}(Object(Illuminate\\Http\\Request))
#60 D:\\Web\\Laravel\\VarghaJob\\tyokoleilu\\tyokokeilu\\vendor\\laravel\\framework\\src\\Illuminate\\Pipeline\\Pipeline.php(167): Illuminate\\Foundation\\Http\\Middleware\\ValidatePostSize->handle(Object(Illuminate\\Http\\Request), Object(Closure))
#61 D:\\Web\\Laravel\\VarghaJob\\tyokoleilu\\tyokokeilu\\vendor\\laravel\\framework\\src\\Illuminate\\Foundation\\Http\\Middleware\\CheckForMaintenanceMode.php(63): Illuminate\\Pipeline\\Pipeline->Illuminate\\Pipeline\\{closure}(Object(Illuminate\\Http\\Request))
#62 D:\\Web\\Laravel\\VarghaJob\\tyokoleilu\\tyokokeilu\\vendor\\laravel\\framework\\src\\Illuminate\\Pipeline\\Pipeline.php(167): Illuminate\\Foundation\\Http\\Middleware\\CheckForMaintenanceMode->handle(Object(Illuminate\\Http\\Request), Object(Closure))
#63 D:\\Web\\Laravel\\VarghaJob\\tyokoleilu\\tyokokeilu\\app\\Http\\Middleware\\RedirectToInstaller.php(63): Illuminate\\Pipeline\\Pipeline->Illuminate\\Pipeline\\{closure}(Object(Illuminate\\Http\\Request))
#64 D:\\Web\\Laravel\\VarghaJob\\tyokoleilu\\tyokokeilu\\vendor\\laravel\\framework\\src\\Illuminate\\Pipeline\\Pipeline.php(167): App\\Http\\Middleware\\RedirectToInstaller->handle(Object(Illuminate\\Http\\Request), Object(Closure))
#65 D:\\Web\\Laravel\\VarghaJob\\tyokoleilu\\tyokokeilu\\vendor\\laravel\\framework\\src\\Illuminate\\Pipeline\\Pipeline.php(103): Illuminate\\Pipeline\\Pipeline->Illuminate\\Pipeline\\{closure}(Object(Illuminate\\Http\\Request))
#66 D:\\Web\\Laravel\\VarghaJob\\tyokoleilu\\tyokokeilu\\vendor\\laravel\\framework\\src\\Illuminate\\Foundation\\Http\\Kernel.php(140): Illuminate\\Pipeline\\Pipeline->then(Object(Closure))
#67 D:\\Web\\Laravel\\VarghaJob\\tyokoleilu\\tyokokeilu\\vendor\\laravel\\framework\\src\\Illuminate\\Foundation\\Http\\Kernel.php(109): Illuminate\\Foundation\\Http\\Kernel->sendRequestThroughRouter(Object(Illuminate\\Http\\Request))
#68 D:\\Web\\Laravel\\VarghaJob\\tyokoleilu\\tyokokeilu\\public\\index.php(129): Illuminate\\Foundation\\Http\\Kernel->handle(Object(Illuminate\\Http\\Request))
#69 {main}
"} 
