[2021-01-21 14:46:20] dfsd.ERROR: There is no permission named `accommodation_view` for guard `web`. (View: D:\Web\Laravel\VarghaJob\tyokoleilu\tyokokeilu\modules\User\Views\admin\detail.blade.php) {"userId":1,"exception":"[object] (ErrorException(code: 0): There is no permission named `accommodation_view` for guard `web`. (View: D:\\Web\\Laravel\\VarghaJob\\tyokoleilu\\tyokokeilu\\modules\\User\\Views\\admin\\detail.blade.php) at D:\\Web\\Laravel\\VarghaJob\\tyokoleilu\\tyokokeilu\\vendor\\spatie\\laravel-permission\\src\\Exceptions\\PermissionDoesNotExist.php:11)
[stacktrace]
#0 D:\\Web\\Laravel\\VarghaJob\\tyokoleilu\\tyokokeilu\\vendor\\laravel\\framework\\src\\Illuminate\\View\\Engines\\PhpEngine.php(43): Illuminate\\View\\Engines\\CompilerEngine->handleViewException(Object(Spatie\\Permission\\Exceptions\\PermissionDoesNotExist), 1)
#1 D:\\Web\\Laravel\\VarghaJob\\tyokoleilu\\tyokokeilu\\vendor\\laravel\\framework\\src\\Illuminate\\View\\Engines\\CompilerEngine.php(57): Illuminate\\View\\Engines\\PhpEngine->evaluatePath('D:\\\\Web\\\\Laravel\\\\...', Array)
#2 D:\\Web\\Laravel\\VarghaJob\\tyokoleilu\\tyokokeilu\\vendor\\laravel\\framework\\src\\Illuminate\\View\\View.php(139): Illuminate\\View\\Engines\\CompilerEngine->get('D:\\\\Web\\\\Laravel\\\\...', Array)
#3 D:\\Web\\Laravel\\VarghaJob\\tyokoleilu\\tyokokeilu\\vendor\\laravel\\framework\\src\\Illuminate\\View\\View.php(122): Illuminate\\View\\View->getContents()
#4 D:\\Web\\Laravel\\VarghaJob\\tyokoleilu\\tyokokeilu\\vendor\\laravel\\framework\\src\\Illuminate\\View\\View.php(91): Illuminate\\View\\View->renderContents()
#5 D:\\Web\\Laravel\\VarghaJob\\tyokoleilu\\tyokokeilu\\vendor\\laravel\\framework\\src\\Illuminate\\Http\\Response.php(62): Illuminate\\View\\View->render()
#6 D:\\Web\\Laravel\\VarghaJob\\tyokoleilu\\tyokokeilu\\vendor\\laravel\\framework\\src\\Illuminate\\Http\\Response.php(34): Illuminate\\Http\\Response->setContent(Object(Illuminate\\View\\View))
#7 D:\\Web\\Laravel\\VarghaJob\\tyokoleilu\\tyokokeilu\\vendor\\laravel\\framework\\src\\Illuminate\\Routing\\Router.php(759): Illuminate\\Http\\Response->__construct(Object(Illuminate\\View\\View), 200, Array)
#8 D:\\Web\\Laravel\\VarghaJob\\tyokoleilu\\tyokokeilu\\vendor\\laravel\\framework\\src\\Illuminate\\Routing\\Router.php(731): Illuminate\\Routing\\Router::toResponse(Object(Illuminate\\Http\\Request), Object(Illuminate\\View\\View))
#9 D:\\Web\\Laravel\\VarghaJob\\tyokoleilu\\tyokokeilu\\vendor\\laravel\\framework\\src\\Illuminate\\Routing\\Router.php(685): Illuminate\\Routing\\Router->prepareResponse(Object(Illuminate\\Http\\Request), Object(Illuminate\\View\\View))
#10 D:\\Web\\Laravel\\VarghaJob\\tyokoleilu\\tyokokeilu\\vendor\\laravel\\framework\\src\\Illuminate\\Pipeline\\Pipeline.php(128): Illuminate\\Routing\\Router->Illuminate\\Routing\\{closure}(Object(Illuminate\\Http\\Request))
#11 D:\\Web\\Laravel\\VarghaJob\\tyokoleilu\\tyokokeilu\\app\\Http\\Middleware\\Dashboard.php(43): Illuminate\\Pipeline\\Pipeline->Illuminate\\Pipeline\\{closure}(Object(Illuminate\\Http\\Request))
#12 D:\\Web\\Laravel\\VarghaJob\\tyokoleilu\\tyokokeilu\\vendor\\laravel\\framework\\src\\Illuminate\\Pipeline\\Pipeline.php(167): App\\Http\\Middleware\\Dashboard->handle(Object(Illuminate\\Http\\Request), Object(Closure))
#13 D:\\Web\\Laravel\\VarghaJob\\tyokoleilu\\tyokokeilu\\app\\Http\\Middleware\\SetCurrentCurrency.php(95): Illuminate\\Pipeline\\Pipeline->Illuminate\\Pipeline\\{closure}(Object(Illuminate\\Http\\Request))
#14 D:\\Web\\Laravel\\VarghaJob\\tyokoleilu\\tyokokeilu\\vendor\\laravel\\framework\\src\\Illuminate\\Pipeline\\Pipeline.php(167): App\\Http\\Middleware\\SetCurrentCurrency->handle(Object(Illuminate\\Http\\Request), Object(Closure))
#15 D:\\Web\\Laravel\\VarghaJob\\tyokoleilu\\tyokokeilu\\app\\Http\\Middleware\\HideDebugbar.php(49): Illuminate\\Pipeline\\Pipeline->Illuminate\\Pipeline\\{closure}(Object(Illuminate\\Http\\Request))
#16 D:\\Web\\Laravel\\VarghaJob\\tyokoleilu\\tyokokeilu\\vendor\\laravel\\framework\\src\\Illuminate\\Pipeline\\Pipeline.php(167): App\\Http\\Middleware\\HideDebugbar->handle(Object(Illuminate\\Http\\Request), Object(Closure))
#17 D:\\Web\\Laravel\\VarghaJob\\tyokoleilu\\tyokokeilu\\vendor\\laravel\\framework\\src\\Illuminate\\Routing\\Middleware\\SubstituteBindings.php(41): Illuminate\\Pipeline\\Pipeline->Illuminate\\Pipeline\\{closure}(Object(Illuminate\\Http\\Request))
#18 D:\\Web\\Laravel\\VarghaJob\\tyokoleilu\\tyokokeilu\\vendor\\laravel\\framework\\src\\Illuminate\\Pipeline\\Pipeline.php(167): Illuminate\\Routing\\Middleware\\SubstituteBindings->handle(Object(Illuminate\\Http\\Request), Object(Closure))
#19 D:\\Web\\Laravel\\VarghaJob\\tyokoleilu\\tyokokeilu\\app\\Http\\Middleware\\Authenticate.php(87): Illuminate\\Pipeline\\Pipeline->Illuminate\\Pipeline\\{closure}(Object(Illuminate\\Http\\Request))
#20 D:\\Web\\Laravel\\VarghaJob\\tyokoleilu\\tyokokeilu\\vendor\\laravel\\framework\\src\\Illuminate\\Pipeline\\Pipeline.php(167): App\\Http\\Middleware\\Authenticate->handle(Object(Illuminate\\Http\\Request), Object(Closure))
#21 D:\\Web\\Laravel\\VarghaJob\\tyokoleilu\\tyokokeilu\\vendor\\laravel\\framework\\src\\Illuminate\\Foundation\\Http\\Middleware\\VerifyCsrfToken.php(77): Illuminate\\Pipeline\\Pipeline->Illuminate\\Pipeline\\{closure}(Object(Illuminate\\Http\\Request))
#22 D:\\Web\\Laravel\\VarghaJob\\tyokoleilu\\tyokokeilu\\vendor\\laravel\\framework\\src\\Illuminate\\Pipeline\\Pipeline.php(167): Illuminate\\Foundation\\Http\\Middleware\\VerifyCsrfToken->handle(Object(Illuminate\\Http\\Request), Object(Closure))
#23 D:\\Web\\Laravel\\VarghaJob\\tyokoleilu\\tyokokeilu\\vendor\\laravel\\framework\\src\\Illuminate\\View\\Middleware\\ShareErrorsFromSession.php(49): Illuminate\\Pipeline\\Pipeline->Illuminate\\Pipeline\\{closure}(Object(Illuminate\\Http\\Request))
#24 D:\\Web\\Laravel\\VarghaJob\\tyokoleilu\\tyokokeilu\\vendor\\laravel\\framework\\src\\Illuminate\\Pipeline\\Pipeline.php(167): Illuminate\\View\\Middleware\\ShareErrorsFromSession->handle(Object(Illuminate\\Http\\Request), Object(Closure))
#25 D:\\Web\\Laravel\\VarghaJob\\tyokoleilu\\tyokokeilu\\vendor\\laravel\\framework\\src\\Illuminate\\Session\\Middleware\\StartSession.php(116): Illuminate\\Pipeline\\Pipeline->Illuminate\\Pipeline\\{closure}(Object(Illuminate\\Http\\Request))
#26 D:\\Web\\Laravel\\VarghaJob\\tyokoleilu\\tyokokeilu\\vendor\\laravel\\framework\\src\\Illuminate\\Session\\Middleware\\StartSession.php(62): Illuminate\\Session\\Middleware\\StartSession->handleStatefulRequest(Object(Illuminate\\Http\\Request), Object(Illuminate\\Session\\Store), Object(Closure))
#27 D:\\Web\\Laravel\\VarghaJob\\tyokoleilu\\tyokokeilu\\vendor\\laravel\\framework\\src\\Illuminate\\Pipeline\\Pipeline.php(167): Illuminate\\Session\\Middleware\\StartSession->handle(Object(Illuminate\\Http\\Request), Object(Closure))
#28 D:\\Web\\Laravel\\VarghaJob\\tyokoleilu\\tyokokeilu\\vendor\\laravel\\framework\\src\\Illuminate\\Cookie\\Middleware\\AddQueuedCookiesToResponse.php(37): Illuminate\\Pipeline\\Pipeline->Illuminate\\Pipeline\\{closure}(Object(Illuminate\\Http\\Request))
#29 D:\\Web\\Laravel\\VarghaJob\\tyokoleilu\\tyokokeilu\\vendor\\laravel\\framework\\src\\Illuminate\\Pipeline\\Pipeline.php(167): Illuminate\\Cookie\\Middleware\\AddQueuedCookiesToResponse->handle(Object(Illuminate\\Http\\Request), Object(Closure))
#30 D:\\Web\\Laravel\\VarghaJob\\tyokoleilu\\tyokokeilu\\vendor\\laravel\\framework\\src\\Illuminate\\Cookie\\Middleware\\EncryptCookies.php(67): Illuminate\\Pipeline\\Pipeline->Illuminate\\Pipeline\\{closure}(Object(Illuminate\\Http\\Request))
#31 D:\\Web\\Laravel\\VarghaJob\\tyokoleilu\\tyokokeilu\\vendor\\laravel\\framework\\src\\Illuminate\\Pipeline\\Pipeline.php(167): Illuminate\\Cookie\\Middleware\\EncryptCookies->handle(Object(Illuminate\\Http\\Request), Object(Closure))
#32 D:\\Web\\Laravel\\VarghaJob\\tyokoleilu\\tyokokeilu\\vendor\\laravel\\framework\\src\\Illuminate\\Pipeline\\Pipeline.php(103): Illuminate\\Pipeline\\Pipeline->Illuminate\\Pipeline\\{closure}(Object(Illuminate\\Http\\Request))
#33 D:\\Web\\Laravel\\VarghaJob\\tyokoleilu\\tyokokeilu\\vendor\\laravel\\framework\\src\\Illuminate\\Routing\\Router.php(687): Illuminate\\Pipeline\\Pipeline->then(Object(Closure))
#34 D:\\Web\\Laravel\\VarghaJob\\tyokoleilu\\tyokokeilu\\vendor\\laravel\\framework\\src\\Illuminate\\Routing\\Router.php(662): Illuminate\\Routing\\Router->runRouteWithinStack(Object(Illuminate\\Routing\\Route), Object(Illuminate\\Http\\Request))
#35 D:\\Web\\Laravel\\VarghaJob\\tyokoleilu\\tyokokeilu\\vendor\\laravel\\framework\\src\\Illuminate\\Routing\\Router.php(628): Illuminate\\Routing\\Router->runRoute(Object(Illuminate\\Http\\Request), Object(Illuminate\\Routing\\Route))
#36 D:\\Web\\Laravel\\VarghaJob\\tyokoleilu\\tyokokeilu\\vendor\\laravel\\framework\\src\\Illuminate\\Routing\\Router.php(617): Illuminate\\Routing\\Router->dispatchToRoute(Object(Illuminate\\Http\\Request))
#37 D:\\Web\\Laravel\\VarghaJob\\tyokoleilu\\tyokokeilu\\vendor\\laravel\\framework\\src\\Illuminate\\Foundation\\Http\\Kernel.php(165): Illuminate\\Routing\\Router->dispatch(Object(Illuminate\\Http\\Request))
#38 D:\\Web\\Laravel\\VarghaJob\\tyokoleilu\\tyokokeilu\\vendor\\laravel\\framework\\src\\Illuminate\\Pipeline\\Pipeline.php(128): Illuminate\\Foundation\\Http\\Kernel->Illuminate\\Foundation\\Http\\{closure}(Object(Illuminate\\Http\\Request))
#39 D:\\Web\\Laravel\\VarghaJob\\tyokoleilu\\tyokokeilu\\vendor\\barryvdh\\laravel-debugbar\\src\\Middleware\\InjectDebugbar.php(67): Illuminate\\Pipeline\\Pipeline->Illuminate\\Pipeline\\{closure}(Object(Illuminate\\Http\\Request))
#40 D:\\Web\\Laravel\\VarghaJob\\tyokoleilu\\tyokokeilu\\vendor\\laravel\\framework\\src\\Illuminate\\Pipeline\\Pipeline.php(167): Barryvdh\\Debugbar\\Middleware\\InjectDebugbar->handle(Object(Illuminate\\Http\\Request), Object(Closure))
#41 D:\\Web\\Laravel\\VarghaJob\\tyokoleilu\\tyokokeilu\\app\\Http\\Middleware\\RedirectForMultiLanguage.php(113): Illuminate\\Pipeline\\Pipeline->Illuminate\\Pipeline\\{closure}(Object(Illuminate\\Http\\Request))
#42 D:\\Web\\Laravel\\VarghaJob\\tyokoleilu\\tyokokeilu\\vendor\\laravel\\framework\\src\\Illuminate\\Pipeline\\Pipeline.php(167): App\\Http\\Middleware\\RedirectForMultiLanguage->handle(Object(Illuminate\\Http\\Request), Object(Closure))
#43 D:\\Web\\Laravel\\VarghaJob\\tyokoleilu\\tyokokeilu\\app\\Http\\Middleware\\InitConfigsFromDatabase.php(189): Illuminate\\Pipeline\\Pipeline->Illuminate\\Pipeline\\{closure}(Object(Illuminate\\Http\\Request))
#44 D:\\Web\\Laravel\\VarghaJob\\tyokoleilu\\tyokokeilu\\vendor\\laravel\\framework\\src\\Illuminate\\Pipeline\\Pipeline.php(167): App\\Http\\Middleware\\InitConfigsFromDatabase->handle(Object(Illuminate\\Http\\Request), Object(Closure))
#45 D:\\Web\\Laravel\\VarghaJob\\tyokoleilu\\tyokokeilu\\vendor\\fideloper\\proxy\\src\\TrustProxies.php(57): Illuminate\\Pipeline\\Pipeline->Illuminate\\Pipeline\\{closure}(Object(Illuminate\\Http\\Request))
#46 D:\\Web\\Laravel\\VarghaJob\\tyokoleilu\\tyokokeilu\\vendor\\laravel\\framework\\src\\Illuminate\\Pipeline\\Pipeline.php(167): Fideloper\\Proxy\\TrustProxies->handle(Object(Illuminate\\Http\\Request), Object(Closure))
#47 D:\\Web\\Laravel\\VarghaJob\\tyokoleilu\\tyokokeilu\\vendor\\laravel\\framework\\src\\Illuminate\\Foundation\\Http\\Middleware\\TransformsRequest.php(21): Illuminate\\Pipeline\\Pipeline->Illuminate\\Pipeline\\{closure}(Object(Illuminate\\Http\\Request))
#48 D:\\Web\\Laravel\\VarghaJob\\tyokoleilu\\tyokokeilu\\vendor\\laravel\\framework\\src\\Illuminate\\Pipeline\\Pipeline.php(167): Illuminate\\Foundation\\Http\\Middleware\\TransformsRequest->handle(Object(Illuminate\\Http\\Request), Object(Closure))
#49 D:\\Web\\Laravel\\VarghaJob\\tyokoleilu\\tyokokeilu\\vendor\\laravel\\framework\\src\\Illuminate\\Foundation\\Http\\Middleware\\TransformsRequest.php(21): Illuminate\\Pipeline\\Pipeline->Illuminate\\Pipeline\\{closure}(Object(Illuminate\\Http\\Request))
#50 D:\\Web\\Laravel\\VarghaJob\\tyokoleilu\\tyokokeilu\\vendor\\laravel\\framework\\src\\Illuminate\\Pipeline\\Pipeline.php(167): Illuminate\\Foundation\\Http\\Middleware\\TransformsRequest->handle(Object(Illuminate\\Http\\Request), Object(Closure))
#51 D:\\Web\\Laravel\\VarghaJob\\tyokoleilu\\tyokokeilu\\vendor\\laravel\\framework\\src\\Illuminate\\Foundation\\Http\\Middleware\\ValidatePostSize.php(27): Illuminate\\Pipeline\\Pipeline->Illuminate\\Pipeline\\{closure}(Object(Illuminate\\Http\\Request))
#52 D:\\Web\\Laravel\\VarghaJob\\tyokoleilu\\tyokokeilu\\vendor\\laravel\\framework\\src\\Illuminate\\Pipeline\\Pipeline.php(167): Illuminate\\Foundation\\Http\\Middleware\\ValidatePostSize->handle(Object(Illuminate\\Http\\Request), Object(Closure))
#53 D:\\Web\\Laravel\\VarghaJob\\tyokoleilu\\tyokokeilu\\vendor\\laravel\\framework\\src\\Illuminate\\Foundation\\Http\\Middleware\\CheckForMaintenanceMode.php(63): Illuminate\\Pipeline\\Pipeline->Illuminate\\Pipeline\\{closure}(Object(Illuminate\\Http\\Request))
#54 D:\\Web\\Laravel\\VarghaJob\\tyokoleilu\\tyokokeilu\\vendor\\laravel\\framework\\src\\Illuminate\\Pipeline\\Pipeline.php(167): Illuminate\\Foundation\\Http\\Middleware\\CheckForMaintenanceMode->handle(Object(Illuminate\\Http\\Request), Object(Closure))
#55 D:\\Web\\Laravel\\VarghaJob\\tyokoleilu\\tyokokeilu\\app\\Http\\Middleware\\RedirectToInstaller.php(63): Illuminate\\Pipeline\\Pipeline->Illuminate\\Pipeline\\{closure}(Object(Illuminate\\Http\\Request))
#56 D:\\Web\\Laravel\\VarghaJob\\tyokoleilu\\tyokokeilu\\vendor\\laravel\\framework\\src\\Illuminate\\Pipeline\\Pipeline.php(167): App\\Http\\Middleware\\RedirectToInstaller->handle(Object(Illuminate\\Http\\Request), Object(Closure))
#57 D:\\Web\\Laravel\\VarghaJob\\tyokoleilu\\tyokokeilu\\vendor\\laravel\\framework\\src\\Illuminate\\Pipeline\\Pipeline.php(103): Illuminate\\Pipeline\\Pipeline->Illuminate\\Pipeline\\{closure}(Object(Illuminate\\Http\\Request))
#58 D:\\Web\\Laravel\\VarghaJob\\tyokoleilu\\tyokokeilu\\vendor\\laravel\\framework\\src\\Illuminate\\Foundation\\Http\\Kernel.php(140): Illuminate\\Pipeline\\Pipeline->then(Object(Closure))
#59 D:\\Web\\Laravel\\VarghaJob\\tyokoleilu\\tyokokeilu\\vendor\\laravel\\framework\\src\\Illuminate\\Foundation\\Http\\Kernel.php(109): Illuminate\\Foundation\\Http\\Kernel->sendRequestThroughRouter(Object(Illuminate\\Http\\Request))
#60 D:\\Web\\Laravel\\VarghaJob\\tyokoleilu\\tyokokeilu\\public\\index.php(129): Illuminate\\Foundation\\Http\\Kernel->handle(Object(Illuminate\\Http\\Request))
#61 {main}

[previous exception] [object] (Spatie\\Permission\\Exceptions\\PermissionDoesNotExist(code: 0): There is no permission named `accommodation_view` for guard `web`. at D:\\Web\\Laravel\\VarghaJob\\tyokoleilu\\tyokokeilu\\vendor\\spatie\\laravel-permission\\src\\Exceptions\\PermissionDoesNotExist.php:11)
[stacktrace]
#0 D:\\Web\\Laravel\\VarghaJob\\tyokoleilu\\tyokokeilu\\vendor\\spatie\\laravel-permission\\src\\Models\\Permission.php(90): Spatie\\Permission\\Exceptions\\PermissionDoesNotExist::create('accommodation_v...', 'web')
#1 D:\\Web\\Laravel\\VarghaJob\\tyokoleilu\\tyokokeilu\\vendor\\spatie\\laravel-permission\\src\\Traits\\HasPermissions.php(124): Spatie\\Permission\\Models\\Permission::findByName('accommodation_v...', 'web')
#2 D:\\Web\\Laravel\\VarghaJob\\tyokoleilu\\tyokokeilu\\storage\\framework\\views\\3b1eba707518acef7adb94c8bd6f067fe9ae4245.php(283): App\\User->hasPermissionTo('accommodation_v...')
#3 D:\\Web\\Laravel\\VarghaJob\\tyokoleilu\\tyokokeilu\\vendor\\laravel\\framework\\src\\Illuminate\\View\\Engines\\PhpEngine.php(41): include('D:\\\\Web\\\\Laravel\\\\...')
#4 D:\\Web\\Laravel\\VarghaJob\\tyokoleilu\\tyokokeilu\\vendor\\laravel\\framework\\src\\Illuminate\\View\\Engines\\CompilerEngine.php(57): Illuminate\\View\\Engines\\PhpEngine->evaluatePath('D:\\\\Web\\\\Laravel\\\\...', Array)
#5 D:\\Web\\Laravel\\VarghaJob\\tyokoleilu\\tyokokeilu\\vendor\\laravel\\framework\\src\\Illuminate\\View\\View.php(139): Illuminate\\View\\Engines\\CompilerEngine->get('D:\\\\Web\\\\Laravel\\\\...', Array)
#6 D:\\Web\\Laravel\\VarghaJob\\tyokoleilu\\tyokokeilu\\vendor\\laravel\\framework\\src\\Illuminate\\View\\View.php(122): Illuminate\\View\\View->getContents()
#7 D:\\Web\\Laravel\\VarghaJob\\tyokoleilu\\tyokokeilu\\vendor\\laravel\\framework\\src\\Illuminate\\View\\View.php(91): Illuminate\\View\\View->renderContents()
#8 D:\\Web\\Laravel\\VarghaJob\\tyokoleilu\\tyokokeilu\\vendor\\laravel\\framework\\src\\Illuminate\\Http\\Response.php(62): Illuminate\\View\\View->render()
#9 D:\\Web\\Laravel\\VarghaJob\\tyokoleilu\\tyokokeilu\\vendor\\laravel\\framework\\src\\Illuminate\\Http\\Response.php(34): Illuminate\\Http\\Response->setContent(Object(Illuminate\\View\\View))
#10 D:\\Web\\Laravel\\VarghaJob\\tyokoleilu\\tyokokeilu\\vendor\\laravel\\framework\\src\\Illuminate\\Routing\\Router.php(759): Illuminate\\Http\\Response->__construct(Object(Illuminate\\View\\View), 200, Array)
#11 D:\\Web\\Laravel\\VarghaJob\\tyokoleilu\\tyokokeilu\\vendor\\laravel\\framework\\src\\Illuminate\\Routing\\Router.php(731): Illuminate\\Routing\\Router::toResponse(Object(Illuminate\\Http\\Request), Object(Illuminate\\View\\View))
#12 D:\\Web\\Laravel\\VarghaJob\\tyokoleilu\\tyokokeilu\\vendor\\laravel\\framework\\src\\Illuminate\\Routing\\Router.php(685): Illuminate\\Routing\\Router->prepareResponse(Object(Illuminate\\Http\\Request), Object(Illuminate\\View\\View))
#13 D:\\Web\\Laravel\\VarghaJob\\tyokoleilu\\tyokokeilu\\vendor\\laravel\\framework\\src\\Illuminate\\Pipeline\\Pipeline.php(128): Illuminate\\Routing\\Router->Illuminate\\Routing\\{closure}(Object(Illuminate\\Http\\Request))
#14 D:\\Web\\Laravel\\VarghaJob\\tyokoleilu\\tyokokeilu\\app\\Http\\Middleware\\Dashboard.php(43): Illuminate\\Pipeline\\Pipeline->Illuminate\\Pipeline\\{closure}(Object(Illuminate\\Http\\Request))
#15 D:\\Web\\Laravel\\VarghaJob\\tyokoleilu\\tyokokeilu\\vendor\\laravel\\framework\\src\\Illuminate\\Pipeline\\Pipeline.php(167): App\\Http\\Middleware\\Dashboard->handle(Object(Illuminate\\Http\\Request), Object(Closure))
#16 D:\\Web\\Laravel\\VarghaJob\\tyokoleilu\\tyokokeilu\\app\\Http\\Middleware\\SetCurrentCurrency.php(95): Illuminate\\Pipeline\\Pipeline->Illuminate\\Pipeline\\{closure}(Object(Illuminate\\Http\\Request))
#17 D:\\Web\\Laravel\\VarghaJob\\tyokoleilu\\tyokokeilu\\vendor\\laravel\\framework\\src\\Illuminate\\Pipeline\\Pipeline.php(167): App\\Http\\Middleware\\SetCurrentCurrency->handle(Object(Illuminate\\Http\\Request), Object(Closure))
#18 D:\\Web\\Laravel\\VarghaJob\\tyokoleilu\\tyokokeilu\\app\\Http\\Middleware\\HideDebugbar.php(49): Illuminate\\Pipeline\\Pipeline->Illuminate\\Pipeline\\{closure}(Object(Illuminate\\Http\\Request))
#19 D:\\Web\\Laravel\\VarghaJob\\tyokoleilu\\tyokokeilu\\vendor\\laravel\\framework\\src\\Illuminate\\Pipeline\\Pipeline.php(167): App\\Http\\Middleware\\HideDebugbar->handle(Object(Illuminate\\Http\\Request), Object(Closure))
#20 D:\\Web\\Laravel\\VarghaJob\\tyokoleilu\\tyokokeilu\\vendor\\laravel\\framework\\src\\Illuminate\\Routing\\Middleware\\SubstituteBindings.php(41): Illuminate\\Pipeline\\Pipeline->Illuminate\\Pipeline\\{closure}(Object(Illuminate\\Http\\Request))
#21 D:\\Web\\Laravel\\VarghaJob\\tyokoleilu\\tyokokeilu\\vendor\\laravel\\framework\\src\\Illuminate\\Pipeline\\Pipeline.php(167): Illuminate\\Routing\\Middleware\\SubstituteBindings->handle(Object(Illuminate\\Http\\Request), Object(Closure))
#22 D:\\Web\\Laravel\\VarghaJob\\tyokoleilu\\tyokokeilu\\app\\Http\\Middleware\\Authenticate.php(87): Illuminate\\Pipeline\\Pipeline->Illuminate\\Pipeline\\{closure}(Object(Illuminate\\Http\\Request))
#23 D:\\Web\\Laravel\\VarghaJob\\tyokoleilu\\tyokokeilu\\vendor\\laravel\\framework\\src\\Illuminate\\Pipeline\\Pipeline.php(167): App\\Http\\Middleware\\Authenticate->handle(Object(Illuminate\\Http\\Request), Object(Closure))
#24 D:\\Web\\Laravel\\VarghaJob\\tyokoleilu\\tyokokeilu\\vendor\\laravel\\framework\\src\\Illuminate\\Foundation\\Http\\Middleware\\VerifyCsrfToken.php(77): Illuminate\\Pipeline\\Pipeline->Illuminate\\Pipeline\\{closure}(Object(Illuminate\\Http\\Request))
#25 D:\\Web\\Laravel\\VarghaJob\\tyokoleilu\\tyokokeilu\\vendor\\laravel\\framework\\src\\Illuminate\\Pipeline\\Pipeline.php(167): Illuminate\\Foundation\\Http\\Middleware\\VerifyCsrfToken->handle(Object(Illuminate\\Http\\Request), Object(Closure))
#26 D:\\Web\\Laravel\\VarghaJob\\tyokoleilu\\tyokokeilu\\vendor\\laravel\\framework\\src\\Illuminate\\View\\Middleware\\ShareErrorsFromSession.php(49): Illuminate\\Pipeline\\Pipeline->Illuminate\\Pipeline\\{closure}(Object(Illuminate\\Http\\Request))
#27 D:\\Web\\Laravel\\VarghaJob\\tyokoleilu\\tyokokeilu\\vendor\\laravel\\framework\\src\\Illuminate\\Pipeline\\Pipeline.php(167): Illuminate\\View\\Middleware\\ShareErrorsFromSession->handle(Object(Illuminate\\Http\\Request), Object(Closure))
#28 D:\\Web\\Laravel\\VarghaJob\\tyokoleilu\\tyokokeilu\\vendor\\laravel\\framework\\src\\Illuminate\\Session\\Middleware\\StartSession.php(116): Illuminate\\Pipeline\\Pipeline->Illuminate\\Pipeline\\{closure}(Object(Illuminate\\Http\\Request))
#29 D:\\Web\\Laravel\\VarghaJob\\tyokoleilu\\tyokokeilu\\vendor\\laravel\\framework\\src\\Illuminate\\Session\\Middleware\\StartSession.php(62): Illuminate\\Session\\Middleware\\StartSession->handleStatefulRequest(Object(Illuminate\\Http\\Request), Object(Illuminate\\Session\\Store), Object(Closure))
#30 D:\\Web\\Laravel\\VarghaJob\\tyokoleilu\\tyokokeilu\\vendor\\laravel\\framework\\src\\Illuminate\\Pipeline\\Pipeline.php(167): Illuminate\\Session\\Middleware\\StartSession->handle(Object(Illuminate\\Http\\Request), Object(Closure))
#31 D:\\Web\\Laravel\\VarghaJob\\tyokoleilu\\tyokokeilu\\vendor\\laravel\\framework\\src\\Illuminate\\Cookie\\Middleware\\AddQueuedCookiesToResponse.php(37): Illuminate\\Pipeline\\Pipeline->Illuminate\\Pipeline\\{closure}(Object(Illuminate\\Http\\Request))
#32 D:\\Web\\Laravel\\VarghaJob\\tyokoleilu\\tyokokeilu\\vendor\\laravel\\framework\\src\\Illuminate\\Pipeline\\Pipeline.php(167): Illuminate\\Cookie\\Middleware\\AddQueuedCookiesToResponse->handle(Object(Illuminate\\Http\\Request), Object(Closure))
#33 D:\\Web\\Laravel\\VarghaJob\\tyokoleilu\\tyokokeilu\\vendor\\laravel\\framework\\src\\Illuminate\\Cookie\\Middleware\\EncryptCookies.php(67): Illuminate\\Pipeline\\Pipeline->Illuminate\\Pipeline\\{closure}(Object(Illuminate\\Http\\Request))
#34 D:\\Web\\Laravel\\VarghaJob\\tyokoleilu\\tyokokeilu\\vendor\\laravel\\framework\\src\\Illuminate\\Pipeline\\Pipeline.php(167): Illuminate\\Cookie\\Middleware\\EncryptCookies->handle(Object(Illuminate\\Http\\Request), Object(Closure))
#35 D:\\Web\\Laravel\\VarghaJob\\tyokoleilu\\tyokokeilu\\vendor\\laravel\\framework\\src\\Illuminate\\Pipeline\\Pipeline.php(103): Illuminate\\Pipeline\\Pipeline->Illuminate\\Pipeline\\{closure}(Object(Illuminate\\Http\\Request))
#36 D:\\Web\\Laravel\\VarghaJob\\tyokoleilu\\tyokokeilu\\vendor\\laravel\\framework\\src\\Illuminate\\Routing\\Router.php(687): Illuminate\\Pipeline\\Pipeline->then(Object(Closure))
#37 D:\\Web\\Laravel\\VarghaJob\\tyokoleilu\\tyokokeilu\\vendor\\laravel\\framework\\src\\Illuminate\\Routing\\Router.php(662): Illuminate\\Routing\\Router->runRouteWithinStack(Object(Illuminate\\Routing\\Route), Object(Illuminate\\Http\\Request))
#38 D:\\Web\\Laravel\\VarghaJob\\tyokoleilu\\tyokokeilu\\vendor\\laravel\\framework\\src\\Illuminate\\Routing\\Router.php(628): Illuminate\\Routing\\Router->runRoute(Object(Illuminate\\Http\\Request), Object(Illuminate\\Routing\\Route))
#39 D:\\Web\\Laravel\\VarghaJob\\tyokoleilu\\tyokokeilu\\vendor\\laravel\\framework\\src\\Illuminate\\Routing\\Router.php(617): Illuminate\\Routing\\Router->dispatchToRoute(Object(Illuminate\\Http\\Request))
#40 D:\\Web\\Laravel\\VarghaJob\\tyokoleilu\\tyokokeilu\\vendor\\laravel\\framework\\src\\Illuminate\\Foundation\\Http\\Kernel.php(165): Illuminate\\Routing\\Router->dispatch(Object(Illuminate\\Http\\Request))
#41 D:\\Web\\Laravel\\VarghaJob\\tyokoleilu\\tyokokeilu\\vendor\\laravel\\framework\\src\\Illuminate\\Pipeline\\Pipeline.php(128): Illuminate\\Foundation\\Http\\Kernel->Illuminate\\Foundation\\Http\\{closure}(Object(Illuminate\\Http\\Request))
#42 D:\\Web\\Laravel\\VarghaJob\\tyokoleilu\\tyokokeilu\\vendor\\barryvdh\\laravel-debugbar\\src\\Middleware\\InjectDebugbar.php(67): Illuminate\\Pipeline\\Pipeline->Illuminate\\Pipeline\\{closure}(Object(Illuminate\\Http\\Request))
#43 D:\\Web\\Laravel\\VarghaJob\\tyokoleilu\\tyokokeilu\\vendor\\laravel\\framework\\src\\Illuminate\\Pipeline\\Pipeline.php(167): Barryvdh\\Debugbar\\Middleware\\InjectDebugbar->handle(Object(Illuminate\\Http\\Request), Object(Closure))
#44 D:\\Web\\Laravel\\VarghaJob\\tyokoleilu\\tyokokeilu\\app\\Http\\Middleware\\RedirectForMultiLanguage.php(113): Illuminate\\Pipeline\\Pipeline->Illuminate\\Pipeline\\{closure}(Object(Illuminate\\Http\\Request))
#45 D:\\Web\\Laravel\\VarghaJob\\tyokoleilu\\tyokokeilu\\vendor\\laravel\\framework\\src\\Illuminate\\Pipeline\\Pipeline.php(167): App\\Http\\Middleware\\RedirectForMultiLanguage->handle(Object(Illuminate\\Http\\Request), Object(Closure))
#46 D:\\Web\\Laravel\\VarghaJob\\tyokoleilu\\tyokokeilu\\app\\Http\\Middleware\\InitConfigsFromDatabase.php(189): Illuminate\\Pipeline\\Pipeline->Illuminate\\Pipeline\\{closure}(Object(Illuminate\\Http\\Request))
#47 D:\\Web\\Laravel\\VarghaJob\\tyokoleilu\\tyokokeilu\\vendor\\laravel\\framework\\src\\Illuminate\\Pipeline\\Pipeline.php(167): App\\Http\\Middleware\\InitConfigsFromDatabase->handle(Object(Illuminate\\Http\\Request), Object(Closure))
#48 D:\\Web\\Laravel\\VarghaJob\\tyokoleilu\\tyokokeilu\\vendor\\fideloper\\proxy\\src\\TrustProxies.php(57): Illuminate\\Pipeline\\Pipeline->Illuminate\\Pipeline\\{closure}(Object(Illuminate\\Http\\Request))
#49 D:\\Web\\Laravel\\VarghaJob\\tyokoleilu\\tyokokeilu\\vendor\\laravel\\framework\\src\\Illuminate\\Pipeline\\Pipeline.php(167): Fideloper\\Proxy\\TrustProxies->handle(Object(Illuminate\\Http\\Request), Object(Closure))
#50 D:\\Web\\Laravel\\VarghaJob\\tyokoleilu\\tyokokeilu\\vendor\\laravel\\framework\\src\\Illuminate\\Foundation\\Http\\Middleware\\TransformsRequest.php(21): Illuminate\\Pipeline\\Pipeline->Illuminate\\Pipeline\\{closure}(Object(Illuminate\\Http\\Request))
#51 D:\\Web\\Laravel\\VarghaJob\\tyokoleilu\\tyokokeilu\\vendor\\laravel\\framework\\src\\Illuminate\\Pipeline\\Pipeline.php(167): Illuminate\\Foundation\\Http\\Middleware\\TransformsRequest->handle(Object(Illuminate\\Http\\Request), Object(Closure))
#52 D:\\Web\\Laravel\\VarghaJob\\tyokoleilu\\tyokokeilu\\vendor\\laravel\\framework\\src\\Illuminate\\Foundation\\Http\\Middleware\\TransformsRequest.php(21): Illuminate\\Pipeline\\Pipeline->Illuminate\\Pipeline\\{closure}(Object(Illuminate\\Http\\Request))
#53 D:\\Web\\Laravel\\VarghaJob\\tyokoleilu\\tyokokeilu\\vendor\\laravel\\framework\\src\\Illuminate\\Pipeline\\Pipeline.php(167): Illuminate\\Foundation\\Http\\Middleware\\TransformsRequest->handle(Object(Illuminate\\Http\\Request), Object(Closure))
#54 D:\\Web\\Laravel\\VarghaJob\\tyokoleilu\\tyokokeilu\\vendor\\laravel\\framework\\src\\Illuminate\\Foundation\\Http\\Middleware\\ValidatePostSize.php(27): Illuminate\\Pipeline\\Pipeline->Illuminate\\Pipeline\\{closure}(Object(Illuminate\\Http\\Request))
#55 D:\\Web\\Laravel\\VarghaJob\\tyokoleilu\\tyokokeilu\\vendor\\laravel\\framework\\src\\Illuminate\\Pipeline\\Pipeline.php(167): Illuminate\\Foundation\\Http\\Middleware\\ValidatePostSize->handle(Object(Illuminate\\Http\\Request), Object(Closure))
#56 D:\\Web\\Laravel\\VarghaJob\\tyokoleilu\\tyokokeilu\\vendor\\laravel\\framework\\src\\Illuminate\\Foundation\\Http\\Middleware\\CheckForMaintenanceMode.php(63): Illuminate\\Pipeline\\Pipeline->Illuminate\\Pipeline\\{closure}(Object(Illuminate\\Http\\Request))
#57 D:\\Web\\Laravel\\VarghaJob\\tyokoleilu\\tyokokeilu\\vendor\\laravel\\framework\\src\\Illuminate\\Pipeline\\Pipeline.php(167): Illuminate\\Foundation\\Http\\Middleware\\CheckForMaintenanceMode->handle(Object(Illuminate\\Http\\Request), Object(Closure))
#58 D:\\Web\\Laravel\\VarghaJob\\tyokoleilu\\tyokokeilu\\app\\Http\\Middleware\\RedirectToInstaller.php(63): Illuminate\\Pipeline\\Pipeline->Illuminate\\Pipeline\\{closure}(Object(Illuminate\\Http\\Request))
#59 D:\\Web\\Laravel\\VarghaJob\\tyokoleilu\\tyokokeilu\\vendor\\laravel\\framework\\src\\Illuminate\\Pipeline\\Pipeline.php(167): App\\Http\\Middleware\\RedirectToInstaller->handle(Object(Illuminate\\Http\\Request), Object(Closure))
#60 D:\\Web\\Laravel\\VarghaJob\\tyokoleilu\\tyokokeilu\\vendor\\laravel\\framework\\src\\Illuminate\\Pipeline\\Pipeline.php(103): Illuminate\\Pipeline\\Pipeline->Illuminate\\Pipeline\\{closure}(Object(Illuminate\\Http\\Request))
#61 D:\\Web\\Laravel\\VarghaJob\\tyokoleilu\\tyokokeilu\\vendor\\laravel\\framework\\src\\Illuminate\\Foundation\\Http\\Kernel.php(140): Illuminate\\Pipeline\\Pipeline->then(Object(Closure))
#62 D:\\Web\\Laravel\\VarghaJob\\tyokoleilu\\tyokokeilu\\vendor\\laravel\\framework\\src\\Illuminate\\Foundation\\Http\\Kernel.php(109): Illuminate\\Foundation\\Http\\Kernel->sendRequestThroughRouter(Object(Illuminate\\Http\\Request))
#63 D:\\Web\\Laravel\\VarghaJob\\tyokoleilu\\tyokokeilu\\public\\index.php(129): Illuminate\\Foundation\\Http\\Kernel->handle(Object(Illuminate\\Http\\Request))
#64 {main}
"} 
[2021-01-21 14:47:54] dfsd.ERROR: There is no permission named `activity_view` for guard `web`. (View: D:\Web\Laravel\VarghaJob\tyokoleilu\tyokokeilu\modules\User\Views\admin\detail.blade.php) {"userId":1,"exception":"[object] (ErrorException(code: 0): There is no permission named `activity_view` for guard `web`. (View: D:\\Web\\Laravel\\VarghaJob\\tyokoleilu\\tyokokeilu\\modules\\User\\Views\\admin\\detail.blade.php) at D:\\Web\\Laravel\\VarghaJob\\tyokoleilu\\tyokokeilu\\vendor\\spatie\\laravel-permission\\src\\Exceptions\\PermissionDoesNotExist.php:11)
[stacktrace]
#0 D:\\Web\\Laravel\\VarghaJob\\tyokoleilu\\tyokokeilu\\vendor\\laravel\\framework\\src\\Illuminate\\View\\Engines\\PhpEngine.php(43): Illuminate\\View\\Engines\\CompilerEngine->handleViewException(Object(Spatie\\Permission\\Exceptions\\PermissionDoesNotExist), 1)
#1 D:\\Web\\Laravel\\VarghaJob\\tyokoleilu\\tyokokeilu\\vendor\\laravel\\framework\\src\\Illuminate\\View\\Engines\\CompilerEngine.php(57): Illuminate\\View\\Engines\\PhpEngine->evaluatePath('D:\\\\Web\\\\Laravel\\\\...', Array)
#2 D:\\Web\\Laravel\\VarghaJob\\tyokoleilu\\tyokokeilu\\vendor\\laravel\\framework\\src\\Illuminate\\View\\View.php(139): Illuminate\\View\\Engines\\CompilerEngine->get('D:\\\\Web\\\\Laravel\\\\...', Array)
#3 D:\\Web\\Laravel\\VarghaJob\\tyokoleilu\\tyokokeilu\\vendor\\laravel\\framework\\src\\Illuminate\\View\\View.php(122): Illuminate\\View\\View->getContents()
#4 D:\\Web\\Laravel\\VarghaJob\\tyokoleilu\\tyokokeilu\\vendor\\laravel\\framework\\src\\Illuminate\\View\\View.php(91): Illuminate\\View\\View->renderContents()
#5 D:\\Web\\Laravel\\VarghaJob\\tyokoleilu\\tyokokeilu\\vendor\\laravel\\framework\\src\\Illuminate\\Http\\Response.php(62): Illuminate\\View\\View->render()
#6 D:\\Web\\Laravel\\VarghaJob\\tyokoleilu\\tyokokeilu\\vendor\\laravel\\framework\\src\\Illuminate\\Http\\Response.php(34): Illuminate\\Http\\Response->setContent(Object(Illuminate\\View\\View))
#7 D:\\Web\\Laravel\\VarghaJob\\tyokoleilu\\tyokokeilu\\vendor\\laravel\\framework\\src\\Illuminate\\Routing\\Router.php(759): Illuminate\\Http\\Response->__construct(Object(Illuminate\\View\\View), 200, Array)
#8 D:\\Web\\Laravel\\VarghaJob\\tyokoleilu\\tyokokeilu\\vendor\\laravel\\framework\\src\\Illuminate\\Routing\\Router.php(731): Illuminate\\Routing\\Router::toResponse(Object(Illuminate\\Http\\Request), Object(Illuminate\\View\\View))
#9 D:\\Web\\Laravel\\VarghaJob\\tyokoleilu\\tyokokeilu\\vendor\\laravel\\framework\\src\\Illuminate\\Routing\\Router.php(685): Illuminate\\Routing\\Router->prepareResponse(Object(Illuminate\\Http\\Request), Object(Illuminate\\View\\View))
#10 D:\\Web\\Laravel\\VarghaJob\\tyokoleilu\\tyokokeilu\\vendor\\laravel\\framework\\src\\Illuminate\\Pipeline\\Pipeline.php(128): Illuminate\\Routing\\Router->Illuminate\\Routing\\{closure}(Object(Illuminate\\Http\\Request))
#11 D:\\Web\\Laravel\\VarghaJob\\tyokoleilu\\tyokokeilu\\app\\Http\\Middleware\\Dashboard.php(43): Illuminate\\Pipeline\\Pipeline->Illuminate\\Pipeline\\{closure}(Object(Illuminate\\Http\\Request))
#12 D:\\Web\\Laravel\\VarghaJob\\tyokoleilu\\tyokokeilu\\vendor\\laravel\\framework\\src\\Illuminate\\Pipeline\\Pipeline.php(167): App\\Http\\Middleware\\Dashboard->handle(Object(Illuminate\\Http\\Request), Object(Closure))
#13 D:\\Web\\Laravel\\VarghaJob\\tyokoleilu\\tyokokeilu\\app\\Http\\Middleware\\SetCurrentCurrency.php(95): Illuminate\\Pipeline\\Pipeline->Illuminate\\Pipeline\\{closure}(Object(Illuminate\\Http\\Request))
#14 D:\\Web\\Laravel\\VarghaJob\\tyokoleilu\\tyokokeilu\\vendor\\laravel\\framework\\src\\Illuminate\\Pipeline\\Pipeline.php(167): App\\Http\\Middleware\\SetCurrentCurrency->handle(Object(Illuminate\\Http\\Request), Object(Closure))
#15 D:\\Web\\Laravel\\VarghaJob\\tyokoleilu\\tyokokeilu\\app\\Http\\Middleware\\HideDebugbar.php(49): Illuminate\\Pipeline\\Pipeline->Illuminate\\Pipeline\\{closure}(Object(Illuminate\\Http\\Request))
#16 D:\\Web\\Laravel\\VarghaJob\\tyokoleilu\\tyokokeilu\\vendor\\laravel\\framework\\src\\Illuminate\\Pipeline\\Pipeline.php(167): App\\Http\\Middleware\\HideDebugbar->handle(Object(Illuminate\\Http\\Request), Object(Closure))
#17 D:\\Web\\Laravel\\VarghaJob\\tyokoleilu\\tyokokeilu\\vendor\\laravel\\framework\\src\\Illuminate\\Routing\\Middleware\\SubstituteBindings.php(41): Illuminate\\Pipeline\\Pipeline->Illuminate\\Pipeline\\{closure}(Object(Illuminate\\Http\\Request))
#18 D:\\Web\\Laravel\\VarghaJob\\tyokoleilu\\tyokokeilu\\vendor\\laravel\\framework\\src\\Illuminate\\Pipeline\\Pipeline.php(167): Illuminate\\Routing\\Middleware\\SubstituteBindings->handle(Object(Illuminate\\Http\\Request), Object(Closure))
#19 D:\\Web\\Laravel\\VarghaJob\\tyokoleilu\\tyokokeilu\\app\\Http\\Middleware\\Authenticate.php(87): Illuminate\\Pipeline\\Pipeline->Illuminate\\Pipeline\\{closure}(Object(Illuminate\\Http\\Request))
#20 D:\\Web\\Laravel\\VarghaJob\\tyokoleilu\\tyokokeilu\\vendor\\laravel\\framework\\src\\Illuminate\\Pipeline\\Pipeline.php(167): App\\Http\\Middleware\\Authenticate->handle(Object(Illuminate\\Http\\Request), Object(Closure))
#21 D:\\Web\\Laravel\\VarghaJob\\tyokoleilu\\tyokokeilu\\vendor\\laravel\\framework\\src\\Illuminate\\Foundation\\Http\\Middleware\\VerifyCsrfToken.php(77): Illuminate\\Pipeline\\Pipeline->Illuminate\\Pipeline\\{closure}(Object(Illuminate\\Http\\Request))
#22 D:\\Web\\Laravel\\VarghaJob\\tyokoleilu\\tyokokeilu\\vendor\\laravel\\framework\\src\\Illuminate\\Pipeline\\Pipeline.php(167): Illuminate\\Foundation\\Http\\Middleware\\VerifyCsrfToken->handle(Object(Illuminate\\Http\\Request), Object(Closure))
#23 D:\\Web\\Laravel\\VarghaJob\\tyokoleilu\\tyokokeilu\\vendor\\laravel\\framework\\src\\Illuminate\\View\\Middleware\\ShareErrorsFromSession.php(49): Illuminate\\Pipeline\\Pipeline->Illuminate\\Pipeline\\{closure}(Object(Illuminate\\Http\\Request))
#24 D:\\Web\\Laravel\\VarghaJob\\tyokoleilu\\tyokokeilu\\vendor\\laravel\\framework\\src\\Illuminate\\Pipeline\\Pipeline.php(167): Illuminate\\View\\Middleware\\ShareErrorsFromSession->handle(Object(Illuminate\\Http\\Request), Object(Closure))
#25 D:\\Web\\Laravel\\VarghaJob\\tyokoleilu\\tyokokeilu\\vendor\\laravel\\framework\\src\\Illuminate\\Session\\Middleware\\StartSession.php(116): Illuminate\\Pipeline\\Pipeline->Illuminate\\Pipeline\\{closure}(Object(Illuminate\\Http\\Request))
#26 D:\\Web\\Laravel\\VarghaJob\\tyokoleilu\\tyokokeilu\\vendor\\laravel\\framework\\src\\Illuminate\\Session\\Middleware\\StartSession.php(62): Illuminate\\Session\\Middleware\\StartSession->handleStatefulRequest(Object(Illuminate\\Http\\Request), Object(Illuminate\\Session\\Store), Object(Closure))
#27 D:\\Web\\Laravel\\VarghaJob\\tyokoleilu\\tyokokeilu\\vendor\\laravel\\framework\\src\\Illuminate\\Pipeline\\Pipeline.php(167): Illuminate\\Session\\Middleware\\StartSession->handle(Object(Illuminate\\Http\\Request), Object(Closure))
#28 D:\\Web\\Laravel\\VarghaJob\\tyokoleilu\\tyokokeilu\\vendor\\laravel\\framework\\src\\Illuminate\\Cookie\\Middleware\\AddQueuedCookiesToResponse.php(37): Illuminate\\Pipeline\\Pipeline->Illuminate\\Pipeline\\{closure}(Object(Illuminate\\Http\\Request))
#29 D:\\Web\\Laravel\\VarghaJob\\tyokoleilu\\tyokokeilu\\vendor\\laravel\\framework\\src\\Illuminate\\Pipeline\\Pipeline.php(167): Illuminate\\Cookie\\Middleware\\AddQueuedCookiesToResponse->handle(Object(Illuminate\\Http\\Request), Object(Closure))
#30 D:\\Web\\Laravel\\VarghaJob\\tyokoleilu\\tyokokeilu\\vendor\\laravel\\framework\\src\\Illuminate\\Cookie\\Middleware\\EncryptCookies.php(67): Illuminate\\Pipeline\\Pipeline->Illuminate\\Pipeline\\{closure}(Object(Illuminate\\Http\\Request))
#31 D:\\Web\\Laravel\\VarghaJob\\tyokoleilu\\tyokokeilu\\vendor\\laravel\\framework\\src\\Illuminate\\Pipeline\\Pipeline.php(167): Illuminate\\Cookie\\Middleware\\EncryptCookies->handle(Object(Illuminate\\Http\\Request), Object(Closure))
#32 D:\\Web\\Laravel\\VarghaJob\\tyokoleilu\\tyokokeilu\\vendor\\laravel\\framework\\src\\Illuminate\\Pipeline\\Pipeline.php(103): Illuminate\\Pipeline\\Pipeline->Illuminate\\Pipeline\\{closure}(Object(Illuminate\\Http\\Request))
#33 D:\\Web\\Laravel\\VarghaJob\\tyokoleilu\\tyokokeilu\\vendor\\laravel\\framework\\src\\Illuminate\\Routing\\Router.php(687): Illuminate\\Pipeline\\Pipeline->then(Object(Closure))
#34 D:\\Web\\Laravel\\VarghaJob\\tyokoleilu\\tyokokeilu\\vendor\\laravel\\framework\\src\\Illuminate\\Routing\\Router.php(662): Illuminate\\Routing\\Router->runRouteWithinStack(Object(Illuminate\\Routing\\Route), Object(Illuminate\\Http\\Request))
#35 D:\\Web\\Laravel\\VarghaJob\\tyokoleilu\\tyokokeilu\\vendor\\laravel\\framework\\src\\Illuminate\\Routing\\Router.php(628): Illuminate\\Routing\\Router->runRoute(Object(Illuminate\\Http\\Request), Object(Illuminate\\Routing\\Route))
#36 D:\\Web\\Laravel\\VarghaJob\\tyokoleilu\\tyokokeilu\\vendor\\laravel\\framework\\src\\Illuminate\\Routing\\Router.php(617): Illuminate\\Routing\\Router->dispatchToRoute(Object(Illuminate\\Http\\Request))
#37 D:\\Web\\Laravel\\VarghaJob\\tyokoleilu\\tyokokeilu\\vendor\\laravel\\framework\\src\\Illuminate\\Foundation\\Http\\Kernel.php(165): Illuminate\\Routing\\Router->dispatch(Object(Illuminate\\Http\\Request))
#38 D:\\Web\\Laravel\\VarghaJob\\tyokoleilu\\tyokokeilu\\vendor\\laravel\\framework\\src\\Illuminate\\Pipeline\\Pipeline.php(128): Illuminate\\Foundation\\Http\\Kernel->Illuminate\\Foundation\\Http\\{closure}(Object(Illuminate\\Http\\Request))
#39 D:\\Web\\Laravel\\VarghaJob\\tyokoleilu\\tyokokeilu\\vendor\\barryvdh\\laravel-debugbar\\src\\Middleware\\InjectDebugbar.php(67): Illuminate\\Pipeline\\Pipeline->Illuminate\\Pipeline\\{closure}(Object(Illuminate\\Http\\Request))
#40 D:\\Web\\Laravel\\VarghaJob\\tyokoleilu\\tyokokeilu\\vendor\\laravel\\framework\\src\\Illuminate\\Pipeline\\Pipeline.php(167): Barryvdh\\Debugbar\\Middleware\\InjectDebugbar->handle(Object(Illuminate\\Http\\Request), Object(Closure))
#41 D:\\Web\\Laravel\\VarghaJob\\tyokoleilu\\tyokokeilu\\app\\Http\\Middleware\\RedirectForMultiLanguage.php(113): Illuminate\\Pipeline\\Pipeline->Illuminate\\Pipeline\\{closure}(Object(Illuminate\\Http\\Request))
#42 D:\\Web\\Laravel\\VarghaJob\\tyokoleilu\\tyokokeilu\\vendor\\laravel\\framework\\src\\Illuminate\\Pipeline\\Pipeline.php(167): App\\Http\\Middleware\\RedirectForMultiLanguage->handle(Object(Illuminate\\Http\\Request), Object(Closure))
#43 D:\\Web\\Laravel\\VarghaJob\\tyokoleilu\\tyokokeilu\\app\\Http\\Middleware\\InitConfigsFromDatabase.php(189): Illuminate\\Pipeline\\Pipeline->Illuminate\\Pipeline\\{closure}(Object(Illuminate\\Http\\Request))
#44 D:\\Web\\Laravel\\VarghaJob\\tyokoleilu\\tyokokeilu\\vendor\\laravel\\framework\\src\\Illuminate\\Pipeline\\Pipeline.php(167): App\\Http\\Middleware\\InitConfigsFromDatabase->handle(Object(Illuminate\\Http\\Request), Object(Closure))
#45 D:\\Web\\Laravel\\VarghaJob\\tyokoleilu\\tyokokeilu\\vendor\\fideloper\\proxy\\src\\TrustProxies.php(57): Illuminate\\Pipeline\\Pipeline->Illuminate\\Pipeline\\{closure}(Object(Illuminate\\Http\\Request))
#46 D:\\Web\\Laravel\\VarghaJob\\tyokoleilu\\tyokokeilu\\vendor\\laravel\\framework\\src\\Illuminate\\Pipeline\\Pipeline.php(167): Fideloper\\Proxy\\TrustProxies->handle(Object(Illuminate\\Http\\Request), Object(Closure))
#47 D:\\Web\\Laravel\\VarghaJob\\tyokoleilu\\tyokokeilu\\vendor\\laravel\\framework\\src\\Illuminate\\Foundation\\Http\\Middleware\\TransformsRequest.php(21): Illuminate\\Pipeline\\Pipeline->Illuminate\\Pipeline\\{closure}(Object(Illuminate\\Http\\Request))
#48 D:\\Web\\Laravel\\VarghaJob\\tyokoleilu\\tyokokeilu\\vendor\\laravel\\framework\\src\\Illuminate\\Pipeline\\Pipeline.php(167): Illuminate\\Foundation\\Http\\Middleware\\TransformsRequest->handle(Object(Illuminate\\Http\\Request), Object(Closure))
#49 D:\\Web\\Laravel\\VarghaJob\\tyokoleilu\\tyokokeilu\\vendor\\laravel\\framework\\src\\Illuminate\\Foundation\\Http\\Middleware\\TransformsRequest.php(21): Illuminate\\Pipeline\\Pipeline->Illuminate\\Pipeline\\{closure}(Object(Illuminate\\Http\\Request))
#50 D:\\Web\\Laravel\\VarghaJob\\tyokoleilu\\tyokokeilu\\vendor\\laravel\\framework\\src\\Illuminate\\Pipeline\\Pipeline.php(167): Illuminate\\Foundation\\Http\\Middleware\\TransformsRequest->handle(Object(Illuminate\\Http\\Request), Object(Closure))
#51 D:\\Web\\Laravel\\VarghaJob\\tyokoleilu\\tyokokeilu\\vendor\\laravel\\framework\\src\\Illuminate\\Foundation\\Http\\Middleware\\ValidatePostSize.php(27): Illuminate\\Pipeline\\Pipeline->Illuminate\\Pipeline\\{closure}(Object(Illuminate\\Http\\Request))
#52 D:\\Web\\Laravel\\VarghaJob\\tyokoleilu\\tyokokeilu\\vendor\\laravel\\framework\\src\\Illuminate\\Pipeline\\Pipeline.php(167): Illuminate\\Foundation\\Http\\Middleware\\ValidatePostSize->handle(Object(Illuminate\\Http\\Request), Object(Closure))
#53 D:\\Web\\Laravel\\VarghaJob\\tyokoleilu\\tyokokeilu\\vendor\\laravel\\framework\\src\\Illuminate\\Foundation\\Http\\Middleware\\CheckForMaintenanceMode.php(63): Illuminate\\Pipeline\\Pipeline->Illuminate\\Pipeline\\{closure}(Object(Illuminate\\Http\\Request))
#54 D:\\Web\\Laravel\\VarghaJob\\tyokoleilu\\tyokokeilu\\vendor\\laravel\\framework\\src\\Illuminate\\Pipeline\\Pipeline.php(167): Illuminate\\Foundation\\Http\\Middleware\\CheckForMaintenanceMode->handle(Object(Illuminate\\Http\\Request), Object(Closure))
#55 D:\\Web\\Laravel\\VarghaJob\\tyokoleilu\\tyokokeilu\\app\\Http\\Middleware\\RedirectToInstaller.php(63): Illuminate\\Pipeline\\Pipeline->Illuminate\\Pipeline\\{closure}(Object(Illuminate\\Http\\Request))
#56 D:\\Web\\Laravel\\VarghaJob\\tyokoleilu\\tyokokeilu\\vendor\\laravel\\framework\\src\\Illuminate\\Pipeline\\Pipeline.php(167): App\\Http\\Middleware\\RedirectToInstaller->handle(Object(Illuminate\\Http\\Request), Object(Closure))
#57 D:\\Web\\Laravel\\VarghaJob\\tyokoleilu\\tyokokeilu\\vendor\\laravel\\framework\\src\\Illuminate\\Pipeline\\Pipeline.php(103): Illuminate\\Pipeline\\Pipeline->Illuminate\\Pipeline\\{closure}(Object(Illuminate\\Http\\Request))
#58 D:\\Web\\Laravel\\VarghaJob\\tyokoleilu\\tyokokeilu\\vendor\\laravel\\framework\\src\\Illuminate\\Foundation\\Http\\Kernel.php(140): Illuminate\\Pipeline\\Pipeline->then(Object(Closure))
#59 D:\\Web\\Laravel\\VarghaJob\\tyokoleilu\\tyokokeilu\\vendor\\laravel\\framework\\src\\Illuminate\\Foundation\\Http\\Kernel.php(109): Illuminate\\Foundation\\Http\\Kernel->sendRequestThroughRouter(Object(Illuminate\\Http\\Request))
#60 D:\\Web\\Laravel\\VarghaJob\\tyokoleilu\\tyokokeilu\\public\\index.php(129): Illuminate\\Foundation\\Http\\Kernel->handle(Object(Illuminate\\Http\\Request))
#61 {main}

[previous exception] [object] (Spatie\\Permission\\Exceptions\\PermissionDoesNotExist(code: 0): There is no permission named `activity_view` for guard `web`. at D:\\Web\\Laravel\\VarghaJob\\tyokoleilu\\tyokokeilu\\vendor\\spatie\\laravel-permission\\src\\Exceptions\\PermissionDoesNotExist.php:11)
[stacktrace]
#0 D:\\Web\\Laravel\\VarghaJob\\tyokoleilu\\tyokokeilu\\vendor\\spatie\\laravel-permission\\src\\Models\\Permission.php(90): Spatie\\Permission\\Exceptions\\PermissionDoesNotExist::create('activity_view', 'web')
#1 D:\\Web\\Laravel\\VarghaJob\\tyokoleilu\\tyokokeilu\\vendor\\spatie\\laravel-permission\\src\\Traits\\HasPermissions.php(124): Spatie\\Permission\\Models\\Permission::findByName('activity_view', 'web')
#2 D:\\Web\\Laravel\\VarghaJob\\tyokoleilu\\tyokokeilu\\storage\\framework\\views\\3b1eba707518acef7adb94c8bd6f067fe9ae4245.php(139): App\\User->hasPermissionTo('activity_view')
#3 D:\\Web\\Laravel\\VarghaJob\\tyokoleilu\\tyokokeilu\\vendor\\laravel\\framework\\src\\Illuminate\\View\\Engines\\PhpEngine.php(41): include('D:\\\\Web\\\\Laravel\\\\...')
#4 D:\\Web\\Laravel\\VarghaJob\\tyokoleilu\\tyokokeilu\\vendor\\laravel\\framework\\src\\Illuminate\\View\\Engines\\CompilerEngine.php(57): Illuminate\\View\\Engines\\PhpEngine->evaluatePath('D:\\\\Web\\\\Laravel\\\\...', Array)
#5 D:\\Web\\Laravel\\VarghaJob\\tyokoleilu\\tyokokeilu\\vendor\\laravel\\framework\\src\\Illuminate\\View\\View.php(139): Illuminate\\View\\Engines\\CompilerEngine->get('D:\\\\Web\\\\Laravel\\\\...', Array)
#6 D:\\Web\\Laravel\\VarghaJob\\tyokoleilu\\tyokokeilu\\vendor\\laravel\\framework\\src\\Illuminate\\View\\View.php(122): Illuminate\\View\\View->getContents()
#7 D:\\Web\\Laravel\\VarghaJob\\tyokoleilu\\tyokokeilu\\vendor\\laravel\\framework\\src\\Illuminate\\View\\View.php(91): Illuminate\\View\\View->renderContents()
#8 D:\\Web\\Laravel\\VarghaJob\\tyokoleilu\\tyokokeilu\\vendor\\laravel\\framework\\src\\Illuminate\\Http\\Response.php(62): Illuminate\\View\\View->render()
#9 D:\\Web\\Laravel\\VarghaJob\\tyokoleilu\\tyokokeilu\\vendor\\laravel\\framework\\src\\Illuminate\\Http\\Response.php(34): Illuminate\\Http\\Response->setContent(Object(Illuminate\\View\\View))
#10 D:\\Web\\Laravel\\VarghaJob\\tyokoleilu\\tyokokeilu\\vendor\\laravel\\framework\\src\\Illuminate\\Routing\\Router.php(759): Illuminate\\Http\\Response->__construct(Object(Illuminate\\View\\View), 200, Array)
#11 D:\\Web\\Laravel\\VarghaJob\\tyokoleilu\\tyokokeilu\\vendor\\laravel\\framework\\src\\Illuminate\\Routing\\Router.php(731): Illuminate\\Routing\\Router::toResponse(Object(Illuminate\\Http\\Request), Object(Illuminate\\View\\View))
#12 D:\\Web\\Laravel\\VarghaJob\\tyokoleilu\\tyokokeilu\\vendor\\laravel\\framework\\src\\Illuminate\\Routing\\Router.php(685): Illuminate\\Routing\\Router->prepareResponse(Object(Illuminate\\Http\\Request), Object(Illuminate\\View\\View))
#13 D:\\Web\\Laravel\\VarghaJob\\tyokoleilu\\tyokokeilu\\vendor\\laravel\\framework\\src\\Illuminate\\Pipeline\\Pipeline.php(128): Illuminate\\Routing\\Router->Illuminate\\Routing\\{closure}(Object(Illuminate\\Http\\Request))
#14 D:\\Web\\Laravel\\VarghaJob\\tyokoleilu\\tyokokeilu\\app\\Http\\Middleware\\Dashboard.php(43): Illuminate\\Pipeline\\Pipeline->Illuminate\\Pipeline\\{closure}(Object(Illuminate\\Http\\Request))
#15 D:\\Web\\Laravel\\VarghaJob\\tyokoleilu\\tyokokeilu\\vendor\\laravel\\framework\\src\\Illuminate\\Pipeline\\Pipeline.php(167): App\\Http\\Middleware\\Dashboard->handle(Object(Illuminate\\Http\\Request), Object(Closure))
#16 D:\\Web\\Laravel\\VarghaJob\\tyokoleilu\\tyokokeilu\\app\\Http\\Middleware\\SetCurrentCurrency.php(95): Illuminate\\Pipeline\\Pipeline->Illuminate\\Pipeline\\{closure}(Object(Illuminate\\Http\\Request))
#17 D:\\Web\\Laravel\\VarghaJob\\tyokoleilu\\tyokokeilu\\vendor\\laravel\\framework\\src\\Illuminate\\Pipeline\\Pipeline.php(167): App\\Http\\Middleware\\SetCurrentCurrency->handle(Object(Illuminate\\Http\\Request), Object(Closure))
#18 D:\\Web\\Laravel\\VarghaJob\\tyokoleilu\\tyokokeilu\\app\\Http\\Middleware\\HideDebugbar.php(49): Illuminate\\Pipeline\\Pipeline->Illuminate\\Pipeline\\{closure}(Object(Illuminate\\Http\\Request))
#19 D:\\Web\\Laravel\\VarghaJob\\tyokoleilu\\tyokokeilu\\vendor\\laravel\\framework\\src\\Illuminate\\Pipeline\\Pipeline.php(167): App\\Http\\Middleware\\HideDebugbar->handle(Object(Illuminate\\Http\\Request), Object(Closure))
#20 D:\\Web\\Laravel\\VarghaJob\\tyokoleilu\\tyokokeilu\\vendor\\laravel\\framework\\src\\Illuminate\\Routing\\Middleware\\SubstituteBindings.php(41): Illuminate\\Pipeline\\Pipeline->Illuminate\\Pipeline\\{closure}(Object(Illuminate\\Http\\Request))
#21 D:\\Web\\Laravel\\VarghaJob\\tyokoleilu\\tyokokeilu\\vendor\\laravel\\framework\\src\\Illuminate\\Pipeline\\Pipeline.php(167): Illuminate\\Routing\\Middleware\\SubstituteBindings->handle(Object(Illuminate\\Http\\Request), Object(Closure))
#22 D:\\Web\\Laravel\\VarghaJob\\tyokoleilu\\tyokokeilu\\app\\Http\\Middleware\\Authenticate.php(87): Illuminate\\Pipeline\\Pipeline->Illuminate\\Pipeline\\{closure}(Object(Illuminate\\Http\\Request))
#23 D:\\Web\\Laravel\\VarghaJob\\tyokoleilu\\tyokokeilu\\vendor\\laravel\\framework\\src\\Illuminate\\Pipeline\\Pipeline.php(167): App\\Http\\Middleware\\Authenticate->handle(Object(Illuminate\\Http\\Request), Object(Closure))
#24 D:\\Web\\Laravel\\VarghaJob\\tyokoleilu\\tyokokeilu\\vendor\\laravel\\framework\\src\\Illuminate\\Foundation\\Http\\Middleware\\VerifyCsrfToken.php(77): Illuminate\\Pipeline\\Pipeline->Illuminate\\Pipeline\\{closure}(Object(Illuminate\\Http\\Request))
#25 D:\\Web\\Laravel\\VarghaJob\\tyokoleilu\\tyokokeilu\\vendor\\laravel\\framework\\src\\Illuminate\\Pipeline\\Pipeline.php(167): Illuminate\\Foundation\\Http\\Middleware\\VerifyCsrfToken->handle(Object(Illuminate\\Http\\Request), Object(Closure))
#26 D:\\Web\\Laravel\\VarghaJob\\tyokoleilu\\tyokokeilu\\vendor\\laravel\\framework\\src\\Illuminate\\View\\Middleware\\ShareErrorsFromSession.php(49): Illuminate\\Pipeline\\Pipeline->Illuminate\\Pipeline\\{closure}(Object(Illuminate\\Http\\Request))
#27 D:\\Web\\Laravel\\VarghaJob\\tyokoleilu\\tyokokeilu\\vendor\\laravel\\framework\\src\\Illuminate\\Pipeline\\Pipeline.php(167): Illuminate\\View\\Middleware\\ShareErrorsFromSession->handle(Object(Illuminate\\Http\\Request), Object(Closure))
#28 D:\\Web\\Laravel\\VarghaJob\\tyokoleilu\\tyokokeilu\\vendor\\laravel\\framework\\src\\Illuminate\\Session\\Middleware\\StartSession.php(116): Illuminate\\Pipeline\\Pipeline->Illuminate\\Pipeline\\{closure}(Object(Illuminate\\Http\\Request))
#29 D:\\Web\\Laravel\\VarghaJob\\tyokoleilu\\tyokokeilu\\vendor\\laravel\\framework\\src\\Illuminate\\Session\\Middleware\\StartSession.php(62): Illuminate\\Session\\Middleware\\StartSession->handleStatefulRequest(Object(Illuminate\\Http\\Request), Object(Illuminate\\Session\\Store), Object(Closure))
#30 D:\\Web\\Laravel\\VarghaJob\\tyokoleilu\\tyokokeilu\\vendor\\laravel\\framework\\src\\Illuminate\\Pipeline\\Pipeline.php(167): Illuminate\\Session\\Middleware\\StartSession->handle(Object(Illuminate\\Http\\Request), Object(Closure))
#31 D:\\Web\\Laravel\\VarghaJob\\tyokoleilu\\tyokokeilu\\vendor\\laravel\\framework\\src\\Illuminate\\Cookie\\Middleware\\AddQueuedCookiesToResponse.php(37): Illuminate\\Pipeline\\Pipeline->Illuminate\\Pipeline\\{closure}(Object(Illuminate\\Http\\Request))
#32 D:\\Web\\Laravel\\VarghaJob\\tyokoleilu\\tyokokeilu\\vendor\\laravel\\framework\\src\\Illuminate\\Pipeline\\Pipeline.php(167): Illuminate\\Cookie\\Middleware\\AddQueuedCookiesToResponse->handle(Object(Illuminate\\Http\\Request), Object(Closure))
#33 D:\\Web\\Laravel\\VarghaJob\\tyokoleilu\\tyokokeilu\\vendor\\laravel\\framework\\src\\Illuminate\\Cookie\\Middleware\\EncryptCookies.php(67): Illuminate\\Pipeline\\Pipeline->Illuminate\\Pipeline\\{closure}(Object(Illuminate\\Http\\Request))
#34 D:\\Web\\Laravel\\VarghaJob\\tyokoleilu\\tyokokeilu\\vendor\\laravel\\framework\\src\\Illuminate\\Pipeline\\Pipeline.php(167): Illuminate\\Cookie\\Middleware\\EncryptCookies->handle(Object(Illuminate\\Http\\Request), Object(Closure))
#35 D:\\Web\\Laravel\\VarghaJob\\tyokoleilu\\tyokokeilu\\vendor\\laravel\\framework\\src\\Illuminate\\Pipeline\\Pipeline.php(103): Illuminate\\Pipeline\\Pipeline->Illuminate\\Pipeline\\{closure}(Object(Illuminate\\Http\\Request))
#36 D:\\Web\\Laravel\\VarghaJob\\tyokoleilu\\tyokokeilu\\vendor\\laravel\\framework\\src\\Illuminate\\Routing\\Router.php(687): Illuminate\\Pipeline\\Pipeline->then(Object(Closure))
#37 D:\\Web\\Laravel\\VarghaJob\\tyokoleilu\\tyokokeilu\\vendor\\laravel\\framework\\src\\Illuminate\\Routing\\Router.php(662): Illuminate\\Routing\\Router->runRouteWithinStack(Object(Illuminate\\Routing\\Route), Object(Illuminate\\Http\\Request))
#38 D:\\Web\\Laravel\\VarghaJob\\tyokoleilu\\tyokokeilu\\vendor\\laravel\\framework\\src\\Illuminate\\Routing\\Router.php(628): Illuminate\\Routing\\Router->runRoute(Object(Illuminate\\Http\\Request), Object(Illuminate\\Routing\\Route))
#39 D:\\Web\\Laravel\\VarghaJob\\tyokoleilu\\tyokokeilu\\vendor\\laravel\\framework\\src\\Illuminate\\Routing\\Router.php(617): Illuminate\\Routing\\Router->dispatchToRoute(Object(Illuminate\\Http\\Request))
#40 D:\\Web\\Laravel\\VarghaJob\\tyokoleilu\\tyokokeilu\\vendor\\laravel\\framework\\src\\Illuminate\\Foundation\\Http\\Kernel.php(165): Illuminate\\Routing\\Router->dispatch(Object(Illuminate\\Http\\Request))
#41 D:\\Web\\Laravel\\VarghaJob\\tyokoleilu\\tyokokeilu\\vendor\\laravel\\framework\\src\\Illuminate\\Pipeline\\Pipeline.php(128): Illuminate\\Foundation\\Http\\Kernel->Illuminate\\Foundation\\Http\\{closure}(Object(Illuminate\\Http\\Request))
#42 D:\\Web\\Laravel\\VarghaJob\\tyokoleilu\\tyokokeilu\\vendor\\barryvdh\\laravel-debugbar\\src\\Middleware\\InjectDebugbar.php(67): Illuminate\\Pipeline\\Pipeline->Illuminate\\Pipeline\\{closure}(Object(Illuminate\\Http\\Request))
#43 D:\\Web\\Laravel\\VarghaJob\\tyokoleilu\\tyokokeilu\\vendor\\laravel\\framework\\src\\Illuminate\\Pipeline\\Pipeline.php(167): Barryvdh\\Debugbar\\Middleware\\InjectDebugbar->handle(Object(Illuminate\\Http\\Request), Object(Closure))
#44 D:\\Web\\Laravel\\VarghaJob\\tyokoleilu\\tyokokeilu\\app\\Http\\Middleware\\RedirectForMultiLanguage.php(113): Illuminate\\Pipeline\\Pipeline->Illuminate\\Pipeline\\{closure}(Object(Illuminate\\Http\\Request))
#45 D:\\Web\\Laravel\\VarghaJob\\tyokoleilu\\tyokokeilu\\vendor\\laravel\\framework\\src\\Illuminate\\Pipeline\\Pipeline.php(167): App\\Http\\Middleware\\RedirectForMultiLanguage->handle(Object(Illuminate\\Http\\Request), Object(Closure))
#46 D:\\Web\\Laravel\\VarghaJob\\tyokoleilu\\tyokokeilu\\app\\Http\\Middleware\\InitConfigsFromDatabase.php(189): Illuminate\\Pipeline\\Pipeline->Illuminate\\Pipeline\\{closure}(Object(Illuminate\\Http\\Request))
#47 D:\\Web\\Laravel\\VarghaJob\\tyokoleilu\\tyokokeilu\\vendor\\laravel\\framework\\src\\Illuminate\\Pipeline\\Pipeline.php(167): App\\Http\\Middleware\\InitConfigsFromDatabase->handle(Object(Illuminate\\Http\\Request), Object(Closure))
#48 D:\\Web\\Laravel\\VarghaJob\\tyokoleilu\\tyokokeilu\\vendor\\fideloper\\proxy\\src\\TrustProxies.php(57): Illuminate\\Pipeline\\Pipeline->Illuminate\\Pipeline\\{closure}(Object(Illuminate\\Http\\Request))
#49 D:\\Web\\Laravel\\VarghaJob\\tyokoleilu\\tyokokeilu\\vendor\\laravel\\framework\\src\\Illuminate\\Pipeline\\Pipeline.php(167): Fideloper\\Proxy\\TrustProxies->handle(Object(Illuminate\\Http\\Request), Object(Closure))
#50 D:\\Web\\Laravel\\VarghaJob\\tyokoleilu\\tyokokeilu\\vendor\\laravel\\framework\\src\\Illuminate\\Foundation\\Http\\Middleware\\TransformsRequest.php(21): Illuminate\\Pipeline\\Pipeline->Illuminate\\Pipeline\\{closure}(Object(Illuminate\\Http\\Request))
#51 D:\\Web\\Laravel\\VarghaJob\\tyokoleilu\\tyokokeilu\\vendor\\laravel\\framework\\src\\Illuminate\\Pipeline\\Pipeline.php(167): Illuminate\\Foundation\\Http\\Middleware\\TransformsRequest->handle(Object(Illuminate\\Http\\Request), Object(Closure))
#52 D:\\Web\\Laravel\\VarghaJob\\tyokoleilu\\tyokokeilu\\vendor\\laravel\\framework\\src\\Illuminate\\Foundation\\Http\\Middleware\\TransformsRequest.php(21): Illuminate\\Pipeline\\Pipeline->Illuminate\\Pipeline\\{closure}(Object(Illuminate\\Http\\Request))
#53 D:\\Web\\Laravel\\VarghaJob\\tyokoleilu\\tyokokeilu\\vendor\\laravel\\framework\\src\\Illuminate\\Pipeline\\Pipeline.php(167): Illuminate\\Foundation\\Http\\Middleware\\TransformsRequest->handle(Object(Illuminate\\Http\\Request), Object(Closure))
#54 D:\\Web\\Laravel\\VarghaJob\\tyokoleilu\\tyokokeilu\\vendor\\laravel\\framework\\src\\Illuminate\\Foundation\\Http\\Middleware\\ValidatePostSize.php(27): Illuminate\\Pipeline\\Pipeline->Illuminate\\Pipeline\\{closure}(Object(Illuminate\\Http\\Request))
#55 D:\\Web\\Laravel\\VarghaJob\\tyokoleilu\\tyokokeilu\\vendor\\laravel\\framework\\src\\Illuminate\\Pipeline\\Pipeline.php(167): Illuminate\\Foundation\\Http\\Middleware\\ValidatePostSize->handle(Object(Illuminate\\Http\\Request), Object(Closure))
#56 D:\\Web\\Laravel\\VarghaJob\\tyokoleilu\\tyokokeilu\\vendor\\laravel\\framework\\src\\Illuminate\\Foundation\\Http\\Middleware\\CheckForMaintenanceMode.php(63): Illuminate\\Pipeline\\Pipeline->Illuminate\\Pipeline\\{closure}(Object(Illuminate\\Http\\Request))
#57 D:\\Web\\Laravel\\VarghaJob\\tyokoleilu\\tyokokeilu\\vendor\\laravel\\framework\\src\\Illuminate\\Pipeline\\Pipeline.php(167): Illuminate\\Foundation\\Http\\Middleware\\CheckForMaintenanceMode->handle(Object(Illuminate\\Http\\Request), Object(Closure))
#58 D:\\Web\\Laravel\\VarghaJob\\tyokoleilu\\tyokokeilu\\app\\Http\\Middleware\\RedirectToInstaller.php(63): Illuminate\\Pipeline\\Pipeline->Illuminate\\Pipeline\\{closure}(Object(Illuminate\\Http\\Request))
#59 D:\\Web\\Laravel\\VarghaJob\\tyokoleilu\\tyokokeilu\\vendor\\laravel\\framework\\src\\Illuminate\\Pipeline\\Pipeline.php(167): App\\Http\\Middleware\\RedirectToInstaller->handle(Object(Illuminate\\Http\\Request), Object(Closure))
#60 D:\\Web\\Laravel\\VarghaJob\\tyokoleilu\\tyokokeilu\\vendor\\laravel\\framework\\src\\Illuminate\\Pipeline\\Pipeline.php(103): Illuminate\\Pipeline\\Pipeline->Illuminate\\Pipeline\\{closure}(Object(Illuminate\\Http\\Request))
#61 D:\\Web\\Laravel\\VarghaJob\\tyokoleilu\\tyokokeilu\\vendor\\laravel\\framework\\src\\Illuminate\\Foundation\\Http\\Kernel.php(140): Illuminate\\Pipeline\\Pipeline->then(Object(Closure))
#62 D:\\Web\\Laravel\\VarghaJob\\tyokoleilu\\tyokokeilu\\vendor\\laravel\\framework\\src\\Illuminate\\Foundation\\Http\\Kernel.php(109): Illuminate\\Foundation\\Http\\Kernel->sendRequestThroughRouter(Object(Illuminate\\Http\\Request))
#63 D:\\Web\\Laravel\\VarghaJob\\tyokoleilu\\tyokokeilu\\public\\index.php(129): Illuminate\\Foundation\\Http\\Kernel->handle(Object(Illuminate\\Http\\Request))
#64 {main}
"} 
[2021-01-21 14:48:52] dfsd.ERROR: There is no permission named `tour_view` for guard `web`. {"userId":1,"exception":"[object] (Spatie\\Permission\\Exceptions\\PermissionDoesNotExist(code: 0): There is no permission named `tour_view` for guard `web`. at D:\\Web\\Laravel\\VarghaJob\\tyokoleilu\\tyokokeilu\\vendor\\spatie\\laravel-permission\\src\\Exceptions\\PermissionDoesNotExist.php:11)
[stacktrace]
#0 D:\\Web\\Laravel\\VarghaJob\\tyokoleilu\\tyokokeilu\\vendor\\spatie\\laravel-permission\\src\\Models\\Permission.php(90): Spatie\\Permission\\Exceptions\\PermissionDoesNotExist::create('tour_view', 'web')
#1 D:\\Web\\Laravel\\VarghaJob\\tyokoleilu\\tyokokeilu\\vendor\\spatie\\laravel-permission\\src\\Traits\\HasPermissions.php(418): Spatie\\Permission\\Models\\Permission::findByName('tour_view', 'web')
#2 D:\\Web\\Laravel\\VarghaJob\\tyokoleilu\\tyokokeilu\\vendor\\spatie\\laravel-permission\\src\\Traits\\HasPermissions.php(390): App\\User->getStoredPermission('tour_view')
#3 D:\\Web\\Laravel\\VarghaJob\\tyokoleilu\\tyokokeilu\\modules\\User\\Admin\\UserController.php(228): App\\User->revokePermissionTo('tour_view')
#4 [internal function]: Modules\\User\\Admin\\UserController->store(Object(Illuminate\\Http\\Request), '19')
#5 D:\\Web\\Laravel\\VarghaJob\\tyokoleilu\\tyokokeilu\\vendor\\laravel\\framework\\src\\Illuminate\\Routing\\Controller.php(54): call_user_func_array(Array, Array)
#6 D:\\Web\\Laravel\\VarghaJob\\tyokoleilu\\tyokokeilu\\vendor\\laravel\\framework\\src\\Illuminate\\Routing\\ControllerDispatcher.php(45): Illuminate\\Routing\\Controller->callAction('store', Array)
#7 D:\\Web\\Laravel\\VarghaJob\\tyokoleilu\\tyokokeilu\\vendor\\laravel\\framework\\src\\Illuminate\\Routing\\Route.php(239): Illuminate\\Routing\\ControllerDispatcher->dispatch(Object(Illuminate\\Routing\\Route), Object(Modules\\User\\Admin\\UserController), 'store')
#8 D:\\Web\\Laravel\\VarghaJob\\tyokoleilu\\tyokokeilu\\vendor\\laravel\\framework\\src\\Illuminate\\Routing\\Route.php(196): Illuminate\\Routing\\Route->runController()
#9 D:\\Web\\Laravel\\VarghaJob\\tyokoleilu\\tyokokeilu\\vendor\\laravel\\framework\\src\\Illuminate\\Routing\\Router.php(685): Illuminate\\Routing\\Route->run()
#10 D:\\Web\\Laravel\\VarghaJob\\tyokoleilu\\tyokokeilu\\vendor\\laravel\\framework\\src\\Illuminate\\Pipeline\\Pipeline.php(128): Illuminate\\Routing\\Router->Illuminate\\Routing\\{closure}(Object(Illuminate\\Http\\Request))
#11 D:\\Web\\Laravel\\VarghaJob\\tyokoleilu\\tyokokeilu\\app\\Http\\Middleware\\Dashboard.php(43): Illuminate\\Pipeline\\Pipeline->Illuminate\\Pipeline\\{closure}(Object(Illuminate\\Http\\Request))
#12 D:\\Web\\Laravel\\VarghaJob\\tyokoleilu\\tyokokeilu\\vendor\\laravel\\framework\\src\\Illuminate\\Pipeline\\Pipeline.php(167): App\\Http\\Middleware\\Dashboard->handle(Object(Illuminate\\Http\\Request), Object(Closure))
#13 D:\\Web\\Laravel\\VarghaJob\\tyokoleilu\\tyokokeilu\\app\\Http\\Middleware\\SetCurrentCurrency.php(95): Illuminate\\Pipeline\\Pipeline->Illuminate\\Pipeline\\{closure}(Object(Illuminate\\Http\\Request))
#14 D:\\Web\\Laravel\\VarghaJob\\tyokoleilu\\tyokokeilu\\vendor\\laravel\\framework\\src\\Illuminate\\Pipeline\\Pipeline.php(167): App\\Http\\Middleware\\SetCurrentCurrency->handle(Object(Illuminate\\Http\\Request), Object(Closure))
#15 D:\\Web\\Laravel\\VarghaJob\\tyokoleilu\\tyokokeilu\\app\\Http\\Middleware\\HideDebugbar.php(49): Illuminate\\Pipeline\\Pipeline->Illuminate\\Pipeline\\{closure}(Object(Illuminate\\Http\\Request))
#16 D:\\Web\\Laravel\\VarghaJob\\tyokoleilu\\tyokokeilu\\vendor\\laravel\\framework\\src\\Illuminate\\Pipeline\\Pipeline.php(167): App\\Http\\Middleware\\HideDebugbar->handle(Object(Illuminate\\Http\\Request), Object(Closure))
#17 D:\\Web\\Laravel\\VarghaJob\\tyokoleilu\\tyokokeilu\\vendor\\laravel\\framework\\src\\Illuminate\\Routing\\Middleware\\SubstituteBindings.php(41): Illuminate\\Pipeline\\Pipeline->Illuminate\\Pipeline\\{closure}(Object(Illuminate\\Http\\Request))
#18 D:\\Web\\Laravel\\VarghaJob\\tyokoleilu\\tyokokeilu\\vendor\\laravel\\framework\\src\\Illuminate\\Pipeline\\Pipeline.php(167): Illuminate\\Routing\\Middleware\\SubstituteBindings->handle(Object(Illuminate\\Http\\Request), Object(Closure))
#19 D:\\Web\\Laravel\\VarghaJob\\tyokoleilu\\tyokokeilu\\app\\Http\\Middleware\\Authenticate.php(87): Illuminate\\Pipeline\\Pipeline->Illuminate\\Pipeline\\{closure}(Object(Illuminate\\Http\\Request))
#20 D:\\Web\\Laravel\\VarghaJob\\tyokoleilu\\tyokokeilu\\vendor\\laravel\\framework\\src\\Illuminate\\Pipeline\\Pipeline.php(167): App\\Http\\Middleware\\Authenticate->handle(Object(Illuminate\\Http\\Request), Object(Closure))
#21 D:\\Web\\Laravel\\VarghaJob\\tyokoleilu\\tyokokeilu\\vendor\\laravel\\framework\\src\\Illuminate\\Foundation\\Http\\Middleware\\VerifyCsrfToken.php(77): Illuminate\\Pipeline\\Pipeline->Illuminate\\Pipeline\\{closure}(Object(Illuminate\\Http\\Request))
#22 D:\\Web\\Laravel\\VarghaJob\\tyokoleilu\\tyokokeilu\\vendor\\laravel\\framework\\src\\Illuminate\\Pipeline\\Pipeline.php(167): Illuminate\\Foundation\\Http\\Middleware\\VerifyCsrfToken->handle(Object(Illuminate\\Http\\Request), Object(Closure))
#23 D:\\Web\\Laravel\\VarghaJob\\tyokoleilu\\tyokokeilu\\vendor\\laravel\\framework\\src\\Illuminate\\View\\Middleware\\ShareErrorsFromSession.php(49): Illuminate\\Pipeline\\Pipeline->Illuminate\\Pipeline\\{closure}(Object(Illuminate\\Http\\Request))
#24 D:\\Web\\Laravel\\VarghaJob\\tyokoleilu\\tyokokeilu\\vendor\\laravel\\framework\\src\\Illuminate\\Pipeline\\Pipeline.php(167): Illuminate\\View\\Middleware\\ShareErrorsFromSession->handle(Object(Illuminate\\Http\\Request), Object(Closure))
#25 D:\\Web\\Laravel\\VarghaJob\\tyokoleilu\\tyokokeilu\\vendor\\laravel\\framework\\src\\Illuminate\\Session\\Middleware\\StartSession.php(116): Illuminate\\Pipeline\\Pipeline->Illuminate\\Pipeline\\{closure}(Object(Illuminate\\Http\\Request))
#26 D:\\Web\\Laravel\\VarghaJob\\tyokoleilu\\tyokokeilu\\vendor\\laravel\\framework\\src\\Illuminate\\Session\\Middleware\\StartSession.php(62): Illuminate\\Session\\Middleware\\StartSession->handleStatefulRequest(Object(Illuminate\\Http\\Request), Object(Illuminate\\Session\\Store), Object(Closure))
#27 D:\\Web\\Laravel\\VarghaJob\\tyokoleilu\\tyokokeilu\\vendor\\laravel\\framework\\src\\Illuminate\\Pipeline\\Pipeline.php(167): Illuminate\\Session\\Middleware\\StartSession->handle(Object(Illuminate\\Http\\Request), Object(Closure))
#28 D:\\Web\\Laravel\\VarghaJob\\tyokoleilu\\tyokokeilu\\vendor\\laravel\\framework\\src\\Illuminate\\Cookie\\Middleware\\AddQueuedCookiesToResponse.php(37): Illuminate\\Pipeline\\Pipeline->Illuminate\\Pipeline\\{closure}(Object(Illuminate\\Http\\Request))
#29 D:\\Web\\Laravel\\VarghaJob\\tyokoleilu\\tyokokeilu\\vendor\\laravel\\framework\\src\\Illuminate\\Pipeline\\Pipeline.php(167): Illuminate\\Cookie\\Middleware\\AddQueuedCookiesToResponse->handle(Object(Illuminate\\Http\\Request), Object(Closure))
#30 D:\\Web\\Laravel\\VarghaJob\\tyokoleilu\\tyokokeilu\\vendor\\laravel\\framework\\src\\Illuminate\\Cookie\\Middleware\\EncryptCookies.php(67): Illuminate\\Pipeline\\Pipeline->Illuminate\\Pipeline\\{closure}(Object(Illuminate\\Http\\Request))
#31 D:\\Web\\Laravel\\VarghaJob\\tyokoleilu\\tyokokeilu\\vendor\\laravel\\framework\\src\\Illuminate\\Pipeline\\Pipeline.php(167): Illuminate\\Cookie\\Middleware\\EncryptCookies->handle(Object(Illuminate\\Http\\Request), Object(Closure))
#32 D:\\Web\\Laravel\\VarghaJob\\tyokoleilu\\tyokokeilu\\vendor\\laravel\\framework\\src\\Illuminate\\Pipeline\\Pipeline.php(103): Illuminate\\Pipeline\\Pipeline->Illuminate\\Pipeline\\{closure}(Object(Illuminate\\Http\\Request))
#33 D:\\Web\\Laravel\\VarghaJob\\tyokoleilu\\tyokokeilu\\vendor\\laravel\\framework\\src\\Illuminate\\Routing\\Router.php(687): Illuminate\\Pipeline\\Pipeline->then(Object(Closure))
#34 D:\\Web\\Laravel\\VarghaJob\\tyokoleilu\\tyokokeilu\\vendor\\laravel\\framework\\src\\Illuminate\\Routing\\Router.php(662): Illuminate\\Routing\\Router->runRouteWithinStack(Object(Illuminate\\Routing\\Route), Object(Illuminate\\Http\\Request))
#35 D:\\Web\\Laravel\\VarghaJob\\tyokoleilu\\tyokokeilu\\vendor\\laravel\\framework\\src\\Illuminate\\Routing\\Router.php(628): Illuminate\\Routing\\Router->runRoute(Object(Illuminate\\Http\\Request), Object(Illuminate\\Routing\\Route))
#36 D:\\Web\\Laravel\\VarghaJob\\tyokoleilu\\tyokokeilu\\vendor\\laravel\\framework\\src\\Illuminate\\Routing\\Router.php(617): Illuminate\\Routing\\Router->dispatchToRoute(Object(Illuminate\\Http\\Request))
#37 D:\\Web\\Laravel\\VarghaJob\\tyokoleilu\\tyokokeilu\\vendor\\laravel\\framework\\src\\Illuminate\\Foundation\\Http\\Kernel.php(165): Illuminate\\Routing\\Router->dispatch(Object(Illuminate\\Http\\Request))
#38 D:\\Web\\Laravel\\VarghaJob\\tyokoleilu\\tyokokeilu\\vendor\\laravel\\framework\\src\\Illuminate\\Pipeline\\Pipeline.php(128): Illuminate\\Foundation\\Http\\Kernel->Illuminate\\Foundation\\Http\\{closure}(Object(Illuminate\\Http\\Request))
#39 D:\\Web\\Laravel\\VarghaJob\\tyokoleilu\\tyokokeilu\\vendor\\barryvdh\\laravel-debugbar\\src\\Middleware\\InjectDebugbar.php(67): Illuminate\\Pipeline\\Pipeline->Illuminate\\Pipeline\\{closure}(Object(Illuminate\\Http\\Request))
#40 D:\\Web\\Laravel\\VarghaJob\\tyokoleilu\\tyokokeilu\\vendor\\laravel\\framework\\src\\Illuminate\\Pipeline\\Pipeline.php(167): Barryvdh\\Debugbar\\Middleware\\InjectDebugbar->handle(Object(Illuminate\\Http\\Request), Object(Closure))
#41 D:\\Web\\Laravel\\VarghaJob\\tyokoleilu\\tyokokeilu\\app\\Http\\Middleware\\RedirectForMultiLanguage.php(113): Illuminate\\Pipeline\\Pipeline->Illuminate\\Pipeline\\{closure}(Object(Illuminate\\Http\\Request))
#42 D:\\Web\\Laravel\\VarghaJob\\tyokoleilu\\tyokokeilu\\vendor\\laravel\\framework\\src\\Illuminate\\Pipeline\\Pipeline.php(167): App\\Http\\Middleware\\RedirectForMultiLanguage->handle(Object(Illuminate\\Http\\Request), Object(Closure))
#43 D:\\Web\\Laravel\\VarghaJob\\tyokoleilu\\tyokokeilu\\app\\Http\\Middleware\\InitConfigsFromDatabase.php(189): Illuminate\\Pipeline\\Pipeline->Illuminate\\Pipeline\\{closure}(Object(Illuminate\\Http\\Request))
#44 D:\\Web\\Laravel\\VarghaJob\\tyokoleilu\\tyokokeilu\\vendor\\laravel\\framework\\src\\Illuminate\\Pipeline\\Pipeline.php(167): App\\Http\\Middleware\\InitConfigsFromDatabase->handle(Object(Illuminate\\Http\\Request), Object(Closure))
#45 D:\\Web\\Laravel\\VarghaJob\\tyokoleilu\\tyokokeilu\\vendor\\fideloper\\proxy\\src\\TrustProxies.php(57): Illuminate\\Pipeline\\Pipeline->Illuminate\\Pipeline\\{closure}(Object(Illuminate\\Http\\Request))
#46 D:\\Web\\Laravel\\VarghaJob\\tyokoleilu\\tyokokeilu\\vendor\\laravel\\framework\\src\\Illuminate\\Pipeline\\Pipeline.php(167): Fideloper\\Proxy\\TrustProxies->handle(Object(Illuminate\\Http\\Request), Object(Closure))
#47 D:\\Web\\Laravel\\VarghaJob\\tyokoleilu\\tyokokeilu\\vendor\\laravel\\framework\\src\\Illuminate\\Foundation\\Http\\Middleware\\TransformsRequest.php(21): Illuminate\\Pipeline\\Pipeline->Illuminate\\Pipeline\\{closure}(Object(Illuminate\\Http\\Request))
#48 D:\\Web\\Laravel\\VarghaJob\\tyokoleilu\\tyokokeilu\\vendor\\laravel\\framework\\src\\Illuminate\\Pipeline\\Pipeline.php(167): Illuminate\\Foundation\\Http\\Middleware\\TransformsRequest->handle(Object(Illuminate\\Http\\Request), Object(Closure))
#49 D:\\Web\\Laravel\\VarghaJob\\tyokoleilu\\tyokokeilu\\vendor\\laravel\\framework\\src\\Illuminate\\Foundation\\Http\\Middleware\\TransformsRequest.php(21): Illuminate\\Pipeline\\Pipeline->Illuminate\\Pipeline\\{closure}(Object(Illuminate\\Http\\Request))
#50 D:\\Web\\Laravel\\VarghaJob\\tyokoleilu\\tyokokeilu\\vendor\\laravel\\framework\\src\\Illuminate\\Pipeline\\Pipeline.php(167): Illuminate\\Foundation\\Http\\Middleware\\TransformsRequest->handle(Object(Illuminate\\Http\\Request), Object(Closure))
#51 D:\\Web\\Laravel\\VarghaJob\\tyokoleilu\\tyokokeilu\\vendor\\laravel\\framework\\src\\Illuminate\\Foundation\\Http\\Middleware\\ValidatePostSize.php(27): Illuminate\\Pipeline\\Pipeline->Illuminate\\Pipeline\\{closure}(Object(Illuminate\\Http\\Request))
#52 D:\\Web\\Laravel\\VarghaJob\\tyokoleilu\\tyokokeilu\\vendor\\laravel\\framework\\src\\Illuminate\\Pipeline\\Pipeline.php(167): Illuminate\\Foundation\\Http\\Middleware\\ValidatePostSize->handle(Object(Illuminate\\Http\\Request), Object(Closure))
#53 D:\\Web\\Laravel\\VarghaJob\\tyokoleilu\\tyokokeilu\\vendor\\laravel\\framework\\src\\Illuminate\\Foundation\\Http\\Middleware\\CheckForMaintenanceMode.php(63): Illuminate\\Pipeline\\Pipeline->Illuminate\\Pipeline\\{closure}(Object(Illuminate\\Http\\Request))
#54 D:\\Web\\Laravel\\VarghaJob\\tyokoleilu\\tyokokeilu\\vendor\\laravel\\framework\\src\\Illuminate\\Pipeline\\Pipeline.php(167): Illuminate\\Foundation\\Http\\Middleware\\CheckForMaintenanceMode->handle(Object(Illuminate\\Http\\Request), Object(Closure))
#55 D:\\Web\\Laravel\\VarghaJob\\tyokoleilu\\tyokokeilu\\app\\Http\\Middleware\\RedirectToInstaller.php(63): Illuminate\\Pipeline\\Pipeline->Illuminate\\Pipeline\\{closure}(Object(Illuminate\\Http\\Request))
#56 D:\\Web\\Laravel\\VarghaJob\\tyokoleilu\\tyokokeilu\\vendor\\laravel\\framework\\src\\Illuminate\\Pipeline\\Pipeline.php(167): App\\Http\\Middleware\\RedirectToInstaller->handle(Object(Illuminate\\Http\\Request), Object(Closure))
#57 D:\\Web\\Laravel\\VarghaJob\\tyokoleilu\\tyokokeilu\\vendor\\laravel\\framework\\src\\Illuminate\\Pipeline\\Pipeline.php(103): Illuminate\\Pipeline\\Pipeline->Illuminate\\Pipeline\\{closure}(Object(Illuminate\\Http\\Request))
#58 D:\\Web\\Laravel\\VarghaJob\\tyokoleilu\\tyokokeilu\\vendor\\laravel\\framework\\src\\Illuminate\\Foundation\\Http\\Kernel.php(140): Illuminate\\Pipeline\\Pipeline->then(Object(Closure))
#59 D:\\Web\\Laravel\\VarghaJob\\tyokoleilu\\tyokokeilu\\vendor\\laravel\\framework\\src\\Illuminate\\Foundation\\Http\\Kernel.php(109): Illuminate\\Foundation\\Http\\Kernel->sendRequestThroughRouter(Object(Illuminate\\Http\\Request))
#60 D:\\Web\\Laravel\\VarghaJob\\tyokoleilu\\tyokokeilu\\public\\index.php(129): Illuminate\\Foundation\\Http\\Kernel->handle(Object(Illuminate\\Http\\Request))
#61 {main}
"} 
